# JRE version: Java(TM) SE Runtime Environment (8.0_161-b12) (build 1.8.0_161-b12)
# Java VM: Java HotSpot(TM) 64-Bit Server VM (25.161-b12 mixed mode windows-amd64 compressed oops)
Heap:
 PSYoungGen      total 273920K, used 55067K [0x00000000d5d80000, 0x00000000f0c80000, 0x0000000100000000)
  eden space 266240K, 18% used [0x00000000d5d80000,0x00000000d8e000b0,0x00000000e6180000)
  from space 7680K, 70% used [0x00000000e6180000,0x00000000e66c6c28,0x00000000e6900000)
  to   space 7680K, 0% used [0x00000000f0500000,0x00000000f0500000,0x00000000f0c80000)
 ParOldGen       total 87552K, used 16684K [0x0000000081800000, 0x0000000086d80000, 0x00000000d5d80000)
  object space 87552K, 19% used [0x0000000081800000,0x000000008284b1f8,0x0000000086d80000)
 Metaspace       used 19773K, capacity 20082K, committed 20352K, reserved 1067008K
  class space    used 2257K, capacity 2382K, committed 2432K, reserved 1048576K
GC Heap History (10 events):
Event: 10.015 GC heap before
{Heap before GC invocations=5 (full 0):
 PSYoungGen      total 71680K, used 69422K [0x00000000d5d80000, 0x00000000da880000, 0x0000000100000000)
  eden space 66560K, 96% used [0x00000000d5d80000,0x00000000d9c50a48,0x00000000d9e80000)
  from space 5120K, 99% used [0x00000000da380000,0x00000000da87b030,0x00000000da880000)
  to   space 5120K, 0% used [0x00000000d9e80000,0x00000000d9e80000,0x00000000da380000)
 ParOldGen       total 87552K, used 3440K [0x0000000081800000, 0x0000000086d80000, 0x00000000d5d80000)
  object space 87552K, 3% used [0x0000000081800000,0x0000000081b5c298,0x0000000086d80000)
 Metaspace       used 18818K, capacity 19082K, committed 19328K, reserved 1067008K
  class space    used 2241K, capacity 2350K, committed 2432K, reserved 1048576K
Event: 10.028 GC heap after
Heap after GC invocations=5 (full 0):
 PSYoungGen      total 71680K, used 5100K [0x00000000d5d80000, 0x00000000def80000, 0x0000000100000000)
  eden space 66560K, 0% used [0x00000000d5d80000,0x00000000d5d80000,0x00000000d9e80000)
  from space 5120K, 99% used [0x00000000d9e80000,0x00000000da37b030,0x00000000da380000)
  to   space 8192K, 0% used [0x00000000de780000,0x00000000de780000,0x00000000def80000)
 ParOldGen       total 87552K, used 3448K [0x0000000081800000, 0x0000000086d80000, 0x00000000d5d80000)
  object space 87552K, 3% used [0x0000000081800000,0x0000000081b5e298,0x0000000086d80000)
 Metaspace       used 18818K, capacity 19082K, committed 19328K, reserved 1067008K
  class space    used 2241K, capacity 2350K, committed 2432K, reserved 1048576K
}
Event: 10.605 GC heap before
{Heap before GC invocations=6 (full 0):
 PSYoungGen      total 71680K, used 70126K [0x00000000d5d80000, 0x00000000def80000, 0x0000000100000000)
  eden space 66560K, 97% used [0x00000000d5d80000,0x00000000d9d00af0,0x00000000d9e80000)
  from space 5120K, 99% used [0x00000000d9e80000,0x00000000da37b030,0x00000000da380000)
  to   space 8192K, 0% used [0x00000000de780000,0x00000000de780000,0x00000000def80000)
 ParOldGen       total 87552K, used 3448K [0x0000000081800000, 0x0000000086d80000, 0x00000000d5d80000)
  object space 87552K, 3% used [0x0000000081800000,0x0000000081b5e298,0x0000000086d80000)
 Metaspace       used 18909K, capacity 19146K, committed 19328K, reserved 1067008K
  class space    used 2245K, capacity 2350K, committed 2432K, reserved 1048576K
Event: 10.630 GC heap after
Heap after GC invocations=6 (full 0):
 PSYoungGen      total 140288K, used 5164K [0x00000000d5d80000, 0x00000000dee80000, 0x0000000100000000)
  eden space 133120K, 0% used [0x00000000d5d80000,0x00000000d5d80000,0x00000000ddf80000)
  from space 7168K, 72% used [0x00000000de780000,0x00000000dec8b030,0x00000000dee80000)
  to   space 7680K, 0% used [0x00000000ddf80000,0x00000000ddf80000,0x00000000de700000)
 ParOldGen       total 87552K, used 3456K [0x0000000081800000, 0x0000000086d80000, 0x00000000d5d80000)
  object space 87552K, 3% used [0x0000000081800000,0x0000000081b60298,0x0000000086d80000)
 Metaspace       used 18909K, capacity 19146K, committed 19328K, reserved 1067008K
  class space    used 2245K, capacity 2350K, committed 2432K, reserved 1048576K
}
Event: 13.711 GC heap before
{Heap before GC invocations=7 (full 0):
 PSYoungGen      total 140288K, used 136366K [0x00000000d5d80000, 0x00000000dee80000, 0x0000000100000000)
  eden space 133120K, 98% used [0x00000000d5d80000,0x00000000ddda0a98,0x00000000ddf80000)
  from space 7168K, 72% used [0x00000000de780000,0x00000000dec8b030,0x00000000dee80000)
  to   space 7680K, 0% used [0x00000000ddf80000,0x00000000ddf80000,0x00000000de700000)
 ParOldGen       total 87552K, used 3456K [0x0000000081800000, 0x0000000086d80000, 0x00000000d5d80000)
  object space 87552K, 3% used [0x0000000081800000,0x0000000081b60298,0x0000000086d80000)
 Metaspace       used 19164K, capacity 19434K, committed 19584K, reserved 1067008K
  class space    used 2254K, capacity 2382K, committed 2432K, reserved 1048576K
Event: 13.721 GC heap after
Heap after GC invocations=7 (full 0):
 PSYoungGen      total 140800K, used 4315K [0x00000000d5d80000, 0x00000000e7080000, 0x0000000100000000)
  eden space 133120K, 0% used [0x00000000d5d80000,0x00000000d5d80000,0x00000000ddf80000)
  from space 7680K, 56% used [0x00000000ddf80000,0x00000000de3b6dc0,0x00000000de700000)
  to   space 7680K, 0% used [0x00000000e6900000,0x00000000e6900000,0x00000000e7080000)
 ParOldGen       total 87552K, used 5844K [0x0000000081800000, 0x0000000086d80000, 0x00000000d5d80000)
  object space 87552K, 6% used [0x0000000081800000,0x0000000081db51b8,0x0000000086d80000)
 Metaspace       used 19164K, capacity 19434K, committed 19584K, reserved 1067008K
  class space    used 2254K, capacity 2382K, committed 2432K, reserved 1048576K
}
Event: 16.700 GC heap before
{Heap before GC invocations=8 (full 0):
 PSYoungGen      total 140800K, used 137435K [0x00000000d5d80000, 0x00000000e7080000, 0x0000000100000000)
  eden space 133120K, 100% used [0x00000000d5d80000,0x00000000ddf80000,0x00000000ddf80000)
  from space 7680K, 56% used [0x00000000ddf80000,0x00000000de3b6dc0,0x00000000de700000)
  to   space 7680K, 0% used [0x00000000e6900000,0x00000000e6900000,0x00000000e7080000)
 ParOldGen       total 87552K, used 5844K [0x0000000081800000, 0x0000000086d80000, 0x00000000d5d80000)
  object space 87552K, 6% used [0x0000000081800000,0x0000000081db51b8,0x0000000086d80000)
 Metaspace       used 19353K, capacity 19626K, committed 19840K, reserved 1067008K
  class space    used 2254K, capacity 2382K, committed 2432K, reserved 1048576K
Event: 16.707 GC heap after
Heap after GC invocations=8 (full 0):
 PSYoungGen      total 273920K, used 5706K [0x00000000d5d80000, 0x00000000e7080000, 0x0000000100000000)
  eden space 266240K, 0% used [0x00000000d5d80000,0x00000000d5d80000,0x00000000e6180000)
  from space 7680K, 74% used [0x00000000e6900000,0x00000000e6e92b70,0x00000000e7080000)
  to   space 7680K, 0% used [0x00000000e6180000,0x00000000e6180000,0x00000000e6900000)
 ParOldGen       total 87552K, used 11260K [0x0000000081800000, 0x0000000086d80000, 0x00000000d5d80000)
  object space 87552K, 12% used [0x0000000081800000,0x00000000822ff1d8,0x0000000086d80000)
 Metaspace       used 19353K, capacity 19626K, committed 19840K, reserved 1067008K
  class space    used 2254K, capacity 2382K, committed 2432K, reserved 1048576K
}
Event: 22.196 GC heap before
{Heap before GC invocations=9 (full 0):
 PSYoungGen      total 273920K, used 271704K [0x00000000d5d80000, 0x00000000e7080000, 0x0000000100000000)
  eden space 266240K, 99% used [0x00000000d5d80000,0x00000000e6143880,0x00000000e6180000)
  from space 7680K, 74% used [0x00000000e6900000,0x00000000e6e92b70,0x00000000e7080000)
  to   space 7680K, 0% used [0x00000000e6180000,0x00000000e6180000,0x00000000e6900000)
 ParOldGen       total 87552K, used 11260K [0x0000000081800000, 0x0000000086d80000, 0x00000000d5d80000)
  object space 87552K, 12% used [0x0000000081800000,0x00000000822ff1d8,0x0000000086d80000)
 Metaspace       used 19706K, capacity 20018K, committed 20096K, reserved 1067008K
  class space    used 2254K, capacity 2382K, committed 2432K, reserved 1048576K
Event: 22.208 GC heap after
Heap after GC invocations=9 (full 0):
 PSYoungGen      total 273920K, used 5403K [0x00000000d5d80000, 0x00000000f0c80000, 0x0000000100000000)
  eden space 266240K, 0% used [0x00000000d5d80000,0x00000000d5d80000,0x00000000e6180000)
  from space 7680K, 70% used [0x00000000e6180000,0x00000000e66c6c28,0x00000000e6900000)
  to   space 7680K, 0% used [0x00000000f0500000,0x00000000f0500000,0x00000000f0c80000)
 ParOldGen       total 87552K, used 16684K [0x0000000081800000, 0x0000000086d80000, 0x00000000d5d80000)
  object space 87552K, 19% used [0x0000000081800000,0x000000008284b1f8,0x0000000086d80000)
 Metaspace       used 19706K, capacity 20018K, committed 20096K, reserved 1067008K
  class space    used 2254K, capacity 2382K, committed 2432K, reserved 1048576K
}

