# JRE version: Java(TM) SE Runtime Environment (8.0_161-b12) (build 1.8.0_161-b12)
# Java VM: Java HotSpot(TM) 64-Bit Server VM (25.161-b12 mixed mode windows-amd64 compressed oops)
Heap:
 PSYoungGen      total 121344K, used 83183K [0x00000000d5d80000, 0x00000000e4300000, 0x0000000100000000)
  eden space 112640K, 73% used [0x00000000d5d80000,0x00000000daebbdf0,0x00000000dcb80000)
  from space 8704K, 0% used [0x00000000e3a80000,0x00000000e3a80000,0x00000000e4300000)
  to   space 15872K, 0% used [0x00000000e2400000,0x00000000e2400000,0x00000000e3380000)
 ParOldGen       total 62976K, used 13006K [0x0000000081800000, 0x0000000085580000, 0x00000000d5d80000)
  object space 62976K, 20% used [0x0000000081800000,0x00000000824b3aa8,0x0000000085580000)
 Metaspace       used 19460K, capacity 19726K, committed 20096K, reserved 1067008K
  class space    used 2239K, capacity 2350K, committed 2432K, reserved 1048576K
GC Heap History (10 events):
Event: 19.274 GC heap before
{Heap before GC invocations=6 (full 1):
 PSYoungGen      total 65536K, used 64717K [0x00000000d5d80000, 0x00000000da680000, 0x0000000100000000)
  eden space 62464K, 99% used [0x00000000d5d80000,0x00000000d99f0620,0x00000000d9a80000)
  from space 3072K, 92% used [0x00000000da380000,0x00000000da643010,0x00000000da680000)
  to   space 5120K, 0% used [0x00000000d9c80000,0x00000000d9c80000,0x00000000da180000)
 ParOldGen       total 61952K, used 18386K [0x0000000081800000, 0x0000000085480000, 0x00000000d5d80000)
  object space 61952K, 29% used [0x0000000081800000,0x00000000829f4920,0x0000000085480000)
 Metaspace       used 18954K, capacity 19270K, committed 19584K, reserved 1067008K
  class space    used 2234K, capacity 2350K, committed 2432K, reserved 1048576K
Event: 19.280 GC heap after
Heap after GC invocations=6 (full 1):
 PSYoungGen      total 69632K, used 2828K [0x00000000d5d80000, 0x00000000df200000, 0x0000000100000000)
  eden space 64512K, 0% used [0x00000000d5d80000,0x00000000d5d80000,0x00000000d9c80000)
  from space 5120K, 55% used [0x00000000d9c80000,0x00000000d9f43010,0x00000000da180000)
  to   space 18432K, 0% used [0x00000000de000000,0x00000000de000000,0x00000000df200000)
 ParOldGen       total 61952K, used 23794K [0x0000000081800000, 0x0000000085480000, 0x00000000d5d80000)
  object space 61952K, 38% used [0x0000000081800000,0x0000000082f3c940,0x0000000085480000)
 Metaspace       used 18954K, capacity 19270K, committed 19584K, reserved 1067008K
  class space    used 2234K, capacity 2350K, committed 2432K, reserved 1048576K
}
Event: 20.834 GC heap before
{Heap before GC invocations=7 (full 1):
 PSYoungGen      total 69632K, used 67250K [0x00000000d5d80000, 0x00000000df200000, 0x0000000100000000)
  eden space 64512K, 99% used [0x00000000d5d80000,0x00000000d9c698a8,0x00000000d9c80000)
  from space 5120K, 55% used [0x00000000d9c80000,0x00000000d9f43010,0x00000000da180000)
  to   space 18432K, 0% used [0x00000000de000000,0x00000000de000000,0x00000000df200000)
 ParOldGen       total 61952K, used 23794K [0x0000000081800000, 0x0000000085480000, 0x00000000d5d80000)
  object space 61952K, 38% used [0x0000000081800000,0x0000000082f3c940,0x0000000085480000)
 Metaspace       used 19041K, capacity 19342K, committed 19584K, reserved 1067008K
  class space    used 2234K, capacity 2350K, committed 2432K, reserved 1048576K
Event: 20.848 GC heap after
Heap after GC invocations=7 (full 1):
 PSYoungGen      total 135168K, used 5496K [0x00000000d5d80000, 0x00000000df200000, 0x0000000100000000)
  eden space 116736K, 0% used [0x00000000d5d80000,0x00000000d5d80000,0x00000000dcf80000)
  from space 18432K, 29% used [0x00000000de000000,0x00000000de55e020,0x00000000df200000)
  to   space 16896K, 0% used [0x00000000dcf80000,0x00000000dcf80000,0x00000000de000000)
 ParOldGen       total 61952K, used 23802K [0x0000000081800000, 0x0000000085480000, 0x00000000d5d80000)
  object space 61952K, 38% used [0x0000000081800000,0x0000000082f3e940,0x0000000085480000)
 Metaspace       used 19041K, capacity 19342K, committed 19584K, reserved 1067008K
  class space    used 2234K, capacity 2350K, committed 2432K, reserved 1048576K
}
Event: 23.578 GC heap before
{Heap before GC invocations=8 (full 1):
 PSYoungGen      total 135168K, used 122224K [0x00000000d5d80000, 0x00000000df200000, 0x0000000100000000)
  eden space 116736K, 99% used [0x00000000d5d80000,0x00000000dcf7e268,0x00000000dcf80000)
  from space 18432K, 29% used [0x00000000de000000,0x00000000de55e020,0x00000000df200000)
  to   space 16896K, 0% used [0x00000000dcf80000,0x00000000dcf80000,0x00000000de000000)
 ParOldGen       total 61952K, used 23802K [0x0000000081800000, 0x0000000085480000, 0x00000000d5d80000)
  object space 61952K, 38% used [0x0000000081800000,0x0000000082f3e940,0x0000000085480000)
 Metaspace       used 19238K, capacity 19534K, committed 19840K, reserved 1067008K
  class space    used 2234K, capacity 2350K, committed 2432K, reserved 1048576K
Event: 23.584 GC heap after
Heap after GC invocations=8 (full 1):
 PSYoungGen      total 133632K, used 8228K [0x00000000d5d80000, 0x00000000e4a80000, 0x0000000100000000)
  eden space 116736K, 0% used [0x00000000d5d80000,0x00000000d5d80000,0x00000000dcf80000)
  from space 16896K, 48% used [0x00000000dcf80000,0x00000000dd789030,0x00000000de000000)
  to   space 16384K, 0% used [0x00000000e3a80000,0x00000000e3a80000,0x00000000e4a80000)
 ParOldGen       total 61952K, used 23810K [0x0000000081800000, 0x0000000085480000, 0x00000000d5d80000)
  object space 61952K, 38% used [0x0000000081800000,0x0000000082f40940,0x0000000085480000)
 Metaspace       used 19238K, capacity 19534K, committed 19840K, reserved 1067008K
  class space    used 2234K, capacity 2350K, committed 2432K, reserved 1048576K
}
Event: 26.315 GC heap before
{Heap before GC invocations=9 (full 1):
 PSYoungGen      total 133632K, used 123194K [0x00000000d5d80000, 0x00000000e4a80000, 0x0000000100000000)
  eden space 116736K, 98% used [0x00000000d5d80000,0x00000000dcdc5b00,0x00000000dcf80000)
  from space 16896K, 48% used [0x00000000dcf80000,0x00000000dd789030,0x00000000de000000)
  to   space 16384K, 0% used [0x00000000e3a80000,0x00000000e3a80000,0x00000000e4a80000)
 ParOldGen       total 61952K, used 26510K [0x0000000081800000, 0x0000000085480000, 0x00000000d5d80000)
  object space 61952K, 42% used [0x0000000081800000,0x00000000831e3950,0x0000000085480000)
 Metaspace       used 19308K, capacity 19598K, committed 19840K, reserved 1067008K
  class space    used 2234K, capacity 2350K, committed 2432K, reserved 1048576K
Event: 26.320 GC heap after
Heap after GC invocations=9 (full 1):
 PSYoungGen      total 121344K, used 8228K [0x00000000d5d80000, 0x00000000e4300000, 0x0000000100000000)
  eden space 112640K, 0% used [0x00000000d5d80000,0x00000000d5d80000,0x00000000dcb80000)
  from space 8704K, 94% used [0x00000000e3a80000,0x00000000e4289030,0x00000000e4300000)
  to   space 15872K, 0% used [0x00000000e2400000,0x00000000e2400000,0x00000000e3380000)
 ParOldGen       total 61952K, used 26534K [0x0000000081800000, 0x0000000085480000, 0x00000000d5d80000)
  object space 61952K, 42% used [0x0000000081800000,0x00000000831e9950,0x0000000085480000)
 Metaspace       used 19308K, capacity 19598K, committed 19840K, reserved 1067008K
  class space    used 2234K, capacity 2350K, committed 2432K, reserved 1048576K
}
Event: 30.076 GC heap before
{Heap before GC invocations=10 (full 2):
 PSYoungGen      total 121344K, used 120868K [0x00000000d5d80000, 0x00000000e4300000, 0x0000000100000000)
  eden space 112640K, 100% used [0x00000000d5d80000,0x00000000dcb80000,0x00000000dcb80000)
  from space 8704K, 94% used [0x00000000e3a80000,0x00000000e4289030,0x00000000e4300000)
  to   space 15872K, 0% used [0x00000000e2400000,0x00000000e2400000,0x00000000e3380000)
 ParOldGen       total 68096K, used 67036K [0x0000000081800000, 0x0000000085a80000, 0x00000000d5d80000)
  object space 68096K, 98% used [0x0000000081800000,0x0000000085977010,0x0000000085a80000)
 Metaspace       used 19384K, capacity 19662K, committed 19840K, reserved 1067008K
  class space    used 2234K, capacity 2350K, committed 2432K, reserved 1048576K
Event: 30.103 GC heap after
Heap after GC invocations=10 (full 2):
 PSYoungGen      total 121344K, used 0K [0x00000000d5d80000, 0x00000000e4300000, 0x0000000100000000)
  eden space 112640K, 0% used [0x00000000d5d80000,0x00000000d5d80000,0x00000000dcb80000)
  from space 8704K, 0% used [0x00000000e3a80000,0x00000000e3a80000,0x00000000e4300000)
  to   space 15872K, 0% used [0x00000000e2400000,0x00000000e2400000,0x00000000e3380000)
 ParOldGen       total 62976K, used 13006K [0x0000000081800000, 0x0000000085580000, 0x00000000d5d80000)
  object space 62976K, 20% used [0x0000000081800000,0x00000000824b3aa8,0x0000000085580000)
 Metaspace       used 19384K, capacity 19662K, committed 19840K, reserved 1067008K
  class space    used 2234K, capacity 2350K, committed 2432K, reserved 1048576K
}

