# JRE version: Java(TM) SE Runtime Environment (8.0_161-b12) (build 1.8.0_161-b12)
# Java VM: Java HotSpot(TM) 64-Bit Server VM (25.161-b12 mixed mode windows-amd64 compressed oops)
Heap:
 PSYoungGen      total 275456K, used 259695K [0x00000000d5d80000, 0x00000000e7780000, 0x0000000100000000)
  eden space 265216K, 94% used [0x00000000d5d80000,0x00000000e515fc50,0x00000000e6080000)
  from space 10240K, 97% used [0x00000000e6b80000,0x00000000e753bff0,0x00000000e7580000)
  to   space 11264K, 0% used [0x00000000e6080000,0x00000000e6080000,0x00000000e6b80000)
 ParOldGen       total 87552K, used 13974K [0x0000000081800000, 0x0000000086d80000, 0x00000000d5d80000)
  object space 87552K, 15% used [0x0000000081800000,0x00000000825a5948,0x0000000086d80000)
 Metaspace       used 19693K, capacity 19924K, committed 20096K, reserved 1067008K
  class space    used 2250K, capacity 2352K, committed 2432K, reserved 1048576K
GC Heap History (10 events):
Event: 9.215 GC heap before
{Heap before GC invocations=4 (full 0):
 PSYoungGen      total 38400K, used 36792K [0x00000000d5d80000, 0x00000000da880000, 0x0000000100000000)
  eden space 33280K, 95% used [0x00000000d5d80000,0x00000000d7c731b0,0x00000000d7e00000)
  from space 5120K, 99% used [0x00000000d7e00000,0x00000000d82fb010,0x00000000d8300000)
  to   space 5120K, 0% used [0x00000000da380000,0x00000000da380000,0x00000000da880000)
 ParOldGen       total 87552K, used 3424K [0x0000000081800000, 0x0000000086d80000, 0x00000000d5d80000)
  object space 87552K, 3% used [0x0000000081800000,0x0000000081b583f8,0x0000000086d80000)
 Metaspace       used 18702K, capacity 19016K, committed 19328K, reserved 1067008K
  class space    used 2240K, capacity 2352K, committed 2432K, reserved 1048576K
Event: 9.225 GC heap after
Heap after GC invocations=4 (full 0):
 PSYoungGen      total 71680K, used 5100K [0x00000000d5d80000, 0x00000000da880000, 0x0000000100000000)
  eden space 66560K, 0% used [0x00000000d5d80000,0x00000000d5d80000,0x00000000d9e80000)
  from space 5120K, 99% used [0x00000000da380000,0x00000000da87b010,0x00000000da880000)
  to   space 5120K, 0% used [0x00000000d9e80000,0x00000000d9e80000,0x00000000da380000)
 ParOldGen       total 87552K, used 8857K [0x0000000081800000, 0x0000000086d80000, 0x00000000d5d80000)
  object space 87552K, 10% used [0x0000000081800000,0x00000000820a6418,0x0000000086d80000)
 Metaspace       used 18702K, capacity 19016K, committed 19328K, reserved 1067008K
  class space    used 2240K, capacity 2352K, committed 2432K, reserved 1048576K
}
Event: 9.792 GC heap before
{Heap before GC invocations=5 (full 0):
 PSYoungGen      total 71680K, used 69728K [0x00000000d5d80000, 0x00000000da880000, 0x0000000100000000)
  eden space 66560K, 97% used [0x00000000d5d80000,0x00000000d9c9d2b0,0x00000000d9e80000)
  from space 5120K, 99% used [0x00000000da380000,0x00000000da87b010,0x00000000da880000)
  to   space 5120K, 0% used [0x00000000d9e80000,0x00000000d9e80000,0x00000000da380000)
 ParOldGen       total 87552K, used 8857K [0x0000000081800000, 0x0000000086d80000, 0x00000000d5d80000)
  object space 87552K, 10% used [0x0000000081800000,0x00000000820a6418,0x0000000086d80000)
 Metaspace       used 18810K, capacity 19084K, committed 19328K, reserved 1067008K
  class space    used 2242K, capacity 2352K, committed 2432K, reserved 1048576K
Event: 9.799 GC heap after
Heap after GC invocations=5 (full 0):
 PSYoungGen      total 71680K, used 5100K [0x00000000d5d80000, 0x00000000df580000, 0x0000000100000000)
  eden space 66560K, 0% used [0x00000000d5d80000,0x00000000d5d80000,0x00000000d9e80000)
  from space 5120K, 99% used [0x00000000d9e80000,0x00000000da37b010,0x00000000da380000)
  to   space 11264K, 0% used [0x00000000dea80000,0x00000000dea80000,0x00000000df580000)
 ParOldGen       total 87552K, used 8894K [0x0000000081800000, 0x0000000086d80000, 0x00000000d5d80000)
  object space 87552K, 10% used [0x0000000081800000,0x00000000820afae8,0x0000000086d80000)
 Metaspace       used 18810K, capacity 19084K, committed 19328K, reserved 1067008K
  class space    used 2242K, capacity 2352K, committed 2432K, reserved 1048576K
}
Event: 11.250 GC heap before
{Heap before GC invocations=6 (full 0):
 PSYoungGen      total 71680K, used 69519K [0x00000000d5d80000, 0x00000000df580000, 0x0000000100000000)
  eden space 66560K, 96% used [0x00000000d5d80000,0x00000000d9c68e78,0x00000000d9e80000)
  from space 5120K, 99% used [0x00000000d9e80000,0x00000000da37b010,0x00000000da380000)
  to   space 11264K, 0% used [0x00000000dea80000,0x00000000dea80000,0x00000000df580000)
 ParOldGen       total 87552K, used 8894K [0x0000000081800000, 0x0000000086d80000, 0x00000000d5d80000)
  object space 87552K, 10% used [0x0000000081800000,0x00000000820afae8,0x0000000086d80000)
 Metaspace       used 19076K, capacity 19340K, committed 19584K, reserved 1067008K
  class space    used 2243K, capacity 2352K, committed 2432K, reserved 1048576K
Event: 11.259 GC heap after
Heap after GC invocations=6 (full 0):
 PSYoungGen      total 143360K, used 6535K [0x00000000d5d80000, 0x00000000df480000, 0x0000000100000000)
  eden space 133120K, 0% used [0x00000000d5d80000,0x00000000d5d80000,0x00000000ddf80000)
  from space 10240K, 63% used [0x00000000dea80000,0x00000000df0e1fe0,0x00000000df480000)
  to   space 10752K, 0% used [0x00000000ddf80000,0x00000000ddf80000,0x00000000dea00000)
 ParOldGen       total 87552K, used 8902K [0x0000000081800000, 0x0000000086d80000, 0x00000000d5d80000)
  object space 87552K, 10% used [0x0000000081800000,0x00000000820b1ae8,0x0000000086d80000)
 Metaspace       used 19076K, capacity 19340K, committed 19584K, reserved 1067008K
  class space    used 2243K, capacity 2352K, committed 2432K, reserved 1048576K
}
Event: 14.727 GC heap before
{Heap before GC invocations=7 (full 0):
 PSYoungGen      total 143360K, used 138928K [0x00000000d5d80000, 0x00000000df480000, 0x0000000100000000)
  eden space 133120K, 99% used [0x00000000d5d80000,0x00000000ddeca368,0x00000000ddf80000)
  from space 10240K, 63% used [0x00000000dea80000,0x00000000df0e1fe0,0x00000000df480000)
  to   space 10752K, 0% used [0x00000000ddf80000,0x00000000ddf80000,0x00000000dea00000)
 ParOldGen       total 87552K, used 8902K [0x0000000081800000, 0x0000000086d80000, 0x00000000d5d80000)
  object space 87552K, 10% used [0x0000000081800000,0x00000000820b1ae8,0x0000000086d80000)
 Metaspace       used 19315K, capacity 19604K, committed 19840K, reserved 1067008K
  class space    used 2247K, capacity 2352K, committed 2432K, reserved 1048576K
Event: 14.738 GC heap after
Heap after GC invocations=7 (full 0):
 PSYoungGen      total 143872K, used 5795K [0x00000000d5d80000, 0x00000000e7580000, 0x0000000100000000)
  eden space 133120K, 0% used [0x00000000d5d80000,0x00000000d5d80000,0x00000000ddf80000)
  from space 10752K, 53% used [0x00000000ddf80000,0x00000000de528f90,0x00000000dea00000)
  to   space 10240K, 0% used [0x00000000e6b80000,0x00000000e6b80000,0x00000000e7580000)
 ParOldGen       total 87552K, used 11238K [0x0000000081800000, 0x0000000086d80000, 0x00000000d5d80000)
  object space 87552K, 12% used [0x0000000081800000,0x00000000822f99c8,0x0000000086d80000)
 Metaspace       used 19315K, capacity 19604K, committed 19840K, reserved 1067008K
  class space    used 2247K, capacity 2352K, committed 2432K, reserved 1048576K
}
Event: 17.433 GC heap before
{Heap before GC invocations=8 (full 0):
 PSYoungGen      total 143872K, used 136862K [0x00000000d5d80000, 0x00000000e7580000, 0x0000000100000000)
  eden space 133120K, 98% used [0x00000000d5d80000,0x00000000ddd7eb90,0x00000000ddf80000)
  from space 10752K, 53% used [0x00000000ddf80000,0x00000000de528f90,0x00000000dea00000)
  to   space 10240K, 0% used [0x00000000e6b80000,0x00000000e6b80000,0x00000000e7580000)
 ParOldGen       total 87552K, used 11238K [0x0000000081800000, 0x0000000086d80000, 0x00000000d5d80000)
  object space 87552K, 12% used [0x0000000081800000,0x00000000822f99c8,0x0000000086d80000)
 Metaspace       used 19441K, capacity 19732K, committed 19840K, reserved 1067008K
  class space    used 2247K, capacity 2352K, committed 2432K, reserved 1048576K
Event: 17.450 GC heap after
Heap after GC invocations=8 (full 0):
 PSYoungGen      total 275456K, used 9967K [0x00000000d5d80000, 0x00000000e7780000, 0x0000000100000000)
  eden space 265216K, 0% used [0x00000000d5d80000,0x00000000d5d80000,0x00000000e6080000)
  from space 10240K, 97% used [0x00000000e6b80000,0x00000000e753bff0,0x00000000e7580000)
  to   space 11264K, 0% used [0x00000000e6080000,0x00000000e6080000,0x00000000e6b80000)
 ParOldGen       total 87552K, used 13974K [0x0000000081800000, 0x0000000086d80000, 0x00000000d5d80000)
  object space 87552K, 15% used [0x0000000081800000,0x00000000825a5948,0x0000000086d80000)
 Metaspace       used 19441K, capacity 19732K, committed 19840K, reserved 1067008K
  class space    used 2247K, capacity 2352K, committed 2432K, reserved 1048576K
}

