# JRE version: Java(TM) SE Runtime Environment (8.0_161-b12) (build 1.8.0_161-b12)
# Java VM: Java HotSpot(TM) 64-Bit Server VM (25.161-b12 mixed mode windows-amd64 compressed oops)
Heap:
 PSYoungGen      total 150016K, used 119095K [0x00000000d5d80000, 0x00000000e8080000, 0x0000000100000000)
  eden space 132096K, 82% used [0x00000000d5d80000,0x00000000dc789f48,0x00000000dde80000)
  from space 17920K, 58% used [0x00000000dde80000,0x00000000de8c3ee0,0x00000000df000000)
  to   space 16896K, 0% used [0x00000000e7000000,0x00000000e7000000,0x00000000e8080000)
 ParOldGen       total 87552K, used 24876K [0x0000000081800000, 0x0000000086d80000, 0x00000000d5d80000)
  object space 87552K, 28% used [0x0000000081800000,0x000000008304b020,0x0000000086d80000)
 Metaspace       used 19370K, capacity 19654K, committed 19840K, reserved 1067008K
  class space    used 2250K, capacity 2350K, committed 2432K, reserved 1048576K
GC Heap History (10 events):
Event: 9.181 GC heap before
{Heap before GC invocations=3 (full 0):
 PSYoungGen      total 38400K, used 37078K [0x00000000d5d80000, 0x00000000da880000, 0x0000000100000000)
  eden space 33280K, 96% used [0x00000000d5d80000,0x00000000d7cbaa90,0x00000000d7e00000)
  from space 5120K, 99% used [0x00000000d8300000,0x00000000d87fb010,0x00000000d8800000)
  to   space 5120K, 0% used [0x00000000d7e00000,0x00000000d7e00000,0x00000000d8300000)
 ParOldGen       total 87552K, used 3496K [0x0000000081800000, 0x0000000086d80000, 0x00000000d5d80000)
  object space 87552K, 3% used [0x0000000081800000,0x0000000081b6a080,0x0000000086d80000)
 Metaspace       used 18664K, capacity 18938K, committed 19072K, reserved 1067008K
  class space    used 2236K, capacity 2350K, committed 2432K, reserved 1048576K
Event: 9.188 GC heap after
Heap after GC invocations=3 (full 0):
 PSYoungGen      total 38400K, used 5100K [0x00000000d5d80000, 0x00000000da880000, 0x0000000100000000)
  eden space 33280K, 0% used [0x00000000d5d80000,0x00000000d5d80000,0x00000000d7e00000)
  from space 5120K, 99% used [0x00000000d7e00000,0x00000000d82fb030,0x00000000d8300000)
  to   space 5120K, 0% used [0x00000000da380000,0x00000000da380000,0x00000000da880000)
 ParOldGen       total 87552K, used 3536K [0x0000000081800000, 0x0000000086d80000, 0x00000000d5d80000)
  object space 87552K, 4% used [0x0000000081800000,0x0000000081b74080,0x0000000086d80000)
 Metaspace       used 18664K, capacity 18938K, committed 19072K, reserved 1067008K
  class space    used 2236K, capacity 2350K, committed 2432K, reserved 1048576K
}
Event: 9.321 GC heap before
{Heap before GC invocations=4 (full 0):
 PSYoungGen      total 38400K, used 35907K [0x00000000d5d80000, 0x00000000da880000, 0x0000000100000000)
  eden space 33280K, 92% used [0x00000000d5d80000,0x00000000d7b95d28,0x00000000d7e00000)
  from space 5120K, 99% used [0x00000000d7e00000,0x00000000d82fb030,0x00000000d8300000)
  to   space 5120K, 0% used [0x00000000da380000,0x00000000da380000,0x00000000da880000)
 ParOldGen       total 87552K, used 3536K [0x0000000081800000, 0x0000000086d80000, 0x00000000d5d80000)
  object space 87552K, 4% used [0x0000000081800000,0x0000000081b74080,0x0000000086d80000)
 Metaspace       used 18686K, capacity 18938K, committed 19072K, reserved 1067008K
  class space    used 2236K, capacity 2350K, committed 2432K, reserved 1048576K
Event: 9.335 GC heap after
Heap after GC invocations=4 (full 0):
 PSYoungGen      total 71680K, used 5116K [0x00000000d5d80000, 0x00000000da880000, 0x0000000100000000)
  eden space 66560K, 0% used [0x00000000d5d80000,0x00000000d5d80000,0x00000000d9e80000)
  from space 5120K, 99% used [0x00000000da380000,0x00000000da87f020,0x00000000da880000)
  to   space 5120K, 0% used [0x00000000d9e80000,0x00000000d9e80000,0x00000000da380000)
 ParOldGen       total 87552K, used 17060K [0x0000000081800000, 0x0000000086d80000, 0x00000000d5d80000)
  object space 87552K, 19% used [0x0000000081800000,0x00000000828a90d0,0x0000000086d80000)
 Metaspace       used 18686K, capacity 18938K, committed 19072K, reserved 1067008K
  class space    used 2236K, capacity 2350K, committed 2432K, reserved 1048576K
}
Event: 9.691 GC heap before
{Heap before GC invocations=5 (full 0):
 PSYoungGen      total 71680K, used 69387K [0x00000000d5d80000, 0x00000000da880000, 0x0000000100000000)
  eden space 66560K, 96% used [0x00000000d5d80000,0x00000000d9c43d50,0x00000000d9e80000)
  from space 5120K, 99% used [0x00000000da380000,0x00000000da87f020,0x00000000da880000)
  to   space 5120K, 0% used [0x00000000d9e80000,0x00000000d9e80000,0x00000000da380000)
 ParOldGen       total 87552K, used 17060K [0x0000000081800000, 0x0000000086d80000, 0x00000000d5d80000)
  object space 87552K, 19% used [0x0000000081800000,0x00000000828a90d0,0x0000000086d80000)
 Metaspace       used 18782K, capacity 19070K, committed 19328K, reserved 1067008K
  class space    used 2241K, capacity 2350K, committed 2432K, reserved 1048576K
Event: 9.704 GC heap after
Heap after GC invocations=5 (full 0):
 PSYoungGen      total 71680K, used 5116K [0x00000000d5d80000, 0x00000000e0080000, 0x0000000100000000)
  eden space 66560K, 0% used [0x00000000d5d80000,0x00000000d5d80000,0x00000000d9e80000)
  from space 5120K, 99% used [0x00000000d9e80000,0x00000000da37f020,0x00000000da380000)
  to   space 16896K, 0% used [0x00000000df000000,0x00000000df000000,0x00000000e0080000)
 ParOldGen       total 87552K, used 22492K [0x0000000081800000, 0x0000000086d80000, 0x00000000d5d80000)
  object space 87552K, 25% used [0x0000000081800000,0x0000000082df70f0,0x0000000086d80000)
 Metaspace       used 18782K, capacity 19070K, committed 19328K, reserved 1067008K
  class space    used 2241K, capacity 2350K, committed 2432K, reserved 1048576K
}
Event: 11.064 GC heap before
{Heap before GC invocations=6 (full 0):
 PSYoungGen      total 71680K, used 71067K [0x00000000d5d80000, 0x00000000e0080000, 0x0000000100000000)
  eden space 66560K, 99% used [0x00000000d5d80000,0x00000000d9de7e48,0x00000000d9e80000)
  from space 5120K, 99% used [0x00000000d9e80000,0x00000000da37f020,0x00000000da380000)
  to   space 16896K, 0% used [0x00000000df000000,0x00000000df000000,0x00000000e0080000)
 ParOldGen       total 87552K, used 22492K [0x0000000081800000, 0x0000000086d80000, 0x00000000d5d80000)
  object space 87552K, 25% used [0x0000000081800000,0x0000000082df70f0,0x0000000086d80000)
 Metaspace       used 18889K, capacity 19134K, committed 19328K, reserved 1067008K
  class space    used 2241K, capacity 2350K, committed 2432K, reserved 1048576K
Event: 11.093 GC heap after
Heap after GC invocations=6 (full 0):
 PSYoungGen      total 148992K, used 12767K [0x00000000d5d80000, 0x00000000e0280000, 0x0000000100000000)
  eden space 132096K, 0% used [0x00000000d5d80000,0x00000000d5d80000,0x00000000dde80000)
  from space 16896K, 75% used [0x00000000df000000,0x00000000dfc77ef0,0x00000000e0080000)
  to   space 17920K, 0% used [0x00000000dde80000,0x00000000dde80000,0x00000000df000000)
 ParOldGen       total 87552K, used 22500K [0x0000000081800000, 0x0000000086d80000, 0x00000000d5d80000)
  object space 87552K, 25% used [0x0000000081800000,0x0000000082df90f0,0x0000000086d80000)
 Metaspace       used 18889K, capacity 19134K, committed 19328K, reserved 1067008K
  class space    used 2241K, capacity 2350K, committed 2432K, reserved 1048576K
}
Event: 14.237 GC heap before
{Heap before GC invocations=7 (full 0):
 PSYoungGen      total 148992K, used 143033K [0x00000000d5d80000, 0x00000000e0280000, 0x0000000100000000)
  eden space 132096K, 98% used [0x00000000d5d80000,0x00000000ddcb6518,0x00000000dde80000)
  from space 16896K, 75% used [0x00000000df000000,0x00000000dfc77ef0,0x00000000e0080000)
  to   space 17920K, 0% used [0x00000000dde80000,0x00000000dde80000,0x00000000df000000)
 ParOldGen       total 87552K, used 22500K [0x0000000081800000, 0x0000000086d80000, 0x00000000d5d80000)
  object space 87552K, 25% used [0x0000000081800000,0x0000000082df90f0,0x0000000086d80000)
 Metaspace       used 19195K, capacity 19454K, committed 19584K, reserved 1067008K
  class space    used 2246K, capacity 2350K, committed 2432K, reserved 1048576K
Event: 14.252 GC heap after
Heap after GC invocations=7 (full 0):
 PSYoungGen      total 150016K, used 10511K [0x00000000d5d80000, 0x00000000e8080000, 0x0000000100000000)
  eden space 132096K, 0% used [0x00000000d5d80000,0x00000000d5d80000,0x00000000dde80000)
  from space 17920K, 58% used [0x00000000dde80000,0x00000000de8c3ee0,0x00000000df000000)
  to   space 16896K, 0% used [0x00000000e7000000,0x00000000e7000000,0x00000000e8080000)
 ParOldGen       total 87552K, used 24876K [0x0000000081800000, 0x0000000086d80000, 0x00000000d5d80000)
  object space 87552K, 28% used [0x0000000081800000,0x000000008304b020,0x0000000086d80000)
 Metaspace       used 19195K, capacity 19454K, committed 19584K, reserved 1067008K
  class space    used 2246K, capacity 2350K, committed 2432K, reserved 1048576K
}

