# JRE version: Java(TM) SE Runtime Environment (8.0_161-b12) (build 1.8.0_161-b12)
# Java VM: Java HotSpot(TM) 64-Bit Server VM (25.161-b12 mixed mode windows-amd64 compressed oops)
Heap:
 PSYoungGen      total 50176K, used 45332K [0x00000000d5d80000, 0x00000000da100000, 0x0000000100000000)
  eden space 37376K, 99% used [0x00000000d5d80000,0x00000000d81bc2b0,0x00000000d8200000)
  from space 12800K, 64% used [0x00000000d8200000,0x00000000d8a09030,0x00000000d8e80000)
  to   space 12800K, 0% used [0x00000000d9480000,0x00000000d9480000,0x00000000da100000)
 ParOldGen       total 208384K, used 207635K [0x0000000081800000, 0x000000008e380000, 0x00000000d5d80000)
  object space 208384K, 99% used [0x0000000081800000,0x000000008e2c4d90,0x000000008e380000)
 Metaspace       used 20182K, capacity 20408K, committed 20608K, reserved 1067008K
  class space    used 2246K, capacity 2343K, committed 2432K, reserved 1048576K
GC Heap History (10 events):
Event: 2200.254 GC heap before
{Heap before GC invocations=1127 (full 58):
 PSYoungGen      total 49664K, used 44309K [0x00000000d5d80000, 0x00000000d9980000, 0x0000000100000000)
  eden space 37888K, 95% used [0x00000000d5d80000,0x00000000d80bc688,0x00000000d8280000)
  from space 11776K, 69% used [0x00000000d8280000,0x00000000d8a89030,0x00000000d8e00000)
  to   space 11776K, 0% used [0x00000000d8e00000,0x00000000d8e00000,0x00000000d9980000)
 ParOldGen       total 194560K, used 194406K [0x0000000081800000, 0x000000008d600000, 0x00000000d5d80000)
  object space 194560K, 99% used [0x0000000081800000,0x000000008d5d9ad8,0x000000008d600000)
 Metaspace       used 20115K, capacity 20362K, committed 20608K, reserved 1067008K
  class space    used 2243K, capacity 2350K, committed 2432K, reserved 1048576K
Event: 2200.352 GC heap after
Heap after GC invocations=1127 (full 58):
 PSYoungGen      total 49664K, used 0K [0x00000000d5d80000, 0x00000000d9980000, 0x0000000100000000)
  eden space 37888K, 0% used [0x00000000d5d80000,0x00000000d5d80000,0x00000000d8280000)
  from space 11776K, 0% used [0x00000000d8280000,0x00000000d8280000,0x00000000d8e00000)
  to   space 11776K, 0% used [0x00000000d8e00000,0x00000000d8e00000,0x00000000d9980000)
 ParOldGen       total 125440K, used 13194K [0x0000000081800000, 0x0000000089280000, 0x00000000d5d80000)
  object space 125440K, 10% used [0x0000000081800000,0x00000000824e2910,0x0000000089280000)
 Metaspace       used 20103K, capacity 20344K, committed 20608K, reserved 1067008K
  class space    used 2239K, capacity 2343K, committed 2432K, reserved 1048576K
}
Event: 2205.466 GC heap before
{Heap before GC invocations=1128 (full 58):
 PSYoungGen      total 49664K, used 37172K [0x00000000d5d80000, 0x00000000d9980000, 0x0000000100000000)
  eden space 37888K, 98% used [0x00000000d5d80000,0x00000000d81cd0b0,0x00000000d8280000)
  from space 11776K, 0% used [0x00000000d8280000,0x00000000d8280000,0x00000000d8e00000)
  to   space 11776K, 0% used [0x00000000d8e00000,0x00000000d8e00000,0x00000000d9980000)
 ParOldGen       total 183808K, used 183295K [0x0000000081800000, 0x000000008cb80000, 0x00000000d5d80000)
  object space 183808K, 99% used [0x0000000081800000,0x000000008caffd00,0x000000008cb80000)
 Metaspace       used 20103K, capacity 20344K, committed 20608K, reserved 1067008K
  class space    used 2239K, capacity 2343K, committed 2432K, reserved 1048576K
Event: 2205.477 GC heap after
Heap after GC invocations=1128 (full 58):
 PSYoungGen      total 49152K, used 96K [0x00000000d5d80000, 0x00000000d9a80000, 0x0000000100000000)
  eden space 37376K, 0% used [0x00000000d5d80000,0x00000000d5d80000,0x00000000d8200000)
  from space 11776K, 0% used [0x00000000d8e00000,0x00000000d8e18000,0x00000000d9980000)
  to   space 12288K, 0% used [0x00000000d8200000,0x00000000d8200000,0x00000000d8e00000)
 ParOldGen       total 183808K, used 183295K [0x0000000081800000, 0x000000008cb80000, 0x00000000d5d80000)
  object space 183808K, 99% used [0x0000000081800000,0x000000008caffd00,0x000000008cb80000)
 Metaspace       used 20103K, capacity 20344K, committed 20608K, reserved 1067008K
  class space    used 2239K, capacity 2343K, committed 2432K, reserved 1048576K
}
Event: 2206.303 GC heap before
{Heap before GC invocations=1129 (full 58):
 PSYoungGen      total 49152K, used 36168K [0x00000000d5d80000, 0x00000000d9a80000, 0x0000000100000000)
  eden space 37376K, 96% used [0x00000000d5d80000,0x00000000d80ba390,0x00000000d8200000)
  from space 11776K, 0% used [0x00000000d8e00000,0x00000000d8e18000,0x00000000d9980000)
  to   space 12288K, 0% used [0x00000000d8200000,0x00000000d8200000,0x00000000d8e00000)
 ParOldGen       total 183808K, used 183295K [0x0000000081800000, 0x000000008cb80000, 0x00000000d5d80000)
  object space 183808K, 99% used [0x0000000081800000,0x000000008caffd00,0x000000008cb80000)
 Metaspace       used 20103K, capacity 20344K, committed 20608K, reserved 1067008K
  class space    used 2239K, capacity 2343K, committed 2432K, reserved 1048576K
Event: 2206.311 GC heap after
Heap after GC invocations=1129 (full 58):
 PSYoungGen      total 49664K, used 8228K [0x00000000d5d80000, 0x00000000d9b00000, 0x0000000100000000)
  eden space 37376K, 0% used [0x00000000d5d80000,0x00000000d5d80000,0x00000000d8200000)
  from space 12288K, 66% used [0x00000000d8200000,0x00000000d8a09030,0x00000000d8e00000)
  to   space 12800K, 0% used [0x00000000d8e80000,0x00000000d8e80000,0x00000000d9b00000)
 ParOldGen       total 183808K, used 183319K [0x0000000081800000, 0x000000008cb80000, 0x00000000d5d80000)
  object space 183808K, 99% used [0x0000000081800000,0x000000008cb05d00,0x000000008cb80000)
 Metaspace       used 20103K, capacity 20344K, committed 20608K, reserved 1067008K
  class space    used 2239K, capacity 2343K, committed 2432K, reserved 1048576K
}
Event: 2207.176 GC heap before
{Heap before GC invocations=1130 (full 58):
 PSYoungGen      total 49664K, used 44305K [0x00000000d5d80000, 0x00000000d9b00000, 0x0000000100000000)
  eden space 37376K, 96% used [0x00000000d5d80000,0x00000000d80bb678,0x00000000d8200000)
  from space 12288K, 66% used [0x00000000d8200000,0x00000000d8a09030,0x00000000d8e00000)
  to   space 12800K, 0% used [0x00000000d8e80000,0x00000000d8e80000,0x00000000d9b00000)
 ParOldGen       total 183808K, used 183319K [0x0000000081800000, 0x000000008cb80000, 0x00000000d5d80000)
  object space 183808K, 99% used [0x0000000081800000,0x000000008cb05d00,0x000000008cb80000)
 Metaspace       used 20103K, capacity 20344K, committed 20608K, reserved 1067008K
  class space    used 2239K, capacity 2343K, committed 2432K, reserved 1048576K
Event: 2207.182 GC heap after
Heap after GC invocations=1130 (full 58):
 PSYoungGen      total 50176K, used 8228K [0x00000000d5d80000, 0x00000000d9b00000, 0x0000000100000000)
  eden space 37376K, 0% used [0x00000000d5d80000,0x00000000d5d80000,0x00000000d8200000)
  from space 12800K, 64% used [0x00000000d8e80000,0x00000000d9689030,0x00000000d9b00000)
  to   space 12800K, 0% used [0x00000000d8200000,0x00000000d8200000,0x00000000d8e80000)
 ParOldGen       total 183808K, used 183327K [0x0000000081800000, 0x000000008cb80000, 0x00000000d5d80000)
  object space 183808K, 99% used [0x0000000081800000,0x000000008cb07d00,0x000000008cb80000)
 Metaspace       used 20103K, capacity 20344K, committed 20608K, reserved 1067008K
  class space    used 2239K, capacity 2343K, committed 2432K, reserved 1048576K
}
Event: 2208.035 GC heap before
{Heap before GC invocations=1131 (full 58):
 PSYoungGen      total 50176K, used 44318K [0x00000000d5d80000, 0x00000000d9b00000, 0x0000000100000000)
  eden space 37376K, 96% used [0x00000000d5d80000,0x00000000d80bea78,0x00000000d8200000)
  from space 12800K, 64% used [0x00000000d8e80000,0x00000000d9689030,0x00000000d9b00000)
  to   space 12800K, 0% used [0x00000000d8200000,0x00000000d8200000,0x00000000d8e80000)
 ParOldGen       total 186880K, used 186027K [0x0000000081800000, 0x000000008ce80000, 0x00000000d5d80000)
  object space 186880K, 99% used [0x0000000081800000,0x000000008cdaad10,0x000000008ce80000)
 Metaspace       used 20103K, capacity 20344K, committed 20608K, reserved 1067008K
  class space    used 2239K, capacity 2343K, committed 2432K, reserved 1048576K
Event: 2208.044 GC heap after
Heap after GC invocations=1131 (full 58):
 PSYoungGen      total 50176K, used 8228K [0x00000000d5d80000, 0x00000000da100000, 0x0000000100000000)
  eden space 37376K, 0% used [0x00000000d5d80000,0x00000000d5d80000,0x00000000d8200000)
  from space 12800K, 64% used [0x00000000d8200000,0x00000000d8a09030,0x00000000d8e80000)
  to   space 12800K, 0% used [0x00000000d9480000,0x00000000d9480000,0x00000000da100000)
 ParOldGen       total 186880K, used 186035K [0x0000000081800000, 0x000000008ce80000, 0x00000000d5d80000)
  object space 186880K, 99% used [0x0000000081800000,0x000000008cdacd10,0x000000008ce80000)
 Metaspace       used 20103K, capacity 20344K, committed 20608K, reserved 1067008K
  class space    used 2239K, capacity 2343K, committed 2432K, reserved 1048576K
}

