# JRE version: Java(TM) SE Runtime Environment (8.0_161-b12) (build 1.8.0_161-b12)
# Java VM: Java HotSpot(TM) 64-Bit Server VM (25.161-b12 mixed mode windows-amd64 compressed oops)
Heap:
 PSYoungGen      total 45056K, used 17590K [0x00000000d5d80000, 0x00000000d9600000, 0x0000000100000000)
  eden space 37888K, 31% used [0x00000000d5d80000,0x00000000d693f910,0x00000000d8280000)
  from space 7168K, 77% used [0x00000000d8280000,0x00000000d87ee020,0x00000000d8980000)
  to   space 7168K, 0% used [0x00000000d8f00000,0x00000000d8f00000,0x00000000d9600000)
 ParOldGen       total 54784K, used 32009K [0x0000000081800000, 0x0000000084d80000, 0x00000000d5d80000)
  object space 54784K, 58% used [0x0000000081800000,0x0000000083742458,0x0000000084d80000)
 Metaspace       used 19998K, capacity 20230K, committed 20352K, reserved 1067008K
  class space    used 2242K, capacity 2350K, committed 2432K, reserved 1048576K
GC Heap History (10 events):
Event: 365.707 GC heap before
{Heap before GC invocations=371 (full 22):
 PSYoungGen      total 46080K, used 44591K [0x00000000d5d80000, 0x00000000d9200000, 0x0000000100000000)
  eden space 40448K, 96% used [0x00000000d5d80000,0x00000000d83a5ea0,0x00000000d8500000)
  from space 5632K, 98% used [0x00000000d8c80000,0x00000000d91e6020,0x00000000d9200000)
  to   space 6656K, 0% used [0x00000000d8500000,0x00000000d8500000,0x00000000d8b80000)
 ParOldGen       total 54784K, used 21185K [0x0000000081800000, 0x0000000084d80000, 0x00000000d5d80000)
  object space 54784K, 38% used [0x0000000081800000,0x0000000082cb0418,0x0000000084d80000)
 Metaspace       used 19850K, capacity 20102K, committed 20352K, reserved 1067008K
  class space    used 2236K, capacity 2350K, committed 2432K, reserved 1048576K
Event: 365.711 GC heap after
Heap after GC invocations=371 (full 22):
 PSYoungGen      total 45056K, used 5528K [0x00000000d5d80000, 0x00000000d9100000, 0x0000000100000000)
  eden space 39424K, 0% used [0x00000000d5d80000,0x00000000d5d80000,0x00000000d8400000)
  from space 5632K, 98% used [0x00000000d8500000,0x00000000d8a66020,0x00000000d8a80000)
  to   space 6656K, 0% used [0x00000000d8a80000,0x00000000d8a80000,0x00000000d9100000)
 ParOldGen       total 54784K, used 23885K [0x0000000081800000, 0x0000000084d80000, 0x00000000d5d80000)
  object space 54784K, 43% used [0x0000000081800000,0x0000000082f53428,0x0000000084d80000)
 Metaspace       used 19850K, capacity 20102K, committed 20352K, reserved 1067008K
  class space    used 2236K, capacity 2350K, committed 2432K, reserved 1048576K
}
Event: 366.672 GC heap before
{Heap before GC invocations=372 (full 22):
 PSYoungGen      total 45056K, used 44679K [0x00000000d5d80000, 0x00000000d9100000, 0x0000000100000000)
  eden space 39424K, 99% used [0x00000000d5d80000,0x00000000d83bbd68,0x00000000d8400000)
  from space 5632K, 98% used [0x00000000d8500000,0x00000000d8a66020,0x00000000d8a80000)
  to   space 6656K, 0% used [0x00000000d8a80000,0x00000000d8a80000,0x00000000d9100000)
 ParOldGen       total 54784K, used 23885K [0x0000000081800000, 0x0000000084d80000, 0x00000000d5d80000)
  object space 54784K, 43% used [0x0000000081800000,0x0000000082f53428,0x0000000084d80000)
 Metaspace       used 19909K, capacity 20166K, committed 20352K, reserved 1067008K
  class space    used 2238K, capacity 2350K, committed 2432K, reserved 1048576K
Event: 366.675 GC heap after
Heap after GC invocations=372 (full 22):
 PSYoungGen      total 45056K, used 5592K [0x00000000d5d80000, 0x00000000d9080000, 0x0000000100000000)
  eden space 38912K, 0% used [0x00000000d5d80000,0x00000000d5d80000,0x00000000d8380000)
  from space 6144K, 91% used [0x00000000d8a80000,0x00000000d8ff6020,0x00000000d9080000)
  to   space 6656K, 0% used [0x00000000d8380000,0x00000000d8380000,0x00000000d8a00000)
 ParOldGen       total 54784K, used 26593K [0x0000000081800000, 0x0000000084d80000, 0x00000000d5d80000)
  object space 54784K, 48% used [0x0000000081800000,0x00000000831f8438,0x0000000084d80000)
 Metaspace       used 19909K, capacity 20166K, committed 20352K, reserved 1067008K
  class space    used 2238K, capacity 2350K, committed 2432K, reserved 1048576K
}
Event: 367.533 GC heap before
{Heap before GC invocations=373 (full 22):
 PSYoungGen      total 45056K, used 44504K [0x00000000d5d80000, 0x00000000d9080000, 0x0000000100000000)
  eden space 38912K, 100% used [0x00000000d5d80000,0x00000000d8380000,0x00000000d8380000)
  from space 6144K, 91% used [0x00000000d8a80000,0x00000000d8ff6020,0x00000000d9080000)
  to   space 6656K, 0% used [0x00000000d8380000,0x00000000d8380000,0x00000000d8a00000)
 ParOldGen       total 54784K, used 26593K [0x0000000081800000, 0x0000000084d80000, 0x00000000d5d80000)
  object space 54784K, 48% used [0x0000000081800000,0x00000000831f8438,0x0000000084d80000)
 Metaspace       used 19957K, capacity 20166K, committed 20352K, reserved 1067008K
  class space    used 2238K, capacity 2350K, committed 2432K, reserved 1048576K
Event: 367.536 GC heap after
Heap after GC invocations=373 (full 22):
 PSYoungGen      total 44032K, used 5624K [0x00000000d5d80000, 0x00000000d9000000, 0x0000000100000000)
  eden space 38400K, 0% used [0x00000000d5d80000,0x00000000d5d80000,0x00000000d8300000)
  from space 5632K, 99% used [0x00000000d8380000,0x00000000d88fe020,0x00000000d8900000)
  to   space 6656K, 0% used [0x00000000d8980000,0x00000000d8980000,0x00000000d9000000)
 ParOldGen       total 54784K, used 29301K [0x0000000081800000, 0x0000000084d80000, 0x00000000d5d80000)
  object space 54784K, 53% used [0x0000000081800000,0x000000008349d448,0x0000000084d80000)
 Metaspace       used 19957K, capacity 20166K, committed 20352K, reserved 1067008K
  class space    used 2238K, capacity 2350K, committed 2432K, reserved 1048576K
}
Event: 369.169 GC heap before
{Heap before GC invocations=374 (full 22):
 PSYoungGen      total 44032K, used 42025K [0x00000000d5d80000, 0x00000000d9000000, 0x0000000100000000)
  eden space 38400K, 94% used [0x00000000d5d80000,0x00000000d810c598,0x00000000d8300000)
  from space 5632K, 99% used [0x00000000d8380000,0x00000000d88fe020,0x00000000d8900000)
  to   space 6656K, 0% used [0x00000000d8980000,0x00000000d8980000,0x00000000d9000000)
 ParOldGen       total 54784K, used 29301K [0x0000000081800000, 0x0000000084d80000, 0x00000000d5d80000)
  object space 54784K, 53% used [0x0000000081800000,0x000000008349d448,0x0000000084d80000)
 Metaspace       used 19966K, capacity 20166K, committed 20352K, reserved 1067008K
  class space    used 2240K, capacity 2350K, committed 2432K, reserved 1048576K
Event: 369.170 GC heap after
Heap after GC invocations=374 (full 22):
 PSYoungGen      total 44544K, used 2892K [0x00000000d5d80000, 0x00000000d9080000, 0x0000000100000000)
  eden space 37888K, 0% used [0x00000000d5d80000,0x00000000d5d80000,0x00000000d8280000)
  from space 6656K, 43% used [0x00000000d8980000,0x00000000d8c53010,0x00000000d9000000)
  to   space 7168K, 0% used [0x00000000d8280000,0x00000000d8280000,0x00000000d8980000)
 ParOldGen       total 54784K, used 29309K [0x0000000081800000, 0x0000000084d80000, 0x00000000d5d80000)
  object space 54784K, 53% used [0x0000000081800000,0x000000008349f448,0x0000000084d80000)
 Metaspace       used 19966K, capacity 20166K, committed 20352K, reserved 1067008K
  class space    used 2240K, capacity 2350K, committed 2432K, reserved 1048576K
}
Event: 369.307 GC heap before
{Heap before GC invocations=375 (full 22):
 PSYoungGen      total 44544K, used 38728K [0x00000000d5d80000, 0x00000000d9080000, 0x0000000100000000)
  eden space 37888K, 94% used [0x00000000d5d80000,0x00000000d807f030,0x00000000d8280000)
  from space 6656K, 43% used [0x00000000d8980000,0x00000000d8c53010,0x00000000d9000000)
  to   space 7168K, 0% used [0x00000000d8280000,0x00000000d8280000,0x00000000d8980000)
 ParOldGen       total 54784K, used 29309K [0x0000000081800000, 0x0000000084d80000, 0x00000000d5d80000)
  object space 54784K, 53% used [0x0000000081800000,0x000000008349f448,0x0000000084d80000)
 Metaspace       used 19966K, capacity 20166K, committed 20352K, reserved 1067008K
  class space    used 2240K, capacity 2350K, committed 2432K, reserved 1048576K
Event: 369.311 GC heap after
Heap after GC invocations=375 (full 22):
 PSYoungGen      total 45056K, used 5560K [0x00000000d5d80000, 0x00000000d9600000, 0x0000000100000000)
  eden space 37888K, 0% used [0x00000000d5d80000,0x00000000d5d80000,0x00000000d8280000)
  from space 7168K, 77% used [0x00000000d8280000,0x00000000d87ee020,0x00000000d8980000)
  to   space 7168K, 0% used [0x00000000d8f00000,0x00000000d8f00000,0x00000000d9600000)
 ParOldGen       total 54784K, used 32009K [0x0000000081800000, 0x0000000084d80000, 0x00000000d5d80000)
  object space 54784K, 58% used [0x0000000081800000,0x0000000083742458,0x0000000084d80000)
 Metaspace       used 19966K, capacity 20166K, committed 20352K, reserved 1067008K
  class space    used 2240K, capacity 2350K, committed 2432K, reserved 1048576K
}

