# JRE version: Java(TM) SE Runtime Environment (8.0_161-b12) (build 1.8.0_161-b12)
# Java VM: Java HotSpot(TM) 64-Bit Server VM (25.161-b12 mixed mode windows-amd64 compressed oops)
Heap:
 PSYoungGen      total 142848K, used 126729K [0x00000000d5d80000, 0x00000000df680000, 0x0000000100000000)
  eden space 132096K, 88% used [0x00000000d5d80000,0x00000000dd049f28,0x00000000dde80000)
  from space 10752K, 85% used [0x00000000dea00000,0x00000000df2f8658,0x00000000df480000)
  to   space 11776K, 0% used [0x00000000dde80000,0x00000000dde80000,0x00000000dea00000)
 ParOldGen       total 87552K, used 8855K [0x0000000081800000, 0x0000000086d80000, 0x00000000d5d80000)
  object space 87552K, 10% used [0x0000000081800000,0x00000000820a5da0,0x0000000086d80000)
 Metaspace       used 19193K, capacity 19502K, committed 19584K, reserved 1067008K
  class space    used 2252K, capacity 2382K, committed 2432K, reserved 1048576K
GC Heap History (10 events):
Event: 9.911 GC heap before
{Heap before GC invocations=2 (full 0):
 PSYoungGen      total 38400K, used 37805K [0x00000000d5d80000, 0x00000000d8800000, 0x0000000100000000)
  eden space 33280K, 98% used [0x00000000d5d80000,0x00000000d7d6f828,0x00000000d7e00000)
  from space 5120K, 99% used [0x00000000d7e00000,0x00000000d82fbe00,0x00000000d8300000)
  to   space 5120K, 0% used [0x00000000d8300000,0x00000000d8300000,0x00000000d8800000)
 ParOldGen       total 87552K, used 1076K [0x0000000081800000, 0x0000000086d80000, 0x00000000d5d80000)
  object space 87552K, 1% used [0x0000000081800000,0x000000008190d0a8,0x0000000086d80000)
 Metaspace       used 18591K, capacity 18826K, committed 19072K, reserved 1067008K
  class space    used 2235K, capacity 2350K, committed 2432K, reserved 1048576K
Event: 9.936 GC heap after
Heap after GC invocations=2 (full 0):
 PSYoungGen      total 38400K, used 5100K [0x00000000d5d80000, 0x00000000da880000, 0x0000000100000000)
  eden space 33280K, 0% used [0x00000000d5d80000,0x00000000d5d80000,0x00000000d7e00000)
  from space 5120K, 99% used [0x00000000d8300000,0x00000000d87fb010,0x00000000d8800000)
  to   space 5120K, 0% used [0x00000000d7e00000,0x00000000d7e00000,0x00000000d8300000)
 ParOldGen       total 87552K, used 3383K [0x0000000081800000, 0x0000000086d80000, 0x00000000d5d80000)
  object space 87552K, 3% used [0x0000000081800000,0x0000000081b4dd80,0x0000000086d80000)
 Metaspace       used 18591K, capacity 18826K, committed 19072K, reserved 1067008K
  class space    used 2235K, capacity 2350K, committed 2432K, reserved 1048576K
}
Event: 10.132 GC heap before
{Heap before GC invocations=3 (full 0):
 PSYoungGen      total 38400K, used 37148K [0x00000000d5d80000, 0x00000000da880000, 0x0000000100000000)
  eden space 33280K, 96% used [0x00000000d5d80000,0x00000000d7ccc1a0,0x00000000d7e00000)
  from space 5120K, 99% used [0x00000000d8300000,0x00000000d87fb010,0x00000000d8800000)
  to   space 5120K, 0% used [0x00000000d7e00000,0x00000000d7e00000,0x00000000d8300000)
 ParOldGen       total 87552K, used 3383K [0x0000000081800000, 0x0000000086d80000, 0x00000000d5d80000)
  object space 87552K, 3% used [0x0000000081800000,0x0000000081b4dd80,0x0000000086d80000)
 Metaspace       used 18626K, capacity 18954K, committed 19072K, reserved 1067008K
  class space    used 2236K, capacity 2350K, committed 2432K, reserved 1048576K
Event: 10.137 GC heap after
Heap after GC invocations=3 (full 0):
 PSYoungGen      total 38400K, used 5100K [0x00000000d5d80000, 0x00000000da880000, 0x0000000100000000)
  eden space 33280K, 0% used [0x00000000d5d80000,0x00000000d5d80000,0x00000000d7e00000)
  from space 5120K, 99% used [0x00000000d7e00000,0x00000000d82fb010,0x00000000d8300000)
  to   space 5120K, 0% used [0x00000000da380000,0x00000000da380000,0x00000000da880000)
 ParOldGen       total 87552K, used 3423K [0x0000000081800000, 0x0000000086d80000, 0x00000000d5d80000)
  object space 87552K, 3% used [0x0000000081800000,0x0000000081b57d80,0x0000000086d80000)
 Metaspace       used 18626K, capacity 18954K, committed 19072K, reserved 1067008K
  class space    used 2236K, capacity 2350K, committed 2432K, reserved 1048576K
}
Event: 10.277 GC heap before
{Heap before GC invocations=4 (full 0):
 PSYoungGen      total 38400K, used 36648K [0x00000000d5d80000, 0x00000000da880000, 0x0000000100000000)
  eden space 33280K, 94% used [0x00000000d5d80000,0x00000000d7c4f0a8,0x00000000d7e00000)
  from space 5120K, 99% used [0x00000000d7e00000,0x00000000d82fb010,0x00000000d8300000)
  to   space 5120K, 0% used [0x00000000da380000,0x00000000da380000,0x00000000da880000)
 ParOldGen       total 87552K, used 3423K [0x0000000081800000, 0x0000000086d80000, 0x00000000d5d80000)
  object space 87552K, 3% used [0x0000000081800000,0x0000000081b57d80,0x0000000086d80000)
 Metaspace       used 18653K, capacity 18954K, committed 19072K, reserved 1067008K
  class space    used 2236K, capacity 2350K, committed 2432K, reserved 1048576K
Event: 10.287 GC heap after
Heap after GC invocations=4 (full 0):
 PSYoungGen      total 71680K, used 5100K [0x00000000d5d80000, 0x00000000da880000, 0x0000000100000000)
  eden space 66560K, 0% used [0x00000000d5d80000,0x00000000d5d80000,0x00000000d9e80000)
  from space 5120K, 99% used [0x00000000da380000,0x00000000da87b010,0x00000000da880000)
  to   space 5120K, 0% used [0x00000000d9e80000,0x00000000d9e80000,0x00000000da380000)
 ParOldGen       total 87552K, used 3439K [0x0000000081800000, 0x0000000086d80000, 0x00000000d5d80000)
  object space 87552K, 3% used [0x0000000081800000,0x0000000081b5bd80,0x0000000086d80000)
 Metaspace       used 18653K, capacity 18954K, committed 19072K, reserved 1067008K
  class space    used 2236K, capacity 2350K, committed 2432K, reserved 1048576K
}
Event: 10.653 GC heap before
{Heap before GC invocations=5 (full 0):
 PSYoungGen      total 71680K, used 69413K [0x00000000d5d80000, 0x00000000da880000, 0x0000000100000000)
  eden space 66560K, 96% used [0x00000000d5d80000,0x00000000d9c4e648,0x00000000d9e80000)
  from space 5120K, 99% used [0x00000000da380000,0x00000000da87b010,0x00000000da880000)
  to   space 5120K, 0% used [0x00000000d9e80000,0x00000000d9e80000,0x00000000da380000)
 ParOldGen       total 87552K, used 3439K [0x0000000081800000, 0x0000000086d80000, 0x00000000d5d80000)
  object space 87552K, 3% used [0x0000000081800000,0x0000000081b5bd80,0x0000000086d80000)
 Metaspace       used 18751K, capacity 19086K, committed 19328K, reserved 1067008K
  class space    used 2242K, capacity 2350K, committed 2432K, reserved 1048576K
Event: 10.665 GC heap after
Heap after GC invocations=5 (full 0):
 PSYoungGen      total 71680K, used 5100K [0x00000000d5d80000, 0x00000000df480000, 0x0000000100000000)
  eden space 66560K, 0% used [0x00000000d5d80000,0x00000000d5d80000,0x00000000d9e80000)
  from space 5120K, 99% used [0x00000000d9e80000,0x00000000da37b010,0x00000000da380000)
  to   space 10752K, 0% used [0x00000000dea00000,0x00000000dea00000,0x00000000df480000)
 ParOldGen       total 87552K, used 8855K [0x0000000081800000, 0x0000000086d80000, 0x00000000d5d80000)
  object space 87552K, 10% used [0x0000000081800000,0x00000000820a5da0,0x0000000086d80000)
 Metaspace       used 18751K, capacity 19086K, committed 19328K, reserved 1067008K
  class space    used 2242K, capacity 2350K, committed 2432K, reserved 1048576K
}
Event: 11.824 GC heap before
{Heap before GC invocations=6 (full 0):
 PSYoungGen      total 71680K, used 71282K [0x00000000d5d80000, 0x00000000df480000, 0x0000000100000000)
  eden space 66560K, 99% used [0x00000000d5d80000,0x00000000d9e21ad8,0x00000000d9e80000)
  from space 5120K, 99% used [0x00000000d9e80000,0x00000000da37b010,0x00000000da380000)
  to   space 10752K, 0% used [0x00000000dea00000,0x00000000dea00000,0x00000000df480000)
 ParOldGen       total 87552K, used 8855K [0x0000000081800000, 0x0000000086d80000, 0x00000000d5d80000)
  object space 87552K, 10% used [0x0000000081800000,0x00000000820a5da0,0x0000000086d80000)
 Metaspace       used 18915K, capacity 19214K, committed 19328K, reserved 1067008K
  class space    used 2244K, capacity 2350K, committed 2432K, reserved 1048576K
Event: 11.838 GC heap after
Heap after GC invocations=6 (full 0):
 PSYoungGen      total 142848K, used 9185K [0x00000000d5d80000, 0x00000000df680000, 0x0000000100000000)
  eden space 132096K, 0% used [0x00000000d5d80000,0x00000000d5d80000,0x00000000dde80000)
  from space 10752K, 85% used [0x00000000dea00000,0x00000000df2f8658,0x00000000df480000)
  to   space 11776K, 0% used [0x00000000dde80000,0x00000000dde80000,0x00000000dea00000)
 ParOldGen       total 87552K, used 8855K [0x0000000081800000, 0x0000000086d80000, 0x00000000d5d80000)
  object space 87552K, 10% used [0x0000000081800000,0x00000000820a5da0,0x0000000086d80000)
 Metaspace       used 18915K, capacity 19214K, committed 19328K, reserved 1067008K
  class space    used 2244K, capacity 2350K, committed 2432K, reserved 1048576K
}

