# JRE version: Java(TM) SE Runtime Environment (8.0_161-b12) (build 1.8.0_161-b12)
# Java VM: Java HotSpot(TM) 64-Bit Server VM (25.161-b12 mixed mode windows-amd64 compressed oops)
Heap:
 PSYoungGen      total 84992K, used 23151K [0x00000000d5d80000, 0x00000000df280000, 0x0000000100000000)
  eden space 79360K, 22% used [0x00000000d5d80000,0x00000000d6eb5d08,0x00000000dab00000)
  from space 5632K, 98% used [0x00000000de500000,0x00000000dea66020,0x00000000dea80000)
  to   space 8192K, 0% used [0x00000000dea80000,0x00000000dea80000,0x00000000df280000)
 ParOldGen       total 73216K, used 26610K [0x0000000081800000, 0x0000000085f80000, 0x00000000d5d80000)
  object space 73216K, 36% used [0x0000000081800000,0x00000000831fc9d0,0x0000000085f80000)
 Metaspace       used 19629K, capacity 19862K, committed 20096K, reserved 1067008K
  class space    used 2242K, capacity 2350K, committed 2432K, reserved 1048576K
GC Heap History (10 events):
Event: 66.289 GC heap before
{Heap before GC invocations=20 (full 5):
 PSYoungGen      total 94208K, used 93270K [0x00000000d5d80000, 0x00000000dff00000, 0x0000000100000000)
  eden space 88576K, 99% used [0x00000000d5d80000,0x00000000db337a88,0x00000000db400000)
  from space 5632K, 97% used [0x00000000df180000,0x00000000df6de020,0x00000000df700000)
  to   space 8192K, 0% used [0x00000000df700000,0x00000000df700000,0x00000000dff00000)
 ParOldGen       total 199680K, used 196723K [0x0000000081800000, 0x000000008db00000, 0x00000000d5d80000)
  object space 199680K, 98% used [0x0000000081800000,0x000000008d81cf90,0x000000008db00000)
 Metaspace       used 19544K, capacity 19798K, committed 20096K, reserved 1067008K
  class space    used 2235K, capacity 2350K, committed 2432K, reserved 1048576K
Event: 66.331 GC heap after
Heap after GC invocations=20 (full 5):
 PSYoungGen      total 94208K, used 0K [0x00000000d5d80000, 0x00000000dff00000, 0x0000000100000000)
  eden space 88576K, 0% used [0x00000000d5d80000,0x00000000d5d80000,0x00000000db400000)
  from space 5632K, 0% used [0x00000000df180000,0x00000000df180000,0x00000000df700000)
  to   space 8192K, 0% used [0x00000000df700000,0x00000000df700000,0x00000000dff00000)
 ParOldGen       total 73216K, used 10410K [0x0000000081800000, 0x0000000085f80000, 0x00000000d5d80000)
  object space 73216K, 14% used [0x0000000081800000,0x000000008222a970,0x0000000085f80000)
 Metaspace       used 19544K, capacity 19798K, committed 20096K, reserved 1067008K
  class space    used 2235K, capacity 2350K, committed 2432K, reserved 1048576K
}
Event: 68.364 GC heap before
{Heap before GC invocations=21 (full 5):
 PSYoungGen      total 94208K, used 85980K [0x00000000d5d80000, 0x00000000dff00000, 0x0000000100000000)
  eden space 88576K, 97% used [0x00000000d5d80000,0x00000000db1771d8,0x00000000db400000)
  from space 5632K, 0% used [0x00000000df180000,0x00000000df180000,0x00000000df700000)
  to   space 8192K, 0% used [0x00000000df700000,0x00000000df700000,0x00000000dff00000)
 ParOldGen       total 73216K, used 10410K [0x0000000081800000, 0x0000000085f80000, 0x00000000d5d80000)
  object space 73216K, 14% used [0x0000000081800000,0x000000008222a970,0x0000000085f80000)
 Metaspace       used 19544K, capacity 19798K, committed 20096K, reserved 1067008K
  class space    used 2235K, capacity 2350K, committed 2432K, reserved 1048576K
Event: 68.368 GC heap after
Heap after GC invocations=21 (full 5):
 PSYoungGen      total 91648K, used 5528K [0x00000000d5d80000, 0x00000000dfc80000, 0x0000000100000000)
  eden space 86016K, 0% used [0x00000000d5d80000,0x00000000d5d80000,0x00000000db180000)
  from space 5632K, 98% used [0x00000000df700000,0x00000000dfc66020,0x00000000dfc80000)
  to   space 8192K, 0% used [0x00000000dec80000,0x00000000dec80000,0x00000000df480000)
 ParOldGen       total 73216K, used 18510K [0x0000000081800000, 0x0000000085f80000, 0x00000000d5d80000)
  object space 73216K, 25% used [0x0000000081800000,0x0000000082a139a0,0x0000000085f80000)
 Metaspace       used 19544K, capacity 19798K, committed 20096K, reserved 1067008K
  class space    used 2235K, capacity 2350K, committed 2432K, reserved 1048576K
}
Event: 70.438 GC heap before
{Heap before GC invocations=22 (full 5):
 PSYoungGen      total 91648K, used 91511K [0x00000000d5d80000, 0x00000000dfc80000, 0x0000000100000000)
  eden space 86016K, 99% used [0x00000000d5d80000,0x00000000db177df8,0x00000000db180000)
  from space 5632K, 98% used [0x00000000df700000,0x00000000dfc66020,0x00000000dfc80000)
  to   space 8192K, 0% used [0x00000000dec80000,0x00000000dec80000,0x00000000df480000)
 ParOldGen       total 73216K, used 18510K [0x0000000081800000, 0x0000000085f80000, 0x00000000d5d80000)
  object space 73216K, 25% used [0x0000000081800000,0x0000000082a139a0,0x0000000085f80000)
 Metaspace       used 19544K, capacity 19798K, committed 20096K, reserved 1067008K
  class space    used 2235K, capacity 2350K, committed 2432K, reserved 1048576K
Event: 70.444 GC heap after
Heap after GC invocations=22 (full 5):
 PSYoungGen      total 89088K, used 5528K [0x00000000d5d80000, 0x00000000df780000, 0x0000000100000000)
  eden space 83456K, 0% used [0x00000000d5d80000,0x00000000d5d80000,0x00000000daf00000)
  from space 5632K, 98% used [0x00000000dec80000,0x00000000df1e6020,0x00000000df200000)
  to   space 5632K, 0% used [0x00000000df200000,0x00000000df200000,0x00000000df780000)
 ParOldGen       total 73216K, used 23910K [0x0000000081800000, 0x0000000085f80000, 0x00000000d5d80000)
  object space 73216K, 32% used [0x0000000081800000,0x0000000082f599c0,0x0000000085f80000)
 Metaspace       used 19544K, capacity 19798K, committed 20096K, reserved 1067008K
  class space    used 2235K, capacity 2350K, committed 2432K, reserved 1048576K
}
Event: 72.469 GC heap before
{Heap before GC invocations=23 (full 5):
 PSYoungGen      total 89088K, used 88697K [0x00000000d5d80000, 0x00000000df780000, 0x0000000100000000)
  eden space 83456K, 99% used [0x00000000d5d80000,0x00000000daeb87c0,0x00000000daf00000)
  from space 5632K, 98% used [0x00000000dec80000,0x00000000df1e6020,0x00000000df200000)
  to   space 5632K, 0% used [0x00000000df200000,0x00000000df200000,0x00000000df780000)
 ParOldGen       total 73216K, used 23910K [0x0000000081800000, 0x0000000085f80000, 0x00000000d5d80000)
  object space 73216K, 32% used [0x0000000081800000,0x0000000082f599c0,0x0000000085f80000)
 Metaspace       used 19544K, capacity 19798K, committed 20096K, reserved 1067008K
  class space    used 2235K, capacity 2350K, committed 2432K, reserved 1048576K
Event: 72.482 GC heap after
Heap after GC invocations=23 (full 5):
 PSYoungGen      total 84480K, used 2764K [0x00000000d5d80000, 0x00000000df500000, 0x0000000100000000)
  eden space 81408K, 0% used [0x00000000d5d80000,0x00000000d5d80000,0x00000000dad00000)
  from space 3072K, 89% used [0x00000000df200000,0x00000000df4b3010,0x00000000df500000)
  to   space 8192K, 0% used [0x00000000de500000,0x00000000de500000,0x00000000ded00000)
 ParOldGen       total 73216K, used 23910K [0x0000000081800000, 0x0000000085f80000, 0x00000000d5d80000)
  object space 73216K, 32% used [0x0000000081800000,0x0000000082f599c0,0x0000000085f80000)
 Metaspace       used 19544K, capacity 19798K, committed 20096K, reserved 1067008K
  class space    used 2235K, capacity 2350K, committed 2432K, reserved 1048576K
}
Event: 74.397 GC heap before
{Heap before GC invocations=24 (full 5):
 PSYoungGen      total 84480K, used 83699K [0x00000000d5d80000, 0x00000000df500000, 0x0000000100000000)
  eden space 81408K, 99% used [0x00000000d5d80000,0x00000000dac89d88,0x00000000dad00000)
  from space 3072K, 89% used [0x00000000df200000,0x00000000df4b3010,0x00000000df500000)
  to   space 8192K, 0% used [0x00000000de500000,0x00000000de500000,0x00000000ded00000)
 ParOldGen       total 73216K, used 23910K [0x0000000081800000, 0x0000000085f80000, 0x00000000d5d80000)
  object space 73216K, 32% used [0x0000000081800000,0x0000000082f599c0,0x0000000085f80000)
 Metaspace       used 19550K, capacity 19798K, committed 20096K, reserved 1067008K
  class space    used 2235K, capacity 2350K, committed 2432K, reserved 1048576K
Event: 74.402 GC heap after
Heap after GC invocations=24 (full 5):
 PSYoungGen      total 84992K, used 5528K [0x00000000d5d80000, 0x00000000df280000, 0x0000000100000000)
  eden space 79360K, 0% used [0x00000000d5d80000,0x00000000d5d80000,0x00000000dab00000)
  from space 5632K, 98% used [0x00000000de500000,0x00000000dea66020,0x00000000dea80000)
  to   space 8192K, 0% used [0x00000000dea80000,0x00000000dea80000,0x00000000df280000)
 ParOldGen       total 73216K, used 26610K [0x0000000081800000, 0x0000000085f80000, 0x00000000d5d80000)
  object space 73216K, 36% used [0x0000000081800000,0x00000000831fc9d0,0x0000000085f80000)
 Metaspace       used 19550K, capacity 19798K, committed 20096K, reserved 1067008K
  class space    used 2235K, capacity 2350K, committed 2432K, reserved 1048576K
}

