# JRE version: Java(TM) SE Runtime Environment (8.0_161-b12) (build 1.8.0_161-b12)
# Java VM: Java HotSpot(TM) 64-Bit Server VM (25.161-b12 mixed mode windows-amd64 compressed oops)
Heap:
 PSYoungGen      total 95232K, used 14061K [0x00000000d5d80000, 0x00000000dc700000, 0x0000000100000000)
  eden space 85504K, 6% used [0x00000000d5d80000,0x00000000d63125b0,0x00000000db100000)
  from space 9728K, 85% used [0x00000000dbd80000,0x00000000dc5a9030,0x00000000dc700000)
  to   space 11264K, 0% used [0x00000000db100000,0x00000000db100000,0x00000000dbc00000)
 ParOldGen       total 57344K, used 40312K [0x0000000081800000, 0x0000000085000000, 0x00000000d5d80000)
  object space 57344K, 70% used [0x0000000081800000,0x0000000083f5e358,0x0000000085000000)
 Metaspace       used 19711K, capacity 20042K, committed 20352K, reserved 1067008K
  class space    used 2238K, capacity 2350K, committed 2432K, reserved 1048576K
GC Heap History (10 events):
Event: 200.879 GC heap before
{Heap before GC invocations=66 (full 4):
 PSYoungGen      total 95232K, used 88705K [0x00000000d5d80000, 0x00000000dd080000, 0x0000000100000000)
  eden space 84480K, 98% used [0x00000000d5d80000,0x00000000daec23e0,0x00000000db000000)
  from space 10752K, 51% used [0x00000000db000000,0x00000000db55e020,0x00000000dba80000)
  to   space 10240K, 0% used [0x00000000dc680000,0x00000000dc680000,0x00000000dd080000)
 ParOldGen       total 57344K, used 29453K [0x0000000081800000, 0x0000000085000000, 0x00000000d5d80000)
  object space 57344K, 51% used [0x0000000081800000,0x00000000834c36a0,0x0000000085000000)
 Metaspace       used 19629K, capacity 19978K, committed 20096K, reserved 1067008K
  class space    used 2231K, capacity 2350K, committed 2432K, reserved 1048576K
Event: 200.896 GC heap after
Heap after GC invocations=66 (full 4):
 PSYoungGen      total 107520K, used 2764K [0x00000000d5d80000, 0x00000000dd080000, 0x0000000100000000)
  eden space 97280K, 0% used [0x00000000d5d80000,0x00000000d5d80000,0x00000000dbc80000)
  from space 10240K, 26% used [0x00000000dc680000,0x00000000dc933010,0x00000000dd080000)
  to   space 10240K, 0% used [0x00000000dbc80000,0x00000000dbc80000,0x00000000dc680000)
 ParOldGen       total 57344K, used 29461K [0x0000000081800000, 0x0000000085000000, 0x00000000d5d80000)
  object space 57344K, 51% used [0x0000000081800000,0x00000000834c56a0,0x0000000085000000)
 Metaspace       used 19629K, capacity 19978K, committed 20096K, reserved 1067008K
  class space    used 2231K, capacity 2350K, committed 2432K, reserved 1048576K
}
Event: 203.636 GC heap before
{Heap before GC invocations=67 (full 4):
 PSYoungGen      total 107520K, used 99845K [0x00000000d5d80000, 0x00000000dd080000, 0x0000000100000000)
  eden space 97280K, 99% used [0x00000000d5d80000,0x00000000dbc4e6c0,0x00000000dbc80000)
  from space 10240K, 26% used [0x00000000dc680000,0x00000000dc933010,0x00000000dd080000)
  to   space 10240K, 0% used [0x00000000dbc80000,0x00000000dbc80000,0x00000000dc680000)
 ParOldGen       total 57344K, used 32161K [0x0000000081800000, 0x0000000085000000, 0x00000000d5d80000)
  object space 57344K, 56% used [0x0000000081800000,0x00000000837686b0,0x0000000085000000)
 Metaspace       used 19629K, capacity 19978K, committed 20096K, reserved 1067008K
  class space    used 2231K, capacity 2350K, committed 2432K, reserved 1048576K
Event: 203.648 GC heap after
Heap after GC invocations=67 (full 4):
 PSYoungGen      total 97280K, used 2764K [0x00000000d5d80000, 0x00000000dcd80000, 0x0000000100000000)
  eden space 94208K, 0% used [0x00000000d5d80000,0x00000000d5d80000,0x00000000db980000)
  from space 3072K, 89% used [0x00000000dbc80000,0x00000000dbf33010,0x00000000dbf80000)
  to   space 10240K, 0% used [0x00000000dc380000,0x00000000dc380000,0x00000000dcd80000)
 ParOldGen       total 57344K, used 32169K [0x0000000081800000, 0x0000000085000000, 0x00000000d5d80000)
  object space 57344K, 56% used [0x0000000081800000,0x000000008376a6b0,0x0000000085000000)
 Metaspace       used 19629K, capacity 19978K, committed 20096K, reserved 1067008K
  class space    used 2231K, capacity 2350K, committed 2432K, reserved 1048576K
}
Event: 205.708 GC heap before
{Heap before GC invocations=68 (full 4):
 PSYoungGen      total 97280K, used 96972K [0x00000000d5d80000, 0x00000000dcd80000, 0x0000000100000000)
  eden space 94208K, 100% used [0x00000000d5d80000,0x00000000db980000,0x00000000db980000)
  from space 3072K, 89% used [0x00000000dbc80000,0x00000000dbf33010,0x00000000dbf80000)
  to   space 10240K, 0% used [0x00000000dc380000,0x00000000dc380000,0x00000000dcd80000)
 ParOldGen       total 57344K, used 37572K [0x0000000081800000, 0x0000000085000000, 0x00000000d5d80000)
  object space 57344K, 65% used [0x0000000081800000,0x0000000083cb1348,0x0000000085000000)
 Metaspace       used 19629K, capacity 19978K, committed 20096K, reserved 1067008K
  class space    used 2231K, capacity 2350K, committed 2432K, reserved 1048576K
Event: 205.711 GC heap after
Heap after GC invocations=68 (full 4):
 PSYoungGen      total 98304K, used 96K [0x00000000d5d80000, 0x00000000dca80000, 0x0000000100000000)
  eden space 91136K, 0% used [0x00000000d5d80000,0x00000000d5d80000,0x00000000db680000)
  from space 7168K, 1% used [0x00000000dc380000,0x00000000dc398000,0x00000000dca80000)
  to   space 10240K, 0% used [0x00000000db680000,0x00000000db680000,0x00000000dc080000)
 ParOldGen       total 57344K, used 37588K [0x0000000081800000, 0x0000000085000000, 0x00000000d5d80000)
  object space 57344K, 65% used [0x0000000081800000,0x0000000083cb5348,0x0000000085000000)
 Metaspace       used 19629K, capacity 19978K, committed 20096K, reserved 1067008K
  class space    used 2231K, capacity 2350K, committed 2432K, reserved 1048576K
}
Event: 207.917 GC heap before
{Heap before GC invocations=69 (full 4):
 PSYoungGen      total 98304K, used 88879K [0x00000000d5d80000, 0x00000000dca80000, 0x0000000100000000)
  eden space 91136K, 97% used [0x00000000d5d80000,0x00000000db433d70,0x00000000db680000)
  from space 7168K, 1% used [0x00000000dc380000,0x00000000dc398000,0x00000000dca80000)
  to   space 10240K, 0% used [0x00000000db680000,0x00000000db680000,0x00000000dc080000)
 ParOldGen       total 57344K, used 37588K [0x0000000081800000, 0x0000000085000000, 0x00000000d5d80000)
  object space 57344K, 65% used [0x0000000081800000,0x0000000083cb5348,0x0000000085000000)
 Metaspace       used 19629K, capacity 19978K, committed 20096K, reserved 1067008K
  class space    used 2231K, capacity 2350K, committed 2432K, reserved 1048576K
Event: 207.925 GC heap after
Heap after GC invocations=69 (full 4):
 PSYoungGen      total 93696K, used 5496K [0x00000000d5d80000, 0x00000000dc780000, 0x0000000100000000)
  eden space 88064K, 0% used [0x00000000d5d80000,0x00000000d5d80000,0x00000000db380000)
  from space 5632K, 97% used [0x00000000db680000,0x00000000dbbde020,0x00000000dbc00000)
  to   space 10240K, 0% used [0x00000000dbd80000,0x00000000dbd80000,0x00000000dc780000)
 ParOldGen       total 57344K, used 37604K [0x0000000081800000, 0x0000000085000000, 0x00000000d5d80000)
  object space 57344K, 65% used [0x0000000081800000,0x0000000083cb9348,0x0000000085000000)
 Metaspace       used 19629K, capacity 19978K, committed 20096K, reserved 1067008K
  class space    used 2231K, capacity 2350K, committed 2432K, reserved 1048576K
}
Event: 210.117 GC heap before
{Heap before GC invocations=70 (full 4):
 PSYoungGen      total 93696K, used 91992K [0x00000000d5d80000, 0x00000000dc780000, 0x0000000100000000)
  eden space 88064K, 98% used [0x00000000d5d80000,0x00000000db1f7ff8,0x00000000db380000)
  from space 5632K, 97% used [0x00000000db680000,0x00000000dbbde020,0x00000000dbc00000)
  to   space 10240K, 0% used [0x00000000dbd80000,0x00000000dbd80000,0x00000000dc780000)
 ParOldGen       total 57344K, used 40304K [0x0000000081800000, 0x0000000085000000, 0x00000000d5d80000)
  object space 57344K, 70% used [0x0000000081800000,0x0000000083f5c358,0x0000000085000000)
 Metaspace       used 19671K, capacity 19978K, committed 20096K, reserved 1067008K
  class space    used 2235K, capacity 2350K, committed 2432K, reserved 1048576K
Event: 210.122 GC heap after
Heap after GC invocations=70 (full 4):
 PSYoungGen      total 95232K, used 8356K [0x00000000d5d80000, 0x00000000dc700000, 0x0000000100000000)
  eden space 85504K, 0% used [0x00000000d5d80000,0x00000000d5d80000,0x00000000db100000)
  from space 9728K, 85% used [0x00000000dbd80000,0x00000000dc5a9030,0x00000000dc700000)
  to   space 11264K, 0% used [0x00000000db100000,0x00000000db100000,0x00000000dbc00000)
 ParOldGen       total 57344K, used 40312K [0x0000000081800000, 0x0000000085000000, 0x00000000d5d80000)
  object space 57344K, 70% used [0x0000000081800000,0x0000000083f5e358,0x0000000085000000)
 Metaspace       used 19671K, capacity 19978K, committed 20096K, reserved 1067008K
  class space    used 2235K, capacity 2350K, committed 2432K, reserved 1048576K
}

