# JRE version: Java(TM) SE Runtime Environment (8.0_161-b12) (build 1.8.0_161-b12)
# Java VM: Java HotSpot(TM) 64-Bit Server VM (25.161-b12 mixed mode windows-amd64 compressed oops)
Heap:
 PSYoungGen      total 27648K, used 5447K [0x00000000d5d80000, 0x00000000d7d80000, 0x0000000100000000)
  eden space 23552K, 7% used [0x00000000d5d80000,0x00000000d5f1dc40,0x00000000d7480000)
  from space 4096K, 92% used [0x00000000d7480000,0x00000000d7834040,0x00000000d7880000)
  to   space 4608K, 0% used [0x00000000d7900000,0x00000000d7900000,0x00000000d7d80000)
 ParOldGen       total 43008K, used 10212K [0x0000000081800000, 0x0000000084200000, 0x00000000d5d80000)
  object space 43008K, 23% used [0x0000000081800000,0x00000000821f9058,0x0000000084200000)
 Metaspace       used 19938K, capacity 20246K, committed 20608K, reserved 1067008K
  class space    used 2248K, capacity 2350K, committed 2432K, reserved 1048576K
GC Heap History (10 events):
Event: 405.604 GC heap before
{Heap before GC invocations=231 (full 1):
 PSYoungGen      total 27648K, used 24338K [0x00000000d5d80000, 0x00000000d7c80000, 0x0000000100000000)
  eden space 23552K, 98% used [0x00000000d5d80000,0x00000000d7443be8,0x00000000d7480000)
  from space 4096K, 25% used [0x00000000d7480000,0x00000000d7581010,0x00000000d7880000)
  to   space 4096K, 0% used [0x00000000d7880000,0x00000000d7880000,0x00000000d7c80000)
 ParOldGen       total 57856K, used 57641K [0x0000000081800000, 0x0000000085080000, 0x00000000d5d80000)
  object space 57856K, 99% used [0x0000000081800000,0x000000008504a4e0,0x0000000085080000)
 Metaspace       used 19748K, capacity 20054K, committed 20352K, reserved 1067008K
  class space    used 2242K, capacity 2350K, committed 2432K, reserved 1048576K
Event: 405.619 GC heap after
Heap after GC invocations=231 (full 1):
 PSYoungGen      total 27648K, used 1928K [0x00000000d5d80000, 0x00000000d7c80000, 0x0000000100000000)
  eden space 23552K, 0% used [0x00000000d5d80000,0x00000000d5d80000,0x00000000d7480000)
  from space 4096K, 47% used [0x00000000d7880000,0x00000000d7a62020,0x00000000d7c80000)
  to   space 4096K, 0% used [0x00000000d7480000,0x00000000d7480000,0x00000000d7880000)
 ParOldGen       total 57856K, used 57657K [0x0000000081800000, 0x0000000085080000, 0x00000000d5d80000)
  object space 57856K, 99% used [0x0000000081800000,0x000000008504e4e0,0x0000000085080000)
 Metaspace       used 19748K, capacity 20054K, committed 20352K, reserved 1067008K
  class space    used 2242K, capacity 2350K, committed 2432K, reserved 1048576K
}
Event: 407.259 GC heap before
{Heap before GC invocations=232 (full 1):
 PSYoungGen      total 27648K, used 25262K [0x00000000d5d80000, 0x00000000d7c80000, 0x0000000100000000)
  eden space 23552K, 99% used [0x00000000d5d80000,0x00000000d7449b20,0x00000000d7480000)
  from space 4096K, 47% used [0x00000000d7880000,0x00000000d7a62020,0x00000000d7c80000)
  to   space 4096K, 0% used [0x00000000d7480000,0x00000000d7480000,0x00000000d7880000)
 ParOldGen       total 57856K, used 57657K [0x0000000081800000, 0x0000000085080000, 0x00000000d5d80000)
  object space 57856K, 99% used [0x0000000081800000,0x000000008504e4e0,0x0000000085080000)
 Metaspace       used 19748K, capacity 20054K, committed 20352K, reserved 1067008K
  class space    used 2242K, capacity 2350K, committed 2432K, reserved 1048576K
Event: 407.262 GC heap after
Heap after GC invocations=232 (full 1):
 PSYoungGen      total 27648K, used 2860K [0x00000000d5d80000, 0x00000000d7c80000, 0x0000000100000000)
  eden space 23552K, 0% used [0x00000000d5d80000,0x00000000d5d80000,0x00000000d7480000)
  from space 4096K, 69% used [0x00000000d7480000,0x00000000d774b030,0x00000000d7880000)
  to   space 4096K, 0% used [0x00000000d7880000,0x00000000d7880000,0x00000000d7c80000)
 ParOldGen       total 57856K, used 57681K [0x0000000081800000, 0x0000000085080000, 0x00000000d5d80000)
  object space 57856K, 99% used [0x0000000081800000,0x00000000850544e0,0x0000000085080000)
 Metaspace       used 19748K, capacity 20054K, committed 20352K, reserved 1067008K
  class space    used 2242K, capacity 2350K, committed 2432K, reserved 1048576K
}
Event: 408.840 GC heap before
{Heap before GC invocations=233 (full 1):
 PSYoungGen      total 27648K, used 25691K [0x00000000d5d80000, 0x00000000d7c80000, 0x0000000100000000)
  eden space 23552K, 96% used [0x00000000d5d80000,0x00000000d73cbd00,0x00000000d7480000)
  from space 4096K, 69% used [0x00000000d7480000,0x00000000d774b030,0x00000000d7880000)
  to   space 4096K, 0% used [0x00000000d7880000,0x00000000d7880000,0x00000000d7c80000)
 ParOldGen       total 57856K, used 57681K [0x0000000081800000, 0x0000000085080000, 0x00000000d5d80000)
  object space 57856K, 99% used [0x0000000081800000,0x00000000850544e0,0x0000000085080000)
 Metaspace       used 19818K, capacity 20118K, committed 20352K, reserved 1067008K
  class space    used 2242K, capacity 2350K, committed 2432K, reserved 1048576K
Event: 408.856 GC heap after
Heap after GC invocations=233 (full 1):
 PSYoungGen      total 27648K, used 1928K [0x00000000d5d80000, 0x00000000d7c80000, 0x0000000100000000)
  eden space 23552K, 0% used [0x00000000d5d80000,0x00000000d5d80000,0x00000000d7480000)
  from space 4096K, 47% used [0x00000000d7880000,0x00000000d7a62020,0x00000000d7c80000)
  to   space 4096K, 0% used [0x00000000d7480000,0x00000000d7480000,0x00000000d7880000)
 ParOldGen       total 57856K, used 57697K [0x0000000081800000, 0x0000000085080000, 0x00000000d5d80000)
  object space 57856K, 99% used [0x0000000081800000,0x00000000850584e0,0x0000000085080000)
 Metaspace       used 19818K, capacity 20118K, committed 20352K, reserved 1067008K
  class space    used 2242K, capacity 2350K, committed 2432K, reserved 1048576K
}
Event: 408.856 GC heap before
{Heap before GC invocations=234 (full 2):
 PSYoungGen      total 27648K, used 1928K [0x00000000d5d80000, 0x00000000d7c80000, 0x0000000100000000)
  eden space 23552K, 0% used [0x00000000d5d80000,0x00000000d5d80000,0x00000000d7480000)
  from space 4096K, 47% used [0x00000000d7880000,0x00000000d7a62020,0x00000000d7c80000)
  to   space 4096K, 0% used [0x00000000d7480000,0x00000000d7480000,0x00000000d7880000)
 ParOldGen       total 57856K, used 57697K [0x0000000081800000, 0x0000000085080000, 0x00000000d5d80000)
  object space 57856K, 99% used [0x0000000081800000,0x00000000850584e0,0x0000000085080000)
 Metaspace       used 19818K, capacity 20118K, committed 20352K, reserved 1067008K
  class space    used 2242K, capacity 2350K, committed 2432K, reserved 1048576K
Event: 408.932 GC heap after
Heap after GC invocations=234 (full 2):
 PSYoungGen      total 27648K, used 0K [0x00000000d5d80000, 0x00000000d7c80000, 0x0000000100000000)
  eden space 23552K, 0% used [0x00000000d5d80000,0x00000000d5d80000,0x00000000d7480000)
  from space 4096K, 0% used [0x00000000d7880000,0x00000000d7880000,0x00000000d7c80000)
  to   space 4096K, 0% used [0x00000000d7480000,0x00000000d7480000,0x00000000d7880000)
 ParOldGen       total 43008K, used 10204K [0x0000000081800000, 0x0000000084200000, 0x00000000d5d80000)
  object space 43008K, 23% used [0x0000000081800000,0x00000000821f7058,0x0000000084200000)
 Metaspace       used 19818K, capacity 20118K, committed 20352K, reserved 1067008K
  class space    used 2242K, capacity 2350K, committed 2432K, reserved 1048576K
}
Event: 410.460 GC heap before
{Heap before GC invocations=235 (full 2):
 PSYoungGen      total 27648K, used 23303K [0x00000000d5d80000, 0x00000000d7c80000, 0x0000000100000000)
  eden space 23552K, 98% used [0x00000000d5d80000,0x00000000d7441f78,0x00000000d7480000)
  from space 4096K, 0% used [0x00000000d7880000,0x00000000d7880000,0x00000000d7c80000)
  to   space 4096K, 0% used [0x00000000d7480000,0x00000000d7480000,0x00000000d7880000)
 ParOldGen       total 43008K, used 10204K [0x0000000081800000, 0x0000000084200000, 0x00000000d5d80000)
  object space 43008K, 23% used [0x0000000081800000,0x00000000821f7058,0x0000000084200000)
 Metaspace       used 19906K, capacity 20246K, committed 20608K, reserved 1067008K
  class space    used 2246K, capacity 2350K, committed 2432K, reserved 1048576K
Event: 410.468 GC heap after
Heap after GC invocations=235 (full 2):
 PSYoungGen      total 27648K, used 3792K [0x00000000d5d80000, 0x00000000d7d80000, 0x0000000100000000)
  eden space 23552K, 0% used [0x00000000d5d80000,0x00000000d5d80000,0x00000000d7480000)
  from space 4096K, 92% used [0x00000000d7480000,0x00000000d7834040,0x00000000d7880000)
  to   space 4608K, 0% used [0x00000000d7900000,0x00000000d7900000,0x00000000d7d80000)
 ParOldGen       total 43008K, used 10212K [0x0000000081800000, 0x0000000084200000, 0x00000000d5d80000)
  object space 43008K, 23% used [0x0000000081800000,0x00000000821f9058,0x0000000084200000)
 Metaspace       used 19906K, capacity 20246K, committed 20608K, reserved 1067008K
  class space    used 2246K, capacity 2350K, committed 2432K, reserved 1048576K
}

