# JRE version: Java(TM) SE Runtime Environment (8.0_161-b12) (build 1.8.0_161-b12)
# Java VM: Java HotSpot(TM) 64-Bit Server VM (25.161-b12 mixed mode windows-amd64 compressed oops)
Heap:
 PSYoungGen      total 275968K, used 271041K [0x00000000d5d80000, 0x00000000e7b80000, 0x0000000100000000)
  eden space 262144K, 98% used [0x00000000d5d80000,0x00000000e5a62da0,0x00000000e5d80000)
  from space 13824K, 87% used [0x00000000e6c00000,0x00000000e77cd798,0x00000000e7980000)
  to   space 14848K, 0% used [0x00000000e5d80000,0x00000000e5d80000,0x00000000e6c00000)
 ParOldGen       total 87552K, used 37634K [0x0000000081800000, 0x0000000086d80000, 0x00000000d5d80000)
  object space 87552K, 42% used [0x0000000081800000,0x0000000083cc0b58,0x0000000086d80000)
 Metaspace       used 19447K, capacity 19718K, committed 19840K, reserved 1067008K
  class space    used 2249K, capacity 2350K, committed 2432K, reserved 1048576K
GC Heap History (10 events):
Event: 11.014 GC heap before
{Heap before GC invocations=4 (full 0):
 PSYoungGen      total 38400K, used 35816K [0x00000000d5d80000, 0x00000000da880000, 0x0000000100000000)
  eden space 33280K, 93% used [0x00000000d5d80000,0x00000000d7be1720,0x00000000d7e00000)
  from space 5120K, 91% used [0x00000000d7e00000,0x00000000d8298cd8,0x00000000d8300000)
  to   space 5120K, 0% used [0x00000000da380000,0x00000000da380000,0x00000000da880000)
 ParOldGen       total 87552K, used 14581K [0x0000000081800000, 0x0000000086d80000, 0x00000000d5d80000)
  object space 87552K, 16% used [0x0000000081800000,0x000000008263d600,0x0000000086d80000)
 Metaspace       used 18568K, capacity 18874K, committed 19072K, reserved 1067008K
  class space    used 2240K, capacity 2350K, committed 2432K, reserved 1048576K
Event: 11.024 GC heap after
Heap after GC invocations=4 (full 0):
 PSYoungGen      total 71680K, used 5100K [0x00000000d5d80000, 0x00000000da880000, 0x0000000100000000)
  eden space 66560K, 0% used [0x00000000d5d80000,0x00000000d5d80000,0x00000000d9e80000)
  from space 5120K, 99% used [0x00000000da380000,0x00000000da87b010,0x00000000da880000)
  to   space 5120K, 0% used [0x00000000d9e80000,0x00000000d9e80000,0x00000000da380000)
 ParOldGen       total 87552K, used 16859K [0x0000000081800000, 0x0000000086d80000, 0x00000000d5d80000)
  object space 87552K, 19% used [0x0000000081800000,0x0000000082876d28,0x0000000086d80000)
 Metaspace       used 18568K, capacity 18874K, committed 19072K, reserved 1067008K
  class space    used 2240K, capacity 2350K, committed 2432K, reserved 1048576K
}
Event: 11.344 GC heap before
{Heap before GC invocations=5 (full 0):
 PSYoungGen      total 71680K, used 70535K [0x00000000d5d80000, 0x00000000da880000, 0x0000000100000000)
  eden space 66560K, 98% used [0x00000000d5d80000,0x00000000d9d66ca0,0x00000000d9e80000)
  from space 5120K, 99% used [0x00000000da380000,0x00000000da87b010,0x00000000da880000)
  to   space 5120K, 0% used [0x00000000d9e80000,0x00000000d9e80000,0x00000000da380000)
 ParOldGen       total 87552K, used 16859K [0x0000000081800000, 0x0000000086d80000, 0x00000000d5d80000)
  object space 87552K, 19% used [0x0000000081800000,0x0000000082876d28,0x0000000086d80000)
 Metaspace       used 18634K, capacity 18942K, committed 19072K, reserved 1067008K
  class space    used 2240K, capacity 2350K, committed 2432K, reserved 1048576K
Event: 11.356 GC heap after
Heap after GC invocations=5 (full 0):
 PSYoungGen      total 71680K, used 5100K [0x00000000d5d80000, 0x00000000df480000, 0x0000000100000000)
  eden space 66560K, 0% used [0x00000000d5d80000,0x00000000d5d80000,0x00000000d9e80000)
  from space 5120K, 99% used [0x00000000d9e80000,0x00000000da37b010,0x00000000da380000)
  to   space 10752K, 0% used [0x00000000dea00000,0x00000000dea00000,0x00000000df480000)
 ParOldGen       total 87552K, used 22283K [0x0000000081800000, 0x0000000086d80000, 0x00000000d5d80000)
  object space 87552K, 25% used [0x0000000081800000,0x0000000082dc2d58,0x0000000086d80000)
 Metaspace       used 18634K, capacity 18942K, committed 19072K, reserved 1067008K
  class space    used 2240K, capacity 2350K, committed 2432K, reserved 1048576K
}
Event: 12.660 GC heap before
{Heap before GC invocations=6 (full 0):
 PSYoungGen      total 71680K, used 69622K [0x00000000d5d80000, 0x00000000df480000, 0x0000000100000000)
  eden space 66560K, 96% used [0x00000000d5d80000,0x00000000d9c82a40,0x00000000d9e80000)
  from space 5120K, 99% used [0x00000000d9e80000,0x00000000da37b010,0x00000000da380000)
  to   space 10752K, 0% used [0x00000000dea00000,0x00000000dea00000,0x00000000df480000)
 ParOldGen       total 87552K, used 22283K [0x0000000081800000, 0x0000000086d80000, 0x00000000d5d80000)
  object space 87552K, 25% used [0x0000000081800000,0x0000000082dc2d58,0x0000000086d80000)
 Metaspace       used 18733K, capacity 19006K, committed 19328K, reserved 1067008K
  class space    used 2241K, capacity 2350K, committed 2432K, reserved 1048576K
Event: 12.673 GC heap after
Heap after GC invocations=6 (full 0):
 PSYoungGen      total 142336K, used 10612K [0x00000000d5d80000, 0x00000000df780000, 0x0000000100000000)
  eden space 131584K, 0% used [0x00000000d5d80000,0x00000000d5d80000,0x00000000dde00000)
  from space 10752K, 98% used [0x00000000dea00000,0x00000000df45d040,0x00000000df480000)
  to   space 12288K, 0% used [0x00000000dde00000,0x00000000dde00000,0x00000000dea00000)
 ParOldGen       total 87552K, used 27683K [0x0000000081800000, 0x0000000086d80000, 0x00000000d5d80000)
  object space 87552K, 31% used [0x0000000081800000,0x0000000083308d78,0x0000000086d80000)
 Metaspace       used 18733K, capacity 19006K, committed 19328K, reserved 1067008K
  class space    used 2241K, capacity 2350K, committed 2432K, reserved 1048576K
}
Event: 15.787 GC heap before
{Heap before GC invocations=7 (full 0):
 PSYoungGen      total 142336K, used 140374K [0x00000000d5d80000, 0x00000000df780000, 0x0000000100000000)
  eden space 131584K, 98% used [0x00000000d5d80000,0x00000000ddc387e0,0x00000000dde00000)
  from space 10752K, 98% used [0x00000000dea00000,0x00000000df45d040,0x00000000df480000)
  to   space 12288K, 0% used [0x00000000dde00000,0x00000000dde00000,0x00000000dea00000)
 ParOldGen       total 87552K, used 27683K [0x0000000081800000, 0x0000000086d80000, 0x00000000d5d80000)
  object space 87552K, 31% used [0x0000000081800000,0x0000000083308d78,0x0000000086d80000)
 Metaspace       used 18948K, capacity 19198K, committed 19328K, reserved 1067008K
  class space    used 2242K, capacity 2350K, committed 2432K, reserved 1048576K
Event: 15.801 GC heap after
Heap after GC invocations=7 (full 0):
 PSYoungGen      total 143872K, used 10960K [0x00000000d5d80000, 0x00000000e7980000, 0x0000000100000000)
  eden space 131584K, 0% used [0x00000000d5d80000,0x00000000d5d80000,0x00000000dde00000)
  from space 12288K, 89% used [0x00000000dde00000,0x00000000de8b4040,0x00000000dea00000)
  to   space 13824K, 0% used [0x00000000e6c00000,0x00000000e6c00000,0x00000000e7980000)
 ParOldGen       total 87552K, used 30079K [0x0000000081800000, 0x0000000086d80000, 0x00000000d5d80000)
  object space 87552K, 34% used [0x0000000081800000,0x000000008355fc88,0x0000000086d80000)
 Metaspace       used 18948K, capacity 19198K, committed 19328K, reserved 1067008K
  class space    used 2242K, capacity 2350K, committed 2432K, reserved 1048576K
}
Event: 18.770 GC heap before
{Heap before GC invocations=8 (full 0):
 PSYoungGen      total 143872K, used 142210K [0x00000000d5d80000, 0x00000000e7980000, 0x0000000100000000)
  eden space 131584K, 99% used [0x00000000d5d80000,0x00000000dddacb38,0x00000000dde00000)
  from space 12288K, 89% used [0x00000000dde00000,0x00000000de8b4040,0x00000000dea00000)
  to   space 13824K, 0% used [0x00000000e6c00000,0x00000000e6c00000,0x00000000e7980000)
 ParOldGen       total 87552K, used 30079K [0x0000000081800000, 0x0000000086d80000, 0x00000000d5d80000)
  object space 87552K, 34% used [0x0000000081800000,0x000000008355fc88,0x0000000086d80000)
 Metaspace       used 19130K, capacity 19398K, committed 19584K, reserved 1067008K
  class space    used 2242K, capacity 2350K, committed 2432K, reserved 1048576K
Event: 18.782 GC heap after
Heap after GC invocations=8 (full 0):
 PSYoungGen      total 275968K, used 12085K [0x00000000d5d80000, 0x00000000e7b80000, 0x0000000100000000)
  eden space 262144K, 0% used [0x00000000d5d80000,0x00000000d5d80000,0x00000000e5d80000)
  from space 13824K, 87% used [0x00000000e6c00000,0x00000000e77cd798,0x00000000e7980000)
  to   space 14848K, 0% used [0x00000000e5d80000,0x00000000e5d80000,0x00000000e6c00000)
 ParOldGen       total 87552K, used 37634K [0x0000000081800000, 0x0000000086d80000, 0x00000000d5d80000)
  object space 87552K, 42% used [0x0000000081800000,0x0000000083cc0b58,0x0000000086d80000)
 Metaspace       used 19130K, capacity 19398K, committed 19584K, reserved 1067008K
  class space    used 2242K, capacity 2350K, committed 2432K, reserved 1048576K
}

