# JRE version: Java(TM) SE Runtime Environment (8.0_161-b12) (build 1.8.0_161-b12)
# Java VM: Java HotSpot(TM) 64-Bit Server VM (25.161-b12 mixed mode windows-amd64 compressed oops)
Heap:
 PSYoungGen      total 273920K, used 128447K [0x00000000d5d80000, 0x00000000e7280000, 0x0000000100000000)
  eden space 265728K, 45% used [0x00000000d5d80000,0x00000000dd308b78,0x00000000e6100000)
  from space 8192K, 98% used [0x00000000e6980000,0x00000000e7167100,0x00000000e7180000)
  to   space 8704K, 0% used [0x00000000e6100000,0x00000000e6100000,0x00000000e6980000)
 ParOldGen       total 87552K, used 12513K [0x0000000081800000, 0x0000000086d80000, 0x00000000d5d80000)
  object space 87552K, 14% used [0x0000000081800000,0x00000000824386c8,0x0000000086d80000)
 Metaspace       used 19459K, capacity 19734K, committed 20096K, reserved 1067008K
  class space    used 2246K, capacity 2353K, committed 2432K, reserved 1048576K
GC Heap History (10 events):
Event: 10.186 GC heap before
{Heap before GC invocations=4 (full 0):
 PSYoungGen      total 38400K, used 36638K [0x00000000d5d80000, 0x00000000da880000, 0x0000000100000000)
  eden space 33280K, 94% used [0x00000000d5d80000,0x00000000d7c4c890,0x00000000d7e00000)
  from space 5120K, 99% used [0x00000000d7e00000,0x00000000d82fb030,0x00000000d8300000)
  to   space 5120K, 0% used [0x00000000da380000,0x00000000da380000,0x00000000da880000)
 ParOldGen       total 87552K, used 3431K [0x0000000081800000, 0x0000000086d80000, 0x00000000d5d80000)
  object space 87552K, 3% used [0x0000000081800000,0x0000000081b59f28,0x0000000086d80000)
 Metaspace       used 18655K, capacity 18948K, committed 19072K, reserved 1067008K
  class space    used 2229K, capacity 2352K, committed 2432K, reserved 1048576K
Event: 10.194 GC heap after
Heap after GC invocations=4 (full 0):
 PSYoungGen      total 71680K, used 5100K [0x00000000d5d80000, 0x00000000da880000, 0x0000000100000000)
  eden space 66560K, 0% used [0x00000000d5d80000,0x00000000d5d80000,0x00000000d9e80000)
  from space 5120K, 99% used [0x00000000da380000,0x00000000da87b030,0x00000000da880000)
  to   space 5120K, 0% used [0x00000000d9e80000,0x00000000d9e80000,0x00000000da380000)
 ParOldGen       total 87552K, used 3447K [0x0000000081800000, 0x0000000086d80000, 0x00000000d5d80000)
  object space 87552K, 3% used [0x0000000081800000,0x0000000081b5df28,0x0000000086d80000)
 Metaspace       used 18655K, capacity 18948K, committed 19072K, reserved 1067008K
  class space    used 2229K, capacity 2352K, committed 2432K, reserved 1048576K
}
Event: 10.512 GC heap before
{Heap before GC invocations=5 (full 0):
 PSYoungGen      total 71680K, used 69403K [0x00000000d5d80000, 0x00000000da880000, 0x0000000100000000)
  eden space 66560K, 96% used [0x00000000d5d80000,0x00000000d9c4bf18,0x00000000d9e80000)
  from space 5120K, 99% used [0x00000000da380000,0x00000000da87b030,0x00000000da880000)
  to   space 5120K, 0% used [0x00000000d9e80000,0x00000000d9e80000,0x00000000da380000)
 ParOldGen       total 87552K, used 3447K [0x0000000081800000, 0x0000000086d80000, 0x00000000d5d80000)
  object space 87552K, 3% used [0x0000000081800000,0x0000000081b5df28,0x0000000086d80000)
 Metaspace       used 18757K, capacity 19080K, committed 19328K, reserved 1067008K
  class space    used 2236K, capacity 2352K, committed 2432K, reserved 1048576K
Event: 10.520 GC heap after
Heap after GC invocations=5 (full 0):
 PSYoungGen      total 71680K, used 5100K [0x00000000d5d80000, 0x00000000def80000, 0x0000000100000000)
  eden space 66560K, 0% used [0x00000000d5d80000,0x00000000d5d80000,0x00000000d9e80000)
  from space 5120K, 99% used [0x00000000d9e80000,0x00000000da37b030,0x00000000da380000)
  to   space 8192K, 0% used [0x00000000de780000,0x00000000de780000,0x00000000def80000)
 ParOldGen       total 87552K, used 3463K [0x0000000081800000, 0x0000000086d80000, 0x00000000d5d80000)
  object space 87552K, 3% used [0x0000000081800000,0x0000000081b61f28,0x0000000086d80000)
 Metaspace       used 18757K, capacity 19080K, committed 19328K, reserved 1067008K
  class space    used 2236K, capacity 2352K, committed 2432K, reserved 1048576K
}
Event: 11.779 GC heap before
{Heap before GC invocations=6 (full 0):
 PSYoungGen      total 71680K, used 69407K [0x00000000d5d80000, 0x00000000def80000, 0x0000000100000000)
  eden space 66560K, 96% used [0x00000000d5d80000,0x00000000d9c4cd70,0x00000000d9e80000)
  from space 5120K, 99% used [0x00000000d9e80000,0x00000000da37b030,0x00000000da380000)
  to   space 8192K, 0% used [0x00000000de780000,0x00000000de780000,0x00000000def80000)
 ParOldGen       total 87552K, used 3463K [0x0000000081800000, 0x0000000086d80000, 0x00000000d5d80000)
  object space 87552K, 3% used [0x0000000081800000,0x0000000081b61f28,0x0000000086d80000)
 Metaspace       used 18851K, capacity 19144K, committed 19328K, reserved 1067008K
  class space    used 2236K, capacity 2352K, committed 2432K, reserved 1048576K
Event: 11.786 GC heap after
Heap after GC invocations=6 (full 0):
 PSYoungGen      total 140288K, used 5164K [0x00000000d5d80000, 0x00000000dee80000, 0x0000000100000000)
  eden space 133120K, 0% used [0x00000000d5d80000,0x00000000d5d80000,0x00000000ddf80000)
  from space 7168K, 72% used [0x00000000de780000,0x00000000dec8b030,0x00000000dee80000)
  to   space 7680K, 0% used [0x00000000ddf80000,0x00000000ddf80000,0x00000000de700000)
 ParOldGen       total 87552K, used 3471K [0x0000000081800000, 0x0000000086d80000, 0x00000000d5d80000)
  object space 87552K, 3% used [0x0000000081800000,0x0000000081b63f28,0x0000000086d80000)
 Metaspace       used 18851K, capacity 19144K, committed 19328K, reserved 1067008K
  class space    used 2236K, capacity 2352K, committed 2432K, reserved 1048576K
}
Event: 14.851 GC heap before
{Heap before GC invocations=7 (full 0):
 PSYoungGen      total 140288K, used 136172K [0x00000000d5d80000, 0x00000000dee80000, 0x0000000100000000)
  eden space 133120K, 98% used [0x00000000d5d80000,0x00000000ddd70120,0x00000000ddf80000)
  from space 7168K, 72% used [0x00000000de780000,0x00000000dec8b030,0x00000000dee80000)
  to   space 7680K, 0% used [0x00000000ddf80000,0x00000000ddf80000,0x00000000de700000)
 ParOldGen       total 87552K, used 3471K [0x0000000081800000, 0x0000000086d80000, 0x00000000d5d80000)
  object space 87552K, 3% used [0x0000000081800000,0x0000000081b63f28,0x0000000086d80000)
 Metaspace       used 19044K, capacity 19336K, committed 19584K, reserved 1067008K
  class space    used 2237K, capacity 2352K, committed 2432K, reserved 1048576K
Event: 14.863 GC heap after
Heap after GC invocations=7 (full 0):
 PSYoungGen      total 140800K, used 6858K [0x00000000d5d80000, 0x00000000e7180000, 0x0000000100000000)
  eden space 133120K, 0% used [0x00000000d5d80000,0x00000000d5d80000,0x00000000ddf80000)
  from space 7680K, 89% used [0x00000000ddf80000,0x00000000de632890,0x00000000de700000)
  to   space 8192K, 0% used [0x00000000e6980000,0x00000000e6980000,0x00000000e7180000)
 ParOldGen       total 87552K, used 8523K [0x0000000081800000, 0x0000000086d80000, 0x00000000d5d80000)
  object space 87552K, 9% used [0x0000000081800000,0x0000000082052e48,0x0000000086d80000)
 Metaspace       used 19044K, capacity 19336K, committed 19584K, reserved 1067008K
  class space    used 2237K, capacity 2352K, committed 2432K, reserved 1048576K
}
Event: 17.949 GC heap before
{Heap before GC invocations=8 (full 0):
 PSYoungGen      total 140800K, used 138889K [0x00000000d5d80000, 0x00000000e7180000, 0x0000000100000000)
  eden space 133120K, 99% used [0x00000000d5d80000,0x00000000dde6fe10,0x00000000ddf80000)
  from space 7680K, 89% used [0x00000000ddf80000,0x00000000de632890,0x00000000de700000)
  to   space 8192K, 0% used [0x00000000e6980000,0x00000000e6980000,0x00000000e7180000)
 ParOldGen       total 87552K, used 8523K [0x0000000081800000, 0x0000000086d80000, 0x00000000d5d80000)
  object space 87552K, 9% used [0x0000000081800000,0x0000000082052e48,0x0000000086d80000)
 Metaspace       used 19192K, capacity 19478K, committed 19840K, reserved 1067008K
  class space    used 2239K, capacity 2353K, committed 2432K, reserved 1048576K
Event: 17.955 GC heap after
Heap after GC invocations=8 (full 0):
 PSYoungGen      total 273920K, used 8092K [0x00000000d5d80000, 0x00000000e7280000, 0x0000000100000000)
  eden space 265728K, 0% used [0x00000000d5d80000,0x00000000d5d80000,0x00000000e6100000)
  from space 8192K, 98% used [0x00000000e6980000,0x00000000e7167100,0x00000000e7180000)
  to   space 8704K, 0% used [0x00000000e6100000,0x00000000e6100000,0x00000000e6980000)
 ParOldGen       total 87552K, used 12513K [0x0000000081800000, 0x0000000086d80000, 0x00000000d5d80000)
  object space 87552K, 14% used [0x0000000081800000,0x00000000824386c8,0x0000000086d80000)
 Metaspace       used 19192K, capacity 19478K, committed 19840K, reserved 1067008K
  class space    used 2239K, capacity 2353K, committed 2432K, reserved 1048576K
}

