# JRE version: Java(TM) SE Runtime Environment (8.0_161-b12) (build 1.8.0_161-b12)
# Java VM: Java HotSpot(TM) 64-Bit Server VM (25.161-b12 mixed mode windows-amd64 compressed oops)
Heap:
 PSYoungGen      total 34304K, used 31075K [0x00000000d5d80000, 0x00000000d8c80000, 0x0000000100000000)
  eden space 25600K, 89% used [0x00000000d5d80000,0x00000000d73cfd88,0x00000000d7680000)
  from space 8704K, 94% used [0x00000000d7680000,0x00000000d7e89030,0x00000000d7f00000)
  to   space 11264K, 0% used [0x00000000d8180000,0x00000000d8180000,0x00000000d8c80000)
 ParOldGen       total 53760K, used 48295K [0x0000000081800000, 0x0000000084c80000, 0x00000000d5d80000)
  object space 53760K, 89% used [0x0000000081800000,0x0000000084729c20,0x0000000084c80000)
 Metaspace       used 19627K, capacity 19926K, committed 20096K, reserved 1067008K
  class space    used 2236K, capacity 2350K, committed 2432K, reserved 1048576K
GC Heap History (10 events):
Event: 41.841 GC heap before
{Heap before GC invocations=41 (full 2):
 PSYoungGen      total 36352K, used 33239K [0x00000000d5d80000, 0x00000000d8b80000, 0x0000000100000000)
  eden space 25600K, 97% used [0x00000000d5d80000,0x00000000d75ecdf0,0x00000000d7680000)
  from space 10752K, 76% used [0x00000000d8100000,0x00000000d8909030,0x00000000d8b80000)
  to   space 10752K, 0% used [0x00000000d7680000,0x00000000d7680000,0x00000000d8100000)
 ParOldGen       total 53760K, used 15815K [0x0000000081800000, 0x0000000084c80000, 0x00000000d5d80000)
  object space 53760K, 29% used [0x0000000081800000,0x0000000082771f58,0x0000000084c80000)
 Metaspace       used 19511K, capacity 19734K, committed 20096K, reserved 1067008K
  class space    used 2229K, capacity 2350K, committed 2432K, reserved 1048576K
Event: 41.843 GC heap after
Heap after GC invocations=41 (full 2):
 PSYoungGen      total 36352K, used 8260K [0x00000000d5d80000, 0x00000000d8b80000, 0x0000000100000000)
  eden space 25600K, 0% used [0x00000000d5d80000,0x00000000d5d80000,0x00000000d7680000)
  from space 10752K, 76% used [0x00000000d7680000,0x00000000d7e91030,0x00000000d8100000)
  to   space 10752K, 0% used [0x00000000d8100000,0x00000000d8100000,0x00000000d8b80000)
 ParOldGen       total 53760K, used 15823K [0x0000000081800000, 0x0000000084c80000, 0x00000000d5d80000)
  object space 53760K, 29% used [0x0000000081800000,0x0000000082773f58,0x0000000084c80000)
 Metaspace       used 19511K, capacity 19734K, committed 20096K, reserved 1067008K
  class space    used 2229K, capacity 2350K, committed 2432K, reserved 1048576K
}
Event: 42.419 GC heap before
{Heap before GC invocations=42 (full 2):
 PSYoungGen      total 36352K, used 33265K [0x00000000d5d80000, 0x00000000d8b80000, 0x0000000100000000)
  eden space 25600K, 97% used [0x00000000d5d80000,0x00000000d75eb710,0x00000000d7680000)
  from space 10752K, 76% used [0x00000000d7680000,0x00000000d7e91030,0x00000000d8100000)
  to   space 10752K, 0% used [0x00000000d8100000,0x00000000d8100000,0x00000000d8b80000)
 ParOldGen       total 53760K, used 18523K [0x0000000081800000, 0x0000000084c80000, 0x00000000d5d80000)
  object space 53760K, 34% used [0x0000000081800000,0x0000000082a16f68,0x0000000084c80000)
 Metaspace       used 19521K, capacity 19734K, committed 20096K, reserved 1067008K
  class space    used 2229K, capacity 2350K, committed 2432K, reserved 1048576K
Event: 42.422 GC heap after
Heap after GC invocations=42 (full 2):
 PSYoungGen      total 35328K, used 8228K [0x00000000d5d80000, 0x00000000d8a80000, 0x0000000100000000)
  eden space 25600K, 0% used [0x00000000d5d80000,0x00000000d5d80000,0x00000000d7680000)
  from space 9728K, 84% used [0x00000000d8100000,0x00000000d8909030,0x00000000d8a80000)
  to   space 10240K, 0% used [0x00000000d7680000,0x00000000d7680000,0x00000000d8080000)
 ParOldGen       total 53760K, used 18531K [0x0000000081800000, 0x0000000084c80000, 0x00000000d5d80000)
  object space 53760K, 34% used [0x0000000081800000,0x0000000082a18f68,0x0000000084c80000)
 Metaspace       used 19521K, capacity 19734K, committed 20096K, reserved 1067008K
  class space    used 2229K, capacity 2350K, committed 2432K, reserved 1048576K
}
Event: 43.787 GC heap before
{Heap before GC invocations=43 (full 2):
 PSYoungGen      total 35328K, used 33828K [0x00000000d5d80000, 0x00000000d8a80000, 0x0000000100000000)
  eden space 25600K, 100% used [0x00000000d5d80000,0x00000000d7680000,0x00000000d7680000)
  from space 9728K, 84% used [0x00000000d8100000,0x00000000d8909030,0x00000000d8a80000)
  to   space 10240K, 0% used [0x00000000d7680000,0x00000000d7680000,0x00000000d8080000)
 ParOldGen       total 53760K, used 48233K [0x0000000081800000, 0x0000000084c80000, 0x00000000d5d80000)
  object space 53760K, 89% used [0x0000000081800000,0x000000008471a670,0x0000000084c80000)
 Metaspace       used 19522K, capacity 19734K, committed 20096K, reserved 1067008K
  class space    used 2229K, capacity 2350K, committed 2432K, reserved 1048576K
Event: 43.788 GC heap after
Heap after GC invocations=43 (full 2):
 PSYoungGen      total 35840K, used 96K [0x00000000d5d80000, 0x00000000d8d80000, 0x0000000100000000)
  eden space 25600K, 0% used [0x00000000d5d80000,0x00000000d5d80000,0x00000000d7680000)
  from space 10240K, 0% used [0x00000000d7680000,0x00000000d7698000,0x00000000d8080000)
  to   space 11776K, 0% used [0x00000000d8200000,0x00000000d8200000,0x00000000d8d80000)
 ParOldGen       total 53760K, used 48241K [0x0000000081800000, 0x0000000084c80000, 0x00000000d5d80000)
  object space 53760K, 89% used [0x0000000081800000,0x000000008471c670,0x0000000084c80000)
 Metaspace       used 19522K, capacity 19734K, committed 20096K, reserved 1067008K
  class space    used 2229K, capacity 2350K, committed 2432K, reserved 1048576K
}
Event: 44.433 GC heap before
{Heap before GC invocations=44 (full 2):
 PSYoungGen      total 35840K, used 25405K [0x00000000d5d80000, 0x00000000d8d80000, 0x0000000100000000)
  eden space 25600K, 98% used [0x00000000d5d80000,0x00000000d7637778,0x00000000d7680000)
  from space 10240K, 0% used [0x00000000d7680000,0x00000000d7698000,0x00000000d8080000)
  to   space 11776K, 0% used [0x00000000d8200000,0x00000000d8200000,0x00000000d8d80000)
 ParOldGen       total 53760K, used 48241K [0x0000000081800000, 0x0000000084c80000, 0x00000000d5d80000)
  object space 53760K, 89% used [0x0000000081800000,0x000000008471c670,0x0000000084c80000)
 Metaspace       used 19529K, capacity 19798K, committed 20096K, reserved 1067008K
  class space    used 2229K, capacity 2350K, committed 2432K, reserved 1048576K
Event: 44.436 GC heap after
Heap after GC invocations=44 (full 2):
 PSYoungGen      total 37376K, used 8228K [0x00000000d5d80000, 0x00000000d8d80000, 0x0000000100000000)
  eden space 25600K, 0% used [0x00000000d5d80000,0x00000000d5d80000,0x00000000d7680000)
  from space 11776K, 69% used [0x00000000d8200000,0x00000000d8a09030,0x00000000d8d80000)
  to   space 11776K, 0% used [0x00000000d7680000,0x00000000d7680000,0x00000000d8200000)
 ParOldGen       total 53760K, used 48257K [0x0000000081800000, 0x0000000084c80000, 0x00000000d5d80000)
  object space 53760K, 89% used [0x0000000081800000,0x0000000084720670,0x0000000084c80000)
 Metaspace       used 19529K, capacity 19798K, committed 20096K, reserved 1067008K
  class space    used 2229K, capacity 2350K, committed 2432K, reserved 1048576K
}
Event: 45.036 GC heap before
{Heap before GC invocations=45 (full 2):
 PSYoungGen      total 37376K, used 33333K [0x00000000d5d80000, 0x00000000d8d80000, 0x0000000100000000)
  eden space 25600K, 98% used [0x00000000d5d80000,0x00000000d7604470,0x00000000d7680000)
  from space 11776K, 69% used [0x00000000d8200000,0x00000000d8a09030,0x00000000d8d80000)
  to   space 11776K, 0% used [0x00000000d7680000,0x00000000d7680000,0x00000000d8200000)
 ParOldGen       total 53760K, used 48257K [0x0000000081800000, 0x0000000084c80000, 0x00000000d5d80000)
  object space 53760K, 89% used [0x0000000081800000,0x0000000084720670,0x0000000084c80000)
 Metaspace       used 19530K, capacity 19798K, committed 20096K, reserved 1067008K
  class space    used 2229K, capacity 2350K, committed 2432K, reserved 1048576K
Event: 45.041 GC heap after
Heap after GC invocations=45 (full 2):
 PSYoungGen      total 34304K, used 8228K [0x00000000d5d80000, 0x00000000d8c80000, 0x0000000100000000)
  eden space 25600K, 0% used [0x00000000d5d80000,0x00000000d5d80000,0x00000000d7680000)
  from space 8704K, 94% used [0x00000000d7680000,0x00000000d7e89030,0x00000000d7f00000)
  to   space 11264K, 0% used [0x00000000d8180000,0x00000000d8180000,0x00000000d8c80000)
 ParOldGen       total 53760K, used 48295K [0x0000000081800000, 0x0000000084c80000, 0x00000000d5d80000)
  object space 53760K, 89% used [0x0000000081800000,0x0000000084729c20,0x0000000084c80000)
 Metaspace       used 19530K, capacity 19798K, committed 20096K, reserved 1067008K
  class space    used 2229K, capacity 2350K, committed 2432K, reserved 1048576K
}

