# JRE version: Java(TM) SE Runtime Environment (8.0_161-b12) (build 1.8.0_161-b12)
# Java VM: Java HotSpot(TM) 64-Bit Server VM (25.161-b12 mixed mode windows-amd64 compressed oops)
Heap:
 PSYoungGen      total 49152K, used 42439K [0x00000000d5d80000, 0x00000000d9e80000, 0x0000000100000000)
  eden space 37888K, 90% used [0x00000000d5d80000,0x00000000d7ee8fb0,0x00000000d8280000)
  from space 11264K, 73% used [0x00000000d8280000,0x00000000d8a89030,0x00000000d8d80000)
  to   space 11264K, 0% used [0x00000000d9380000,0x00000000d9380000,0x00000000d9e80000)
 ParOldGen       total 63488K, used 13410K [0x0000000081800000, 0x0000000085600000, 0x00000000d5d80000)
  object space 63488K, 21% used [0x0000000081800000,0x0000000082518be8,0x0000000085600000)
 Metaspace       used 20000K, capacity 20234K, committed 20352K, reserved 1067008K
  class space    used 2240K, capacity 2350K, committed 2432K, reserved 1048576K
GC Heap History (10 events):
Event: 391.812 GC heap before
{Heap before GC invocations=135 (full 10):
 PSYoungGen      total 35840K, used 33222K [0x00000000d5d80000, 0x00000000d8f80000, 0x0000000100000000)
  eden space 27136K, 92% used [0x00000000d5d80000,0x00000000d75e8870,0x00000000d7800000)
  from space 8704K, 94% used [0x00000000d8700000,0x00000000d8f09030,0x00000000d8f80000)
  to   space 11264K, 0% used [0x00000000d7980000,0x00000000d7980000,0x00000000d8480000)
 ParOldGen       total 63488K, used 13320K [0x0000000081800000, 0x0000000085600000, 0x00000000d5d80000)
  object space 63488K, 20% used [0x0000000081800000,0x0000000082502088,0x0000000085600000)
 Metaspace       used 19907K, capacity 20170K, committed 20352K, reserved 1067008K
  class space    used 2233K, capacity 2350K, committed 2432K, reserved 1048576K
Event: 391.839 GC heap after
Heap after GC invocations=135 (full 10):
 PSYoungGen      total 39936K, used 8228K [0x00000000d5d80000, 0x00000000d9300000, 0x0000000100000000)
  eden space 28672K, 0% used [0x00000000d5d80000,0x00000000d5d80000,0x00000000d7980000)
  from space 11264K, 73% used [0x00000000d7980000,0x00000000d8189030,0x00000000d8480000)
  to   space 11264K, 0% used [0x00000000d8800000,0x00000000d8800000,0x00000000d9300000)
 ParOldGen       total 63488K, used 13336K [0x0000000081800000, 0x0000000085600000, 0x00000000d5d80000)
  object space 63488K, 21% used [0x0000000081800000,0x0000000082506088,0x0000000085600000)
 Metaspace       used 19907K, capacity 20170K, committed 20352K, reserved 1067008K
  class space    used 2233K, capacity 2350K, committed 2432K, reserved 1048576K
}
Event: 392.487 GC heap before
{Heap before GC invocations=136 (full 10):
 PSYoungGen      total 39936K, used 35956K [0x00000000d5d80000, 0x00000000d9300000, 0x0000000100000000)
  eden space 28672K, 96% used [0x00000000d5d80000,0x00000000d78940a8,0x00000000d7980000)
  from space 11264K, 73% used [0x00000000d7980000,0x00000000d8189030,0x00000000d8480000)
  to   space 11264K, 0% used [0x00000000d8800000,0x00000000d8800000,0x00000000d9300000)
 ParOldGen       total 63488K, used 13336K [0x0000000081800000, 0x0000000085600000, 0x00000000d5d80000)
  object space 63488K, 21% used [0x0000000081800000,0x0000000082506088,0x0000000085600000)
 Metaspace       used 19907K, capacity 20170K, committed 20352K, reserved 1067008K
  class space    used 2233K, capacity 2350K, committed 2432K, reserved 1048576K
Event: 392.494 GC heap after
Heap after GC invocations=136 (full 10):
 PSYoungGen      total 43520K, used 5496K [0x00000000d5d80000, 0x00000000d9480000, 0x0000000100000000)
  eden space 32256K, 0% used [0x00000000d5d80000,0x00000000d5d80000,0x00000000d7d00000)
  from space 11264K, 48% used [0x00000000d8800000,0x00000000d8d5e020,0x00000000d9300000)
  to   space 11264K, 0% used [0x00000000d7d00000,0x00000000d7d00000,0x00000000d8800000)
 ParOldGen       total 63488K, used 13344K [0x0000000081800000, 0x0000000085600000, 0x00000000d5d80000)
  object space 63488K, 21% used [0x0000000081800000,0x0000000082508088,0x0000000085600000)
 Metaspace       used 19907K, capacity 20170K, committed 20352K, reserved 1067008K
  class space    used 2233K, capacity 2350K, committed 2432K, reserved 1048576K
}
Event: 393.239 GC heap before
{Heap before GC invocations=137 (full 10):
 PSYoungGen      total 43520K, used 36032K [0x00000000d5d80000, 0x00000000d9480000, 0x0000000100000000)
  eden space 32256K, 94% used [0x00000000d5d80000,0x00000000d7b52358,0x00000000d7d00000)
  from space 11264K, 48% used [0x00000000d8800000,0x00000000d8d5e020,0x00000000d9300000)
  to   space 11264K, 0% used [0x00000000d7d00000,0x00000000d7d00000,0x00000000d8800000)
 ParOldGen       total 63488K, used 13344K [0x0000000081800000, 0x0000000085600000, 0x00000000d5d80000)
  object space 63488K, 21% used [0x0000000081800000,0x0000000082508088,0x0000000085600000)
 Metaspace       used 19907K, capacity 20170K, committed 20352K, reserved 1067008K
  class space    used 2233K, capacity 2350K, committed 2432K, reserved 1048576K
Event: 393.244 GC heap after
Heap after GC invocations=137 (full 10):
 PSYoungGen      total 43520K, used 8228K [0x00000000d5d80000, 0x00000000d9880000, 0x0000000100000000)
  eden space 32256K, 0% used [0x00000000d5d80000,0x00000000d5d80000,0x00000000d7d00000)
  from space 11264K, 73% used [0x00000000d7d00000,0x00000000d8509030,0x00000000d8800000)
  to   space 11264K, 0% used [0x00000000d8d80000,0x00000000d8d80000,0x00000000d9880000)
 ParOldGen       total 63488K, used 13352K [0x0000000081800000, 0x0000000085600000, 0x00000000d5d80000)
  object space 63488K, 21% used [0x0000000081800000,0x000000008250a088,0x0000000085600000)
 Metaspace       used 19907K, capacity 20170K, committed 20352K, reserved 1067008K
  class space    used 2233K, capacity 2350K, committed 2432K, reserved 1048576K
}
Event: 393.967 GC heap before
{Heap before GC invocations=138 (full 10):
 PSYoungGen      total 43520K, used 38898K [0x00000000d5d80000, 0x00000000d9880000, 0x0000000100000000)
  eden space 32256K, 95% used [0x00000000d5d80000,0x00000000d7b73b38,0x00000000d7d00000)
  from space 11264K, 73% used [0x00000000d7d00000,0x00000000d8509030,0x00000000d8800000)
  to   space 11264K, 0% used [0x00000000d8d80000,0x00000000d8d80000,0x00000000d9880000)
 ParOldGen       total 63488K, used 13352K [0x0000000081800000, 0x0000000085600000, 0x00000000d5d80000)
  object space 63488K, 21% used [0x0000000081800000,0x000000008250a088,0x0000000085600000)
 Metaspace       used 19920K, capacity 20170K, committed 20352K, reserved 1067008K
  class space    used 2233K, capacity 2350K, committed 2432K, reserved 1048576K
Event: 393.971 GC heap after
Heap after GC invocations=138 (full 10):
 PSYoungGen      total 49152K, used 8260K [0x00000000d5d80000, 0x00000000d9880000, 0x0000000100000000)
  eden space 37888K, 0% used [0x00000000d5d80000,0x00000000d5d80000,0x00000000d8280000)
  from space 11264K, 73% used [0x00000000d8d80000,0x00000000d9591030,0x00000000d9880000)
  to   space 11264K, 0% used [0x00000000d8280000,0x00000000d8280000,0x00000000d8d80000)
 ParOldGen       total 63488K, used 13360K [0x0000000081800000, 0x0000000085600000, 0x00000000d5d80000)
  object space 63488K, 21% used [0x0000000081800000,0x000000008250c088,0x0000000085600000)
 Metaspace       used 19920K, capacity 20170K, committed 20352K, reserved 1067008K
  class space    used 2233K, capacity 2350K, committed 2432K, reserved 1048576K
}
Event: 394.818 GC heap before
{Heap before GC invocations=139 (full 10):
 PSYoungGen      total 49152K, used 44516K [0x00000000d5d80000, 0x00000000d9880000, 0x0000000100000000)
  eden space 37888K, 95% used [0x00000000d5d80000,0x00000000d80e8300,0x00000000d8280000)
  from space 11264K, 73% used [0x00000000d8d80000,0x00000000d9591030,0x00000000d9880000)
  to   space 11264K, 0% used [0x00000000d8280000,0x00000000d8280000,0x00000000d8d80000)
 ParOldGen       total 63488K, used 13360K [0x0000000081800000, 0x0000000085600000, 0x00000000d5d80000)
  object space 63488K, 21% used [0x0000000081800000,0x000000008250c088,0x0000000085600000)
 Metaspace       used 19922K, capacity 20170K, committed 20352K, reserved 1067008K
  class space    used 2233K, capacity 2350K, committed 2432K, reserved 1048576K
Event: 394.823 GC heap after
Heap after GC invocations=139 (full 10):
 PSYoungGen      total 49152K, used 8228K [0x00000000d5d80000, 0x00000000d9e80000, 0x0000000100000000)
  eden space 37888K, 0% used [0x00000000d5d80000,0x00000000d5d80000,0x00000000d8280000)
  from space 11264K, 73% used [0x00000000d8280000,0x00000000d8a89030,0x00000000d8d80000)
  to   space 11264K, 0% used [0x00000000d9380000,0x00000000d9380000,0x00000000d9e80000)
 ParOldGen       total 63488K, used 13410K [0x0000000081800000, 0x0000000085600000, 0x00000000d5d80000)
  object space 63488K, 21% used [0x0000000081800000,0x0000000082518be8,0x0000000085600000)
 Metaspace       used 19922K, capacity 20170K, committed 20352K, reserved 1067008K
  class space    used 2233K, capacity 2350K, committed 2432K, reserved 1048576K
}

