# JRE version: Java(TM) SE Runtime Environment (8.0_161-b12) (build 1.8.0_161-b12)
# Java VM: Java HotSpot(TM) 64-Bit Server VM (25.161-b12 mixed mode windows-amd64 compressed oops)
Heap:
 PSYoungGen      total 420352K, used 193547K [0x00000000d5d80000, 0x00000000f0380000, 0x0000000100000000)
  eden space 410112K, 45% used [0x00000000d5d80000,0x00000000e1279c68,0x00000000eee00000)
  from space 10240K, 80% used [0x00000000ef880000,0x00000000f0089030,0x00000000f0280000)
  to   space 10752K, 0% used [0x00000000eee00000,0x00000000eee00000,0x00000000ef880000)
 ParOldGen       total 87552K, used 45598K [0x0000000081800000, 0x0000000086d80000, 0x00000000d5d80000)
  object space 87552K, 52% used [0x0000000081800000,0x0000000084487838,0x0000000086d80000)
 Metaspace       used 19267K, capacity 19532K, committed 19840K, reserved 1067008K
  class space    used 2246K, capacity 2352K, committed 2432K, reserved 1048576K
GC Heap History (10 events):
Event: 11.140 GC heap before
{Heap before GC invocations=6 (full 0):
 PSYoungGen      total 71680K, used 68757K [0x00000000d5d80000, 0x00000000deb80000, 0x0000000100000000)
  eden space 66560K, 96% used [0x00000000d5d80000,0x00000000d9c08948,0x00000000d9e80000)
  from space 5120K, 92% used [0x00000000d9e80000,0x00000000da31cce8,0x00000000da380000)
  to   space 6144K, 0% used [0x00000000de580000,0x00000000de580000,0x00000000deb80000)
 ParOldGen       total 87552K, used 30767K [0x0000000081800000, 0x0000000086d80000, 0x00000000d5d80000)
  object space 87552K, 35% used [0x0000000081800000,0x000000008360bde0,0x0000000086d80000)
 Metaspace       used 18710K, capacity 19012K, committed 19328K, reserved 1067008K
  class space    used 2233K, capacity 2352K, committed 2432K, reserved 1048576K
Event: 11.151 GC heap after
Heap after GC invocations=6 (full 0):
 PSYoungGen      total 134656K, used 6143K [0x00000000d5d80000, 0x00000000df480000, 0x0000000100000000)
  eden space 128512K, 0% used [0x00000000d5d80000,0x00000000d5d80000,0x00000000ddb00000)
  from space 6144K, 99% used [0x00000000de580000,0x00000000deb7fcf8,0x00000000deb80000)
  to   space 10752K, 0% used [0x00000000ddb00000,0x00000000ddb00000,0x00000000de580000)
 ParOldGen       total 87552K, used 37392K [0x0000000081800000, 0x0000000086d80000, 0x00000000d5d80000)
  object space 87552K, 42% used [0x0000000081800000,0x0000000083c842b0,0x0000000086d80000)
 Metaspace       used 18710K, capacity 19012K, committed 19328K, reserved 1067008K
  class space    used 2233K, capacity 2352K, committed 2432K, reserved 1048576K
}
Event: 14.220 GC heap before
{Heap before GC invocations=7 (full 0):
 PSYoungGen      total 134656K, used 133873K [0x00000000d5d80000, 0x00000000df480000, 0x0000000100000000)
  eden space 128512K, 99% used [0x00000000d5d80000,0x00000000dda3c9c0,0x00000000ddb00000)
  from space 6144K, 99% used [0x00000000de580000,0x00000000deb7fcf8,0x00000000deb80000)
  to   space 10752K, 0% used [0x00000000ddb00000,0x00000000ddb00000,0x00000000de580000)
 ParOldGen       total 87552K, used 37392K [0x0000000081800000, 0x0000000086d80000, 0x00000000d5d80000)
  object space 87552K, 42% used [0x0000000081800000,0x0000000083c842b0,0x0000000086d80000)
 Metaspace       used 18831K, capacity 19140K, committed 19328K, reserved 1067008K
  class space    used 2233K, capacity 2352K, committed 2432K, reserved 1048576K
Event: 14.237 GC heap after
Heap after GC invocations=7 (full 0):
 PSYoungGen      total 139264K, used 5560K [0x00000000d5d80000, 0x00000000e6c80000, 0x0000000100000000)
  eden space 128512K, 0% used [0x00000000d5d80000,0x00000000d5d80000,0x00000000ddb00000)
  from space 10752K, 51% used [0x00000000ddb00000,0x00000000de06e020,0x00000000de580000)
  to   space 10240K, 0% used [0x00000000e6280000,0x00000000e6280000,0x00000000e6c80000)
 ParOldGen       total 87552K, used 42850K [0x0000000081800000, 0x0000000086d80000, 0x00000000d5d80000)
  object space 87552K, 48% used [0x0000000081800000,0x00000000841d8828,0x0000000086d80000)
 Metaspace       used 18831K, capacity 19140K, committed 19328K, reserved 1067008K
  class space    used 2233K, capacity 2352K, committed 2432K, reserved 1048576K
}
Event: 17.288 GC heap before
{Heap before GC invocations=8 (full 0):
 PSYoungGen      total 139264K, used 133232K [0x00000000d5d80000, 0x00000000e6c80000, 0x0000000100000000)
  eden space 128512K, 99% used [0x00000000d5d80000,0x00000000dda2e298,0x00000000ddb00000)
  from space 10752K, 51% used [0x00000000ddb00000,0x00000000de06e020,0x00000000de580000)
  to   space 10240K, 0% used [0x00000000e6280000,0x00000000e6280000,0x00000000e6c80000)
 ParOldGen       total 87552K, used 42850K [0x0000000081800000, 0x0000000086d80000, 0x00000000d5d80000)
  object space 87552K, 48% used [0x0000000081800000,0x00000000841d8828,0x0000000086d80000)
 Metaspace       used 18898K, capacity 19204K, committed 19328K, reserved 1067008K
  class space    used 2233K, capacity 2352K, committed 2432K, reserved 1048576K
Event: 17.293 GC heap after
Heap after GC invocations=8 (full 0):
 PSYoungGen      total 266752K, used 8228K [0x00000000d5d80000, 0x00000000e6d80000, 0x0000000100000000)
  eden space 256512K, 0% used [0x00000000d5d80000,0x00000000d5d80000,0x00000000e5800000)
  from space 10240K, 80% used [0x00000000e6280000,0x00000000e6a89030,0x00000000e6c80000)
  to   space 10752K, 0% used [0x00000000e5800000,0x00000000e5800000,0x00000000e6280000)
 ParOldGen       total 87552K, used 42858K [0x0000000081800000, 0x0000000086d80000, 0x00000000d5d80000)
  object space 87552K, 48% used [0x0000000081800000,0x00000000841da828,0x0000000086d80000)
 Metaspace       used 18898K, capacity 19204K, committed 19328K, reserved 1067008K
  class space    used 2233K, capacity 2352K, committed 2432K, reserved 1048576K
}
Event: 23.255 GC heap before
{Heap before GC invocations=9 (full 0):
 PSYoungGen      total 266752K, used 262371K [0x00000000d5d80000, 0x00000000e6d80000, 0x0000000100000000)
  eden space 256512K, 99% used [0x00000000d5d80000,0x00000000e55afd10,0x00000000e5800000)
  from space 10240K, 80% used [0x00000000e6280000,0x00000000e6a89030,0x00000000e6c80000)
  to   space 10752K, 0% used [0x00000000e5800000,0x00000000e5800000,0x00000000e6280000)
 ParOldGen       total 87552K, used 42858K [0x0000000081800000, 0x0000000086d80000, 0x00000000d5d80000)
  object space 87552K, 48% used [0x0000000081800000,0x00000000841da828,0x0000000086d80000)
 Metaspace       used 19049K, capacity 19340K, committed 19584K, reserved 1067008K
  class space    used 2233K, capacity 2352K, committed 2432K, reserved 1048576K
Event: 23.266 GC heap after
Heap after GC invocations=9 (full 0):
 PSYoungGen      total 267264K, used 5528K [0x00000000d5d80000, 0x00000000f0280000, 0x0000000100000000)
  eden space 256512K, 0% used [0x00000000d5d80000,0x00000000d5d80000,0x00000000e5800000)
  from space 10752K, 51% used [0x00000000e5800000,0x00000000e5d66020,0x00000000e6280000)
  to   space 10240K, 0% used [0x00000000ef880000,0x00000000ef880000,0x00000000f0280000)
 ParOldGen       total 87552K, used 45582K [0x0000000081800000, 0x0000000086d80000, 0x00000000d5d80000)
  object space 87552K, 52% used [0x0000000081800000,0x0000000084483838,0x0000000086d80000)
 Metaspace       used 19049K, capacity 19340K, committed 19584K, reserved 1067008K
  class space    used 2233K, capacity 2352K, committed 2432K, reserved 1048576K
}
Event: 29.359 GC heap before
{Heap before GC invocations=10 (full 0):
 PSYoungGen      total 267264K, used 260554K [0x00000000d5d80000, 0x00000000f0280000, 0x0000000100000000)
  eden space 256512K, 99% used [0x00000000d5d80000,0x00000000e568ca20,0x00000000e5800000)
  from space 10752K, 51% used [0x00000000e5800000,0x00000000e5d66020,0x00000000e6280000)
  to   space 10240K, 0% used [0x00000000ef880000,0x00000000ef880000,0x00000000f0280000)
 ParOldGen       total 87552K, used 45582K [0x0000000081800000, 0x0000000086d80000, 0x00000000d5d80000)
  object space 87552K, 52% used [0x0000000081800000,0x0000000084483838,0x0000000086d80000)
 Metaspace       used 19068K, capacity 19340K, committed 19584K, reserved 1067008K
  class space    used 2233K, capacity 2352K, committed 2432K, reserved 1048576K
Event: 29.372 GC heap after
Heap after GC invocations=10 (full 0):
 PSYoungGen      total 420352K, used 8228K [0x00000000d5d80000, 0x00000000f0380000, 0x0000000100000000)
  eden space 410112K, 0% used [0x00000000d5d80000,0x00000000d5d80000,0x00000000eee00000)
  from space 10240K, 80% used [0x00000000ef880000,0x00000000f0089030,0x00000000f0280000)
  to   space 10752K, 0% used [0x00000000eee00000,0x00000000eee00000,0x00000000ef880000)
 ParOldGen       total 87552K, used 45598K [0x0000000081800000, 0x0000000086d80000, 0x00000000d5d80000)
  object space 87552K, 52% used [0x0000000081800000,0x0000000084487838,0x0000000086d80000)
 Metaspace       used 19068K, capacity 19340K, committed 19584K, reserved 1067008K
  class space    used 2233K, capacity 2352K, committed 2432K, reserved 1048576K
}

