# JRE version: Java(TM) SE Runtime Environment (8.0_161-b12) (build 1.8.0_161-b12)
# Java VM: Java HotSpot(TM) 64-Bit Server VM (25.161-b12 mixed mode windows-amd64 compressed oops)
Heap:
 PSYoungGen      total 391680K, used 47303K [0x00000000d5d80000, 0x00000000f9b80000, 0x0000000100000000)
  eden space 377344K, 10% used [0x00000000d5d80000,0x00000000d8390e70,0x00000000ece00000)
  from space 14336K, 58% used [0x00000000ece00000,0x00000000ed621030,0x00000000edc00000)
  to   space 13824K, 0% used [0x00000000f8e00000,0x00000000f8e00000,0x00000000f9b80000)
 ParOldGen       total 54272K, used 10635K [0x0000000081800000, 0x0000000084d00000, 0x00000000d5d80000)
  object space 54272K, 19% used [0x0000000081800000,0x0000000082262de0,0x0000000084d00000)
 Metaspace       used 19354K, capacity 19598K, committed 19840K, reserved 1067008K
  class space    used 2232K, capacity 2350K, committed 2432K, reserved 1048576K
GC Heap History (10 events):
Event: 25.074 GC heap before
{Heap before GC invocations=8 (full 1):
 PSYoungGen      total 145920K, used 129397K [0x00000000d5d80000, 0x00000000dfe80000, 0x0000000100000000)
  eden space 131584K, 98% used [0x00000000d5d80000,0x00000000ddbdd428,0x00000000dde00000)
  from space 14336K, 0% used [0x00000000ded80000,0x00000000ded80000,0x00000000dfb80000)
  to   space 15872K, 0% used [0x00000000dde00000,0x00000000dde00000,0x00000000ded80000)
 ParOldGen       total 54272K, used 10515K [0x0000000081800000, 0x0000000084d00000, 0x00000000d5d80000)
  object space 54272K, 19% used [0x0000000081800000,0x0000000082244cd0,0x0000000084d00000)
 Metaspace       used 18898K, capacity 19206K, committed 19584K, reserved 1067008K
  class space    used 2220K, capacity 2350K, committed 2432K, reserved 1048576K
Event: 25.083 GC heap after
Heap after GC invocations=8 (full 1):
 PSYoungGen      total 147456K, used 8260K [0x00000000d5d80000, 0x00000000e7300000, 0x0000000100000000)
  eden space 131584K, 0% used [0x00000000d5d80000,0x00000000d5d80000,0x00000000dde00000)
  from space 15872K, 52% used [0x00000000dde00000,0x00000000de611030,0x00000000ded80000)
  to   space 15360K, 0% used [0x00000000e6400000,0x00000000e6400000,0x00000000e7300000)
 ParOldGen       total 54272K, used 10523K [0x0000000081800000, 0x0000000084d00000, 0x00000000d5d80000)
  object space 54272K, 19% used [0x0000000081800000,0x0000000082246cd0,0x0000000084d00000)
 Metaspace       used 18898K, capacity 19206K, committed 19584K, reserved 1067008K
  class space    used 2220K, capacity 2350K, committed 2432K, reserved 1048576K
}
Event: 28.240 GC heap before
{Heap before GC invocations=9 (full 1):
 PSYoungGen      total 147456K, used 139370K [0x00000000d5d80000, 0x00000000e7300000, 0x0000000100000000)
  eden space 131584K, 99% used [0x00000000d5d80000,0x00000000ddd89b10,0x00000000dde00000)
  from space 15872K, 52% used [0x00000000dde00000,0x00000000de611030,0x00000000ded80000)
  to   space 15360K, 0% used [0x00000000e6400000,0x00000000e6400000,0x00000000e7300000)
 ParOldGen       total 54272K, used 10523K [0x0000000081800000, 0x0000000084d00000, 0x00000000d5d80000)
  object space 54272K, 19% used [0x0000000081800000,0x0000000082246cd0,0x0000000084d00000)
 Metaspace       used 18951K, capacity 19206K, committed 19584K, reserved 1067008K
  class space    used 2220K, capacity 2350K, committed 2432K, reserved 1048576K
Event: 28.245 GC heap after
Heap after GC invocations=9 (full 1):
 PSYoungGen      total 261632K, used 8228K [0x00000000d5d80000, 0x00000000e6f00000, 0x0000000100000000)
  eden space 250368K, 0% used [0x00000000d5d80000,0x00000000d5d80000,0x00000000e5200000)
  from space 11264K, 73% used [0x00000000e6400000,0x00000000e6c09030,0x00000000e6f00000)
  to   space 14848K, 0% used [0x00000000e5200000,0x00000000e5200000,0x00000000e6080000)
 ParOldGen       total 54272K, used 10531K [0x0000000081800000, 0x0000000084d00000, 0x00000000d5d80000)
  object space 54272K, 19% used [0x0000000081800000,0x0000000082248cd0,0x0000000084d00000)
 Metaspace       used 18951K, capacity 19206K, committed 19584K, reserved 1067008K
  class space    used 2220K, capacity 2350K, committed 2432K, reserved 1048576K
}
Event: 33.923 GC heap before
{Heap before GC invocations=10 (full 1):
 PSYoungGen      total 261632K, used 256626K [0x00000000d5d80000, 0x00000000e6f00000, 0x0000000100000000)
  eden space 250368K, 99% used [0x00000000d5d80000,0x00000000e50138f0,0x00000000e5200000)
  from space 11264K, 73% used [0x00000000e6400000,0x00000000e6c09030,0x00000000e6f00000)
  to   space 14848K, 0% used [0x00000000e5200000,0x00000000e5200000,0x00000000e6080000)
 ParOldGen       total 54272K, used 10531K [0x0000000081800000, 0x0000000084d00000, 0x00000000d5d80000)
  object space 54272K, 19% used [0x0000000081800000,0x0000000082248cd0,0x0000000084d00000)
 Metaspace       used 19026K, capacity 19270K, committed 19584K, reserved 1067008K
  class space    used 2225K, capacity 2350K, committed 2432K, reserved 1048576K
Event: 33.932 GC heap after
Heap after GC invocations=10 (full 1):
 PSYoungGen      total 265216K, used 8260K [0x00000000d5d80000, 0x00000000eef00000, 0x0000000100000000)
  eden space 250368K, 0% used [0x00000000d5d80000,0x00000000d5d80000,0x00000000e5200000)
  from space 14848K, 55% used [0x00000000e5200000,0x00000000e5a11030,0x00000000e6080000)
  to   space 14336K, 0% used [0x00000000ee100000,0x00000000ee100000,0x00000000eef00000)
 ParOldGen       total 54272K, used 10539K [0x0000000081800000, 0x0000000084d00000, 0x00000000d5d80000)
  object space 54272K, 19% used [0x0000000081800000,0x000000008224acd0,0x0000000084d00000)
 Metaspace       used 19026K, capacity 19270K, committed 19584K, reserved 1067008K
  class space    used 2225K, capacity 2350K, committed 2432K, reserved 1048576K
}
Event: 39.699 GC heap before
{Heap before GC invocations=11 (full 1):
 PSYoungGen      total 265216K, used 256415K [0x00000000d5d80000, 0x00000000eef00000, 0x0000000100000000)
  eden space 250368K, 99% used [0x00000000d5d80000,0x00000000e4fd6dd0,0x00000000e5200000)
  from space 14848K, 55% used [0x00000000e5200000,0x00000000e5a11030,0x00000000e6080000)
  to   space 14336K, 0% used [0x00000000ee100000,0x00000000ee100000,0x00000000eef00000)
 ParOldGen       total 54272K, used 10539K [0x0000000081800000, 0x0000000084d00000, 0x00000000d5d80000)
  object space 54272K, 19% used [0x0000000081800000,0x000000008224acd0,0x0000000084d00000)
 Metaspace       used 19115K, capacity 19406K, committed 19584K, reserved 1067008K
  class space    used 2225K, capacity 2350K, committed 2432K, reserved 1048576K
Event: 39.706 GC heap after
Heap after GC invocations=11 (full 1):
 PSYoungGen      total 386560K, used 8260K [0x00000000d5d80000, 0x00000000eea00000, 0x0000000100000000)
  eden space 377344K, 0% used [0x00000000d5d80000,0x00000000d5d80000,0x00000000ece00000)
  from space 9216K, 89% used [0x00000000ee100000,0x00000000ee911030,0x00000000eea00000)
  to   space 14336K, 0% used [0x00000000ece00000,0x00000000ece00000,0x00000000edc00000)
 ParOldGen       total 54272K, used 10563K [0x0000000081800000, 0x0000000084d00000, 0x00000000d5d80000)
  object space 54272K, 19% used [0x0000000081800000,0x0000000082250cd0,0x0000000084d00000)
 Metaspace       used 19115K, capacity 19406K, committed 19584K, reserved 1067008K
  class space    used 2225K, capacity 2350K, committed 2432K, reserved 1048576K
}
Event: 48.599 GC heap before
{Heap before GC invocations=12 (full 1):
 PSYoungGen      total 386560K, used 384783K [0x00000000d5d80000, 0x00000000eea00000, 0x0000000100000000)
  eden space 377344K, 99% used [0x00000000d5d80000,0x00000000ecd32ec8,0x00000000ece00000)
  from space 9216K, 89% used [0x00000000ee100000,0x00000000ee911030,0x00000000eea00000)
  to   space 14336K, 0% used [0x00000000ece00000,0x00000000ece00000,0x00000000edc00000)
 ParOldGen       total 54272K, used 10563K [0x0000000081800000, 0x0000000084d00000, 0x00000000d5d80000)
  object space 54272K, 19% used [0x0000000081800000,0x0000000082250cd0,0x0000000084d00000)
 Metaspace       used 19328K, capacity 19598K, committed 19840K, reserved 1067008K
  class space    used 2230K, capacity 2350K, committed 2432K, reserved 1048576K
Event: 48.607 GC heap after
Heap after GC invocations=12 (full 1):
 PSYoungGen      total 391680K, used 8324K [0x00000000d5d80000, 0x00000000f9b80000, 0x0000000100000000)
  eden space 377344K, 0% used [0x00000000d5d80000,0x00000000d5d80000,0x00000000ece00000)
  from space 14336K, 58% used [0x00000000ece00000,0x00000000ed621030,0x00000000edc00000)
  to   space 13824K, 0% used [0x00000000f8e00000,0x00000000f8e00000,0x00000000f9b80000)
 ParOldGen       total 54272K, used 10635K [0x0000000081800000, 0x0000000084d00000, 0x00000000d5d80000)
  object space 54272K, 19% used [0x0000000081800000,0x0000000082262de0,0x0000000084d00000)
 Metaspace       used 19328K, capacity 19598K, committed 19840K, reserved 1067008K
  class space    used 2230K, capacity 2350K, committed 2432K, reserved 1048576K
}

