# JRE version: Java(TM) SE Runtime Environment (8.0_161-b12) (build 1.8.0_161-b12)
# Java VM: Java HotSpot(TM) 64-Bit Server VM (25.161-b12 mixed mode windows-amd64 compressed oops)
Heap:
 PSYoungGen      total 198656K, used 128519K [0x00000000d5d80000, 0x00000000fb800000, 0x0000000100000000)
  eden space 195584K, 64% used [0x00000000d5d80000,0x00000000dd836d98,0x00000000e1c80000)
  from space 3072K, 93% used [0x00000000fb500000,0x00000000fb7cb010,0x00000000fb800000)
  to   space 8192K, 0% used [0x00000000fa800000,0x00000000fa800000,0x00000000fb000000)
 ParOldGen       total 47616K, used 23512K [0x0000000081800000, 0x0000000084680000, 0x00000000d5d80000)
  object space 47616K, 49% used [0x0000000081800000,0x0000000082ef6180,0x0000000084680000)
 Metaspace       used 13052K, capacity 13188K, committed 13440K, reserved 1060864K
  class space    used 1575K, capacity 1640K, committed 1664K, reserved 1048576K
GC Heap History (10 events):
Event: 321.047 GC heap before
{Heap before GC invocations=38 (full 1):
 PSYoungGen      total 235520K, used 234394K [0x00000000d5d80000, 0x00000000fc480000, 0x0000000100000000)
  eden space 232448K, 99% used [0x00000000d5d80000,0x00000000e3fb3890,0x00000000e4080000)
  from space 3072K, 89% used [0x00000000fc180000,0x00000000fc433010,0x00000000fc480000)
  to   space 8192K, 0% used [0x00000000fb480000,0x00000000fb480000,0x00000000fbc80000)
 ParOldGen       total 46080K, used 33762K [0x0000000081800000, 0x0000000084500000, 0x00000000d5d80000)
  object space 46080K, 73% used [0x0000000081800000,0x00000000838f89a8,0x0000000084500000)
 Metaspace       used 13010K, capacity 13188K, committed 13440K, reserved 1060864K
  class space    used 1568K, capacity 1640K, committed 1664K, reserved 1048576K
Event: 321.053 GC heap after
Heap after GC invocations=38 (full 1):
 PSYoungGen      total 228352K, used 5528K [0x00000000d5d80000, 0x00000000fc200000, 0x0000000100000000)
  eden space 222720K, 0% used [0x00000000d5d80000,0x00000000d5d80000,0x00000000e3700000)
  from space 5632K, 98% used [0x00000000fb480000,0x00000000fb9e6020,0x00000000fba00000)
  to   space 8192K, 0% used [0x00000000fba00000,0x00000000fba00000,0x00000000fc200000)
 ParOldGen       total 46080K, used 36470K [0x0000000081800000, 0x0000000084500000, 0x00000000d5d80000)
  object space 46080K, 79% used [0x0000000081800000,0x0000000083b9d9b8,0x0000000084500000)
 Metaspace       used 13010K, capacity 13188K, committed 13440K, reserved 1060864K
  class space    used 1568K, capacity 1640K, committed 1664K, reserved 1048576K
}
Event: 326.474 GC heap before
{Heap before GC invocations=39 (full 1):
 PSYoungGen      total 228352K, used 226151K [0x00000000d5d80000, 0x00000000fc200000, 0x0000000100000000)
  eden space 222720K, 99% used [0x00000000d5d80000,0x00000000e34f3f00,0x00000000e3700000)
  from space 5632K, 98% used [0x00000000fb480000,0x00000000fb9e6020,0x00000000fba00000)
  to   space 8192K, 0% used [0x00000000fba00000,0x00000000fba00000,0x00000000fc200000)
 ParOldGen       total 46080K, used 36470K [0x0000000081800000, 0x0000000084500000, 0x00000000d5d80000)
  object space 46080K, 79% used [0x0000000081800000,0x0000000083b9d9b8,0x0000000084500000)
 Metaspace       used 13010K, capacity 13188K, committed 13440K, reserved 1060864K
  class space    used 1568K, capacity 1640K, committed 1664K, reserved 1048576K
Event: 326.478 GC heap after
Heap after GC invocations=39 (full 1):
 PSYoungGen      total 219136K, used 5528K [0x00000000d5d80000, 0x00000000fbf80000, 0x0000000100000000)
  eden space 213504K, 0% used [0x00000000d5d80000,0x00000000d5d80000,0x00000000e2e00000)
  from space 5632K, 98% used [0x00000000fba00000,0x00000000fbf66020,0x00000000fbf80000)
  to   space 8192K, 0% used [0x00000000faf80000,0x00000000faf80000,0x00000000fb780000)
 ParOldGen       total 46080K, used 39178K [0x0000000081800000, 0x0000000084500000, 0x00000000d5d80000)
  object space 46080K, 85% used [0x0000000081800000,0x0000000083e429c8,0x0000000084500000)
 Metaspace       used 13010K, capacity 13188K, committed 13440K, reserved 1060864K
  class space    used 1568K, capacity 1640K, committed 1664K, reserved 1048576K
}
Event: 326.478 GC heap before
{Heap before GC invocations=40 (full 2):
 PSYoungGen      total 219136K, used 5528K [0x00000000d5d80000, 0x00000000fbf80000, 0x0000000100000000)
  eden space 213504K, 0% used [0x00000000d5d80000,0x00000000d5d80000,0x00000000e2e00000)
  from space 5632K, 98% used [0x00000000fba00000,0x00000000fbf66020,0x00000000fbf80000)
  to   space 8192K, 0% used [0x00000000faf80000,0x00000000faf80000,0x00000000fb780000)
 ParOldGen       total 46080K, used 39178K [0x0000000081800000, 0x0000000084500000, 0x00000000d5d80000)
  object space 46080K, 85% used [0x0000000081800000,0x0000000083e429c8,0x0000000084500000)
 Metaspace       used 13010K, capacity 13188K, committed 13440K, reserved 1060864K
  class space    used 1568K, capacity 1640K, committed 1664K, reserved 1048576K
Event: 326.495 GC heap after
Heap after GC invocations=40 (full 2):
 PSYoungGen      total 219136K, used 0K [0x00000000d5d80000, 0x00000000fbf80000, 0x0000000100000000)
  eden space 213504K, 0% used [0x00000000d5d80000,0x00000000d5d80000,0x00000000e2e00000)
  from space 5632K, 0% used [0x00000000fba00000,0x00000000fba00000,0x00000000fbf80000)
  to   space 8192K, 0% used [0x00000000faf80000,0x00000000faf80000,0x00000000fb780000)
 ParOldGen       total 47616K, used 6810K [0x0000000081800000, 0x0000000084680000, 0x00000000d5d80000)
  object space 47616K, 14% used [0x0000000081800000,0x0000000081ea6b28,0x0000000084680000)
 Metaspace       used 13010K, capacity 13188K, committed 13440K, reserved 1060864K
  class space    used 1568K, capacity 1640K, committed 1664K, reserved 1048576K
}
Event: 331.617 GC heap before
{Heap before GC invocations=41 (full 2):
 PSYoungGen      total 219136K, used 211198K [0x00000000d5d80000, 0x00000000fbf80000, 0x0000000100000000)
  eden space 213504K, 98% used [0x00000000d5d80000,0x00000000e2bbf818,0x00000000e2e00000)
  from space 5632K, 0% used [0x00000000fba00000,0x00000000fba00000,0x00000000fbf80000)
  to   space 8192K, 0% used [0x00000000faf80000,0x00000000faf80000,0x00000000fb780000)
 ParOldGen       total 47616K, used 6810K [0x0000000081800000, 0x0000000084680000, 0x00000000d5d80000)
  object space 47616K, 14% used [0x0000000081800000,0x0000000081ea6b28,0x0000000084680000)
 Metaspace       used 13010K, capacity 13188K, committed 13440K, reserved 1060864K
  class space    used 1568K, capacity 1640K, committed 1664K, reserved 1048576K
Event: 331.621 GC heap after
Heap after GC invocations=41 (full 2):
 PSYoungGen      total 209920K, used 5528K [0x00000000d5d80000, 0x00000000fba80000, 0x0000000100000000)
  eden space 204288K, 0% used [0x00000000d5d80000,0x00000000d5d80000,0x00000000e2500000)
  from space 5632K, 98% used [0x00000000faf80000,0x00000000fb4e6020,0x00000000fb500000)
  to   space 5632K, 0% used [0x00000000fb500000,0x00000000fb500000,0x00000000fba80000)
 ParOldGen       total 47616K, used 12210K [0x0000000081800000, 0x0000000084680000, 0x00000000d5d80000)
  object space 47616K, 25% used [0x0000000081800000,0x00000000823ecb48,0x0000000084680000)
 Metaspace       used 13010K, capacity 13188K, committed 13440K, reserved 1060864K
  class space    used 1568K, capacity 1640K, committed 1664K, reserved 1048576K
}
Event: 337.122 GC heap before
{Heap before GC invocations=42 (full 2):
 PSYoungGen      total 209920K, used 208186K [0x00000000d5d80000, 0x00000000fba80000, 0x0000000100000000)
  eden space 204288K, 99% used [0x00000000d5d80000,0x00000000e2368af0,0x00000000e2500000)
  from space 5632K, 98% used [0x00000000faf80000,0x00000000fb4e6020,0x00000000fb500000)
  to   space 5632K, 0% used [0x00000000fb500000,0x00000000fb500000,0x00000000fba80000)
 ParOldGen       total 47616K, used 12210K [0x0000000081800000, 0x0000000084680000, 0x00000000d5d80000)
  object space 47616K, 25% used [0x0000000081800000,0x00000000823ecb48,0x0000000084680000)
 Metaspace       used 13011K, capacity 13188K, committed 13440K, reserved 1060864K
  class space    used 1568K, capacity 1640K, committed 1664K, reserved 1048576K
Event: 337.127 GC heap after
Heap after GC invocations=42 (full 2):
 PSYoungGen      total 198656K, used 2860K [0x00000000d5d80000, 0x00000000fb800000, 0x0000000100000000)
  eden space 195584K, 0% used [0x00000000d5d80000,0x00000000d5d80000,0x00000000e1c80000)
  from space 3072K, 93% used [0x00000000fb500000,0x00000000fb7cb010,0x00000000fb800000)
  to   space 8192K, 0% used [0x00000000fa800000,0x00000000fa800000,0x00000000fb000000)
 ParOldGen       total 47616K, used 23512K [0x0000000081800000, 0x0000000084680000, 0x00000000d5d80000)
  object space 47616K, 49% used [0x0000000081800000,0x0000000082ef6180,0x0000000084680000)
 Metaspace       used 13011K, capacity 13188K, committed 13440K, reserved 1060864K
  class space    used 1568K, capacity 1640K, committed 1664K, reserved 1048576K
}

