# JRE version: Java(TM) SE Runtime Environment (8.0_161-b12) (build 1.8.0_161-b12)
# Java VM: Java HotSpot(TM) 64-Bit Server VM (25.161-b12 mixed mode windows-amd64 compressed oops)
Heap:
 PSYoungGen      total 146432K, used 18333K [0x00000000d5d80000, 0x00000000e2c80000, 0x0000000100000000)
  eden space 137728K, 7% used [0x00000000d5d80000,0x00000000d675e5d0,0x00000000de400000)
  from space 8704K, 94% used [0x00000000e1980000,0x00000000e2189030,0x00000000e2200000)
  to   space 10752K, 0% used [0x00000000e2200000,0x00000000e2200000,0x00000000e2c80000)
 ParOldGen       total 90624K, used 20925K [0x0000000081800000, 0x0000000087080000, 0x00000000d5d80000)
  object space 90624K, 23% used [0x0000000081800000,0x0000000082c6f4d8,0x0000000087080000)
 Metaspace       used 19629K, capacity 19910K, committed 20096K, reserved 1067008K
  class space    used 2237K, capacity 2350K, committed 2432K, reserved 1048576K
GC Heap History (10 events):
Event: 47.851 GC heap before
{Heap before GC invocations=14 (full 3):
 PSYoungGen      total 174080K, used 172250K [0x00000000d5d80000, 0x00000000e4a80000, 0x0000000100000000)
  eden space 162816K, 99% used [0x00000000d5d80000,0x00000000dfb0ab50,0x00000000dfc80000)
  from space 11264K, 97% used [0x00000000e3f80000,0x00000000e4a2c040,0x00000000e4a80000)
  to   space 14336K, 0% used [0x00000000e2e80000,0x00000000e2e80000,0x00000000e3c80000)
 ParOldGen       total 90624K, used 12809K [0x0000000081800000, 0x0000000087080000, 0x00000000d5d80000)
  object space 90624K, 14% used [0x0000000081800000,0x00000000824824a8,0x0000000087080000)
 Metaspace       used 19493K, capacity 19782K, committed 20096K, reserved 1067008K
  class space    used 2230K, capacity 2350K, committed 2432K, reserved 1048576K
Event: 47.861 GC heap after
Heap after GC invocations=14 (full 3):
 PSYoungGen      total 168448K, used 10928K [0x00000000d5d80000, 0x00000000e4000000, 0x0000000100000000)
  eden space 157184K, 0% used [0x00000000d5d80000,0x00000000d5d80000,0x00000000df700000)
  from space 11264K, 97% used [0x00000000e2e80000,0x00000000e392c040,0x00000000e3980000)
  to   space 6656K, 0% used [0x00000000e3980000,0x00000000e3980000,0x00000000e4000000)
 ParOldGen       total 90624K, used 12809K [0x0000000081800000, 0x0000000087080000, 0x00000000d5d80000)
  object space 90624K, 14% used [0x0000000081800000,0x00000000824824a8,0x0000000087080000)
 Metaspace       used 19493K, capacity 19782K, committed 20096K, reserved 1067008K
  class space    used 2230K, capacity 2350K, committed 2432K, reserved 1048576K
}
Event: 51.684 GC heap before
{Heap before GC invocations=15 (full 3):
 PSYoungGen      total 168448K, used 166866K [0x00000000d5d80000, 0x00000000e4000000, 0x0000000100000000)
  eden space 157184K, 99% used [0x00000000d5d80000,0x00000000df5c8ab0,0x00000000df700000)
  from space 11264K, 97% used [0x00000000e2e80000,0x00000000e392c040,0x00000000e3980000)
  to   space 6656K, 0% used [0x00000000e3980000,0x00000000e3980000,0x00000000e4000000)
 ParOldGen       total 90624K, used 12809K [0x0000000081800000, 0x0000000087080000, 0x00000000d5d80000)
  object space 90624K, 14% used [0x0000000081800000,0x00000000824824a8,0x0000000087080000)
 Metaspace       used 19520K, capacity 19846K, committed 20096K, reserved 1067008K
  class space    used 2230K, capacity 2350K, committed 2432K, reserved 1048576K
Event: 51.688 GC heap after
Heap after GC invocations=15 (full 3):
 PSYoungGen      total 157696K, used 5528K [0x00000000d5d80000, 0x00000000e3f00000, 0x0000000100000000)
  eden space 152064K, 0% used [0x00000000d5d80000,0x00000000d5d80000,0x00000000df200000)
  from space 5632K, 98% used [0x00000000e3980000,0x00000000e3ee6020,0x00000000e3f00000)
  to   space 14848K, 0% used [0x00000000e2200000,0x00000000e2200000,0x00000000e3080000)
 ParOldGen       total 90624K, used 18217K [0x0000000081800000, 0x0000000087080000, 0x00000000d5d80000)
  object space 90624K, 20% used [0x0000000081800000,0x00000000829ca4c8,0x0000000087080000)
 Metaspace       used 19520K, capacity 19846K, committed 20096K, reserved 1067008K
  class space    used 2230K, capacity 2350K, committed 2432K, reserved 1048576K
}
Event: 55.383 GC heap before
{Heap before GC invocations=16 (full 3):
 PSYoungGen      total 157696K, used 155908K [0x00000000d5d80000, 0x00000000e3f00000, 0x0000000100000000)
  eden space 152064K, 98% used [0x00000000d5d80000,0x00000000df05b228,0x00000000df200000)
  from space 5632K, 98% used [0x00000000e3980000,0x00000000e3ee6020,0x00000000e3f00000)
  to   space 14848K, 0% used [0x00000000e2200000,0x00000000e2200000,0x00000000e3080000)
 ParOldGen       total 90624K, used 18217K [0x0000000081800000, 0x0000000087080000, 0x00000000d5d80000)
  object space 90624K, 20% used [0x0000000081800000,0x00000000829ca4c8,0x0000000087080000)
 Metaspace       used 19523K, capacity 19846K, committed 20096K, reserved 1067008K
  class space    used 2230K, capacity 2350K, committed 2432K, reserved 1048576K
Event: 55.389 GC heap after
Heap after GC invocations=16 (full 3):
 PSYoungGen      total 155648K, used 8228K [0x00000000d5d80000, 0x00000000e3a00000, 0x0000000100000000)
  eden space 146944K, 0% used [0x00000000d5d80000,0x00000000d5d80000,0x00000000ded00000)
  from space 8704K, 94% used [0x00000000e2200000,0x00000000e2a09030,0x00000000e2a80000)
  to   space 14336K, 0% used [0x00000000e2c00000,0x00000000e2c00000,0x00000000e3a00000)
 ParOldGen       total 90624K, used 18217K [0x0000000081800000, 0x0000000087080000, 0x00000000d5d80000)
  object space 90624K, 20% used [0x0000000081800000,0x00000000829ca4c8,0x0000000087080000)
 Metaspace       used 19523K, capacity 19846K, committed 20096K, reserved 1067008K
  class space    used 2230K, capacity 2350K, committed 2432K, reserved 1048576K
}
Event: 59.003 GC heap before
{Heap before GC invocations=17 (full 3):
 PSYoungGen      total 155648K, used 152895K [0x00000000d5d80000, 0x00000000e3a00000, 0x0000000100000000)
  eden space 146944K, 98% used [0x00000000d5d80000,0x00000000deac6d20,0x00000000ded00000)
  from space 8704K, 94% used [0x00000000e2200000,0x00000000e2a09030,0x00000000e2a80000)
  to   space 14336K, 0% used [0x00000000e2c00000,0x00000000e2c00000,0x00000000e3a00000)
 ParOldGen       total 90624K, used 18217K [0x0000000081800000, 0x0000000087080000, 0x00000000d5d80000)
  object space 90624K, 20% used [0x0000000081800000,0x00000000829ca4c8,0x0000000087080000)
 Metaspace       used 19542K, capacity 19846K, committed 20096K, reserved 1067008K
  class space    used 2230K, capacity 2350K, committed 2432K, reserved 1048576K
Event: 59.009 GC heap after
Heap after GC invocations=17 (full 3):
 PSYoungGen      total 151040K, used 8228K [0x00000000d5d80000, 0x00000000e3480000, 0x0000000100000000)
  eden space 142336K, 0% used [0x00000000d5d80000,0x00000000d5d80000,0x00000000de880000)
  from space 8704K, 94% used [0x00000000e2c00000,0x00000000e3409030,0x00000000e3480000)
  to   space 13824K, 0% used [0x00000000e1980000,0x00000000e1980000,0x00000000e2700000)
 ParOldGen       total 90624K, used 18225K [0x0000000081800000, 0x0000000087080000, 0x00000000d5d80000)
  object space 90624K, 20% used [0x0000000081800000,0x00000000829cc4c8,0x0000000087080000)
 Metaspace       used 19542K, capacity 19846K, committed 20096K, reserved 1067008K
  class space    used 2230K, capacity 2350K, committed 2432K, reserved 1048576K
}
Event: 62.550 GC heap before
{Heap before GC invocations=18 (full 3):
 PSYoungGen      total 151040K, used 150146K [0x00000000d5d80000, 0x00000000e3480000, 0x0000000100000000)
  eden space 142336K, 99% used [0x00000000d5d80000,0x00000000de817b70,0x00000000de880000)
  from space 8704K, 94% used [0x00000000e2c00000,0x00000000e3409030,0x00000000e3480000)
  to   space 13824K, 0% used [0x00000000e1980000,0x00000000e1980000,0x00000000e2700000)
 ParOldGen       total 90624K, used 20925K [0x0000000081800000, 0x0000000087080000, 0x00000000d5d80000)
  object space 90624K, 23% used [0x0000000081800000,0x0000000082c6f4d8,0x0000000087080000)
 Metaspace       used 19550K, capacity 19846K, committed 20096K, reserved 1067008K
  class space    used 2230K, capacity 2350K, committed 2432K, reserved 1048576K
Event: 62.558 GC heap after
Heap after GC invocations=18 (full 3):
 PSYoungGen      total 146432K, used 8228K [0x00000000d5d80000, 0x00000000e2c80000, 0x0000000100000000)
  eden space 137728K, 0% used [0x00000000d5d80000,0x00000000d5d80000,0x00000000de400000)
  from space 8704K, 94% used [0x00000000e1980000,0x00000000e2189030,0x00000000e2200000)
  to   space 10752K, 0% used [0x00000000e2200000,0x00000000e2200000,0x00000000e2c80000)
 ParOldGen       total 90624K, used 20925K [0x0000000081800000, 0x0000000087080000, 0x00000000d5d80000)
  object space 90624K, 23% used [0x0000000081800000,0x0000000082c6f4d8,0x0000000087080000)
 Metaspace       used 19550K, capacity 19846K, committed 20096K, reserved 1067008K
  class space    used 2230K, capacity 2350K, committed 2432K, reserved 1048576K
}

