# JRE version: Java(TM) SE Runtime Environment (8.0_161-b12) (build 1.8.0_161-b12)
# Java VM: Java HotSpot(TM) 64-Bit Server VM (25.161-b12 mixed mode windows-amd64 compressed oops)
Heap:
 PSYoungGen      total 277504K, used 260596K [0x00000000d5d80000, 0x00000000f1480000, 0x0000000100000000)
  eden space 261632K, 97% used [0x00000000d5d80000,0x00000000e5597390,0x00000000e5d00000)
  from space 15872K, 41% used [0x00000000e5d00000,0x00000000e6366020,0x00000000e6c80000)
  to   space 15360K, 0% used [0x00000000f0580000,0x00000000f0580000,0x00000000f1480000)
 ParOldGen       total 87552K, used 33627K [0x0000000081800000, 0x0000000086d80000, 0x00000000d5d80000)
  object space 87552K, 38% used [0x0000000081800000,0x00000000838d6d28,0x0000000086d80000)
 Metaspace       used 19745K, capacity 20006K, committed 20096K, reserved 1067008K
  class space    used 2257K, capacity 2382K, committed 2432K, reserved 1048576K
GC Heap History (10 events):
Event: 12.146 GC heap before
{Heap before GC invocations=5 (full 0):
 PSYoungGen      total 71680K, used 69437K [0x00000000d5d80000, 0x00000000da880000, 0x0000000100000000)
  eden space 66560K, 96% used [0x00000000d5d80000,0x00000000d9c544f8,0x00000000d9e80000)
  from space 5120K, 99% used [0x00000000da380000,0x00000000da87b010,0x00000000da880000)
  to   space 5120K, 0% used [0x00000000d9e80000,0x00000000d9e80000,0x00000000da380000)
 ParOldGen       total 87552K, used 7978K [0x0000000081800000, 0x0000000086d80000, 0x00000000d5d80000)
  object space 87552K, 9% used [0x0000000081800000,0x0000000081fca920,0x0000000086d80000)
 Metaspace       used 18702K, capacity 18942K, committed 19072K, reserved 1067008K
  class space    used 2236K, capacity 2350K, committed 2432K, reserved 1048576K
Event: 12.158 GC heap after
Heap after GC invocations=5 (full 0):
 PSYoungGen      total 71680K, used 5100K [0x00000000d5d80000, 0x00000000df880000, 0x0000000100000000)
  eden space 66560K, 0% used [0x00000000d5d80000,0x00000000d5d80000,0x00000000d9e80000)
  from space 5120K, 99% used [0x00000000d9e80000,0x00000000da37b010,0x00000000da380000)
  to   space 12800K, 0% used [0x00000000dec00000,0x00000000dec00000,0x00000000df880000)
 ParOldGen       total 87552K, used 13394K [0x0000000081800000, 0x0000000086d80000, 0x00000000d5d80000)
  object space 87552K, 15% used [0x0000000081800000,0x0000000082514940,0x0000000086d80000)
 Metaspace       used 18702K, capacity 18942K, committed 19072K, reserved 1067008K
  class space    used 2236K, capacity 2350K, committed 2432K, reserved 1048576K
}
Event: 13.396 GC heap before
{Heap before GC invocations=6 (full 0):
 PSYoungGen      total 71680K, used 71557K [0x00000000d5d80000, 0x00000000df880000, 0x0000000100000000)
  eden space 66560K, 99% used [0x00000000d5d80000,0x00000000d9e66708,0x00000000d9e80000)
  from space 5120K, 99% used [0x00000000d9e80000,0x00000000da37b010,0x00000000da380000)
  to   space 12800K, 0% used [0x00000000dec00000,0x00000000dec00000,0x00000000df880000)
 ParOldGen       total 87552K, used 13394K [0x0000000081800000, 0x0000000086d80000, 0x00000000d5d80000)
  object space 87552K, 15% used [0x0000000081800000,0x0000000082514940,0x0000000086d80000)
 Metaspace       used 18862K, capacity 19198K, committed 19328K, reserved 1067008K
  class space    used 2242K, capacity 2350K, committed 2432K, reserved 1048576K
Event: 13.410 GC heap after
Heap after GC invocations=6 (full 0):
 PSYoungGen      total 144384K, used 11689K [0x00000000d5d80000, 0x00000000dfb80000, 0x0000000100000000)
  eden space 131584K, 0% used [0x00000000d5d80000,0x00000000d5d80000,0x00000000dde00000)
  from space 12800K, 91% used [0x00000000dec00000,0x00000000df76a788,0x00000000df880000)
  to   space 14336K, 0% used [0x00000000dde00000,0x00000000dde00000,0x00000000dec00000)
 ParOldGen       total 87552K, used 20926K [0x0000000081800000, 0x0000000086d80000, 0x00000000d5d80000)
  object space 87552K, 23% used [0x0000000081800000,0x0000000082c6f810,0x0000000086d80000)
 Metaspace       used 18862K, capacity 19198K, committed 19328K, reserved 1067008K
  class space    used 2242K, capacity 2350K, committed 2432K, reserved 1048576K
}
Event: 16.475 GC heap before
{Heap before GC invocations=7 (full 0):
 PSYoungGen      total 144384K, used 141400K [0x00000000d5d80000, 0x00000000dfb80000, 0x0000000100000000)
  eden space 131584K, 98% used [0x00000000d5d80000,0x00000000ddc2ba98,0x00000000dde00000)
  from space 12800K, 91% used [0x00000000dec00000,0x00000000df76a788,0x00000000df880000)
  to   space 14336K, 0% used [0x00000000dde00000,0x00000000dde00000,0x00000000dec00000)
 ParOldGen       total 87552K, used 20926K [0x0000000081800000, 0x0000000086d80000, 0x00000000d5d80000)
  object space 87552K, 23% used [0x0000000081800000,0x0000000082c6f810,0x0000000086d80000)
 Metaspace       used 19123K, capacity 19454K, committed 19584K, reserved 1067008K
  class space    used 2245K, capacity 2350K, committed 2432K, reserved 1048576K
Event: 16.488 GC heap after
Heap after GC invocations=7 (full 0):
 PSYoungGen      total 145920K, used 9513K [0x00000000d5d80000, 0x00000000e7a80000, 0x0000000100000000)
  eden space 131584K, 0% used [0x00000000d5d80000,0x00000000d5d80000,0x00000000dde00000)
  from space 14336K, 66% used [0x00000000dde00000,0x00000000de74a788,0x00000000dec00000)
  to   space 14336K, 0% used [0x00000000e6c80000,0x00000000e6c80000,0x00000000e7a80000)
 ParOldGen       total 87552K, used 23293K [0x0000000081800000, 0x0000000086d80000, 0x00000000d5d80000)
  object space 87552K, 26% used [0x0000000081800000,0x0000000082ebf720,0x0000000086d80000)
 Metaspace       used 19123K, capacity 19454K, committed 19584K, reserved 1067008K
  class space    used 2245K, capacity 2350K, committed 2432K, reserved 1048576K
}
Event: 19.498 GC heap before
{Heap before GC invocations=8 (full 0):
 PSYoungGen      total 145920K, used 140793K [0x00000000d5d80000, 0x00000000e7a80000, 0x0000000100000000)
  eden space 131584K, 99% used [0x00000000d5d80000,0x00000000dddb3e88,0x00000000dde00000)
  from space 14336K, 66% used [0x00000000dde00000,0x00000000de74a788,0x00000000dec00000)
  to   space 14336K, 0% used [0x00000000e6c80000,0x00000000e6c80000,0x00000000e7a80000)
 ParOldGen       total 87552K, used 23293K [0x0000000081800000, 0x0000000086d80000, 0x00000000d5d80000)
  object space 87552K, 26% used [0x0000000081800000,0x0000000082ebf720,0x0000000086d80000)
 Metaspace       used 19257K, capacity 19518K, committed 19840K, reserved 1067008K
  class space    used 2247K, capacity 2350K, committed 2432K, reserved 1048576K
Event: 19.511 GC heap after
Heap after GC invocations=8 (full 0):
 PSYoungGen      total 275968K, used 13659K [0x00000000d5d80000, 0x00000000e7d80000, 0x0000000100000000)
  eden space 261632K, 0% used [0x00000000d5d80000,0x00000000d5d80000,0x00000000e5d00000)
  from space 14336K, 95% used [0x00000000e6c80000,0x00000000e79d6ef0,0x00000000e7a80000)
  to   space 15872K, 0% used [0x00000000e5d00000,0x00000000e5d00000,0x00000000e6c80000)
 ParOldGen       total 87552K, used 27071K [0x0000000081800000, 0x0000000086d80000, 0x00000000d5d80000)
  object space 87552K, 30% used [0x0000000081800000,0x000000008326fe88,0x0000000086d80000)
 Metaspace       used 19257K, capacity 19518K, committed 19840K, reserved 1067008K
  class space    used 2247K, capacity 2350K, committed 2432K, reserved 1048576K
}
Event: 25.553 GC heap before
{Heap before GC invocations=9 (full 0):
 PSYoungGen      total 275968K, used 274296K [0x00000000d5d80000, 0x00000000e7d80000, 0x0000000100000000)
  eden space 261632K, 99% used [0x00000000d5d80000,0x00000000e5c07238,0x00000000e5d00000)
  from space 14336K, 95% used [0x00000000e6c80000,0x00000000e79d6ef0,0x00000000e7a80000)
  to   space 15872K, 0% used [0x00000000e5d00000,0x00000000e5d00000,0x00000000e6c80000)
 ParOldGen       total 87552K, used 27071K [0x0000000081800000, 0x0000000086d80000, 0x00000000d5d80000)
  object space 87552K, 30% used [0x0000000081800000,0x000000008326fe88,0x0000000086d80000)
 Metaspace       used 19551K, capacity 19782K, committed 20096K, reserved 1067008K
  class space    used 2249K, capacity 2350K, committed 2432K, reserved 1048576K
Event: 25.581 GC heap after
Heap after GC invocations=9 (full 0):
 PSYoungGen      total 277504K, used 6552K [0x00000000d5d80000, 0x00000000f1480000, 0x0000000100000000)
  eden space 261632K, 0% used [0x00000000d5d80000,0x00000000d5d80000,0x00000000e5d00000)
  from space 15872K, 41% used [0x00000000e5d00000,0x00000000e6366020,0x00000000e6c80000)
  to   space 15360K, 0% used [0x00000000f0580000,0x00000000f0580000,0x00000000f1480000)
 ParOldGen       total 87552K, used 33627K [0x0000000081800000, 0x0000000086d80000, 0x00000000d5d80000)
  object space 87552K, 38% used [0x0000000081800000,0x00000000838d6d28,0x0000000086d80000)
 Metaspace       used 19551K, capacity 19782K, committed 20096K, reserved 1067008K
  class space    used 2249K, capacity 2350K, committed 2432K, reserved 1048576K
}

