# JRE version: Java(TM) SE Runtime Environment (8.0_161-b12) (build 1.8.0_161-b12)
# Java VM: Java HotSpot(TM) 64-Bit Server VM (25.161-b12 mixed mode windows-amd64 compressed oops)
Heap:
 PSYoungGen      total 145920K, used 98976K [0x00000000d5d80000, 0x00000000e7b80000, 0x0000000100000000)
  eden space 132608K, 66% used [0x00000000d5d80000,0x00000000db3f41b0,0x00000000ddf00000)
  from space 13312K, 78% used [0x00000000ddf00000,0x00000000de933ee0,0x00000000dec00000)
  to   space 13824K, 0% used [0x00000000e6e00000,0x00000000e6e00000,0x00000000e7b80000)
 ParOldGen       total 87552K, used 16595K [0x0000000081800000, 0x0000000086d80000, 0x00000000d5d80000)
  object space 87552K, 18% used [0x0000000081800000,0x0000000082834f70,0x0000000086d80000)
 Metaspace       used 19229K, capacity 19454K, committed 19584K, reserved 1067008K
  class space    used 2250K, capacity 2350K, committed 2432K, reserved 1048576K
GC Heap History (10 events):
Event: 10.392 GC heap before
{Heap before GC invocations=3 (full 0):
 PSYoungGen      total 38400K, used 36785K [0x00000000d5d80000, 0x00000000da880000, 0x0000000100000000)
  eden space 33280K, 95% used [0x00000000d5d80000,0x00000000d7c6d578,0x00000000d7e00000)
  from space 5120K, 99% used [0x00000000d8300000,0x00000000d87ff020,0x00000000d8800000)
  to   space 5120K, 0% used [0x00000000d7e00000,0x00000000d7e00000,0x00000000d8300000)
 ParOldGen       total 87552K, used 3300K [0x0000000081800000, 0x0000000086d80000, 0x00000000d5d80000)
  object space 87552K, 3% used [0x0000000081800000,0x0000000081b39020,0x0000000086d80000)
 Metaspace       used 18566K, capacity 18810K, committed 19072K, reserved 1067008K
  class space    used 2238K, capacity 2350K, committed 2432K, reserved 1048576K
Event: 10.399 GC heap after
Heap after GC invocations=3 (full 0):
 PSYoungGen      total 38400K, used 5100K [0x00000000d5d80000, 0x00000000da880000, 0x0000000100000000)
  eden space 33280K, 0% used [0x00000000d5d80000,0x00000000d5d80000,0x00000000d7e00000)
  from space 5120K, 99% used [0x00000000d7e00000,0x00000000d82fb030,0x00000000d8300000)
  to   space 5120K, 0% used [0x00000000da380000,0x00000000da380000,0x00000000da880000)
 ParOldGen       total 87552K, used 3340K [0x0000000081800000, 0x0000000086d80000, 0x00000000d5d80000)
  object space 87552K, 3% used [0x0000000081800000,0x0000000081b43020,0x0000000086d80000)
 Metaspace       used 18566K, capacity 18810K, committed 19072K, reserved 1067008K
  class space    used 2238K, capacity 2350K, committed 2432K, reserved 1048576K
}
Event: 10.529 GC heap before
{Heap before GC invocations=4 (full 0):
 PSYoungGen      total 38400K, used 35978K [0x00000000d5d80000, 0x00000000da880000, 0x0000000100000000)
  eden space 33280K, 92% used [0x00000000d5d80000,0x00000000d7ba7b58,0x00000000d7e00000)
  from space 5120K, 99% used [0x00000000d7e00000,0x00000000d82fb030,0x00000000d8300000)
  to   space 5120K, 0% used [0x00000000da380000,0x00000000da380000,0x00000000da880000)
 ParOldGen       total 87552K, used 3340K [0x0000000081800000, 0x0000000086d80000, 0x00000000d5d80000)
  object space 87552K, 3% used [0x0000000081800000,0x0000000081b43020,0x0000000086d80000)
 Metaspace       used 18602K, capacity 18874K, committed 19072K, reserved 1067008K
  class space    used 2238K, capacity 2350K, committed 2432K, reserved 1048576K
Event: 10.540 GC heap after
Heap after GC invocations=4 (full 0):
 PSYoungGen      total 71680K, used 5116K [0x00000000d5d80000, 0x00000000da880000, 0x0000000100000000)
  eden space 66560K, 0% used [0x00000000d5d80000,0x00000000d5d80000,0x00000000d9e80000)
  from space 5120K, 99% used [0x00000000da380000,0x00000000da87f020,0x00000000da880000)
  to   space 5120K, 0% used [0x00000000d9e80000,0x00000000d9e80000,0x00000000da380000)
 ParOldGen       total 87552K, used 8788K [0x0000000081800000, 0x0000000086d80000, 0x00000000d5d80000)
  object space 87552K, 10% used [0x0000000081800000,0x0000000082095040,0x0000000086d80000)
 Metaspace       used 18602K, capacity 18874K, committed 19072K, reserved 1067008K
  class space    used 2238K, capacity 2350K, committed 2432K, reserved 1048576K
}
Event: 10.819 GC heap before
{Heap before GC invocations=5 (full 0):
 PSYoungGen      total 71680K, used 70377K [0x00000000d5d80000, 0x00000000da880000, 0x0000000100000000)
  eden space 66560K, 98% used [0x00000000d5d80000,0x00000000d9d3b618,0x00000000d9e80000)
  from space 5120K, 99% used [0x00000000da380000,0x00000000da87f020,0x00000000da880000)
  to   space 5120K, 0% used [0x00000000d9e80000,0x00000000d9e80000,0x00000000da380000)
 ParOldGen       total 87552K, used 8788K [0x0000000081800000, 0x0000000086d80000, 0x00000000d5d80000)
  object space 87552K, 10% used [0x0000000081800000,0x0000000082095040,0x0000000086d80000)
 Metaspace       used 18679K, capacity 18942K, committed 19072K, reserved 1067008K
  class space    used 2242K, capacity 2350K, committed 2432K, reserved 1048576K
Event: 10.830 GC heap after
Heap after GC invocations=5 (full 0):
 PSYoungGen      total 71680K, used 5100K [0x00000000d5d80000, 0x00000000df880000, 0x0000000100000000)
  eden space 66560K, 0% used [0x00000000d5d80000,0x00000000d5d80000,0x00000000d9e80000)
  from space 5120K, 99% used [0x00000000d9e80000,0x00000000da37b030,0x00000000da380000)
  to   space 12800K, 0% used [0x00000000dec00000,0x00000000dec00000,0x00000000df880000)
 ParOldGen       total 87552K, used 14220K [0x0000000081800000, 0x0000000086d80000, 0x00000000d5d80000)
  object space 87552K, 16% used [0x0000000081800000,0x00000000825e3060,0x0000000086d80000)
 Metaspace       used 18679K, capacity 18942K, committed 19072K, reserved 1067008K
  class space    used 2242K, capacity 2350K, committed 2432K, reserved 1048576K
}
Event: 12.359 GC heap before
{Heap before GC invocations=6 (full 0):
 PSYoungGen      total 71680K, used 69722K [0x00000000d5d80000, 0x00000000df880000, 0x0000000100000000)
  eden space 66560K, 97% used [0x00000000d5d80000,0x00000000d9c9bb58,0x00000000d9e80000)
  from space 5120K, 99% used [0x00000000d9e80000,0x00000000da37b030,0x00000000da380000)
  to   space 12800K, 0% used [0x00000000dec00000,0x00000000dec00000,0x00000000df880000)
 ParOldGen       total 87552K, used 14220K [0x0000000081800000, 0x0000000086d80000, 0x00000000d5d80000)
  object space 87552K, 16% used [0x0000000081800000,0x00000000825e3060,0x0000000086d80000)
 Metaspace       used 18855K, capacity 19134K, committed 19328K, reserved 1067008K
  class space    used 2244K, capacity 2350K, committed 2432K, reserved 1048576K
Event: 12.370 GC heap after
Heap after GC invocations=6 (full 0):
 PSYoungGen      total 145408K, used 10564K [0x00000000d5d80000, 0x00000000df980000, 0x0000000100000000)
  eden space 132608K, 0% used [0x00000000d5d80000,0x00000000d5d80000,0x00000000ddf00000)
  from space 12800K, 82% used [0x00000000dec00000,0x00000000df651050,0x00000000df880000)
  to   space 13312K, 0% used [0x00000000ddf00000,0x00000000ddf00000,0x00000000dec00000)
 ParOldGen       total 87552K, used 14228K [0x0000000081800000, 0x0000000086d80000, 0x00000000d5d80000)
  object space 87552K, 16% used [0x0000000081800000,0x00000000825e5060,0x0000000086d80000)
 Metaspace       used 18855K, capacity 19134K, committed 19328K, reserved 1067008K
  class space    used 2244K, capacity 2350K, committed 2432K, reserved 1048576K
}
Event: 15.753 GC heap before
{Heap before GC invocations=7 (full 0):
 PSYoungGen      total 145408K, used 141391K [0x00000000d5d80000, 0x00000000df980000, 0x0000000100000000)
  eden space 132608K, 98% used [0x00000000d5d80000,0x00000000ddd42f50,0x00000000ddf00000)
  from space 12800K, 82% used [0x00000000dec00000,0x00000000df651050,0x00000000df880000)
  to   space 13312K, 0% used [0x00000000ddf00000,0x00000000ddf00000,0x00000000dec00000)
 ParOldGen       total 87552K, used 14228K [0x0000000081800000, 0x0000000086d80000, 0x00000000d5d80000)
  object space 87552K, 16% used [0x0000000081800000,0x00000000825e5060,0x0000000086d80000)
 Metaspace       used 19101K, capacity 19326K, committed 19584K, reserved 1067008K
  class space    used 2244K, capacity 2350K, committed 2432K, reserved 1048576K
Event: 15.770 GC heap after
Heap after GC invocations=7 (full 0):
 PSYoungGen      total 145920K, used 10447K [0x00000000d5d80000, 0x00000000e7b80000, 0x0000000100000000)
  eden space 132608K, 0% used [0x00000000d5d80000,0x00000000d5d80000,0x00000000ddf00000)
  from space 13312K, 78% used [0x00000000ddf00000,0x00000000de933ee0,0x00000000dec00000)
  to   space 13824K, 0% used [0x00000000e6e00000,0x00000000e6e00000,0x00000000e7b80000)
 ParOldGen       total 87552K, used 16595K [0x0000000081800000, 0x0000000086d80000, 0x00000000d5d80000)
  object space 87552K, 18% used [0x0000000081800000,0x0000000082834f70,0x0000000086d80000)
 Metaspace       used 19101K, capacity 19326K, committed 19584K, reserved 1067008K
  class space    used 2244K, capacity 2350K, committed 2432K, reserved 1048576K
}

