# JRE version: Java(TM) SE Runtime Environment (8.0_161-b12) (build 1.8.0_161-b12)
# Java VM: Java HotSpot(TM) 64-Bit Server VM (25.161-b12 mixed mode windows-amd64 compressed oops)
Heap:
 PSYoungGen      total 136704K, used 25458K [0x00000000d5d80000, 0x00000000e0780000, 0x0000000100000000)
  eden space 128000K, 13% used [0x00000000d5d80000,0x00000000d6e3b910,0x00000000dda80000)
  from space 8704K, 95% used [0x00000000df580000,0x00000000dfda1030,0x00000000dfe00000)
  to   space 9728K, 0% used [0x00000000dfe00000,0x00000000dfe00000,0x00000000e0780000)
 ParOldGen       total 57856K, used 41776K [0x0000000081800000, 0x0000000085080000, 0x00000000d5d80000)
  object space 57856K, 72% used [0x0000000081800000,0x00000000840cc0c0,0x0000000085080000)
 Metaspace       used 19792K, capacity 20106K, committed 20352K, reserved 1067008K
  class space    used 2242K, capacity 2350K, committed 2432K, reserved 1048576K
GC Heap History (10 events):
Event: 56.899 GC heap before
{Heap before GC invocations=16 (full 1):
 PSYoungGen      total 161280K, used 160973K [0x00000000d5d80000, 0x00000000e1d80000, 0x0000000100000000)
  eden space 155648K, 99% used [0x00000000d5d80000,0x00000000df54d410,0x00000000df580000)
  from space 5632K, 98% used [0x00000000e1800000,0x00000000e1d66020,0x00000000e1d80000)
  to   space 12288K, 0% used [0x00000000e0580000,0x00000000e0580000,0x00000000e1180000)
 ParOldGen       total 57856K, used 39036K [0x0000000081800000, 0x0000000085080000, 0x00000000d5d80000)
  object space 57856K, 67% used [0x0000000081800000,0x0000000083e1f0b0,0x0000000085080000)
 Metaspace       used 19591K, capacity 19914K, committed 20096K, reserved 1067008K
  class space    used 2235K, capacity 2350K, committed 2432K, reserved 1048576K
Event: 56.905 GC heap after
Heap after GC invocations=16 (full 1):
 PSYoungGen      total 158208K, used 8228K [0x00000000d5d80000, 0x00000000e1880000, 0x0000000100000000)
  eden space 149504K, 0% used [0x00000000d5d80000,0x00000000d5d80000,0x00000000def80000)
  from space 8704K, 94% used [0x00000000e0580000,0x00000000e0d89030,0x00000000e0e00000)
  to   space 10752K, 0% used [0x00000000e0e00000,0x00000000e0e00000,0x00000000e1880000)
 ParOldGen       total 57856K, used 39060K [0x0000000081800000, 0x0000000085080000, 0x00000000d5d80000)
  object space 57856K, 67% used [0x0000000081800000,0x0000000083e250b0,0x0000000085080000)
 Metaspace       used 19591K, capacity 19914K, committed 20096K, reserved 1067008K
  class space    used 2235K, capacity 2350K, committed 2432K, reserved 1048576K
}
Event: 60.516 GC heap before
{Heap before GC invocations=17 (full 1):
 PSYoungGen      total 158208K, used 155543K [0x00000000d5d80000, 0x00000000e1880000, 0x0000000100000000)
  eden space 149504K, 98% used [0x00000000d5d80000,0x00000000ded5cd98,0x00000000def80000)
  from space 8704K, 94% used [0x00000000e0580000,0x00000000e0d89030,0x00000000e0e00000)
  to   space 10752K, 0% used [0x00000000e0e00000,0x00000000e0e00000,0x00000000e1880000)
 ParOldGen       total 57856K, used 39060K [0x0000000081800000, 0x0000000085080000, 0x00000000d5d80000)
  object space 57856K, 67% used [0x0000000081800000,0x0000000083e250b0,0x0000000085080000)
 Metaspace       used 19592K, capacity 19914K, committed 20096K, reserved 1067008K
  class space    used 2235K, capacity 2350K, committed 2432K, reserved 1048576K
Event: 60.519 GC heap after
Heap after GC invocations=17 (full 1):
 PSYoungGen      total 152576K, used 8228K [0x00000000d5d80000, 0x00000000e1680000, 0x0000000100000000)
  eden space 143872K, 0% used [0x00000000d5d80000,0x00000000d5d80000,0x00000000dea00000)
  from space 8704K, 94% used [0x00000000e0e00000,0x00000000e1609030,0x00000000e1680000)
  to   space 12288K, 0% used [0x00000000dfe80000,0x00000000dfe80000,0x00000000e0a80000)
 ParOldGen       total 57856K, used 39060K [0x0000000081800000, 0x0000000085080000, 0x00000000d5d80000)
  object space 57856K, 67% used [0x0000000081800000,0x0000000083e250b0,0x0000000085080000)
 Metaspace       used 19592K, capacity 19914K, committed 20096K, reserved 1067008K
  class space    used 2235K, capacity 2350K, committed 2432K, reserved 1048576K
}
Event: 64.072 GC heap before
{Heap before GC invocations=18 (full 1):
 PSYoungGen      total 152576K, used 150088K [0x00000000d5d80000, 0x00000000e1680000, 0x0000000100000000)
  eden space 143872K, 98% used [0x00000000d5d80000,0x00000000de8091b0,0x00000000dea00000)
  from space 8704K, 94% used [0x00000000e0e00000,0x00000000e1609030,0x00000000e1680000)
  to   space 12288K, 0% used [0x00000000dfe80000,0x00000000dfe80000,0x00000000e0a80000)
 ParOldGen       total 57856K, used 39060K [0x0000000081800000, 0x0000000085080000, 0x00000000d5d80000)
  object space 57856K, 67% used [0x0000000081800000,0x0000000083e250b0,0x0000000085080000)
 Metaspace       used 19668K, capacity 19978K, committed 20352K, reserved 1067008K
  class space    used 2236K, capacity 2350K, committed 2432K, reserved 1048576K
Event: 64.077 GC heap after
Heap after GC invocations=18 (full 1):
 PSYoungGen      total 146944K, used 8260K [0x00000000d5d80000, 0x00000000e0e80000, 0x0000000100000000)
  eden space 138240K, 0% used [0x00000000d5d80000,0x00000000d5d80000,0x00000000de480000)
  from space 8704K, 94% used [0x00000000dfe80000,0x00000000e0691030,0x00000000e0700000)
  to   space 7680K, 0% used [0x00000000e0700000,0x00000000e0700000,0x00000000e0e80000)
 ParOldGen       total 57856K, used 39068K [0x0000000081800000, 0x0000000085080000, 0x00000000d5d80000)
  object space 57856K, 67% used [0x0000000081800000,0x0000000083e270b0,0x0000000085080000)
 Metaspace       used 19668K, capacity 19978K, committed 20352K, reserved 1067008K
  class space    used 2236K, capacity 2350K, committed 2432K, reserved 1048576K
}
Event: 67.446 GC heap before
{Heap before GC invocations=19 (full 1):
 PSYoungGen      total 146944K, used 145711K [0x00000000d5d80000, 0x00000000e0e80000, 0x0000000100000000)
  eden space 138240K, 99% used [0x00000000d5d80000,0x00000000de3bae30,0x00000000de480000)
  from space 8704K, 94% used [0x00000000dfe80000,0x00000000e0691030,0x00000000e0700000)
  to   space 7680K, 0% used [0x00000000e0700000,0x00000000e0700000,0x00000000e0e80000)
 ParOldGen       total 57856K, used 39068K [0x0000000081800000, 0x0000000085080000, 0x00000000d5d80000)
  object space 57856K, 67% used [0x0000000081800000,0x0000000083e270b0,0x0000000085080000)
 Metaspace       used 19668K, capacity 19978K, committed 20352K, reserved 1067008K
  class space    used 2236K, capacity 2350K, committed 2432K, reserved 1048576K
Event: 67.451 GC heap after
Heap after GC invocations=19 (full 1):
 PSYoungGen      total 138752K, used 5560K [0x00000000d5d80000, 0x00000000e0c80000, 0x0000000100000000)
  eden space 133120K, 0% used [0x00000000d5d80000,0x00000000d5d80000,0x00000000ddf80000)
  from space 5632K, 98% used [0x00000000e0700000,0x00000000e0c6e020,0x00000000e0c80000)
  to   space 11776K, 0% used [0x00000000df580000,0x00000000df580000,0x00000000e0100000)
 ParOldGen       total 57856K, used 41776K [0x0000000081800000, 0x0000000085080000, 0x00000000d5d80000)
  object space 57856K, 72% used [0x0000000081800000,0x00000000840cc0c0,0x0000000085080000)
 Metaspace       used 19668K, capacity 19978K, committed 20352K, reserved 1067008K
  class space    used 2236K, capacity 2350K, committed 2432K, reserved 1048576K
}
Event: 70.568 GC heap before
{Heap before GC invocations=20 (full 1):
 PSYoungGen      total 138752K, used 136695K [0x00000000d5d80000, 0x00000000e0c80000, 0x0000000100000000)
  eden space 133120K, 98% used [0x00000000d5d80000,0x00000000ddd8fc08,0x00000000ddf80000)
  from space 5632K, 98% used [0x00000000e0700000,0x00000000e0c6e020,0x00000000e0c80000)
  to   space 11776K, 0% used [0x00000000df580000,0x00000000df580000,0x00000000e0100000)
 ParOldGen       total 57856K, used 41776K [0x0000000081800000, 0x0000000085080000, 0x00000000d5d80000)
  object space 57856K, 72% used [0x0000000081800000,0x00000000840cc0c0,0x0000000085080000)
 Metaspace       used 19760K, capacity 20042K, committed 20352K, reserved 1067008K
  class space    used 2240K, capacity 2350K, committed 2432K, reserved 1048576K
Event: 70.573 GC heap after
Heap after GC invocations=20 (full 1):
 PSYoungGen      total 136704K, used 8324K [0x00000000d5d80000, 0x00000000e0780000, 0x0000000100000000)
  eden space 128000K, 0% used [0x00000000d5d80000,0x00000000d5d80000,0x00000000dda80000)
  from space 8704K, 95% used [0x00000000df580000,0x00000000dfda1030,0x00000000dfe00000)
  to   space 9728K, 0% used [0x00000000dfe00000,0x00000000dfe00000,0x00000000e0780000)
 ParOldGen       total 57856K, used 41776K [0x0000000081800000, 0x0000000085080000, 0x00000000d5d80000)
  object space 57856K, 72% used [0x0000000081800000,0x00000000840cc0c0,0x0000000085080000)
 Metaspace       used 19760K, capacity 20042K, committed 20352K, reserved 1067008K
  class space    used 2240K, capacity 2350K, committed 2432K, reserved 1048576K
}

