# JRE version: Java(TM) SE Runtime Environment (8.0_161-b12) (build 1.8.0_161-b12)
# Java VM: Java HotSpot(TM) 64-Bit Server VM (25.161-b12 mixed mode windows-amd64 compressed oops)
Heap:
 PSYoungGen      total 252928K, used 243579K [0x00000000d5d80000, 0x00000000e6400000, 0x0000000100000000)
  eden space 241152K, 97% used [0x00000000d5d80000,0x00000000e432b880,0x00000000e4900000)
  from space 11776K, 71% used [0x00000000e5880000,0x00000000e60b33b0,0x00000000e6400000)
  to   space 13824K, 0% used [0x00000000e4900000,0x00000000e4900000,0x00000000e5680000)
 ParOldGen       total 63488K, used 23605K [0x0000000081800000, 0x0000000085600000, 0x00000000d5d80000)
  object space 63488K, 37% used [0x0000000081800000,0x0000000082f0d6f0,0x0000000085600000)
 Metaspace       used 19433K, capacity 19734K, committed 20096K, reserved 1067008K
  class space    used 2242K, capacity 2350K, committed 2432K, reserved 1048576K
GC Heap History (10 events):
Event: 17.726 GC heap before
{Heap before GC invocations=5 (full 1):
 PSYoungGen      total 71680K, used 70580K [0x00000000d5d80000, 0x00000000da880000, 0x0000000100000000)
  eden space 66560K, 99% used [0x00000000d5d80000,0x00000000d9e32310,0x00000000d9e80000)
  from space 5120K, 84% used [0x00000000da380000,0x00000000da7bb010,0x00000000da880000)
  to   space 5120K, 0% used [0x00000000d9e80000,0x00000000d9e80000,0x00000000da380000)
 ParOldGen       total 198144K, used 196848K [0x0000000081800000, 0x000000008d980000, 0x00000000d5d80000)
  object space 198144K, 99% used [0x0000000081800000,0x000000008d83c3c0,0x000000008d980000)
 Metaspace       used 18844K, capacity 19150K, committed 19328K, reserved 1067008K
  class space    used 2225K, capacity 2350K, committed 2432K, reserved 1048576K
Event: 17.784 GC heap after
Heap after GC invocations=5 (full 1):
 PSYoungGen      total 71680K, used 0K [0x00000000d5d80000, 0x00000000da880000, 0x0000000100000000)
  eden space 66560K, 0% used [0x00000000d5d80000,0x00000000d5d80000,0x00000000d9e80000)
  from space 5120K, 0% used [0x00000000da380000,0x00000000da380000,0x00000000da880000)
  to   space 5120K, 0% used [0x00000000d9e80000,0x00000000d9e80000,0x00000000da380000)
 ParOldGen       total 63488K, used 15473K [0x0000000081800000, 0x0000000085600000, 0x00000000d5d80000)
  object space 63488K, 24% used [0x0000000081800000,0x000000008271c6c0,0x0000000085600000)
 Metaspace       used 18844K, capacity 19150K, committed 19328K, reserved 1067008K
  class space    used 2225K, capacity 2350K, committed 2432K, reserved 1048576K
}
Event: 19.256 GC heap before
{Heap before GC invocations=6 (full 1):
 PSYoungGen      total 71680K, used 64029K [0x00000000d5d80000, 0x00000000da880000, 0x0000000100000000)
  eden space 66560K, 96% used [0x00000000d5d80000,0x00000000d9c07738,0x00000000d9e80000)
  from space 5120K, 0% used [0x00000000da380000,0x00000000da380000,0x00000000da880000)
  to   space 5120K, 0% used [0x00000000d9e80000,0x00000000d9e80000,0x00000000da380000)
 ParOldGen       total 63488K, used 15473K [0x0000000081800000, 0x0000000085600000, 0x00000000d5d80000)
  object space 63488K, 24% used [0x0000000081800000,0x000000008271c6c0,0x0000000085600000)
 Metaspace       used 18871K, capacity 19150K, committed 19328K, reserved 1067008K
  class space    used 2225K, capacity 2350K, committed 2432K, reserved 1048576K
Event: 19.285 GC heap after
Heap after GC invocations=6 (full 1):
 PSYoungGen      total 71680K, used 2828K [0x00000000d5d80000, 0x00000000df480000, 0x0000000100000000)
  eden space 66560K, 0% used [0x00000000d5d80000,0x00000000d5d80000,0x00000000d9e80000)
  from space 5120K, 55% used [0x00000000d9e80000,0x00000000da143010,0x00000000da380000)
  to   space 12800K, 0% used [0x00000000de800000,0x00000000de800000,0x00000000df480000)
 ParOldGen       total 63488K, used 23581K [0x0000000081800000, 0x0000000085600000, 0x00000000d5d80000)
  object space 63488K, 37% used [0x0000000081800000,0x0000000082f076f0,0x0000000085600000)
 Metaspace       used 18871K, capacity 19150K, committed 19328K, reserved 1067008K
  class space    used 2225K, capacity 2350K, committed 2432K, reserved 1048576K
}
Event: 20.822 GC heap before
{Heap before GC invocations=7 (full 1):
 PSYoungGen      total 71680K, used 68590K [0x00000000d5d80000, 0x00000000df480000, 0x0000000100000000)
  eden space 66560K, 98% used [0x00000000d5d80000,0x00000000d9db8b38,0x00000000d9e80000)
  from space 5120K, 55% used [0x00000000d9e80000,0x00000000da143010,0x00000000da380000)
  to   space 12800K, 0% used [0x00000000de800000,0x00000000de800000,0x00000000df480000)
 ParOldGen       total 63488K, used 23581K [0x0000000081800000, 0x0000000085600000, 0x00000000d5d80000)
  object space 63488K, 37% used [0x0000000081800000,0x0000000082f076f0,0x0000000085600000)
 Metaspace       used 18976K, capacity 19214K, committed 19584K, reserved 1067008K
  class space    used 2227K, capacity 2350K, committed 2432K, reserved 1048576K
Event: 20.835 GC heap after
Heap after GC invocations=7 (full 1):
 PSYoungGen      total 140800K, used 8364K [0x00000000d5d80000, 0x00000000df480000, 0x0000000100000000)
  eden space 128000K, 0% used [0x00000000d5d80000,0x00000000d5d80000,0x00000000dda80000)
  from space 12800K, 65% used [0x00000000de800000,0x00000000df02b3b0,0x00000000df480000)
  to   space 13312K, 0% used [0x00000000dda80000,0x00000000dda80000,0x00000000de780000)
 ParOldGen       total 63488K, used 23589K [0x0000000081800000, 0x0000000085600000, 0x00000000d5d80000)
  object space 63488K, 37% used [0x0000000081800000,0x0000000082f096f0,0x0000000085600000)
 Metaspace       used 18976K, capacity 19214K, committed 19584K, reserved 1067008K
  class space    used 2227K, capacity 2350K, committed 2432K, reserved 1048576K
}
Event: 23.850 GC heap before
{Heap before GC invocations=8 (full 1):
 PSYoungGen      total 140800K, used 135367K [0x00000000d5d80000, 0x00000000df480000, 0x0000000100000000)
  eden space 128000K, 99% used [0x00000000d5d80000,0x00000000dd986888,0x00000000dda80000)
  from space 12800K, 65% used [0x00000000de800000,0x00000000df02b3b0,0x00000000df480000)
  to   space 13312K, 0% used [0x00000000dda80000,0x00000000dda80000,0x00000000de780000)
 ParOldGen       total 63488K, used 23589K [0x0000000081800000, 0x0000000085600000, 0x00000000d5d80000)
  object space 63488K, 37% used [0x0000000081800000,0x0000000082f096f0,0x0000000085600000)
 Metaspace       used 19077K, capacity 19350K, committed 19584K, reserved 1067008K
  class space    used 2227K, capacity 2350K, committed 2432K, reserved 1048576K
Event: 23.863 GC heap after
Heap after GC invocations=8 (full 1):
 PSYoungGen      total 141312K, used 8396K [0x00000000d5d80000, 0x00000000e6580000, 0x0000000100000000)
  eden space 128000K, 0% used [0x00000000d5d80000,0x00000000d5d80000,0x00000000dda80000)
  from space 13312K, 63% used [0x00000000dda80000,0x00000000de2b33b0,0x00000000de780000)
  to   space 13312K, 0% used [0x00000000e5880000,0x00000000e5880000,0x00000000e6580000)
 ParOldGen       total 63488K, used 23597K [0x0000000081800000, 0x0000000085600000, 0x00000000d5d80000)
  object space 63488K, 37% used [0x0000000081800000,0x0000000082f0b6f0,0x0000000085600000)
 Metaspace       used 19077K, capacity 19350K, committed 19584K, reserved 1067008K
  class space    used 2227K, capacity 2350K, committed 2432K, reserved 1048576K
}
Event: 26.857 GC heap before
{Heap before GC invocations=9 (full 1):
 PSYoungGen      total 141312K, used 134112K [0x00000000d5d80000, 0x00000000e6580000, 0x0000000100000000)
  eden space 128000K, 98% used [0x00000000d5d80000,0x00000000dd844cc0,0x00000000dda80000)
  from space 13312K, 63% used [0x00000000dda80000,0x00000000de2b33b0,0x00000000de780000)
  to   space 13312K, 0% used [0x00000000e5880000,0x00000000e5880000,0x00000000e6580000)
 ParOldGen       total 63488K, used 23597K [0x0000000081800000, 0x0000000085600000, 0x00000000d5d80000)
  object space 63488K, 37% used [0x0000000081800000,0x0000000082f0b6f0,0x0000000085600000)
 Metaspace       used 19141K, capacity 19414K, committed 19584K, reserved 1067008K
  class space    used 2227K, capacity 2350K, committed 2432K, reserved 1048576K
Event: 26.876 GC heap after
Heap after GC invocations=9 (full 1):
 PSYoungGen      total 252928K, used 8396K [0x00000000d5d80000, 0x00000000e6400000, 0x0000000100000000)
  eden space 241152K, 0% used [0x00000000d5d80000,0x00000000d5d80000,0x00000000e4900000)
  from space 11776K, 71% used [0x00000000e5880000,0x00000000e60b33b0,0x00000000e6400000)
  to   space 13824K, 0% used [0x00000000e4900000,0x00000000e4900000,0x00000000e5680000)
 ParOldGen       total 63488K, used 23605K [0x0000000081800000, 0x0000000085600000, 0x00000000d5d80000)
  object space 63488K, 37% used [0x0000000081800000,0x0000000082f0d6f0,0x0000000085600000)
 Metaspace       used 19141K, capacity 19414K, committed 19584K, reserved 1067008K
  class space    used 2227K, capacity 2350K, committed 2432K, reserved 1048576K
}

