# JRE version: Java(TM) SE Runtime Environment (8.0_161-b12) (build 1.8.0_161-b12)
# Java VM: Java HotSpot(TM) 64-Bit Server VM (25.161-b12 mixed mode windows-amd64 compressed oops)
Heap:
 PSYoungGen      total 52224K, used 34935K [0x00000000d5d80000, 0x00000000d9d80000, 0x0000000100000000)
  eden space 40960K, 65% used [0x00000000d5d80000,0x00000000d7794f68,0x00000000d8580000)
  from space 11264K, 73% used [0x00000000d9280000,0x00000000d9a89030,0x00000000d9d80000)
  to   space 12288K, 0% used [0x00000000d8580000,0x00000000d8580000,0x00000000d9180000)
 ParOldGen       total 63488K, used 45662K [0x0000000081800000, 0x0000000085600000, 0x00000000d5d80000)
  object space 63488K, 71% used [0x0000000081800000,0x0000000084497a30,0x0000000085600000)
 Metaspace       used 19790K, capacity 20118K, committed 20352K, reserved 1067008K
  class space    used 2240K, capacity 2350K, committed 2432K, reserved 1048576K
GC Heap History (10 events):
Event: 168.959 GC heap before
{Heap before GC invocations=61 (full 5):
 PSYoungGen      total 56320K, used 55409K [0x00000000d5d80000, 0x00000000da480000, 0x0000000100000000)
  eden space 45056K, 98% used [0x00000000d5d80000,0x00000000d88f0418,0x00000000d8980000)
  from space 11264K, 97% used [0x00000000d8a80000,0x00000000d952c040,0x00000000d9580000)
  to   space 13824K, 0% used [0x00000000d9700000,0x00000000d9700000,0x00000000da480000)
 ParOldGen       total 63488K, used 40214K [0x0000000081800000, 0x0000000085600000, 0x00000000d5d80000)
  object space 63488K, 63% used [0x0000000081800000,0x0000000083f45a10,0x0000000085600000)
 Metaspace       used 19711K, capacity 20054K, committed 20352K, reserved 1067008K
  class space    used 2233K, capacity 2350K, committed 2432K, reserved 1048576K
Event: 168.965 GC heap after
Heap after GC invocations=61 (full 5):
 PSYoungGen      total 56832K, used 5528K [0x00000000d5d80000, 0x00000000da380000, 0x0000000100000000)
  eden space 44032K, 0% used [0x00000000d5d80000,0x00000000d5d80000,0x00000000d8880000)
  from space 12800K, 43% used [0x00000000d9700000,0x00000000d9c66020,0x00000000da380000)
  to   space 13824K, 0% used [0x00000000d8880000,0x00000000d8880000,0x00000000d9600000)
 ParOldGen       total 63488K, used 45638K [0x0000000081800000, 0x0000000085600000, 0x00000000d5d80000)
  object space 63488K, 71% used [0x0000000081800000,0x0000000084491a30,0x0000000085600000)
 Metaspace       used 19711K, capacity 20054K, committed 20352K, reserved 1067008K
  class space    used 2233K, capacity 2350K, committed 2432K, reserved 1048576K
}
Event: 170.467 GC heap before
{Heap before GC invocations=62 (full 5):
 PSYoungGen      total 56832K, used 47264K [0x00000000d5d80000, 0x00000000da380000, 0x0000000100000000)
  eden space 44032K, 94% used [0x00000000d5d80000,0x00000000d8642258,0x00000000d8880000)
  from space 12800K, 43% used [0x00000000d9700000,0x00000000d9c66020,0x00000000da380000)
  to   space 13824K, 0% used [0x00000000d8880000,0x00000000d8880000,0x00000000d9600000)
 ParOldGen       total 63488K, used 45638K [0x0000000081800000, 0x0000000085600000, 0x00000000d5d80000)
  object space 63488K, 71% used [0x0000000081800000,0x0000000084491a30,0x0000000085600000)
 Metaspace       used 19711K, capacity 20054K, committed 20352K, reserved 1067008K
  class space    used 2233K, capacity 2350K, committed 2432K, reserved 1048576K
Event: 170.472 GC heap after
Heap after GC invocations=62 (full 5):
 PSYoungGen      total 51712K, used 8228K [0x00000000d5d80000, 0x00000000da180000, 0x0000000100000000)
  eden space 43008K, 0% used [0x00000000d5d80000,0x00000000d5d80000,0x00000000d8780000)
  from space 8704K, 94% used [0x00000000d8880000,0x00000000d9089030,0x00000000d9100000)
  to   space 13312K, 0% used [0x00000000d9480000,0x00000000d9480000,0x00000000da180000)
 ParOldGen       total 63488K, used 45646K [0x0000000081800000, 0x0000000085600000, 0x00000000d5d80000)
  object space 63488K, 71% used [0x0000000081800000,0x0000000084493a30,0x0000000085600000)
 Metaspace       used 19711K, capacity 20054K, committed 20352K, reserved 1067008K
  class space    used 2233K, capacity 2350K, committed 2432K, reserved 1048576K
}
Event: 171.947 GC heap before
{Heap before GC invocations=63 (full 5):
 PSYoungGen      total 51712K, used 49921K [0x00000000d5d80000, 0x00000000da180000, 0x0000000100000000)
  eden space 43008K, 96% used [0x00000000d5d80000,0x00000000d86373f8,0x00000000d8780000)
  from space 8704K, 94% used [0x00000000d8880000,0x00000000d9089030,0x00000000d9100000)
  to   space 13312K, 0% used [0x00000000d9480000,0x00000000d9480000,0x00000000da180000)
 ParOldGen       total 63488K, used 45646K [0x0000000081800000, 0x0000000085600000, 0x00000000d5d80000)
  object space 63488K, 71% used [0x0000000081800000,0x0000000084493a30,0x0000000085600000)
 Metaspace       used 19711K, capacity 20054K, committed 20352K, reserved 1067008K
  class space    used 2233K, capacity 2350K, committed 2432K, reserved 1048576K
Event: 171.953 GC heap after
Heap after GC invocations=63 (full 5):
 PSYoungGen      total 53248K, used 8228K [0x00000000d5d80000, 0x00000000d9f80000, 0x0000000100000000)
  eden space 41984K, 0% used [0x00000000d5d80000,0x00000000d5d80000,0x00000000d8680000)
  from space 11264K, 73% used [0x00000000d9480000,0x00000000d9c89030,0x00000000d9f80000)
  to   space 12800K, 0% used [0x00000000d8680000,0x00000000d8680000,0x00000000d9300000)
 ParOldGen       total 63488K, used 45662K [0x0000000081800000, 0x0000000085600000, 0x00000000d5d80000)
  object space 63488K, 71% used [0x0000000081800000,0x0000000084497a30,0x0000000085600000)
 Metaspace       used 19711K, capacity 20054K, committed 20352K, reserved 1067008K
  class space    used 2233K, capacity 2350K, committed 2432K, reserved 1048576K
}
Event: 173.438 GC heap before
{Heap before GC invocations=64 (full 5):
 PSYoungGen      total 53248K, used 49921K [0x00000000d5d80000, 0x00000000d9f80000, 0x0000000100000000)
  eden space 41984K, 99% used [0x00000000d5d80000,0x00000000d86376d8,0x00000000d8680000)
  from space 11264K, 73% used [0x00000000d9480000,0x00000000d9c89030,0x00000000d9f80000)
  to   space 12800K, 0% used [0x00000000d8680000,0x00000000d8680000,0x00000000d9300000)
 ParOldGen       total 63488K, used 45662K [0x0000000081800000, 0x0000000085600000, 0x00000000d5d80000)
  object space 63488K, 71% used [0x0000000081800000,0x0000000084497a30,0x0000000085600000)
 Metaspace       used 19711K, capacity 20054K, committed 20352K, reserved 1067008K
  class space    used 2233K, capacity 2350K, committed 2432K, reserved 1048576K
Event: 173.444 GC heap after
Heap after GC invocations=64 (full 5):
 PSYoungGen      total 50176K, used 8228K [0x00000000d5d80000, 0x00000000d9f00000, 0x0000000100000000)
  eden space 41472K, 0% used [0x00000000d5d80000,0x00000000d5d80000,0x00000000d8600000)
  from space 8704K, 94% used [0x00000000d8680000,0x00000000d8e89030,0x00000000d8f00000)
  to   space 12800K, 0% used [0x00000000d9280000,0x00000000d9280000,0x00000000d9f00000)
 ParOldGen       total 63488K, used 45662K [0x0000000081800000, 0x0000000085600000, 0x00000000d5d80000)
  object space 63488K, 71% used [0x0000000081800000,0x0000000084497a30,0x0000000085600000)
 Metaspace       used 19711K, capacity 20054K, committed 20352K, reserved 1067008K
  class space    used 2233K, capacity 2350K, committed 2432K, reserved 1048576K
}
Event: 174.853 GC heap before
{Heap before GC invocations=65 (full 5):
 PSYoungGen      total 50176K, used 47191K [0x00000000d5d80000, 0x00000000d9f00000, 0x0000000100000000)
  eden space 41472K, 93% used [0x00000000d5d80000,0x00000000d838cce8,0x00000000d8600000)
  from space 8704K, 94% used [0x00000000d8680000,0x00000000d8e89030,0x00000000d8f00000)
  to   space 12800K, 0% used [0x00000000d9280000,0x00000000d9280000,0x00000000d9f00000)
 ParOldGen       total 63488K, used 45662K [0x0000000081800000, 0x0000000085600000, 0x00000000d5d80000)
  object space 63488K, 71% used [0x0000000081800000,0x0000000084497a30,0x0000000085600000)
 Metaspace       used 19711K, capacity 20054K, committed 20352K, reserved 1067008K
  class space    used 2233K, capacity 2350K, committed 2432K, reserved 1048576K
Event: 174.859 GC heap after
Heap after GC invocations=65 (full 5):
 PSYoungGen      total 52224K, used 8228K [0x00000000d5d80000, 0x00000000d9d80000, 0x0000000100000000)
  eden space 40960K, 0% used [0x00000000d5d80000,0x00000000d5d80000,0x00000000d8580000)
  from space 11264K, 73% used [0x00000000d9280000,0x00000000d9a89030,0x00000000d9d80000)
  to   space 12288K, 0% used [0x00000000d8580000,0x00000000d8580000,0x00000000d9180000)
 ParOldGen       total 63488K, used 45662K [0x0000000081800000, 0x0000000085600000, 0x00000000d5d80000)
  object space 63488K, 71% used [0x0000000081800000,0x0000000084497a30,0x0000000085600000)
 Metaspace       used 19711K, capacity 20054K, committed 20352K, reserved 1067008K
  class space    used 2233K, capacity 2350K, committed 2432K, reserved 1048576K
}

