# JRE version: Java(TM) SE Runtime Environment (8.0_161-b12) (build 1.8.0_161-b12)
# Java VM: Java HotSpot(TM) 64-Bit Server VM (25.161-b12 mixed mode windows-amd64 compressed oops)
Heap:
 PSYoungGen      total 114688K, used 107479K [0x00000000d5d80000, 0x00000000e5d80000, 0x0000000100000000)
  eden space 105984K, 93% used [0x00000000d5d80000,0x00000000dbe6ce60,0x00000000dc500000)
  from space 8704K, 94% used [0x00000000e4c80000,0x00000000e5489030,0x00000000e5500000)
  to   space 8704K, 0% used [0x00000000e5500000,0x00000000e5500000,0x00000000e5d80000)
 ParOldGen       total 87552K, used 63160K [0x0000000081800000, 0x0000000086d80000, 0x00000000d5d80000)
  object space 87552K, 72% used [0x0000000081800000,0x00000000855ae130,0x0000000086d80000)
 Metaspace       used 19575K, capacity 19846K, committed 20096K, reserved 1067008K
  class space    used 2237K, capacity 2350K, committed 2432K, reserved 1048576K
GC Heap History (10 events):
Event: 28.378 GC heap before
{Heap before GC invocations=9 (full 0):
 PSYoungGen      total 136704K, used 136166K [0x00000000d5d80000, 0x00000000e7400000, 0x0000000100000000)
  eden space 128000K, 99% used [0x00000000d5d80000,0x00000000dda70b00,0x00000000dda80000)
  from space 8704K, 94% used [0x00000000e6b80000,0x00000000e7389030,0x00000000e7400000)
  to   space 10752K, 0% used [0x00000000e5f00000,0x00000000e5f00000,0x00000000e6980000)
 ParOldGen       total 87552K, used 57672K [0x0000000081800000, 0x0000000086d80000, 0x00000000d5d80000)
  object space 87552K, 65% used [0x0000000081800000,0x0000000085052110,0x0000000086d80000)
 Metaspace       used 19319K, capacity 19590K, committed 19840K, reserved 1067008K
  class space    used 2229K, capacity 2350K, committed 2432K, reserved 1048576K
Event: 28.392 GC heap after
Heap after GC invocations=9 (full 0):
 PSYoungGen      total 132096K, used 8228K [0x00000000d5d80000, 0x00000000e6c00000, 0x0000000100000000)
  eden space 123392K, 0% used [0x00000000d5d80000,0x00000000d5d80000,0x00000000dd600000)
  from space 8704K, 94% used [0x00000000e5f00000,0x00000000e6709030,0x00000000e6780000)
  to   space 4608K, 0% used [0x00000000e6780000,0x00000000e6780000,0x00000000e6c00000)
 ParOldGen       total 87552K, used 57688K [0x0000000081800000, 0x0000000086d80000, 0x00000000d5d80000)
  object space 87552K, 65% used [0x0000000081800000,0x0000000085056110,0x0000000086d80000)
 Metaspace       used 19319K, capacity 19590K, committed 19840K, reserved 1067008K
  class space    used 2229K, capacity 2350K, committed 2432K, reserved 1048576K
}
Event: 31.319 GC heap before
{Heap before GC invocations=10 (full 0):
 PSYoungGen      total 132096K, used 130541K [0x00000000d5d80000, 0x00000000e6c00000, 0x0000000100000000)
  eden space 123392K, 99% used [0x00000000d5d80000,0x00000000dd4f2720,0x00000000dd600000)
  from space 8704K, 94% used [0x00000000e5f00000,0x00000000e6709030,0x00000000e6780000)
  to   space 4608K, 0% used [0x00000000e6780000,0x00000000e6780000,0x00000000e6c00000)
 ParOldGen       total 87552K, used 57688K [0x0000000081800000, 0x0000000086d80000, 0x00000000d5d80000)
  object space 87552K, 65% used [0x0000000081800000,0x0000000085056110,0x0000000086d80000)
 Metaspace       used 19377K, capacity 19590K, committed 19840K, reserved 1067008K
  class space    used 2229K, capacity 2350K, committed 2432K, reserved 1048576K
Event: 31.336 GC heap after
Heap after GC invocations=10 (full 0):
 PSYoungGen      total 121856K, used 2828K [0x00000000d5d80000, 0x00000000e6a80000, 0x0000000100000000)
  eden space 118784K, 0% used [0x00000000d5d80000,0x00000000d5d80000,0x00000000dd180000)
  from space 3072K, 92% used [0x00000000e6780000,0x00000000e6a43010,0x00000000e6a80000)
  to   space 11264K, 0% used [0x00000000e5480000,0x00000000e5480000,0x00000000e5f80000)
 ParOldGen       total 87552K, used 63120K [0x0000000081800000, 0x0000000086d80000, 0x00000000d5d80000)
  object space 87552K, 72% used [0x0000000081800000,0x00000000855a4130,0x0000000086d80000)
 Metaspace       used 19377K, capacity 19590K, committed 19840K, reserved 1067008K
  class space    used 2229K, capacity 2350K, committed 2432K, reserved 1048576K
}
Event: 34.112 GC heap before
{Heap before GC invocations=11 (full 0):
 PSYoungGen      total 121856K, used 119877K [0x00000000d5d80000, 0x00000000e6a80000, 0x0000000100000000)
  eden space 118784K, 98% used [0x00000000d5d80000,0x00000000dcfce708,0x00000000dd180000)
  from space 3072K, 92% used [0x00000000e6780000,0x00000000e6a43010,0x00000000e6a80000)
  to   space 11264K, 0% used [0x00000000e5480000,0x00000000e5480000,0x00000000e5f80000)
 ParOldGen       total 87552K, used 63120K [0x0000000081800000, 0x0000000086d80000, 0x00000000d5d80000)
  object space 87552K, 72% used [0x0000000081800000,0x00000000855a4130,0x0000000086d80000)
 Metaspace       used 19390K, capacity 19590K, committed 19840K, reserved 1067008K
  class space    used 2229K, capacity 2350K, committed 2432K, reserved 1048576K
Event: 34.120 GC heap after
Heap after GC invocations=11 (full 0):
 PSYoungGen      total 122880K, used 8228K [0x00000000d5d80000, 0x00000000e6800000, 0x0000000100000000)
  eden space 114176K, 0% used [0x00000000d5d80000,0x00000000d5d80000,0x00000000dcd00000)
  from space 8704K, 94% used [0x00000000e5480000,0x00000000e5c89030,0x00000000e5d00000)
  to   space 11264K, 0% used [0x00000000e5d00000,0x00000000e5d00000,0x00000000e6800000)
 ParOldGen       total 87552K, used 63144K [0x0000000081800000, 0x0000000086d80000, 0x00000000d5d80000)
  object space 87552K, 72% used [0x0000000081800000,0x00000000855aa130,0x0000000086d80000)
 Metaspace       used 19390K, capacity 19590K, committed 19840K, reserved 1067008K
  class space    used 2229K, capacity 2350K, committed 2432K, reserved 1048576K
}
Event: 36.882 GC heap before
{Heap before GC invocations=12 (full 0):
 PSYoungGen      total 122880K, used 122036K [0x00000000d5d80000, 0x00000000e6800000, 0x0000000100000000)
  eden space 114176K, 99% used [0x00000000d5d80000,0x00000000dcca4218,0x00000000dcd00000)
  from space 8704K, 94% used [0x00000000e5480000,0x00000000e5c89030,0x00000000e5d00000)
  to   space 11264K, 0% used [0x00000000e5d00000,0x00000000e5d00000,0x00000000e6800000)
 ParOldGen       total 87552K, used 63144K [0x0000000081800000, 0x0000000086d80000, 0x00000000d5d80000)
  object space 87552K, 72% used [0x0000000081800000,0x00000000855aa130,0x0000000086d80000)
 Metaspace       used 19403K, capacity 19718K, committed 19840K, reserved 1067008K
  class space    used 2229K, capacity 2350K, committed 2432K, reserved 1048576K
Event: 36.923 GC heap after
Heap after GC invocations=12 (full 0):
 PSYoungGen      total 115712K, used 5496K [0x00000000d5d80000, 0x00000000e6280000, 0x0000000100000000)
  eden space 110080K, 0% used [0x00000000d5d80000,0x00000000d5d80000,0x00000000dc900000)
  from space 5632K, 97% used [0x00000000e5d00000,0x00000000e625e020,0x00000000e6280000)
  to   space 11264K, 0% used [0x00000000e4c80000,0x00000000e4c80000,0x00000000e5780000)
 ParOldGen       total 87552K, used 63152K [0x0000000081800000, 0x0000000086d80000, 0x00000000d5d80000)
  object space 87552K, 72% used [0x0000000081800000,0x00000000855ac130,0x0000000086d80000)
 Metaspace       used 19403K, capacity 19718K, committed 19840K, reserved 1067008K
  class space    used 2229K, capacity 2350K, committed 2432K, reserved 1048576K
}
Event: 39.506 GC heap before
{Heap before GC invocations=13 (full 0):
 PSYoungGen      total 115712K, used 113702K [0x00000000d5d80000, 0x00000000e6280000, 0x0000000100000000)
  eden space 110080K, 98% used [0x00000000d5d80000,0x00000000dc72bbc8,0x00000000dc900000)
  from space 5632K, 97% used [0x00000000e5d00000,0x00000000e625e020,0x00000000e6280000)
  to   space 11264K, 0% used [0x00000000e4c80000,0x00000000e4c80000,0x00000000e5780000)
 ParOldGen       total 87552K, used 63152K [0x0000000081800000, 0x0000000086d80000, 0x00000000d5d80000)
  object space 87552K, 72% used [0x0000000081800000,0x00000000855ac130,0x0000000086d80000)
 Metaspace       used 19440K, capacity 19718K, committed 19840K, reserved 1067008K
  class space    used 2229K, capacity 2350K, committed 2432K, reserved 1048576K
Event: 39.546 GC heap after
Heap after GC invocations=13 (full 0):
 PSYoungGen      total 114688K, used 8228K [0x00000000d5d80000, 0x00000000e5d80000, 0x0000000100000000)
  eden space 105984K, 0% used [0x00000000d5d80000,0x00000000d5d80000,0x00000000dc500000)
  from space 8704K, 94% used [0x00000000e4c80000,0x00000000e5489030,0x00000000e5500000)
  to   space 8704K, 0% used [0x00000000e5500000,0x00000000e5500000,0x00000000e5d80000)
 ParOldGen       total 87552K, used 63160K [0x0000000081800000, 0x0000000086d80000, 0x00000000d5d80000)
  object space 87552K, 72% used [0x0000000081800000,0x00000000855ae130,0x0000000086d80000)
 Metaspace       used 19440K, capacity 19718K, committed 19840K, reserved 1067008K
  class space    used 2229K, capacity 2350K, committed 2432K, reserved 1048576K
}

