# JRE version: Java(TM) SE Runtime Environment (8.0_161-b12) (build 1.8.0_161-b12)
# Java VM: Java HotSpot(TM) 64-Bit Server VM (25.161-b12 mixed mode windows-amd64 compressed oops)
Heap:
 PSYoungGen      total 265728K, used 262041K [0x00000000d5d80000, 0x00000000e7e00000, 0x0000000100000000)
  eden space 262656K, 98% used [0x00000000d5d80000,0x00000000e5aa37b8,0x00000000e5e00000)
  from space 3072K, 92% used [0x00000000e7b00000,0x00000000e7dc3010,0x00000000e7e00000)
  to   space 7680K, 0% used [0x00000000e6f00000,0x00000000e6f00000,0x00000000e7680000)
 ParOldGen       total 70656K, used 29064K [0x0000000081800000, 0x0000000085d00000, 0x00000000d5d80000)
  object space 70656K, 41% used [0x0000000081800000,0x00000000834620c8,0x0000000085d00000)
 Metaspace       used 19687K, capacity 19926K, committed 20096K, reserved 1067008K
  class space    used 2240K, capacity 2350K, committed 2432K, reserved 1048576K
GC Heap History (10 events):
Event: 36.528 GC heap before
{Heap before GC invocations=11 (full 3):
 PSYoungGen      total 128512K, used 120476K [0x00000000d5d80000, 0x00000000e3c00000, 0x0000000100000000)
  eden space 120832K, 99% used [0x00000000d5d80000,0x00000000dd327228,0x00000000dd380000)
  from space 7680K, 0% used [0x00000000dd380000,0x00000000dd380000,0x00000000ddb00000)
  to   space 7680K, 0% used [0x00000000e3480000,0x00000000e3480000,0x00000000e3c00000)
 ParOldGen       total 70656K, used 10084K [0x0000000081800000, 0x0000000085d00000, 0x00000000d5d80000)
  object space 70656K, 14% used [0x0000000081800000,0x00000000821d9058,0x0000000085d00000)
 Metaspace       used 19438K, capacity 19734K, committed 20096K, reserved 1067008K
  class space    used 2233K, capacity 2350K, committed 2432K, reserved 1048576K
Event: 36.533 GC heap after
Heap after GC invocations=11 (full 3):
 PSYoungGen      total 212480K, used 5528K [0x00000000d5d80000, 0x00000000e3a00000, 0x0000000100000000)
  eden space 206848K, 0% used [0x00000000d5d80000,0x00000000d5d80000,0x00000000e2780000)
  from space 5632K, 98% used [0x00000000e3480000,0x00000000e39e6020,0x00000000e3a00000)
  to   space 7680K, 0% used [0x00000000e2b00000,0x00000000e2b00000,0x00000000e3280000)
 ParOldGen       total 70656K, used 15492K [0x0000000081800000, 0x0000000085d00000, 0x00000000d5d80000)
  object space 70656K, 21% used [0x0000000081800000,0x0000000082721078,0x0000000085d00000)
 Metaspace       used 19438K, capacity 19734K, committed 20096K, reserved 1067008K
  class space    used 2233K, capacity 2350K, committed 2432K, reserved 1048576K
}
Event: 41.583 GC heap before
{Heap before GC invocations=12 (full 3):
 PSYoungGen      total 212480K, used 211015K [0x00000000d5d80000, 0x00000000e3a00000, 0x0000000100000000)
  eden space 206848K, 99% used [0x00000000d5d80000,0x00000000e262bf10,0x00000000e2780000)
  from space 5632K, 98% used [0x00000000e3480000,0x00000000e39e6020,0x00000000e3a00000)
  to   space 7680K, 0% used [0x00000000e2b00000,0x00000000e2b00000,0x00000000e3280000)
 ParOldGen       total 70656K, used 15492K [0x0000000081800000, 0x0000000085d00000, 0x00000000d5d80000)
  object space 70656K, 21% used [0x0000000081800000,0x0000000082721078,0x0000000085d00000)
 Metaspace       used 19506K, capacity 19798K, committed 20096K, reserved 1067008K
  class space    used 2233K, capacity 2350K, committed 2432K, reserved 1048576K
Event: 41.591 GC heap after
Heap after GC invocations=12 (full 3):
 PSYoungGen      total 218112K, used 5528K [0x00000000d5d80000, 0x00000000e8680000, 0x0000000100000000)
  eden space 210432K, 0% used [0x00000000d5d80000,0x00000000d5d80000,0x00000000e2b00000)
  from space 7680K, 71% used [0x00000000e2b00000,0x00000000e3066020,0x00000000e3280000)
  to   space 7680K, 0% used [0x00000000e7f00000,0x00000000e7f00000,0x00000000e8680000)
 ParOldGen       total 70656K, used 18192K [0x0000000081800000, 0x0000000085d00000, 0x00000000d5d80000)
  object space 70656K, 25% used [0x0000000081800000,0x00000000829c4088,0x0000000085d00000)
 Metaspace       used 19506K, capacity 19798K, committed 20096K, reserved 1067008K
  class space    used 2233K, capacity 2350K, committed 2432K, reserved 1048576K
}
Event: 46.696 GC heap before
{Heap before GC invocations=13 (full 3):
 PSYoungGen      total 218112K, used 214637K [0x00000000d5d80000, 0x00000000e8680000, 0x0000000100000000)
  eden space 210432K, 99% used [0x00000000d5d80000,0x00000000e29b56d8,0x00000000e2b00000)
  from space 7680K, 71% used [0x00000000e2b00000,0x00000000e3066020,0x00000000e3280000)
  to   space 7680K, 0% used [0x00000000e7f00000,0x00000000e7f00000,0x00000000e8680000)
 ParOldGen       total 70656K, used 18192K [0x0000000081800000, 0x0000000085d00000, 0x00000000d5d80000)
  object space 70656K, 25% used [0x0000000081800000,0x00000000829c4088,0x0000000085d00000)
 Metaspace       used 19519K, capacity 19798K, committed 20096K, reserved 1067008K
  class space    used 2233K, capacity 2350K, committed 2432K, reserved 1048576K
Event: 46.701 GC heap after
Heap after GC invocations=13 (full 3):
 PSYoungGen      total 291840K, used 5528K [0x00000000d5d80000, 0x00000000e8480000, 0x0000000100000000)
  eden space 286208K, 0% used [0x00000000d5d80000,0x00000000d5d80000,0x00000000e7500000)
  from space 5632K, 98% used [0x00000000e7f00000,0x00000000e8466020,0x00000000e8480000)
  to   space 7680K, 0% used [0x00000000e7580000,0x00000000e7580000,0x00000000e7d00000)
 ParOldGen       total 70656K, used 20916K [0x0000000081800000, 0x0000000085d00000, 0x00000000d5d80000)
  object space 70656K, 29% used [0x0000000081800000,0x0000000082c6d098,0x0000000085d00000)
 Metaspace       used 19519K, capacity 19798K, committed 20096K, reserved 1067008K
  class space    used 2233K, capacity 2350K, committed 2432K, reserved 1048576K
}
Event: 53.665 GC heap before
{Heap before GC invocations=14 (full 3):
 PSYoungGen      total 291840K, used 289625K [0x00000000d5d80000, 0x00000000e8480000, 0x0000000100000000)
  eden space 286208K, 99% used [0x00000000d5d80000,0x00000000e72f04e0,0x00000000e7500000)
  from space 5632K, 98% used [0x00000000e7f00000,0x00000000e8466020,0x00000000e8480000)
  to   space 7680K, 0% used [0x00000000e7580000,0x00000000e7580000,0x00000000e7d00000)
 ParOldGen       total 70656K, used 20916K [0x0000000081800000, 0x0000000085d00000, 0x00000000d5d80000)
  object space 70656K, 29% used [0x0000000081800000,0x0000000082c6d098,0x0000000085d00000)
 Metaspace       used 19563K, capacity 19862K, committed 20096K, reserved 1067008K
  class space    used 2233K, capacity 2350K, committed 2432K, reserved 1048576K
Event: 53.672 GC heap after
Heap after GC invocations=14 (full 3):
 PSYoungGen      total 279552K, used 5528K [0x00000000d5d80000, 0x00000000e7f80000, 0x0000000100000000)
  eden space 273920K, 0% used [0x00000000d5d80000,0x00000000d5d80000,0x00000000e6900000)
  from space 5632K, 98% used [0x00000000e7580000,0x00000000e7ae6020,0x00000000e7b00000)
  to   space 4608K, 0% used [0x00000000e7b00000,0x00000000e7b00000,0x00000000e7f80000)
 ParOldGen       total 70656K, used 23640K [0x0000000081800000, 0x0000000085d00000, 0x00000000d5d80000)
  object space 70656K, 33% used [0x0000000081800000,0x0000000082f160a8,0x0000000085d00000)
 Metaspace       used 19563K, capacity 19862K, committed 20096K, reserved 1067008K
  class space    used 2233K, capacity 2350K, committed 2432K, reserved 1048576K
}
Event: 60.405 GC heap before
{Heap before GC invocations=15 (full 3):
 PSYoungGen      total 279552K, used 277675K [0x00000000d5d80000, 0x00000000e7f80000, 0x0000000100000000)
  eden space 273920K, 99% used [0x00000000d5d80000,0x00000000e6744e10,0x00000000e6900000)
  from space 5632K, 98% used [0x00000000e7580000,0x00000000e7ae6020,0x00000000e7b00000)
  to   space 4608K, 0% used [0x00000000e7b00000,0x00000000e7b00000,0x00000000e7f80000)
 ParOldGen       total 70656K, used 23640K [0x0000000081800000, 0x0000000085d00000, 0x00000000d5d80000)
  object space 70656K, 33% used [0x0000000081800000,0x0000000082f160a8,0x0000000085d00000)
 Metaspace       used 19590K, capacity 19862K, committed 20096K, reserved 1067008K
  class space    used 2233K, capacity 2350K, committed 2432K, reserved 1048576K
Event: 60.409 GC heap after
Heap after GC invocations=15 (full 3):
 PSYoungGen      total 265728K, used 2828K [0x00000000d5d80000, 0x00000000e7e00000, 0x0000000100000000)
  eden space 262656K, 0% used [0x00000000d5d80000,0x00000000d5d80000,0x00000000e5e00000)
  from space 3072K, 92% used [0x00000000e7b00000,0x00000000e7dc3010,0x00000000e7e00000)
  to   space 7680K, 0% used [0x00000000e6f00000,0x00000000e6f00000,0x00000000e7680000)
 ParOldGen       total 70656K, used 29064K [0x0000000081800000, 0x0000000085d00000, 0x00000000d5d80000)
  object space 70656K, 41% used [0x0000000081800000,0x00000000834620c8,0x0000000085d00000)
 Metaspace       used 19590K, capacity 19862K, committed 20096K, reserved 1067008K
  class space    used 2233K, capacity 2350K, committed 2432K, reserved 1048576K
}

