# JRE version: Java(TM) SE Runtime Environment (8.0_161-b12) (build 1.8.0_161-b12)
# Java VM: Java HotSpot(TM) 64-Bit Server VM (25.161-b12 mixed mode windows-amd64 compressed oops)
Heap:
 PSYoungGen      total 34816K, used 25677K [0x00000000d5d80000, 0x00000000d8a00000, 0x0000000100000000)
  eden space 24064K, 72% used [0x00000000d5d80000,0x00000000d6e82538,0x00000000d7500000)
  from space 10752K, 76% used [0x00000000d7f80000,0x00000000d8791030,0x00000000d8a00000)
  to   space 10752K, 0% used [0x00000000d7500000,0x00000000d7500000,0x00000000d7f80000)
 ParOldGen       total 51200K, used 17362K [0x0000000081800000, 0x0000000084a00000, 0x00000000d5d80000)
  object space 51200K, 33% used [0x0000000081800000,0x00000000828f4910,0x0000000084a00000)
 Metaspace       used 19552K, capacity 19794K, committed 20096K, reserved 1067008K
  class space    used 2238K, capacity 2350K, committed 2432K, reserved 1048576K
GC Heap History (10 events):
Event: 30.520 GC heap before
{Heap before GC invocations=28 (full 1):
 PSYoungGen      total 35328K, used 30962K [0x00000000d5d80000, 0x00000000d8b00000, 0x0000000100000000)
  eden space 24064K, 94% used [0x00000000d5d80000,0x00000000d73b37e8,0x00000000d7500000)
  from space 11264K, 73% used [0x00000000d8000000,0x00000000d8809030,0x00000000d8b00000)
  to   space 11264K, 0% used [0x00000000d7500000,0x00000000d7500000,0x00000000d8000000)
 ParOldGen       total 52224K, used 36588K [0x0000000081800000, 0x0000000084b00000, 0x00000000d5d80000)
  object space 52224K, 70% used [0x0000000081800000,0x0000000083bbb130,0x0000000084b00000)
 Metaspace       used 19399K, capacity 19666K, committed 19840K, reserved 1067008K
  class space    used 2230K, capacity 2350K, committed 2432K, reserved 1048576K
Event: 30.523 GC heap after
Heap after GC invocations=28 (full 1):
 PSYoungGen      total 35328K, used 8228K [0x00000000d5d80000, 0x00000000d8b00000, 0x0000000100000000)
  eden space 24064K, 0% used [0x00000000d5d80000,0x00000000d5d80000,0x00000000d7500000)
  from space 11264K, 73% used [0x00000000d7500000,0x00000000d7d09030,0x00000000d8000000)
  to   space 11264K, 0% used [0x00000000d8000000,0x00000000d8000000,0x00000000d8b00000)
 ParOldGen       total 52224K, used 36596K [0x0000000081800000, 0x0000000084b00000, 0x00000000d5d80000)
  object space 52224K, 70% used [0x0000000081800000,0x0000000083bbd130,0x0000000084b00000)
 Metaspace       used 19399K, capacity 19666K, committed 19840K, reserved 1067008K
  class space    used 2230K, capacity 2350K, committed 2432K, reserved 1048576K
}
Event: 31.044 GC heap before
{Heap before GC invocations=29 (full 1):
 PSYoungGen      total 35328K, used 30502K [0x00000000d5d80000, 0x00000000d8b00000, 0x0000000100000000)
  eden space 24064K, 92% used [0x00000000d5d80000,0x00000000d7340870,0x00000000d7500000)
  from space 11264K, 73% used [0x00000000d7500000,0x00000000d7d09030,0x00000000d8000000)
  to   space 11264K, 0% used [0x00000000d8000000,0x00000000d8000000,0x00000000d8b00000)
 ParOldGen       total 52224K, used 36596K [0x0000000081800000, 0x0000000084b00000, 0x00000000d5d80000)
  object space 52224K, 70% used [0x0000000081800000,0x0000000083bbd130,0x0000000084b00000)
 Metaspace       used 19401K, capacity 19666K, committed 19840K, reserved 1067008K
  class space    used 2230K, capacity 2350K, committed 2432K, reserved 1048576K
Event: 31.048 GC heap after
Heap after GC invocations=29 (full 1):
 PSYoungGen      total 35328K, used 8228K [0x00000000d5d80000, 0x00000000d8b00000, 0x0000000100000000)
  eden space 24064K, 0% used [0x00000000d5d80000,0x00000000d5d80000,0x00000000d7500000)
  from space 11264K, 73% used [0x00000000d8000000,0x00000000d8809030,0x00000000d8b00000)
  to   space 11264K, 0% used [0x00000000d7500000,0x00000000d7500000,0x00000000d8000000)
 ParOldGen       total 52224K, used 36612K [0x0000000081800000, 0x0000000084b00000, 0x00000000d5d80000)
  object space 52224K, 70% used [0x0000000081800000,0x0000000083bc1130,0x0000000084b00000)
 Metaspace       used 19401K, capacity 19666K, committed 19840K, reserved 1067008K
  class space    used 2230K, capacity 2350K, committed 2432K, reserved 1048576K
}
Event: 31.584 GC heap before
{Heap before GC invocations=30 (full 1):
 PSYoungGen      total 35328K, used 30467K [0x00000000d5d80000, 0x00000000d8b00000, 0x0000000100000000)
  eden space 24064K, 92% used [0x00000000d5d80000,0x00000000d7337fa8,0x00000000d7500000)
  from space 11264K, 73% used [0x00000000d8000000,0x00000000d8809030,0x00000000d8b00000)
  to   space 11264K, 0% used [0x00000000d7500000,0x00000000d7500000,0x00000000d8000000)
 ParOldGen       total 52224K, used 39312K [0x0000000081800000, 0x0000000084b00000, 0x00000000d5d80000)
  object space 52224K, 75% used [0x0000000081800000,0x0000000083e64140,0x0000000084b00000)
 Metaspace       used 19408K, capacity 19666K, committed 19840K, reserved 1067008K
  class space    used 2230K, capacity 2350K, committed 2432K, reserved 1048576K
Event: 31.587 GC heap after
Heap after GC invocations=30 (full 1):
 PSYoungGen      total 32768K, used 8228K [0x00000000d5d80000, 0x00000000d8a00000, 0x0000000100000000)
  eden space 24064K, 0% used [0x00000000d5d80000,0x00000000d5d80000,0x00000000d7500000)
  from space 8704K, 94% used [0x00000000d7500000,0x00000000d7d09030,0x00000000d7d80000)
  to   space 10752K, 0% used [0x00000000d7f80000,0x00000000d7f80000,0x00000000d8a00000)
 ParOldGen       total 52224K, used 39320K [0x0000000081800000, 0x0000000084b00000, 0x00000000d5d80000)
  object space 52224K, 75% used [0x0000000081800000,0x0000000083e66140,0x0000000084b00000)
 Metaspace       used 19408K, capacity 19666K, committed 19840K, reserved 1067008K
  class space    used 2230K, capacity 2350K, committed 2432K, reserved 1048576K
}
Event: 36.386 GC heap before
{Heap before GC invocations=31 (full 2):
 PSYoungGen      total 32768K, used 32291K [0x00000000d5d80000, 0x00000000d8a00000, 0x0000000100000000)
  eden space 24064K, 99% used [0x00000000d5d80000,0x00000000d74fffb8,0x00000000d7500000)
  from space 8704K, 94% used [0x00000000d7500000,0x00000000d7d09030,0x00000000d7d80000)
  to   space 10752K, 0% used [0x00000000d7f80000,0x00000000d7f80000,0x00000000d8a00000)
 ParOldGen       total 211968K, used 209421K [0x0000000081800000, 0x000000008e700000, 0x00000000d5d80000)
  object space 211968K, 98% used [0x0000000081800000,0x000000008e483530,0x000000008e700000)
 Metaspace       used 19457K, capacity 19730K, committed 19840K, reserved 1067008K
  class space    used 2231K, capacity 2350K, committed 2432K, reserved 1048576K
Event: 36.444 GC heap after
Heap after GC invocations=31 (full 2):
 PSYoungGen      total 32768K, used 0K [0x00000000d5d80000, 0x00000000d8a00000, 0x0000000100000000)
  eden space 24064K, 0% used [0x00000000d5d80000,0x00000000d5d80000,0x00000000d7500000)
  from space 8704K, 0% used [0x00000000d7500000,0x00000000d7500000,0x00000000d7d80000)
  to   space 10752K, 0% used [0x00000000d7f80000,0x00000000d7f80000,0x00000000d8a00000)
 ParOldGen       total 51200K, used 14662K [0x0000000081800000, 0x0000000084a00000, 0x00000000d5d80000)
  object space 51200K, 28% used [0x0000000081800000,0x0000000082651900,0x0000000084a00000)
 Metaspace       used 19457K, capacity 19730K, committed 19840K, reserved 1067008K
  class space    used 2231K, capacity 2350K, committed 2432K, reserved 1048576K
}
Event: 36.941 GC heap before
{Heap before GC invocations=32 (full 2):
 PSYoungGen      total 32768K, used 23169K [0x00000000d5d80000, 0x00000000d8a00000, 0x0000000100000000)
  eden space 24064K, 96% used [0x00000000d5d80000,0x00000000d7420500,0x00000000d7500000)
  from space 8704K, 0% used [0x00000000d7500000,0x00000000d7500000,0x00000000d7d80000)
  to   space 10752K, 0% used [0x00000000d7f80000,0x00000000d7f80000,0x00000000d8a00000)
 ParOldGen       total 51200K, used 14662K [0x0000000081800000, 0x0000000084a00000, 0x00000000d5d80000)
  object space 51200K, 28% used [0x0000000081800000,0x0000000082651900,0x0000000084a00000)
 Metaspace       used 19466K, capacity 19730K, committed 19840K, reserved 1067008K
  class space    used 2231K, capacity 2350K, committed 2432K, reserved 1048576K
Event: 36.944 GC heap after
Heap after GC invocations=32 (full 2):
 PSYoungGen      total 34816K, used 8260K [0x00000000d5d80000, 0x00000000d8a00000, 0x0000000100000000)
  eden space 24064K, 0% used [0x00000000d5d80000,0x00000000d5d80000,0x00000000d7500000)
  from space 10752K, 76% used [0x00000000d7f80000,0x00000000d8791030,0x00000000d8a00000)
  to   space 10752K, 0% used [0x00000000d7500000,0x00000000d7500000,0x00000000d7f80000)
 ParOldGen       total 51200K, used 17362K [0x0000000081800000, 0x0000000084a00000, 0x00000000d5d80000)
  object space 51200K, 33% used [0x0000000081800000,0x00000000828f4910,0x0000000084a00000)
 Metaspace       used 19466K, capacity 19730K, committed 19840K, reserved 1067008K
  class space    used 2231K, capacity 2350K, committed 2432K, reserved 1048576K
}

