# JRE version: Java(TM) SE Runtime Environment (8.0_161-b12) (build 1.8.0_161-b12)
# Java VM: Java HotSpot(TM) 64-Bit Server VM (25.161-b12 mixed mode windows-amd64 compressed oops)
Heap:
 PSYoungGen      total 98304K, used 79909K [0x00000000d5d80000, 0x00000000dcc80000, 0x0000000100000000)
  eden space 89600K, 80% used [0x00000000d5d80000,0x00000000da380558,0x00000000db500000)
  from space 8704K, 94% used [0x00000000dc400000,0x00000000dcc09030,0x00000000dcc80000)
  to   space 11776K, 0% used [0x00000000db580000,0x00000000db580000,0x00000000dc100000)
 ParOldGen       total 61440K, used 25585K [0x0000000081800000, 0x0000000085400000, 0x00000000d5d80000)
  object space 61440K, 41% used [0x0000000081800000,0x00000000830fc4b0,0x0000000085400000)
 Metaspace       used 19601K, capacity 19846K, committed 20096K, reserved 1067008K
  class space    used 2238K, capacity 2350K, committed 2432K, reserved 1048576K
GC Heap History (10 events):
Event: 33.426 GC heap before
{Heap before GC invocations=11 (full 1):
 PSYoungGen      total 115200K, used 113834K [0x00000000d5d80000, 0x00000000de080000, 0x0000000100000000)
  eden space 106496K, 99% used [0x00000000d5d80000,0x00000000dc4a18f8,0x00000000dc580000)
  from space 8704K, 94% used [0x00000000dc980000,0x00000000dd189030,0x00000000dd200000)
  to   space 13824K, 0% used [0x00000000dd300000,0x00000000dd300000,0x00000000de080000)
 ParOldGen       total 61440K, used 25489K [0x0000000081800000, 0x0000000085400000, 0x00000000d5d80000)
  object space 61440K, 41% used [0x0000000081800000,0x00000000830e44b0,0x0000000085400000)
 Metaspace       used 19416K, capacity 19654K, committed 19840K, reserved 1067008K
  class space    used 2231K, capacity 2350K, committed 2432K, reserved 1048576K
Event: 33.431 GC heap after
Heap after GC invocations=11 (full 1):
 PSYoungGen      total 112128K, used 8228K [0x00000000d5d80000, 0x00000000ddc00000, 0x0000000100000000)
  eden space 102912K, 0% used [0x00000000d5d80000,0x00000000d5d80000,0x00000000dc200000)
  from space 9216K, 89% used [0x00000000dd300000,0x00000000ddb09030,0x00000000ddc00000)
  to   space 13312K, 0% used [0x00000000dc200000,0x00000000dc200000,0x00000000dcf00000)
 ParOldGen       total 61440K, used 25513K [0x0000000081800000, 0x0000000085400000, 0x00000000d5d80000)
  object space 61440K, 41% used [0x0000000081800000,0x00000000830ea4b0,0x0000000085400000)
 Metaspace       used 19416K, capacity 19654K, committed 19840K, reserved 1067008K
  class space    used 2231K, capacity 2350K, committed 2432K, reserved 1048576K
}
Event: 35.877 GC heap before
{Heap before GC invocations=12 (full 1):
 PSYoungGen      total 112128K, used 108615K [0x00000000d5d80000, 0x00000000ddc00000, 0x0000000100000000)
  eden space 102912K, 97% used [0x00000000d5d80000,0x00000000dbf88fb0,0x00000000dc200000)
  from space 9216K, 89% used [0x00000000dd300000,0x00000000ddb09030,0x00000000ddc00000)
  to   space 13312K, 0% used [0x00000000dc200000,0x00000000dc200000,0x00000000dcf00000)
 ParOldGen       total 61440K, used 25513K [0x0000000081800000, 0x0000000085400000, 0x00000000d5d80000)
  object space 61440K, 41% used [0x0000000081800000,0x00000000830ea4b0,0x0000000085400000)
 Metaspace       used 19452K, capacity 19718K, committed 20096K, reserved 1067008K
  class space    used 2231K, capacity 2350K, committed 2432K, reserved 1048576K
Event: 35.881 GC heap after
Heap after GC invocations=12 (full 1):
 PSYoungGen      total 108032K, used 8228K [0x00000000d5d80000, 0x00000000dd780000, 0x0000000100000000)
  eden space 99328K, 0% used [0x00000000d5d80000,0x00000000d5d80000,0x00000000dbe80000)
  from space 8704K, 94% used [0x00000000dc200000,0x00000000dca09030,0x00000000dca80000)
  to   space 12800K, 0% used [0x00000000dcb00000,0x00000000dcb00000,0x00000000dd780000)
 ParOldGen       total 61440K, used 25529K [0x0000000081800000, 0x0000000085400000, 0x00000000d5d80000)
  object space 61440K, 41% used [0x0000000081800000,0x00000000830ee4b0,0x0000000085400000)
 Metaspace       used 19452K, capacity 19718K, committed 20096K, reserved 1067008K
  class space    used 2231K, capacity 2350K, committed 2432K, reserved 1048576K
}
Event: 38.211 GC heap before
{Heap before GC invocations=13 (full 1):
 PSYoungGen      total 108032K, used 105426K [0x00000000d5d80000, 0x00000000dd780000, 0x0000000100000000)
  eden space 99328K, 97% used [0x00000000d5d80000,0x00000000dbc6b9e8,0x00000000dbe80000)
  from space 8704K, 94% used [0x00000000dc200000,0x00000000dca09030,0x00000000dca80000)
  to   space 12800K, 0% used [0x00000000dcb00000,0x00000000dcb00000,0x00000000dd780000)
 ParOldGen       total 61440K, used 25529K [0x0000000081800000, 0x0000000085400000, 0x00000000d5d80000)
  object space 61440K, 41% used [0x0000000081800000,0x00000000830ee4b0,0x0000000085400000)
 Metaspace       used 19480K, capacity 19718K, committed 20096K, reserved 1067008K
  class space    used 2231K, capacity 2350K, committed 2432K, reserved 1048576K
Event: 38.215 GC heap after
Heap after GC invocations=13 (full 1):
 PSYoungGen      total 104448K, used 8228K [0x00000000d5d80000, 0x00000000dd380000, 0x0000000100000000)
  eden space 95744K, 0% used [0x00000000d5d80000,0x00000000d5d80000,0x00000000dbb00000)
  from space 8704K, 94% used [0x00000000dcb00000,0x00000000dd309030,0x00000000dd380000)
  to   space 12288K, 0% used [0x00000000dbb80000,0x00000000dbb80000,0x00000000dc780000)
 ParOldGen       total 61440K, used 25553K [0x0000000081800000, 0x0000000085400000, 0x00000000d5d80000)
  object space 61440K, 41% used [0x0000000081800000,0x00000000830f44b0,0x0000000085400000)
 Metaspace       used 19480K, capacity 19718K, committed 20096K, reserved 1067008K
  class space    used 2231K, capacity 2350K, committed 2432K, reserved 1048576K
}
Event: 40.487 GC heap before
{Heap before GC invocations=14 (full 1):
 PSYoungGen      total 104448K, used 102642K [0x00000000d5d80000, 0x00000000dd380000, 0x0000000100000000)
  eden space 95744K, 98% used [0x00000000d5d80000,0x00000000db9b3a98,0x00000000dbb00000)
  from space 8704K, 94% used [0x00000000dcb00000,0x00000000dd309030,0x00000000dd380000)
  to   space 12288K, 0% used [0x00000000dbb80000,0x00000000dbb80000,0x00000000dc780000)
 ParOldGen       total 61440K, used 25553K [0x0000000081800000, 0x0000000085400000, 0x00000000d5d80000)
  object space 61440K, 41% used [0x0000000081800000,0x00000000830f44b0,0x0000000085400000)
 Metaspace       used 19499K, capacity 19718K, committed 20096K, reserved 1067008K
  class space    used 2231K, capacity 2350K, committed 2432K, reserved 1048576K
Event: 40.492 GC heap after
Heap after GC invocations=14 (full 1):
 PSYoungGen      total 101376K, used 8228K [0x00000000d5d80000, 0x00000000dcf00000, 0x0000000100000000)
  eden space 92672K, 0% used [0x00000000d5d80000,0x00000000d5d80000,0x00000000db800000)
  from space 8704K, 94% used [0x00000000dbb80000,0x00000000dc389030,0x00000000dc400000)
  to   space 11264K, 0% used [0x00000000dc400000,0x00000000dc400000,0x00000000dcf00000)
 ParOldGen       total 61440K, used 25569K [0x0000000081800000, 0x0000000085400000, 0x00000000d5d80000)
  object space 61440K, 41% used [0x0000000081800000,0x00000000830f84b0,0x0000000085400000)
 Metaspace       used 19499K, capacity 19718K, committed 20096K, reserved 1067008K
  class space    used 2231K, capacity 2350K, committed 2432K, reserved 1048576K
}
Event: 42.709 GC heap before
{Heap before GC invocations=15 (full 1):
 PSYoungGen      total 101376K, used 99853K [0x00000000d5d80000, 0x00000000dcf00000, 0x0000000100000000)
  eden space 92672K, 98% used [0x00000000d5d80000,0x00000000db6fa3d8,0x00000000db800000)
  from space 8704K, 94% used [0x00000000dbb80000,0x00000000dc389030,0x00000000dc400000)
  to   space 11264K, 0% used [0x00000000dc400000,0x00000000dc400000,0x00000000dcf00000)
 ParOldGen       total 61440K, used 25569K [0x0000000081800000, 0x0000000085400000, 0x00000000d5d80000)
  object space 61440K, 41% used [0x0000000081800000,0x00000000830f84b0,0x0000000085400000)
 Metaspace       used 19505K, capacity 19718K, committed 20096K, reserved 1067008K
  class space    used 2231K, capacity 2350K, committed 2432K, reserved 1048576K
Event: 42.712 GC heap after
Heap after GC invocations=15 (full 1):
 PSYoungGen      total 98304K, used 8228K [0x00000000d5d80000, 0x00000000dcc80000, 0x0000000100000000)
  eden space 89600K, 0% used [0x00000000d5d80000,0x00000000d5d80000,0x00000000db500000)
  from space 8704K, 94% used [0x00000000dc400000,0x00000000dcc09030,0x00000000dcc80000)
  to   space 11776K, 0% used [0x00000000db580000,0x00000000db580000,0x00000000dc100000)
 ParOldGen       total 61440K, used 25585K [0x0000000081800000, 0x0000000085400000, 0x00000000d5d80000)
  object space 61440K, 41% used [0x0000000081800000,0x00000000830fc4b0,0x0000000085400000)
 Metaspace       used 19505K, capacity 19718K, committed 20096K, reserved 1067008K
  class space    used 2231K, capacity 2350K, committed 2432K, reserved 1048576K
}

