# JRE version: Java(TM) SE Runtime Environment (8.0_161-b12) (build 1.8.0_161-b12)
# Java VM: Java HotSpot(TM) 64-Bit Server VM (25.161-b12 mixed mode windows-amd64 compressed oops)
Heap:
 PSYoungGen      total 94208K, used 49419K [0x00000000d5d80000, 0x00000000e0d80000, 0x0000000100000000)
  eden space 85504K, 48% used [0x00000000d5d80000,0x00000000d85b9cd8,0x00000000db100000)
  from space 8704K, 94% used [0x00000000e0500000,0x00000000e0d09030,0x00000000e0d80000)
  to   space 11776K, 0% used [0x00000000df680000,0x00000000df680000,0x00000000e0200000)
 ParOldGen       total 65024K, used 39057K [0x0000000081800000, 0x0000000085780000, 0x00000000d5d80000)
  object space 65024K, 60% used [0x0000000081800000,0x0000000083e244c8,0x0000000085780000)
 Metaspace       used 19610K, capacity 19910K, committed 20096K, reserved 1067008K
  class space    used 2243K, capacity 2350K, committed 2432K, reserved 1048576K
GC Heap History (10 events):
Event: 27.033 GC heap before
{Heap before GC invocations=11 (full 1):
 PSYoungGen      total 110080K, used 108862K [0x00000000d5d80000, 0x00000000e2000000, 0x0000000100000000)
  eden space 101376K, 99% used [0x00000000d5d80000,0x00000000dbfc68e0,0x00000000dc080000)
  from space 8704K, 94% used [0x00000000e1000000,0x00000000e1809030,0x00000000e1880000)
  to   space 7680K, 0% used [0x00000000e1880000,0x00000000e1880000,0x00000000e2000000)
 ParOldGen       total 65024K, used 36245K [0x0000000081800000, 0x0000000085780000, 0x00000000d5d80000)
  object space 65024K, 55% used [0x0000000081800000,0x0000000083b654a8,0x0000000085780000)
 Metaspace       used 19415K, capacity 19654K, committed 19840K, reserved 1067008K
  class space    used 2236K, capacity 2350K, committed 2432K, reserved 1048576K
Event: 27.037 GC heap after
Heap after GC invocations=11 (full 1):
 PSYoungGen      total 103424K, used 5528K [0x00000000d5d80000, 0x00000000e1e00000, 0x0000000100000000)
  eden space 97792K, 0% used [0x00000000d5d80000,0x00000000d5d80000,0x00000000dbd00000)
  from space 5632K, 98% used [0x00000000e1880000,0x00000000e1de6020,0x00000000e1e00000)
  to   space 11776K, 0% used [0x00000000e0700000,0x00000000e0700000,0x00000000e1280000)
 ParOldGen       total 65024K, used 38969K [0x0000000081800000, 0x0000000085780000, 0x00000000d5d80000)
  object space 65024K, 59% used [0x0000000081800000,0x0000000083e0e4b8,0x0000000085780000)
 Metaspace       used 19415K, capacity 19654K, committed 19840K, reserved 1067008K
  class space    used 2236K, capacity 2350K, committed 2432K, reserved 1048576K
}
Event: 29.309 GC heap before
{Heap before GC invocations=12 (full 1):
 PSYoungGen      total 103424K, used 101402K [0x00000000d5d80000, 0x00000000e1e00000, 0x0000000100000000)
  eden space 97792K, 98% used [0x00000000d5d80000,0x00000000dbb209f8,0x00000000dbd00000)
  from space 5632K, 98% used [0x00000000e1880000,0x00000000e1de6020,0x00000000e1e00000)
  to   space 11776K, 0% used [0x00000000e0700000,0x00000000e0700000,0x00000000e1280000)
 ParOldGen       total 65024K, used 38969K [0x0000000081800000, 0x0000000085780000, 0x00000000d5d80000)
  object space 65024K, 59% used [0x0000000081800000,0x0000000083e0e4b8,0x0000000085780000)
 Metaspace       used 19450K, capacity 19718K, committed 20096K, reserved 1067008K
  class space    used 2237K, capacity 2350K, committed 2432K, reserved 1048576K
Event: 29.315 GC heap after
Heap after GC invocations=12 (full 1):
 PSYoungGen      total 103424K, used 8228K [0x00000000d5d80000, 0x00000000e1900000, 0x0000000100000000)
  eden space 94720K, 0% used [0x00000000d5d80000,0x00000000d5d80000,0x00000000dba00000)
  from space 8704K, 94% used [0x00000000e0700000,0x00000000e0f09030,0x00000000e0f80000)
  to   space 9728K, 0% used [0x00000000e0f80000,0x00000000e0f80000,0x00000000e1900000)
 ParOldGen       total 65024K, used 39009K [0x0000000081800000, 0x0000000085780000, 0x00000000d5d80000)
  object space 65024K, 59% used [0x0000000081800000,0x0000000083e184b8,0x0000000085780000)
 Metaspace       used 19450K, capacity 19718K, committed 20096K, reserved 1067008K
  class space    used 2237K, capacity 2350K, committed 2432K, reserved 1048576K
}
Event: 31.522 GC heap before
{Heap before GC invocations=13 (full 1):
 PSYoungGen      total 103424K, used 102794K [0x00000000d5d80000, 0x00000000e1900000, 0x0000000100000000)
  eden space 94720K, 99% used [0x00000000d5d80000,0x00000000db9d9a68,0x00000000dba00000)
  from space 8704K, 94% used [0x00000000e0700000,0x00000000e0f09030,0x00000000e0f80000)
  to   space 9728K, 0% used [0x00000000e0f80000,0x00000000e0f80000,0x00000000e1900000)
 ParOldGen       total 65024K, used 39009K [0x0000000081800000, 0x0000000085780000, 0x00000000d5d80000)
  object space 65024K, 59% used [0x0000000081800000,0x0000000083e184b8,0x0000000085780000)
 Metaspace       used 19463K, capacity 19718K, committed 20096K, reserved 1067008K
  class space    used 2237K, capacity 2350K, committed 2432K, reserved 1048576K
Event: 31.526 GC heap after
Heap after GC invocations=13 (full 1):
 PSYoungGen      total 97280K, used 5496K [0x00000000d5d80000, 0x00000000e1500000, 0x0000000100000000)
  eden space 91648K, 0% used [0x00000000d5d80000,0x00000000d5d80000,0x00000000db700000)
  from space 5632K, 97% used [0x00000000e0f80000,0x00000000e14de020,0x00000000e1500000)
  to   space 11776K, 0% used [0x00000000dfe00000,0x00000000dfe00000,0x00000000e0980000)
 ParOldGen       total 65024K, used 39025K [0x0000000081800000, 0x0000000085780000, 0x00000000d5d80000)
  object space 65024K, 60% used [0x0000000081800000,0x0000000083e1c4b8,0x0000000085780000)
 Metaspace       used 19463K, capacity 19718K, committed 20096K, reserved 1067008K
  class space    used 2237K, capacity 2350K, committed 2432K, reserved 1048576K
}
Event: 33.702 GC heap before
{Heap before GC invocations=14 (full 1):
 PSYoungGen      total 97280K, used 94503K [0x00000000d5d80000, 0x00000000e1500000, 0x0000000100000000)
  eden space 91648K, 97% used [0x00000000d5d80000,0x00000000db46bd80,0x00000000db700000)
  from space 5632K, 97% used [0x00000000e0f80000,0x00000000e14de020,0x00000000e1500000)
  to   space 11776K, 0% used [0x00000000dfe00000,0x00000000dfe00000,0x00000000e0980000)
 ParOldGen       total 65024K, used 39025K [0x0000000081800000, 0x0000000085780000, 0x00000000d5d80000)
  object space 65024K, 60% used [0x0000000081800000,0x0000000083e1c4b8,0x0000000085780000)
 Metaspace       used 19484K, capacity 19718K, committed 20096K, reserved 1067008K
  class space    used 2237K, capacity 2350K, committed 2432K, reserved 1048576K
Event: 33.709 GC heap after
Heap after GC invocations=14 (full 1):
 PSYoungGen      total 94208K, used 5496K [0x00000000d5d80000, 0x00000000e1000000, 0x0000000100000000)
  eden space 88576K, 0% used [0x00000000d5d80000,0x00000000d5d80000,0x00000000db400000)
  from space 5632K, 97% used [0x00000000dfe00000,0x00000000e035e020,0x00000000e0380000)
  to   space 11264K, 0% used [0x00000000e0500000,0x00000000e0500000,0x00000000e1000000)
 ParOldGen       total 65024K, used 39049K [0x0000000081800000, 0x0000000085780000, 0x00000000d5d80000)
  object space 65024K, 60% used [0x0000000081800000,0x0000000083e224c8,0x0000000085780000)
 Metaspace       used 19484K, capacity 19718K, committed 20096K, reserved 1067008K
  class space    used 2237K, capacity 2350K, committed 2432K, reserved 1048576K
}
Event: 35.749 GC heap before
{Heap before GC invocations=15 (full 1):
 PSYoungGen      total 94208K, used 92059K [0x00000000d5d80000, 0x00000000e1000000, 0x0000000100000000)
  eden space 88576K, 97% used [0x00000000d5d80000,0x00000000db208c88,0x00000000db400000)
  from space 5632K, 97% used [0x00000000dfe00000,0x00000000e035e020,0x00000000e0380000)
  to   space 11264K, 0% used [0x00000000e0500000,0x00000000e0500000,0x00000000e1000000)
 ParOldGen       total 65024K, used 39049K [0x0000000081800000, 0x0000000085780000, 0x00000000d5d80000)
  object space 65024K, 60% used [0x0000000081800000,0x0000000083e224c8,0x0000000085780000)
 Metaspace       used 19534K, capacity 19782K, committed 20096K, reserved 1067008K
  class space    used 2237K, capacity 2350K, committed 2432K, reserved 1048576K
Event: 35.758 GC heap after
Heap after GC invocations=15 (full 1):
 PSYoungGen      total 94208K, used 8228K [0x00000000d5d80000, 0x00000000e0d80000, 0x0000000100000000)
  eden space 85504K, 0% used [0x00000000d5d80000,0x00000000d5d80000,0x00000000db100000)
  from space 8704K, 94% used [0x00000000e0500000,0x00000000e0d09030,0x00000000e0d80000)
  to   space 11776K, 0% used [0x00000000df680000,0x00000000df680000,0x00000000e0200000)
 ParOldGen       total 65024K, used 39057K [0x0000000081800000, 0x0000000085780000, 0x00000000d5d80000)
  object space 65024K, 60% used [0x0000000081800000,0x0000000083e244c8,0x0000000085780000)
 Metaspace       used 19534K, capacity 19782K, committed 20096K, reserved 1067008K
  class space    used 2237K, capacity 2350K, committed 2432K, reserved 1048576K
}

