# JRE version: Java(TM) SE Runtime Environment (8.0_161-b12) (build 1.8.0_161-b12)
# Java VM: Java HotSpot(TM) 64-Bit Server VM (25.161-b12 mixed mode windows-amd64 compressed oops)
Heap:
 PSYoungGen      total 68096K, used 29887K [0x00000000d5d80000, 0x00000000dac80000, 0x0000000100000000)
  eden space 58368K, 41% used [0x00000000d5d80000,0x00000000d7529ea8,0x00000000d9680000)
  from space 9728K, 58% used [0x00000000da300000,0x00000000da886020,0x00000000dac80000)
  to   space 11264K, 0% used [0x00000000d9680000,0x00000000d9680000,0x00000000da180000)
 ParOldGen       total 55296K, used 24826K [0x0000000081800000, 0x0000000084e00000, 0x00000000d5d80000)
  object space 55296K, 44% used [0x0000000081800000,0x000000008303e900,0x0000000084e00000)
 Metaspace       used 19458K, capacity 19710K, committed 19840K, reserved 1067008K
  class space    used 2236K, capacity 2350K, committed 2432K, reserved 1048576K
GC Heap History (10 events):
Event: 49.195 GC heap before
{Heap before GC invocations=23 (full 1):
 PSYoungGen      total 75264K, used 74568K [0x00000000d5d80000, 0x00000000db580000, 0x0000000100000000)
  eden space 66560K, 99% used [0x00000000d5d80000,0x00000000d9e51078,0x00000000d9e80000)
  from space 8704K, 94% used [0x00000000da080000,0x00000000da881030,0x00000000da900000)
  to   space 11776K, 0% used [0x00000000daa00000,0x00000000daa00000,0x00000000db580000)
 ParOldGen       total 55296K, used 24786K [0x0000000081800000, 0x0000000084e00000, 0x00000000d5d80000)
  object space 55296K, 44% used [0x0000000081800000,0x0000000083034900,0x0000000084e00000)
 Metaspace       used 19205K, capacity 19454K, committed 19584K, reserved 1067008K
  class space    used 2230K, capacity 2350K, committed 2432K, reserved 1048576K
Event: 49.201 GC heap after
Heap after GC invocations=23 (full 1):
 PSYoungGen      total 74240K, used 8196K [0x00000000d5d80000, 0x00000000db380000, 0x0000000100000000)
  eden space 64512K, 0% used [0x00000000d5d80000,0x00000000d5d80000,0x00000000d9c80000)
  from space 9728K, 84% used [0x00000000daa00000,0x00000000db201030,0x00000000db380000)
  to   space 11776K, 0% used [0x00000000d9c80000,0x00000000d9c80000,0x00000000da800000)
 ParOldGen       total 55296K, used 24794K [0x0000000081800000, 0x0000000084e00000, 0x00000000d5d80000)
  object space 55296K, 44% used [0x0000000081800000,0x0000000083036900,0x0000000084e00000)
 Metaspace       used 19205K, capacity 19454K, committed 19584K, reserved 1067008K
  class space    used 2230K, capacity 2350K, committed 2432K, reserved 1048576K
}
Event: 50.725 GC heap before
{Heap before GC invocations=24 (full 1):
 PSYoungGen      total 74240K, used 71806K [0x00000000d5d80000, 0x00000000db380000, 0x0000000100000000)
  eden space 64512K, 98% used [0x00000000d5d80000,0x00000000d9b9ea78,0x00000000d9c80000)
  from space 9728K, 84% used [0x00000000daa00000,0x00000000db201030,0x00000000db380000)
  to   space 11776K, 0% used [0x00000000d9c80000,0x00000000d9c80000,0x00000000da800000)
 ParOldGen       total 55296K, used 24794K [0x0000000081800000, 0x0000000084e00000, 0x00000000d5d80000)
  object space 55296K, 44% used [0x0000000081800000,0x0000000083036900,0x0000000084e00000)
 Metaspace       used 19206K, capacity 19454K, committed 19584K, reserved 1067008K
  class space    used 2230K, capacity 2350K, committed 2432K, reserved 1048576K
Event: 50.728 GC heap after
Heap after GC invocations=24 (full 1):
 PSYoungGen      total 71680K, used 8196K [0x00000000d5d80000, 0x00000000db100000, 0x0000000100000000)
  eden space 62976K, 0% used [0x00000000d5d80000,0x00000000d5d80000,0x00000000d9b00000)
  from space 8704K, 94% used [0x00000000d9c80000,0x00000000da481030,0x00000000da500000)
  to   space 11264K, 0% used [0x00000000da600000,0x00000000da600000,0x00000000db100000)
 ParOldGen       total 55296K, used 24802K [0x0000000081800000, 0x0000000084e00000, 0x00000000d5d80000)
  object space 55296K, 44% used [0x0000000081800000,0x0000000083038900,0x0000000084e00000)
 Metaspace       used 19206K, capacity 19454K, committed 19584K, reserved 1067008K
  class space    used 2230K, capacity 2350K, committed 2432K, reserved 1048576K
}
Event: 52.217 GC heap before
{Heap before GC invocations=25 (full 1):
 PSYoungGen      total 71680K, used 70274K [0x00000000d5d80000, 0x00000000db100000, 0x0000000100000000)
  eden space 62976K, 98% used [0x00000000d5d80000,0x00000000d9a1f970,0x00000000d9b00000)
  from space 8704K, 94% used [0x00000000d9c80000,0x00000000da481030,0x00000000da500000)
  to   space 11264K, 0% used [0x00000000da600000,0x00000000da600000,0x00000000db100000)
 ParOldGen       total 55296K, used 24802K [0x0000000081800000, 0x0000000084e00000, 0x00000000d5d80000)
  object space 55296K, 44% used [0x0000000081800000,0x0000000083038900,0x0000000084e00000)
 Metaspace       used 19223K, capacity 19518K, committed 19840K, reserved 1067008K
  class space    used 2230K, capacity 2350K, committed 2432K, reserved 1048576K
Event: 52.220 GC heap after
Heap after GC invocations=25 (full 1):
 PSYoungGen      total 71168K, used 8260K [0x00000000d5d80000, 0x00000000daf80000, 0x0000000100000000)
  eden space 61440K, 0% used [0x00000000d5d80000,0x00000000d5d80000,0x00000000d9980000)
  from space 9728K, 84% used [0x00000000da600000,0x00000000dae11030,0x00000000daf80000)
  to   space 11264K, 0% used [0x00000000d9980000,0x00000000d9980000,0x00000000da480000)
 ParOldGen       total 55296K, used 24810K [0x0000000081800000, 0x0000000084e00000, 0x00000000d5d80000)
  object space 55296K, 44% used [0x0000000081800000,0x000000008303a900,0x0000000084e00000)
 Metaspace       used 19223K, capacity 19518K, committed 19840K, reserved 1067008K
  class space    used 2230K, capacity 2350K, committed 2432K, reserved 1048576K
}
Event: 53.620 GC heap before
{Heap before GC invocations=26 (full 1):
 PSYoungGen      total 71168K, used 67193K [0x00000000d5d80000, 0x00000000daf80000, 0x0000000100000000)
  eden space 61440K, 95% used [0x00000000d5d80000,0x00000000d970d608,0x00000000d9980000)
  from space 9728K, 84% used [0x00000000da600000,0x00000000dae11030,0x00000000daf80000)
  to   space 11264K, 0% used [0x00000000d9980000,0x00000000d9980000,0x00000000da480000)
 ParOldGen       total 55296K, used 24810K [0x0000000081800000, 0x0000000084e00000, 0x00000000d5d80000)
  object space 55296K, 44% used [0x0000000081800000,0x000000008303a900,0x0000000084e00000)
 Metaspace       used 19366K, capacity 19646K, committed 19840K, reserved 1067008K
  class space    used 2234K, capacity 2350K, committed 2432K, reserved 1048576K
Event: 53.623 GC heap after
Heap after GC invocations=26 (full 1):
 PSYoungGen      total 68608K, used 8388K [0x00000000d5d80000, 0x00000000dae00000, 0x0000000100000000)
  eden space 59904K, 0% used [0x00000000d5d80000,0x00000000d5d80000,0x00000000d9800000)
  from space 8704K, 96% used [0x00000000d9980000,0x00000000da1b1030,0x00000000da200000)
  to   space 11264K, 0% used [0x00000000da300000,0x00000000da300000,0x00000000dae00000)
 ParOldGen       total 55296K, used 24818K [0x0000000081800000, 0x0000000084e00000, 0x00000000d5d80000)
  object space 55296K, 44% used [0x0000000081800000,0x000000008303c900,0x0000000084e00000)
 Metaspace       used 19366K, capacity 19646K, committed 19840K, reserved 1067008K
  class space    used 2234K, capacity 2350K, committed 2432K, reserved 1048576K
}
Event: 55.031 GC heap before
{Heap before GC invocations=27 (full 1):
 PSYoungGen      total 68608K, used 66822K [0x00000000d5d80000, 0x00000000dae00000, 0x0000000100000000)
  eden space 59904K, 97% used [0x00000000d5d80000,0x00000000d9690bc0,0x00000000d9800000)
  from space 8704K, 96% used [0x00000000d9980000,0x00000000da1b1030,0x00000000da200000)
  to   space 11264K, 0% used [0x00000000da300000,0x00000000da300000,0x00000000dae00000)
 ParOldGen       total 55296K, used 24818K [0x0000000081800000, 0x0000000084e00000, 0x00000000d5d80000)
  object space 55296K, 44% used [0x0000000081800000,0x000000008303c900,0x0000000084e00000)
 Metaspace       used 19423K, capacity 19710K, committed 19840K, reserved 1067008K
  class space    used 2234K, capacity 2350K, committed 2432K, reserved 1048576K
Event: 55.035 GC heap after
Heap after GC invocations=27 (full 1):
 PSYoungGen      total 68096K, used 5656K [0x00000000d5d80000, 0x00000000dac80000, 0x0000000100000000)
  eden space 58368K, 0% used [0x00000000d5d80000,0x00000000d5d80000,0x00000000d9680000)
  from space 9728K, 58% used [0x00000000da300000,0x00000000da886020,0x00000000dac80000)
  to   space 11264K, 0% used [0x00000000d9680000,0x00000000d9680000,0x00000000da180000)
 ParOldGen       total 55296K, used 24826K [0x0000000081800000, 0x0000000084e00000, 0x00000000d5d80000)
  object space 55296K, 44% used [0x0000000081800000,0x000000008303e900,0x0000000084e00000)
 Metaspace       used 19423K, capacity 19710K, committed 19840K, reserved 1067008K
  class space    used 2234K, capacity 2350K, committed 2432K, reserved 1048576K
}

