# JRE version: Java(TM) SE Runtime Environment (8.0_161-b12) (build 1.8.0_161-b12)
# Java VM: Java HotSpot(TM) 64-Bit Server VM (25.161-b12 mixed mode windows-amd64 compressed oops)
Heap:
 PSYoungGen      total 129536K, used 2212K [0x00000000d5d80000, 0x00000000de880000, 0x0000000100000000)
  eden space 128000K, 0% used [0x00000000d5d80000,0x00000000d5e98320,0x00000000dda80000)
  from space 1536K, 71% used [0x00000000ddf80000,0x00000000de091010,0x00000000de100000)
  to   space 7168K, 0% used [0x00000000de180000,0x00000000de180000,0x00000000de880000)
 ParOldGen       total 87552K, used 54739K [0x0000000081800000, 0x0000000086d80000, 0x00000000d5d80000)
  object space 87552K, 62% used [0x0000000081800000,0x0000000084d74fc0,0x0000000086d80000)
 Metaspace       used 19520K, capacity 19766K, committed 20096K, reserved 1067008K
  class space    used 2235K, capacity 2318K, committed 2432K, reserved 1048576K
GC Heap History (10 events):
Event: 10.358 GC heap before
{Heap before GC invocations=2 (full 0):
 PSYoungGen      total 38400K, used 37798K [0x00000000d5d80000, 0x00000000d8800000, 0x0000000100000000)
  eden space 33280K, 98% used [0x00000000d5d80000,0x00000000d7d6b900,0x00000000d7e00000)
  from space 5120K, 99% used [0x00000000d7e00000,0x00000000d82fe050,0x00000000d8300000)
  to   space 5120K, 0% used [0x00000000d8300000,0x00000000d8300000,0x00000000d8800000)
 ParOldGen       total 87552K, used 7852K [0x0000000081800000, 0x0000000086d80000, 0x00000000d5d80000)
  object space 87552K, 8% used [0x0000000081800000,0x0000000081fab368,0x0000000086d80000)
 Metaspace       used 18818K, capacity 19050K, committed 19328K, reserved 1067008K
  class space    used 2221K, capacity 2318K, committed 2432K, reserved 1048576K
Event: 10.378 GC heap after
Heap after GC invocations=2 (full 0):
 PSYoungGen      total 38400K, used 4629K [0x00000000d5d80000, 0x00000000d8800000, 0x0000000100000000)
  eden space 33280K, 0% used [0x00000000d5d80000,0x00000000d5d80000,0x00000000d7e00000)
  from space 5120K, 90% used [0x00000000d8300000,0x00000000d87854a8,0x00000000d8800000)
  to   space 5120K, 0% used [0x00000000d7e00000,0x00000000d7e00000,0x00000000d8300000)
 ParOldGen       total 87552K, used 7860K [0x0000000081800000, 0x0000000086d80000, 0x00000000d5d80000)
  object space 87552K, 8% used [0x0000000081800000,0x0000000081fad368,0x0000000086d80000)
 Metaspace       used 18818K, capacity 19050K, committed 19328K, reserved 1067008K
  class space    used 2221K, capacity 2318K, committed 2432K, reserved 1048576K
}
Event: 11.482 GC heap before
{Heap before GC invocations=3 (full 0):
 PSYoungGen      total 38400K, used 37253K [0x00000000d5d80000, 0x00000000d8800000, 0x0000000100000000)
  eden space 33280K, 98% used [0x00000000d5d80000,0x00000000d7d5c310,0x00000000d7e00000)
  from space 5120K, 90% used [0x00000000d8300000,0x00000000d87854a8,0x00000000d8800000)
  to   space 5120K, 0% used [0x00000000d7e00000,0x00000000d7e00000,0x00000000d8300000)
 ParOldGen       total 87552K, used 7860K [0x0000000081800000, 0x0000000086d80000, 0x00000000d5d80000)
  object space 87552K, 8% used [0x0000000081800000,0x0000000081fad368,0x0000000086d80000)
 Metaspace       used 18942K, capacity 19182K, committed 19584K, reserved 1067008K
  class space    used 2221K, capacity 2318K, committed 2432K, reserved 1048576K
Event: 11.497 GC heap after
Heap after GC invocations=3 (full 0):
 PSYoungGen      total 38400K, used 4629K [0x00000000d5d80000, 0x00000000da880000, 0x0000000100000000)
  eden space 33280K, 0% used [0x00000000d5d80000,0x00000000d5d80000,0x00000000d7e00000)
  from space 5120K, 90% used [0x00000000d7e00000,0x00000000d82854a8,0x00000000d8300000)
  to   space 5120K, 0% used [0x00000000da380000,0x00000000da380000,0x00000000da880000)
 ParOldGen       total 87552K, used 7868K [0x0000000081800000, 0x0000000086d80000, 0x00000000d5d80000)
  object space 87552K, 8% used [0x0000000081800000,0x0000000081faf368,0x0000000086d80000)
 Metaspace       used 18942K, capacity 19182K, committed 19584K, reserved 1067008K
  class space    used 2221K, capacity 2318K, committed 2432K, reserved 1048576K
}
Event: 12.634 GC heap before
{Heap before GC invocations=4 (full 0):
 PSYoungGen      total 38400K, used 37739K [0x00000000d5d80000, 0x00000000da880000, 0x0000000100000000)
  eden space 33280K, 99% used [0x00000000d5d80000,0x00000000d7dd5858,0x00000000d7e00000)
  from space 5120K, 90% used [0x00000000d7e00000,0x00000000d82854a8,0x00000000d8300000)
  to   space 5120K, 0% used [0x00000000da380000,0x00000000da380000,0x00000000da880000)
 ParOldGen       total 87552K, used 7868K [0x0000000081800000, 0x0000000086d80000, 0x00000000d5d80000)
  object space 87552K, 8% used [0x0000000081800000,0x0000000081faf368,0x0000000086d80000)
 Metaspace       used 19032K, capacity 19246K, committed 19584K, reserved 1067008K
  class space    used 2222K, capacity 2318K, committed 2432K, reserved 1048576K
Event: 12.656 GC heap after
Heap after GC invocations=4 (full 0):
 PSYoungGen      total 71680K, used 5096K [0x00000000d5d80000, 0x00000000da880000, 0x0000000100000000)
  eden space 66560K, 0% used [0x00000000d5d80000,0x00000000d5d80000,0x00000000d9e80000)
  from space 5120K, 99% used [0x00000000da380000,0x00000000da87a020,0x00000000da880000)
  to   space 5120K, 0% used [0x00000000d9e80000,0x00000000d9e80000,0x00000000da380000)
 ParOldGen       total 87552K, used 9146K [0x0000000081800000, 0x0000000086d80000, 0x00000000d5d80000)
  object space 87552K, 10% used [0x0000000081800000,0x00000000820eeb90,0x0000000086d80000)
 Metaspace       used 19032K, capacity 19246K, committed 19584K, reserved 1067008K
  class space    used 2222K, capacity 2318K, committed 2432K, reserved 1048576K
}
Event: 15.141 GC heap before
{Heap before GC invocations=5 (full 0):
 PSYoungGen      total 71680K, used 71304K [0x00000000d5d80000, 0x00000000da880000, 0x0000000100000000)
  eden space 66560K, 99% used [0x00000000d5d80000,0x00000000d9e28120,0x00000000d9e80000)
  from space 5120K, 99% used [0x00000000da380000,0x00000000da87a020,0x00000000da880000)
  to   space 5120K, 0% used [0x00000000d9e80000,0x00000000d9e80000,0x00000000da380000)
 ParOldGen       total 87552K, used 10046K [0x0000000081800000, 0x0000000086d80000, 0x00000000d5d80000)
  object space 87552K, 11% used [0x0000000081800000,0x00000000821cfba0,0x0000000086d80000)
 Metaspace       used 19220K, capacity 19446K, committed 19840K, reserved 1067008K
  class space    used 2226K, capacity 2318K, committed 2432K, reserved 1048576K
Event: 15.169 GC heap after
Heap after GC invocations=5 (full 0):
 PSYoungGen      total 71680K, used 4324K [0x00000000d5d80000, 0x00000000dec80000, 0x0000000100000000)
  eden space 66560K, 0% used [0x00000000d5d80000,0x00000000d5d80000,0x00000000d9e80000)
  from space 5120K, 84% used [0x00000000d9e80000,0x00000000da2b9010,0x00000000da380000)
  to   space 6656K, 0% used [0x00000000de600000,0x00000000de600000,0x00000000dec80000)
 ParOldGen       total 87552K, used 10054K [0x0000000081800000, 0x0000000086d80000, 0x00000000d5d80000)
  object space 87552K, 11% used [0x0000000081800000,0x00000000821d1ba0,0x0000000086d80000)
 Metaspace       used 19220K, capacity 19446K, committed 19840K, reserved 1067008K
  class space    used 2226K, capacity 2318K, committed 2432K, reserved 1048576K
}
Event: 19.079 GC heap before
{Heap before GC invocations=6 (full 0):
 PSYoungGen      total 71680K, used 70884K [0x00000000d5d80000, 0x00000000dec80000, 0x0000000100000000)
  eden space 66560K, 100% used [0x00000000d5d80000,0x00000000d9e80000,0x00000000d9e80000)
  from space 5120K, 84% used [0x00000000d9e80000,0x00000000da2b9010,0x00000000da380000)
  to   space 6656K, 0% used [0x00000000de600000,0x00000000de600000,0x00000000dec80000)
 ParOldGen       total 87552K, used 51456K [0x0000000081800000, 0x0000000086d80000, 0x00000000d5d80000)
  object space 87552K, 58% used [0x0000000081800000,0x0000000084a400b0,0x0000000086d80000)
 Metaspace       used 19358K, capacity 19638K, committed 19840K, reserved 1067008K
  class space    used 2226K, capacity 2318K, committed 2432K, reserved 1048576K
Event: 19.100 GC heap after
Heap after GC invocations=6 (full 0):
 PSYoungGen      total 139776K, used 3392K [0x00000000d5d80000, 0x00000000dec80000, 0x0000000100000000)
  eden space 133120K, 0% used [0x00000000d5d80000,0x00000000d5d80000,0x00000000ddf80000)
  from space 6656K, 50% used [0x00000000de600000,0x00000000de950000,0x00000000dec80000)
  to   space 6656K, 0% used [0x00000000ddf80000,0x00000000ddf80000,0x00000000de600000)
 ParOldGen       total 87552K, used 51464K [0x0000000081800000, 0x0000000086d80000, 0x00000000d5d80000)
  object space 87552K, 58% used [0x0000000081800000,0x0000000084a420b0,0x0000000086d80000)
 Metaspace       used 19358K, capacity 19638K, committed 19840K, reserved 1067008K
  class space    used 2226K, capacity 2318K, committed 2432K, reserved 1048576K
}

