# JRE version: Java(TM) SE Runtime Environment (8.0_161-b12) (build 1.8.0_161-b12)
# Java VM: Java HotSpot(TM) 64-Bit Server VM (25.161-b12 mixed mode windows-amd64 compressed oops)
Heap:
 PSYoungGen      total 52736K, used 17895K [0x00000000d5d80000, 0x00000000da900000, 0x0000000100000000)
  eden space 41472K, 16% used [0x00000000d5d80000,0x00000000d644dd28,0x00000000d8600000)
  from space 11264K, 97% used [0x00000000d8700000,0x00000000d91ac040,0x00000000d9200000)
  to   space 17920K, 0% used [0x00000000d9780000,0x00000000d9780000,0x00000000da900000)
 ParOldGen       total 50688K, used 10465K [0x0000000081800000, 0x0000000084980000, 0x00000000d5d80000)
  object space 50688K, 20% used [0x0000000081800000,0x0000000082238568,0x0000000084980000)
 Metaspace       used 19666K, capacity 19974K, committed 20352K, reserved 1067008K
  class space    used 2242K, capacity 2350K, committed 2432K, reserved 1048576K
GC Heap History (10 events):
Event: 88.361 GC heap before
{Heap before GC invocations=41 (full 4):
 PSYoungGen      total 65024K, used 58427K [0x00000000d5d80000, 0x00000000db000000, 0x0000000100000000)
  eden space 46592K, 96% used [0x00000000d5d80000,0x00000000d893fdf0,0x00000000d8b00000)
  from space 18432K, 73% used [0x00000000d9e00000,0x00000000dab4f050,0x00000000db000000)
  to   space 18944K, 0% used [0x00000000d8b00000,0x00000000d8b00000,0x00000000d9d80000)
 ParOldGen       total 50688K, used 10449K [0x0000000081800000, 0x0000000084980000, 0x00000000d5d80000)
  object space 50688K, 20% used [0x0000000081800000,0x0000000082234568,0x0000000084980000)
 Metaspace       used 19451K, capacity 19782K, committed 20096K, reserved 1067008K
  class space    used 2235K, capacity 2350K, committed 2432K, reserved 1048576K
Event: 88.365 GC heap after
Heap after GC invocations=41 (full 4):
 PSYoungGen      total 59392K, used 13628K [0x00000000d5d80000, 0x00000000daf00000, 0x0000000100000000)
  eden space 45568K, 0% used [0x00000000d5d80000,0x00000000d5d80000,0x00000000d8a00000)
  from space 13824K, 98% used [0x00000000d8b00000,0x00000000d984f050,0x00000000d9880000)
  to   space 18944K, 0% used [0x00000000d9c80000,0x00000000d9c80000,0x00000000daf00000)
 ParOldGen       total 50688K, used 10457K [0x0000000081800000, 0x0000000084980000, 0x00000000d5d80000)
  object space 50688K, 20% used [0x0000000081800000,0x0000000082236568,0x0000000084980000)
 Metaspace       used 19451K, capacity 19782K, committed 20096K, reserved 1067008K
  class space    used 2235K, capacity 2350K, committed 2432K, reserved 1048576K
}
Event: 89.439 GC heap before
{Heap before GC invocations=42 (full 4):
 PSYoungGen      total 59392K, used 58057K [0x00000000d5d80000, 0x00000000daf00000, 0x0000000100000000)
  eden space 45568K, 97% used [0x00000000d5d80000,0x00000000d88e3518,0x00000000d8a00000)
  from space 13824K, 98% used [0x00000000d8b00000,0x00000000d984f050,0x00000000d9880000)
  to   space 18944K, 0% used [0x00000000d9c80000,0x00000000d9c80000,0x00000000daf00000)
 ParOldGen       total 50688K, used 10457K [0x0000000081800000, 0x0000000084980000, 0x00000000d5d80000)
  object space 50688K, 20% used [0x0000000081800000,0x0000000082236568,0x0000000084980000)
 Metaspace       used 19459K, capacity 19782K, committed 20096K, reserved 1067008K
  class space    used 2235K, capacity 2350K, committed 2432K, reserved 1048576K
Event: 89.443 GC heap after
Heap after GC invocations=42 (full 4):
 PSYoungGen      total 61440K, used 10928K [0x00000000d5d80000, 0x00000000dad00000, 0x0000000100000000)
  eden space 44544K, 0% used [0x00000000d5d80000,0x00000000d5d80000,0x00000000d8900000)
  from space 16896K, 64% used [0x00000000d9c80000,0x00000000da72c040,0x00000000dad00000)
  to   space 18432K, 0% used [0x00000000d8900000,0x00000000d8900000,0x00000000d9b00000)
 ParOldGen       total 50688K, used 10457K [0x0000000081800000, 0x0000000084980000, 0x00000000d5d80000)
  object space 50688K, 20% used [0x0000000081800000,0x0000000082236568,0x0000000084980000)
 Metaspace       used 19459K, capacity 19782K, committed 20096K, reserved 1067008K
  class space    used 2235K, capacity 2350K, committed 2432K, reserved 1048576K
}
Event: 90.429 GC heap before
{Heap before GC invocations=43 (full 4):
 PSYoungGen      total 61440K, used 52854K [0x00000000d5d80000, 0x00000000dad00000, 0x0000000100000000)
  eden space 44544K, 94% used [0x00000000d5d80000,0x00000000d8671a60,0x00000000d8900000)
  from space 16896K, 64% used [0x00000000d9c80000,0x00000000da72c040,0x00000000dad00000)
  to   space 18432K, 0% used [0x00000000d8900000,0x00000000d8900000,0x00000000d9b00000)
 ParOldGen       total 50688K, used 10457K [0x0000000081800000, 0x0000000084980000, 0x00000000d5d80000)
  object space 50688K, 20% used [0x0000000081800000,0x0000000082236568,0x0000000084980000)
 Metaspace       used 19494K, capacity 19782K, committed 20096K, reserved 1067008K
  class space    used 2235K, capacity 2350K, committed 2432K, reserved 1048576K
Event: 90.432 GC heap after
Heap after GC invocations=43 (full 4):
 PSYoungGen      total 57344K, used 13628K [0x00000000d5d80000, 0x00000000dac00000, 0x0000000100000000)
  eden space 43520K, 0% used [0x00000000d5d80000,0x00000000d5d80000,0x00000000d8800000)
  from space 13824K, 98% used [0x00000000d8900000,0x00000000d964f050,0x00000000d9680000)
  to   space 18432K, 0% used [0x00000000d9a00000,0x00000000d9a00000,0x00000000dac00000)
 ParOldGen       total 50688K, used 10457K [0x0000000081800000, 0x0000000084980000, 0x00000000d5d80000)
  object space 50688K, 20% used [0x0000000081800000,0x0000000082236568,0x0000000084980000)
 Metaspace       used 19494K, capacity 19782K, committed 20096K, reserved 1067008K
  class space    used 2235K, capacity 2350K, committed 2432K, reserved 1048576K
}
Event: 91.446 GC heap before
{Heap before GC invocations=44 (full 4):
 PSYoungGen      total 57344K, used 55471K [0x00000000d5d80000, 0x00000000dac00000, 0x0000000100000000)
  eden space 43520K, 96% used [0x00000000d5d80000,0x00000000d865ced8,0x00000000d8800000)
  from space 13824K, 98% used [0x00000000d8900000,0x00000000d964f050,0x00000000d9680000)
  to   space 18432K, 0% used [0x00000000d9a00000,0x00000000d9a00000,0x00000000dac00000)
 ParOldGen       total 50688K, used 10457K [0x0000000081800000, 0x0000000084980000, 0x00000000d5d80000)
  object space 50688K, 20% used [0x0000000081800000,0x0000000082236568,0x0000000084980000)
 Metaspace       used 19511K, capacity 19782K, committed 20096K, reserved 1067008K
  class space    used 2236K, capacity 2350K, committed 2432K, reserved 1048576K
Event: 91.451 GC heap after
Heap after GC invocations=44 (full 4):
 PSYoungGen      total 59904K, used 13628K [0x00000000d5d80000, 0x00000000dab00000, 0x0000000100000000)
  eden space 42496K, 0% used [0x00000000d5d80000,0x00000000d5d80000,0x00000000d8700000)
  from space 17408K, 78% used [0x00000000d9a00000,0x00000000da74f050,0x00000000dab00000)
  to   space 18432K, 0% used [0x00000000d8700000,0x00000000d8700000,0x00000000d9900000)
 ParOldGen       total 50688K, used 10457K [0x0000000081800000, 0x0000000084980000, 0x00000000d5d80000)
  object space 50688K, 20% used [0x0000000081800000,0x0000000082236568,0x0000000084980000)
 Metaspace       used 19511K, capacity 19782K, committed 20096K, reserved 1067008K
  class space    used 2236K, capacity 2350K, committed 2432K, reserved 1048576K
}
Event: 92.434 GC heap before
{Heap before GC invocations=45 (full 4):
 PSYoungGen      total 59904K, used 55465K [0x00000000d5d80000, 0x00000000dab00000, 0x0000000100000000)
  eden space 42496K, 98% used [0x00000000d5d80000,0x00000000d865b550,0x00000000d8700000)
  from space 17408K, 78% used [0x00000000d9a00000,0x00000000da74f050,0x00000000dab00000)
  to   space 18432K, 0% used [0x00000000d8700000,0x00000000d8700000,0x00000000d9900000)
 ParOldGen       total 50688K, used 10457K [0x0000000081800000, 0x0000000084980000, 0x00000000d5d80000)
  object space 50688K, 20% used [0x0000000081800000,0x0000000082236568,0x0000000084980000)
 Metaspace       used 19581K, capacity 19910K, committed 20096K, reserved 1067008K
  class space    used 2236K, capacity 2350K, committed 2432K, reserved 1048576K
Event: 92.438 GC heap after
Heap after GC invocations=45 (full 4):
 PSYoungGen      total 52736K, used 10928K [0x00000000d5d80000, 0x00000000da900000, 0x0000000100000000)
  eden space 41472K, 0% used [0x00000000d5d80000,0x00000000d5d80000,0x00000000d8600000)
  from space 11264K, 97% used [0x00000000d8700000,0x00000000d91ac040,0x00000000d9200000)
  to   space 17920K, 0% used [0x00000000d9780000,0x00000000d9780000,0x00000000da900000)
 ParOldGen       total 50688K, used 10465K [0x0000000081800000, 0x0000000084980000, 0x00000000d5d80000)
  object space 50688K, 20% used [0x0000000081800000,0x0000000082238568,0x0000000084980000)
 Metaspace       used 19581K, capacity 19910K, committed 20096K, reserved 1067008K
  class space    used 2236K, capacity 2350K, committed 2432K, reserved 1048576K
}

