# JRE version: Java(TM) SE Runtime Environment (8.0_161-b12) (build 1.8.0_161-b12)
# Java VM: Java HotSpot(TM) 64-Bit Server VM (25.161-b12 mixed mode windows-amd64 compressed oops)
Heap:
 PSYoungGen      total 28160K, used 18816K [0x00000000d5d80000, 0x00000000d7d00000, 0x0000000100000000)
  eden space 24064K, 66% used [0x00000000d5d80000,0x00000000d6d1d140,0x00000000d7500000)
  from space 4096K, 69% used [0x00000000d7900000,0x00000000d7bc3030,0x00000000d7d00000)
  to   space 4096K, 0% used [0x00000000d7500000,0x00000000d7500000,0x00000000d7900000)
 ParOldGen       total 87552K, used 77017K [0x0000000081800000, 0x0000000086d80000, 0x00000000d5d80000)
  object space 87552K, 87% used [0x0000000081800000,0x0000000086336420,0x0000000086d80000)
 Metaspace       used 20404K, capacity 20662K, committed 20864K, reserved 1067008K
  class space    used 2251K, capacity 2382K, committed 2432K, reserved 1048576K
GC Heap History (10 events):
Event: 160.313 GC heap before
{Heap before GC invocations=74 (full 0):
 PSYoungGen      total 28160K, used 27029K [0x00000000d5d80000, 0x00000000d7e00000, 0x0000000100000000)
  eden space 25088K, 96% used [0x00000000d5d80000,0x00000000d7522468,0x00000000d7600000)
  from space 3072K, 92% used [0x00000000d7680000,0x00000000d7943030,0x00000000d7980000)
  to   space 4096K, 0% used [0x00000000d7a00000,0x00000000d7a00000,0x00000000d7e00000)
 ParOldGen       total 87552K, used 76896K [0x0000000081800000, 0x0000000086d80000, 0x00000000d5d80000)
  object space 87552K, 87% used [0x0000000081800000,0x0000000086318310,0x0000000086d80000)
 Metaspace       used 20358K, capacity 20630K, committed 20864K, reserved 1067008K
  class space    used 2246K, capacity 2350K, committed 2432K, reserved 1048576K
Event: 160.315 GC heap after
Heap after GC invocations=74 (full 0):
 PSYoungGen      total 28160K, used 2860K [0x00000000d5d80000, 0x00000000d7d80000, 0x0000000100000000)
  eden space 24576K, 0% used [0x00000000d5d80000,0x00000000d5d80000,0x00000000d7580000)
  from space 3584K, 79% used [0x00000000d7a00000,0x00000000d7ccb030,0x00000000d7d80000)
  to   space 4096K, 0% used [0x00000000d7580000,0x00000000d7580000,0x00000000d7980000)
 ParOldGen       total 87552K, used 76904K [0x0000000081800000, 0x0000000086d80000, 0x00000000d5d80000)
  object space 87552K, 87% used [0x0000000081800000,0x000000008631a310,0x0000000086d80000)
 Metaspace       used 20358K, capacity 20630K, committed 20864K, reserved 1067008K
  class space    used 2246K, capacity 2350K, committed 2432K, reserved 1048576K
}
Event: 161.178 GC heap before
{Heap before GC invocations=75 (full 0):
 PSYoungGen      total 28160K, used 27098K [0x00000000d5d80000, 0x00000000d7d80000, 0x0000000100000000)
  eden space 24576K, 98% used [0x00000000d5d80000,0x00000000d752b9a8,0x00000000d7580000)
  from space 3584K, 79% used [0x00000000d7a00000,0x00000000d7ccb030,0x00000000d7d80000)
  to   space 4096K, 0% used [0x00000000d7580000,0x00000000d7580000,0x00000000d7980000)
 ParOldGen       total 87552K, used 76904K [0x0000000081800000, 0x0000000086d80000, 0x00000000d5d80000)
  object space 87552K, 87% used [0x0000000081800000,0x000000008631a310,0x0000000086d80000)
 Metaspace       used 20358K, capacity 20630K, committed 20864K, reserved 1067008K
  class space    used 2246K, capacity 2350K, committed 2432K, reserved 1048576K
Event: 161.180 GC heap after
Heap after GC invocations=75 (full 0):
 PSYoungGen      total 27136K, used 2860K [0x00000000d5d80000, 0x00000000d7d00000, 0x0000000100000000)
  eden space 24064K, 0% used [0x00000000d5d80000,0x00000000d5d80000,0x00000000d7500000)
  from space 3072K, 93% used [0x00000000d7580000,0x00000000d784b030,0x00000000d7880000)
  to   space 4096K, 0% used [0x00000000d7900000,0x00000000d7900000,0x00000000d7d00000)
 ParOldGen       total 87552K, used 76920K [0x0000000081800000, 0x0000000086d80000, 0x00000000d5d80000)
  object space 87552K, 87% used [0x0000000081800000,0x000000008631e310,0x0000000086d80000)
 Metaspace       used 20358K, capacity 20630K, committed 20864K, reserved 1067008K
  class space    used 2246K, capacity 2350K, committed 2432K, reserved 1048576K
}
Event: 162.010 GC heap before
{Heap before GC invocations=76 (full 0):
 PSYoungGen      total 27136K, used 26207K [0x00000000d5d80000, 0x00000000d7d00000, 0x0000000100000000)
  eden space 24064K, 97% used [0x00000000d5d80000,0x00000000d744cd00,0x00000000d7500000)
  from space 3072K, 93% used [0x00000000d7580000,0x00000000d784b030,0x00000000d7880000)
  to   space 4096K, 0% used [0x00000000d7900000,0x00000000d7900000,0x00000000d7d00000)
 ParOldGen       total 87552K, used 76920K [0x0000000081800000, 0x0000000086d80000, 0x00000000d5d80000)
  object space 87552K, 87% used [0x0000000081800000,0x000000008631e310,0x0000000086d80000)
 Metaspace       used 20359K, capacity 20630K, committed 20864K, reserved 1067008K
  class space    used 2246K, capacity 2350K, committed 2432K, reserved 1048576K
Event: 162.013 GC heap after
Heap after GC invocations=76 (full 0):
 PSYoungGen      total 28160K, used 2860K [0x00000000d5d80000, 0x00000000d7d00000, 0x0000000100000000)
  eden space 24064K, 0% used [0x00000000d5d80000,0x00000000d5d80000,0x00000000d7500000)
  from space 4096K, 69% used [0x00000000d7900000,0x00000000d7bcb030,0x00000000d7d00000)
  to   space 4096K, 0% used [0x00000000d7500000,0x00000000d7500000,0x00000000d7900000)
 ParOldGen       total 87552K, used 76928K [0x0000000081800000, 0x0000000086d80000, 0x00000000d5d80000)
  object space 87552K, 87% used [0x0000000081800000,0x0000000086320310,0x0000000086d80000)
 Metaspace       used 20359K, capacity 20630K, committed 20864K, reserved 1067008K
  class space    used 2246K, capacity 2350K, committed 2432K, reserved 1048576K
}
Event: 162.844 GC heap before
{Heap before GC invocations=77 (full 0):
 PSYoungGen      total 28160K, used 26197K [0x00000000d5d80000, 0x00000000d7d00000, 0x0000000100000000)
  eden space 24064K, 96% used [0x00000000d5d80000,0x00000000d744a4c0,0x00000000d7500000)
  from space 4096K, 69% used [0x00000000d7900000,0x00000000d7bcb030,0x00000000d7d00000)
  to   space 4096K, 0% used [0x00000000d7500000,0x00000000d7500000,0x00000000d7900000)
 ParOldGen       total 87552K, used 76928K [0x0000000081800000, 0x0000000086d80000, 0x00000000d5d80000)
  object space 87552K, 87% used [0x0000000081800000,0x0000000086320310,0x0000000086d80000)
 Metaspace       used 20375K, capacity 20630K, committed 20864K, reserved 1067008K
  class space    used 2249K, capacity 2350K, committed 2432K, reserved 1048576K
Event: 162.848 GC heap after
Heap after GC invocations=77 (full 0):
 PSYoungGen      total 28160K, used 2892K [0x00000000d5d80000, 0x00000000d7d00000, 0x0000000100000000)
  eden space 24064K, 0% used [0x00000000d5d80000,0x00000000d5d80000,0x00000000d7500000)
  from space 4096K, 70% used [0x00000000d7500000,0x00000000d77d3030,0x00000000d7900000)
  to   space 4096K, 0% used [0x00000000d7900000,0x00000000d7900000,0x00000000d7d00000)
 ParOldGen       total 87552K, used 76950K [0x0000000081800000, 0x0000000086d80000, 0x00000000d5d80000)
  object space 87552K, 87% used [0x0000000081800000,0x00000000863258c0,0x0000000086d80000)
 Metaspace       used 20375K, capacity 20630K, committed 20864K, reserved 1067008K
  class space    used 2249K, capacity 2350K, committed 2432K, reserved 1048576K
}
Event: 163.708 GC heap before
{Heap before GC invocations=78 (full 0):
 PSYoungGen      total 28160K, used 26765K [0x00000000d5d80000, 0x00000000d7d00000, 0x0000000100000000)
  eden space 24064K, 99% used [0x00000000d5d80000,0x00000000d74d0400,0x00000000d7500000)
  from space 4096K, 70% used [0x00000000d7500000,0x00000000d77d3030,0x00000000d7900000)
  to   space 4096K, 0% used [0x00000000d7900000,0x00000000d7900000,0x00000000d7d00000)
 ParOldGen       total 87552K, used 76950K [0x0000000081800000, 0x0000000086d80000, 0x00000000d5d80000)
  object space 87552K, 87% used [0x0000000081800000,0x00000000863258c0,0x0000000086d80000)
 Metaspace       used 20375K, capacity 20630K, committed 20864K, reserved 1067008K
  class space    used 2249K, capacity 2350K, committed 2432K, reserved 1048576K
Event: 163.711 GC heap after
Heap after GC invocations=78 (full 0):
 PSYoungGen      total 28160K, used 2828K [0x00000000d5d80000, 0x00000000d7d00000, 0x0000000100000000)
  eden space 24064K, 0% used [0x00000000d5d80000,0x00000000d5d80000,0x00000000d7500000)
  from space 4096K, 69% used [0x00000000d7900000,0x00000000d7bc3030,0x00000000d7d00000)
  to   space 4096K, 0% used [0x00000000d7500000,0x00000000d7500000,0x00000000d7900000)
 ParOldGen       total 87552K, used 77017K [0x0000000081800000, 0x0000000086d80000, 0x00000000d5d80000)
  object space 87552K, 87% used [0x0000000081800000,0x0000000086336420,0x0000000086d80000)
 Metaspace       used 20375K, capacity 20630K, committed 20864K, reserved 1067008K
  class space    used 2249K, capacity 2350K, committed 2432K, reserved 1048576K
}

