# JRE version: Java(TM) SE Runtime Environment (8.0_161-b12) (build 1.8.0_161-b12)
# Java VM: Java HotSpot(TM) 64-Bit Server VM (25.161-b12 mixed mode windows-amd64 compressed oops)
Heap:
 PSYoungGen      total 259072K, used 66948K [0x00000000d5d80000, 0x00000000f0780000, 0x0000000100000000)
  eden space 251904K, 23% used [0x00000000d5d80000,0x00000000d97fc918,0x00000000e5380000)
  from space 7168K, 98% used [0x00000000f0080000,0x00000000f0764840,0x00000000f0780000)
  to   space 8192K, 0% used [0x00000000ef780000,0x00000000ef780000,0x00000000eff80000)
 ParOldGen       total 87552K, used 30083K [0x0000000081800000, 0x0000000086d80000, 0x00000000d5d80000)
  object space 87552K, 34% used [0x0000000081800000,0x0000000083560c08,0x0000000086d80000)
 Metaspace       used 19617K, capacity 19856K, committed 20096K, reserved 1067008K
  class space    used 2249K, capacity 2352K, committed 2432K, reserved 1048576K
GC Heap History (10 events):
Event: 9.137 GC heap before
{Heap before GC invocations=6 (full 0):
 PSYoungGen      total 71680K, used 68658K [0x00000000d5d80000, 0x00000000deb80000, 0x0000000100000000)
  eden space 66560K, 96% used [0x00000000d5d80000,0x00000000d9bfbb90,0x00000000d9e80000)
  from space 5120K, 91% used [0x00000000d9e80000,0x00000000da310cf8,0x00000000da380000)
  to   space 6144K, 0% used [0x00000000de580000,0x00000000de580000,0x00000000deb80000)
 ParOldGen       total 87552K, used 14570K [0x0000000081800000, 0x0000000086d80000, 0x00000000d5d80000)
  object space 87552K, 16% used [0x0000000081800000,0x000000008263ab40,0x0000000086d80000)
 Metaspace       used 18834K, capacity 19144K, committed 19328K, reserved 1067008K
  class space    used 2234K, capacity 2352K, committed 2432K, reserved 1048576K
Event: 9.146 GC heap after
Heap after GC invocations=6 (full 0):
 PSYoungGen      total 137728K, used 6127K [0x00000000d5d80000, 0x00000000dee80000, 0x0000000100000000)
  eden space 131584K, 0% used [0x00000000d5d80000,0x00000000d5d80000,0x00000000dde00000)
  from space 6144K, 99% used [0x00000000de580000,0x00000000deb7bd08,0x00000000deb80000)
  to   space 7680K, 0% used [0x00000000dde00000,0x00000000dde00000,0x00000000de580000)
 ParOldGen       total 87552K, used 15803K [0x0000000081800000, 0x0000000086d80000, 0x00000000d5d80000)
  object space 87552K, 18% used [0x0000000081800000,0x000000008276eff0,0x0000000086d80000)
 Metaspace       used 18834K, capacity 19144K, committed 19328K, reserved 1067008K
  class space    used 2234K, capacity 2352K, committed 2432K, reserved 1048576K
}
Event: 12.299 GC heap before
{Heap before GC invocations=7 (full 0):
 PSYoungGen      total 137728K, used 136580K [0x00000000d5d80000, 0x00000000dee80000, 0x0000000100000000)
  eden space 131584K, 99% used [0x00000000d5d80000,0x00000000ddce53d8,0x00000000dde00000)
  from space 6144K, 99% used [0x00000000de580000,0x00000000deb7bd08,0x00000000deb80000)
  to   space 7680K, 0% used [0x00000000dde00000,0x00000000dde00000,0x00000000de580000)
 ParOldGen       total 87552K, used 15803K [0x0000000081800000, 0x0000000086d80000, 0x00000000d5d80000)
  object space 87552K, 18% used [0x0000000081800000,0x000000008276eff0,0x0000000086d80000)
 Metaspace       used 18952K, capacity 19272K, committed 19584K, reserved 1067008K
  class space    used 2234K, capacity 2352K, committed 2432K, reserved 1048576K
Event: 12.309 GC heap after
Heap after GC invocations=7 (full 0):
 PSYoungGen      total 139264K, used 2828K [0x00000000d5d80000, 0x00000000e6d80000, 0x0000000100000000)
  eden space 131584K, 0% used [0x00000000d5d80000,0x00000000d5d80000,0x00000000dde00000)
  from space 7680K, 36% used [0x00000000dde00000,0x00000000de0c3010,0x00000000de580000)
  to   space 7680K, 0% used [0x00000000e6600000,0x00000000e6600000,0x00000000e6d80000)
 ParOldGen       total 87552K, used 19226K [0x0000000081800000, 0x0000000086d80000, 0x00000000d5d80000)
  object space 87552K, 21% used [0x0000000081800000,0x0000000082ac6bc8,0x0000000086d80000)
 Metaspace       used 18952K, capacity 19272K, committed 19584K, reserved 1067008K
  class space    used 2234K, capacity 2352K, committed 2432K, reserved 1048576K
}
Event: 15.446 GC heap before
{Heap before GC invocations=8 (full 0):
 PSYoungGen      total 139264K, used 133246K [0x00000000d5d80000, 0x00000000e6d80000, 0x0000000100000000)
  eden space 131584K, 99% used [0x00000000d5d80000,0x00000000ddcdc840,0x00000000dde00000)
  from space 7680K, 36% used [0x00000000dde00000,0x00000000de0c3010,0x00000000de580000)
  to   space 7680K, 0% used [0x00000000e6600000,0x00000000e6600000,0x00000000e6d80000)
 ParOldGen       total 87552K, used 19226K [0x0000000081800000, 0x0000000086d80000, 0x00000000d5d80000)
  object space 87552K, 21% used [0x0000000081800000,0x0000000082ac6bc8,0x0000000086d80000)
 Metaspace       used 19035K, capacity 19336K, committed 19584K, reserved 1067008K
  class space    used 2234K, capacity 2352K, committed 2432K, reserved 1048576K
Event: 15.451 GC heap after
Heap after GC invocations=8 (full 0):
 PSYoungGen      total 270848K, used 5528K [0x00000000d5d80000, 0x00000000e6d80000, 0x0000000100000000)
  eden space 263168K, 0% used [0x00000000d5d80000,0x00000000d5d80000,0x00000000e5e80000)
  from space 7680K, 71% used [0x00000000e6600000,0x00000000e6b66020,0x00000000e6d80000)
  to   space 7680K, 0% used [0x00000000e5e80000,0x00000000e5e80000,0x00000000e6600000)
 ParOldGen       total 87552K, used 21950K [0x0000000081800000, 0x0000000086d80000, 0x00000000d5d80000)
  object space 87552K, 25% used [0x0000000081800000,0x0000000082d6fbd8,0x0000000086d80000)
 Metaspace       used 19035K, capacity 19336K, committed 19584K, reserved 1067008K
  class space    used 2234K, capacity 2352K, committed 2432K, reserved 1048576K
}
Event: 24.898 GC heap before
{Heap before GC invocations=9 (full 0):
 PSYoungGen      total 270848K, used 267065K [0x00000000d5d80000, 0x00000000e6d80000, 0x0000000100000000)
  eden space 263168K, 99% used [0x00000000d5d80000,0x00000000e5ce85c8,0x00000000e5e80000)
  from space 7680K, 71% used [0x00000000e6600000,0x00000000e6b66020,0x00000000e6d80000)
  to   space 7680K, 0% used [0x00000000e5e80000,0x00000000e5e80000,0x00000000e6600000)
 ParOldGen       total 87552K, used 21950K [0x0000000081800000, 0x0000000086d80000, 0x00000000d5d80000)
  object space 87552K, 25% used [0x0000000081800000,0x0000000082d6fbd8,0x0000000086d80000)
 Metaspace       used 19430K, capacity 19720K, committed 19840K, reserved 1067008K
  class space    used 2243K, capacity 2352K, committed 2432K, reserved 1048576K
Event: 24.907 GC heap after
Heap after GC invocations=9 (full 0):
 PSYoungGen      total 270848K, used 5504K [0x00000000d5d80000, 0x00000000f0800000, 0x0000000100000000)
  eden space 263168K, 0% used [0x00000000d5d80000,0x00000000d5d80000,0x00000000e5e80000)
  from space 7680K, 71% used [0x00000000e5e80000,0x00000000e63e0050,0x00000000e6600000)
  to   space 7680K, 0% used [0x00000000f0080000,0x00000000f0080000,0x00000000f0800000)
 ParOldGen       total 87552K, used 27358K [0x0000000081800000, 0x0000000086d80000, 0x00000000d5d80000)
  object space 87552K, 31% used [0x0000000081800000,0x00000000832b7bf8,0x0000000086d80000)
 Metaspace       used 19430K, capacity 19720K, committed 19840K, reserved 1067008K
  class space    used 2243K, capacity 2352K, committed 2432K, reserved 1048576K
}
Event: 31.049 GC heap before
{Heap before GC invocations=10 (full 0):
 PSYoungGen      total 270848K, used 266092K [0x00000000d5d80000, 0x00000000f0800000, 0x0000000100000000)
  eden space 263168K, 99% used [0x00000000d5d80000,0x00000000e5bfb240,0x00000000e5e80000)
  from space 7680K, 71% used [0x00000000e5e80000,0x00000000e63e0050,0x00000000e6600000)
  to   space 7680K, 0% used [0x00000000f0080000,0x00000000f0080000,0x00000000f0800000)
 ParOldGen       total 87552K, used 27358K [0x0000000081800000, 0x0000000086d80000, 0x00000000d5d80000)
  object space 87552K, 31% used [0x0000000081800000,0x00000000832b7bf8,0x0000000086d80000)
 Metaspace       used 19550K, capacity 19784K, committed 20096K, reserved 1067008K
  class space    used 2247K, capacity 2352K, committed 2432K, reserved 1048576K
Event: 31.055 GC heap after
Heap after GC invocations=10 (full 0):
 PSYoungGen      total 259072K, used 7058K [0x00000000d5d80000, 0x00000000f0780000, 0x0000000100000000)
  eden space 251904K, 0% used [0x00000000d5d80000,0x00000000d5d80000,0x00000000e5380000)
  from space 7168K, 98% used [0x00000000f0080000,0x00000000f0764840,0x00000000f0780000)
  to   space 8192K, 0% used [0x00000000ef780000,0x00000000ef780000,0x00000000eff80000)
 ParOldGen       total 87552K, used 30083K [0x0000000081800000, 0x0000000086d80000, 0x00000000d5d80000)
  object space 87552K, 34% used [0x0000000081800000,0x0000000083560c08,0x0000000086d80000)
 Metaspace       used 19550K, capacity 19784K, committed 20096K, reserved 1067008K
  class space    used 2247K, capacity 2352K, committed 2432K, reserved 1048576K
}

