# JRE version: Java(TM) SE Runtime Environment (8.0_161-b12) (build 1.8.0_161-b12)
# Java VM: Java HotSpot(TM) 64-Bit Server VM (25.161-b12 mixed mode windows-amd64 compressed oops)
Heap:
 PSYoungGen      total 437248K, used 91898K [0x00000000d5d80000, 0x00000000f1600000, 0x0000000100000000)
  eden space 424960K, 19% used [0x00000000d5d80000,0x00000000daddda20,0x00000000efc80000)
  from space 12288K, 78% used [0x00000000f0900000,0x00000000f1261030,0x00000000f1500000)
  to   space 12800K, 0% used [0x00000000efc80000,0x00000000efc80000,0x00000000f0900000)
 ParOldGen       total 87552K, used 26129K [0x0000000081800000, 0x0000000086d80000, 0x00000000d5d80000)
  object space 87552K, 29% used [0x0000000081800000,0x0000000083184570,0x0000000086d80000)
 Metaspace       used 19667K, capacity 19948K, committed 20096K, reserved 1067008K
  class space    used 2252K, capacity 2384K, committed 2432K, reserved 1048576K
GC Heap History (10 events):
Event: 11.928 GC heap before
{Heap before GC invocations=6 (full 0):
 PSYoungGen      total 71680K, used 69260K [0x00000000d5d80000, 0x00000000df580000, 0x0000000100000000)
  eden space 66560K, 96% used [0x00000000d5d80000,0x00000000d9c28280,0x00000000d9e80000)
  from space 5120K, 99% used [0x00000000d9e80000,0x00000000da37b030,0x00000000da380000)
  to   space 11264K, 0% used [0x00000000dea80000,0x00000000dea80000,0x00000000df580000)
 ParOldGen       total 87552K, used 16953K [0x0000000081800000, 0x0000000086d80000, 0x00000000d5d80000)
  object space 87552K, 19% used [0x0000000081800000,0x000000008288e730,0x0000000086d80000)
 Metaspace       used 18868K, capacity 19140K, committed 19328K, reserved 1067008K
  class space    used 2241K, capacity 2352K, committed 2432K, reserved 1048576K
Event: 11.942 GC heap after
Heap after GC invocations=6 (full 0):
 PSYoungGen      total 143360K, used 5132K [0x00000000d5d80000, 0x00000000df480000, 0x0000000100000000)
  eden space 133120K, 0% used [0x00000000d5d80000,0x00000000d5d80000,0x00000000ddf80000)
  from space 10240K, 50% used [0x00000000dea80000,0x00000000def83030,0x00000000df480000)
  to   space 10752K, 0% used [0x00000000ddf80000,0x00000000ddf80000,0x00000000dea00000)
 ParOldGen       total 87552K, used 16961K [0x0000000081800000, 0x0000000086d80000, 0x00000000d5d80000)
  object space 87552K, 19% used [0x0000000081800000,0x0000000082890730,0x0000000086d80000)
 Metaspace       used 18868K, capacity 19140K, committed 19328K, reserved 1067008K
  class space    used 2241K, capacity 2352K, committed 2432K, reserved 1048576K
}
Event: 15.007 GC heap before
{Heap before GC invocations=7 (full 0):
 PSYoungGen      total 143360K, used 137673K [0x00000000d5d80000, 0x00000000df480000, 0x0000000100000000)
  eden space 133120K, 99% used [0x00000000d5d80000,0x00000000ddeef490,0x00000000ddf80000)
  from space 10240K, 50% used [0x00000000dea80000,0x00000000def83030,0x00000000df480000)
  to   space 10752K, 0% used [0x00000000ddf80000,0x00000000ddf80000,0x00000000dea00000)
 ParOldGen       total 87552K, used 16961K [0x0000000081800000, 0x0000000086d80000, 0x00000000d5d80000)
  object space 87552K, 19% used [0x0000000081800000,0x0000000082890730,0x0000000086d80000)
 Metaspace       used 19094K, capacity 19396K, committed 19584K, reserved 1067008K
  class space    used 2242K, capacity 2352K, committed 2432K, reserved 1048576K
Event: 15.018 GC heap after
Heap after GC invocations=7 (full 0):
 PSYoungGen      total 143872K, used 4179K [0x00000000d5d80000, 0x00000000e7680000, 0x0000000100000000)
  eden space 133120K, 0% used [0x00000000d5d80000,0x00000000d5d80000,0x00000000ddf80000)
  from space 10752K, 38% used [0x00000000ddf80000,0x00000000de394e10,0x00000000dea00000)
  to   space 10752K, 0% used [0x00000000e6c00000,0x00000000e6c00000,0x00000000e7680000)
 ParOldGen       total 87552K, used 19297K [0x0000000081800000, 0x0000000086d80000, 0x00000000d5d80000)
  object space 87552K, 22% used [0x0000000081800000,0x0000000082ad8640,0x0000000086d80000)
 Metaspace       used 19094K, capacity 19396K, committed 19584K, reserved 1067008K
  class space    used 2242K, capacity 2352K, committed 2432K, reserved 1048576K
}
Event: 18.168 GC heap before
{Heap before GC invocations=8 (full 0):
 PSYoungGen      total 143872K, used 134618K [0x00000000d5d80000, 0x00000000e7680000, 0x0000000100000000)
  eden space 133120K, 97% used [0x00000000d5d80000,0x00000000ddce1b98,0x00000000ddf80000)
  from space 10752K, 38% used [0x00000000ddf80000,0x00000000de394e10,0x00000000dea00000)
  to   space 10752K, 0% used [0x00000000e6c00000,0x00000000e6c00000,0x00000000e7680000)
 ParOldGen       total 87552K, used 19297K [0x0000000081800000, 0x0000000086d80000, 0x00000000d5d80000)
  object space 87552K, 22% used [0x0000000081800000,0x0000000082ad8640,0x0000000086d80000)
 Metaspace       used 19134K, capacity 19396K, committed 19584K, reserved 1067008K
  class space    used 2242K, capacity 2352K, committed 2432K, reserved 1048576K
Event: 18.175 GC heap after
Heap after GC invocations=8 (full 0):
 PSYoungGen      total 276480K, used 8167K [0x00000000d5d80000, 0x00000000e7780000, 0x0000000100000000)
  eden space 265728K, 0% used [0x00000000d5d80000,0x00000000d5d80000,0x00000000e6100000)
  from space 10752K, 75% used [0x00000000e6c00000,0x00000000e73f9c20,0x00000000e7680000)
  to   space 11264K, 0% used [0x00000000e6100000,0x00000000e6100000,0x00000000e6c00000)
 ParOldGen       total 87552K, used 22045K [0x0000000081800000, 0x0000000086d80000, 0x00000000d5d80000)
  object space 87552K, 25% used [0x0000000081800000,0x0000000082d87650,0x0000000086d80000)
 Metaspace       used 19134K, capacity 19396K, committed 19584K, reserved 1067008K
  class space    used 2242K, capacity 2352K, committed 2432K, reserved 1048576K
}
Event: 24.221 GC heap before
{Heap before GC invocations=9 (full 0):
 PSYoungGen      total 276480K, used 272204K [0x00000000d5d80000, 0x00000000e7780000, 0x0000000100000000)
  eden space 265728K, 99% used [0x00000000d5d80000,0x00000000e5f59558,0x00000000e6100000)
  from space 10752K, 75% used [0x00000000e6c00000,0x00000000e73f9c20,0x00000000e7680000)
  to   space 11264K, 0% used [0x00000000e6100000,0x00000000e6100000,0x00000000e6c00000)
 ParOldGen       total 87552K, used 22045K [0x0000000081800000, 0x0000000086d80000, 0x00000000d5d80000)
  object space 87552K, 25% used [0x0000000081800000,0x0000000082d87650,0x0000000086d80000)
 Metaspace       used 19388K, capacity 19660K, committed 19840K, reserved 1067008K
  class space    used 2244K, capacity 2352K, committed 2432K, reserved 1048576K
Event: 24.231 GC heap after
Heap after GC invocations=9 (full 0):
 PSYoungGen      total 276992K, used 10283K [0x00000000d5d80000, 0x00000000f1500000, 0x0000000100000000)
  eden space 265728K, 0% used [0x00000000d5d80000,0x00000000d5d80000,0x00000000e6100000)
  from space 11264K, 91% used [0x00000000e6100000,0x00000000e6b0ae30,0x00000000e6c00000)
  to   space 12288K, 0% used [0x00000000f0900000,0x00000000f0900000,0x00000000f1500000)
 ParOldGen       total 87552K, used 22069K [0x0000000081800000, 0x0000000086d80000, 0x00000000d5d80000)
  object space 87552K, 25% used [0x0000000081800000,0x0000000082d8d650,0x0000000086d80000)
 Metaspace       used 19388K, capacity 19660K, committed 19840K, reserved 1067008K
  class space    used 2244K, capacity 2352K, committed 2432K, reserved 1048576K
}
Event: 30.226 GC heap before
{Heap before GC invocations=10 (full 0):
 PSYoungGen      total 276992K, used 273702K [0x00000000d5d80000, 0x00000000f1500000, 0x0000000100000000)
  eden space 265728K, 99% used [0x00000000d5d80000,0x00000000e5ebebe0,0x00000000e6100000)
  from space 11264K, 91% used [0x00000000e6100000,0x00000000e6b0ae30,0x00000000e6c00000)
  to   space 12288K, 0% used [0x00000000f0900000,0x00000000f0900000,0x00000000f1500000)
 ParOldGen       total 87552K, used 24769K [0x0000000081800000, 0x0000000086d80000, 0x00000000d5d80000)
  object space 87552K, 28% used [0x0000000081800000,0x0000000083030660,0x0000000086d80000)
 Metaspace       used 19590K, capacity 19852K, committed 20096K, reserved 1067008K
  class space    used 2248K, capacity 2352K, committed 2432K, reserved 1048576K
Event: 30.235 GC heap after
Heap after GC invocations=10 (full 0):
 PSYoungGen      total 437248K, used 9604K [0x00000000d5d80000, 0x00000000f1600000, 0x0000000100000000)
  eden space 424960K, 0% used [0x00000000d5d80000,0x00000000d5d80000,0x00000000efc80000)
  from space 12288K, 78% used [0x00000000f0900000,0x00000000f1261030,0x00000000f1500000)
  to   space 12800K, 0% used [0x00000000efc80000,0x00000000efc80000,0x00000000f0900000)
 ParOldGen       total 87552K, used 26129K [0x0000000081800000, 0x0000000086d80000, 0x00000000d5d80000)
  object space 87552K, 29% used [0x0000000081800000,0x0000000083184570,0x0000000086d80000)
 Metaspace       used 19590K, capacity 19852K, committed 20096K, reserved 1067008K
  class space    used 2248K, capacity 2352K, committed 2432K, reserved 1048576K
}

