# JRE version: Java(TM) SE Runtime Environment (8.0_161-b12) (build 1.8.0_161-b12)
# Java VM: Java HotSpot(TM) 64-Bit Server VM (25.161-b12 mixed mode windows-amd64 compressed oops)
Heap:
 PSYoungGen      total 158720K, used 153164K [0x00000000d5d80000, 0x00000000e2900000, 0x0000000100000000)
  eden space 147456K, 96% used [0x00000000d5d80000,0x00000000de8670c8,0x00000000ded80000)
  from space 11264K, 97% used [0x00000000e1e00000,0x00000000e28ac040,0x00000000e2900000)
  to   space 15872K, 0% used [0x00000000e0a00000,0x00000000e0a00000,0x00000000e1980000)
 ParOldGen       total 83968K, used 12823K [0x0000000081800000, 0x0000000086a00000, 0x00000000d5d80000)
  object space 83968K, 15% used [0x0000000081800000,0x0000000082485fd8,0x0000000086a00000)
 Metaspace       used 19502K, capacity 19734K, committed 20096K, reserved 1067008K
  class space    used 2239K, capacity 2350K, committed 2432K, reserved 1048576K
GC Heap History (10 events):
Event: 25.528 GC heap before
{Heap before GC invocations=9 (full 2):
 PSYoungGen      total 107008K, used 101595K [0x00000000d5d80000, 0x00000000dd280000, 0x0000000100000000)
  eden space 96256K, 99% used [0x00000000d5d80000,0x00000000dbb50d38,0x00000000dbb80000)
  from space 10752K, 51% used [0x00000000dc800000,0x00000000dcd66020,0x00000000dd280000)
  to   space 11776K, 0% used [0x00000000dbb80000,0x00000000dbb80000,0x00000000dc700000)
 ParOldGen       total 65536K, used 35112K [0x0000000081800000, 0x0000000085800000, 0x00000000d5d80000)
  object space 65536K, 53% used [0x0000000081800000,0x0000000083a4a3c8,0x0000000085800000)
 Metaspace       used 19141K, capacity 19350K, committed 19584K, reserved 1067008K
  class space    used 2230K, capacity 2350K, committed 2432K, reserved 1048576K
Event: 25.533 GC heap after
Heap after GC invocations=9 (full 2):
 PSYoungGen      total 108032K, used 8292K [0x00000000d5d80000, 0x00000000e0e80000, 0x0000000100000000)
  eden space 96256K, 0% used [0x00000000d5d80000,0x00000000d5d80000,0x00000000dbb80000)
  from space 11776K, 70% used [0x00000000dbb80000,0x00000000dc399030,0x00000000dc700000)
  to   space 12288K, 0% used [0x00000000e0280000,0x00000000e0280000,0x00000000e0e80000)
 ParOldGen       total 65536K, used 35120K [0x0000000081800000, 0x0000000085800000, 0x00000000d5d80000)
  object space 65536K, 53% used [0x0000000081800000,0x0000000083a4c3c8,0x0000000085800000)
 Metaspace       used 19141K, capacity 19350K, committed 19584K, reserved 1067008K
  class space    used 2230K, capacity 2350K, committed 2432K, reserved 1048576K
}
Event: 29.133 GC heap before
{Heap before GC invocations=10 (full 3):
 PSYoungGen      total 108032K, used 104548K [0x00000000d5d80000, 0x00000000e0e80000, 0x0000000100000000)
  eden space 96256K, 100% used [0x00000000d5d80000,0x00000000dbb80000,0x00000000dbb80000)
  from space 11776K, 70% used [0x00000000dbb80000,0x00000000dc399030,0x00000000dc700000)
  to   space 12288K, 0% used [0x00000000e0280000,0x00000000e0280000,0x00000000e0e80000)
 ParOldGen       total 93184K, used 91822K [0x0000000081800000, 0x0000000087300000, 0x00000000d5d80000)
  object space 93184K, 98% used [0x0000000081800000,0x00000000871ab9f8,0x0000000087300000)
 Metaspace       used 19201K, capacity 19414K, committed 19584K, reserved 1067008K
  class space    used 2230K, capacity 2350K, committed 2432K, reserved 1048576K
Event: 29.230 GC heap after
Heap after GC invocations=10 (full 3):
 PSYoungGen      total 108032K, used 0K [0x00000000d5d80000, 0x00000000e0e80000, 0x0000000100000000)
  eden space 96256K, 0% used [0x00000000d5d80000,0x00000000d5d80000,0x00000000dbb80000)
  from space 11776K, 0% used [0x00000000dbb80000,0x00000000dbb80000,0x00000000dc700000)
  to   space 12288K, 0% used [0x00000000e0280000,0x00000000e0280000,0x00000000e0e80000)
 ParOldGen       total 83968K, used 10107K [0x0000000081800000, 0x0000000086a00000, 0x00000000d5d80000)
  object space 83968K, 12% used [0x0000000081800000,0x00000000821defc8,0x0000000086a00000)
 Metaspace       used 19201K, capacity 19414K, committed 19584K, reserved 1067008K
  class space    used 2230K, capacity 2350K, committed 2432K, reserved 1048576K
}
Event: 31.134 GC heap before
{Heap before GC invocations=11 (full 3):
 PSYoungGen      total 108032K, used 94167K [0x00000000d5d80000, 0x00000000e0e80000, 0x0000000100000000)
  eden space 96256K, 97% used [0x00000000d5d80000,0x00000000db975df0,0x00000000dbb80000)
  from space 11776K, 0% used [0x00000000dbb80000,0x00000000dbb80000,0x00000000dc700000)
  to   space 12288K, 0% used [0x00000000e0280000,0x00000000e0280000,0x00000000e0e80000)
 ParOldGen       total 83968K, used 10107K [0x0000000081800000, 0x0000000086a00000, 0x00000000d5d80000)
  object space 83968K, 12% used [0x0000000081800000,0x00000000821defc8,0x0000000086a00000)
 Metaspace       used 19211K, capacity 19478K, committed 19840K, reserved 1067008K
  class space    used 2230K, capacity 2350K, committed 2432K, reserved 1048576K
Event: 31.141 GC heap after
Heap after GC invocations=11 (full 3):
 PSYoungGen      total 153600K, used 10928K [0x00000000d5d80000, 0x00000000e0d80000, 0x0000000100000000)
  eden space 142336K, 0% used [0x00000000d5d80000,0x00000000d5d80000,0x00000000de880000)
  from space 11264K, 97% used [0x00000000e0280000,0x00000000e0d2c040,0x00000000e0d80000)
  to   space 13824K, 0% used [0x00000000df280000,0x00000000df280000,0x00000000e0000000)
 ParOldGen       total 83968K, used 10115K [0x0000000081800000, 0x0000000086a00000, 0x00000000d5d80000)
  object space 83968K, 12% used [0x0000000081800000,0x00000000821e0fc8,0x0000000086a00000)
 Metaspace       used 19211K, capacity 19478K, committed 19840K, reserved 1067008K
  class space    used 2230K, capacity 2350K, committed 2432K, reserved 1048576K
}
Event: 34.599 GC heap before
{Heap before GC invocations=12 (full 3):
 PSYoungGen      total 153600K, used 152783K [0x00000000d5d80000, 0x00000000e0d80000, 0x0000000100000000)
  eden space 142336K, 99% used [0x00000000d5d80000,0x00000000de807d18,0x00000000de880000)
  from space 11264K, 97% used [0x00000000e0280000,0x00000000e0d2c040,0x00000000e0d80000)
  to   space 13824K, 0% used [0x00000000df280000,0x00000000df280000,0x00000000e0000000)
 ParOldGen       total 83968K, used 10115K [0x0000000081800000, 0x0000000086a00000, 0x00000000d5d80000)
  object space 83968K, 12% used [0x0000000081800000,0x00000000821e0fc8,0x0000000086a00000)
 Metaspace       used 19257K, capacity 19478K, committed 19840K, reserved 1067008K
  class space    used 2230K, capacity 2350K, committed 2432K, reserved 1048576K
Event: 34.614 GC heap after
Heap after GC invocations=12 (full 3):
 PSYoungGen      total 166400K, used 10928K [0x00000000d5d80000, 0x00000000e2c80000, 0x0000000100000000)
  eden space 152576K, 0% used [0x00000000d5d80000,0x00000000d5d80000,0x00000000df280000)
  from space 13824K, 79% used [0x00000000df280000,0x00000000dfd2c040,0x00000000e0000000)
  to   space 14848K, 0% used [0x00000000e1e00000,0x00000000e1e00000,0x00000000e2c80000)
 ParOldGen       total 83968K, used 10115K [0x0000000081800000, 0x0000000086a00000, 0x00000000d5d80000)
  object space 83968K, 12% used [0x0000000081800000,0x00000000821e0fc8,0x0000000086a00000)
 Metaspace       used 19257K, capacity 19478K, committed 19840K, reserved 1067008K
  class space    used 2230K, capacity 2350K, committed 2432K, reserved 1048576K
}
Event: 38.956 GC heap before
{Heap before GC invocations=13 (full 3):
 PSYoungGen      total 166400K, used 160971K [0x00000000d5d80000, 0x00000000e2c80000, 0x0000000100000000)
  eden space 152576K, 98% used [0x00000000d5d80000,0x00000000df006c88,0x00000000df280000)
  from space 13824K, 79% used [0x00000000df280000,0x00000000dfd2c040,0x00000000e0000000)
  to   space 14848K, 0% used [0x00000000e1e00000,0x00000000e1e00000,0x00000000e2c80000)
 ParOldGen       total 83968K, used 12815K [0x0000000081800000, 0x0000000086a00000, 0x00000000d5d80000)
  object space 83968K, 15% used [0x0000000081800000,0x0000000082483fd8,0x0000000086a00000)
 Metaspace       used 19359K, capacity 19606K, committed 19840K, reserved 1067008K
  class space    used 2234K, capacity 2350K, committed 2432K, reserved 1048576K
Event: 38.963 GC heap after
Heap after GC invocations=13 (full 3):
 PSYoungGen      total 158720K, used 10928K [0x00000000d5d80000, 0x00000000e2900000, 0x0000000100000000)
  eden space 147456K, 0% used [0x00000000d5d80000,0x00000000d5d80000,0x00000000ded80000)
  from space 11264K, 97% used [0x00000000e1e00000,0x00000000e28ac040,0x00000000e2900000)
  to   space 15872K, 0% used [0x00000000e0a00000,0x00000000e0a00000,0x00000000e1980000)
 ParOldGen       total 83968K, used 12823K [0x0000000081800000, 0x0000000086a00000, 0x00000000d5d80000)
  object space 83968K, 15% used [0x0000000081800000,0x0000000082485fd8,0x0000000086a00000)
 Metaspace       used 19359K, capacity 19606K, committed 19840K, reserved 1067008K
  class space    used 2234K, capacity 2350K, committed 2432K, reserved 1048576K
}

