# JRE version: Java(TM) SE Runtime Environment (8.0_161-b12) (build 1.8.0_161-b12)
# Java VM: Java HotSpot(TM) 64-Bit Server VM (25.161-b12 mixed mode windows-amd64 compressed oops)
Heap:
 PSYoungGen      total 438272K, used 273292K [0x00000000d5d80000, 0x00000000f1580000, 0x0000000100000000)
  eden space 425984K, 62% used [0x00000000d5d80000,0x00000000e6042178,0x00000000efd80000)
  from space 12288K, 67% used [0x00000000f0980000,0x00000000f11a1030,0x00000000f1580000)
  to   space 12288K, 0% used [0x00000000efd80000,0x00000000efd80000,0x00000000f0980000)
 ParOldGen       total 87552K, used 11910K [0x0000000081800000, 0x0000000086d80000, 0x00000000d5d80000)
  object space 87552K, 13% used [0x0000000081800000,0x00000000823a1930,0x0000000086d80000)
 Metaspace       used 13688K, capacity 13844K, committed 14080K, reserved 1060864K
  class space    used 1600K, capacity 1674K, committed 1792K, reserved 1048576K
GC Heap History (10 events):
Event: 20.521 GC heap before
{Heap before GC invocations=6 (full 0):
 PSYoungGen      total 71680K, used 69451K [0x00000000d5d80000, 0x00000000df780000, 0x0000000100000000)
  eden space 66560K, 96% used [0x00000000d5d80000,0x00000000d9c7be10,0x00000000d9e80000)
  from space 5120K, 96% used [0x00000000d9e80000,0x00000000da357020,0x00000000da380000)
  to   space 12288K, 0% used [0x00000000deb80000,0x00000000deb80000,0x00000000df780000)
 ParOldGen       total 87552K, used 9732K [0x0000000081800000, 0x0000000086d80000, 0x00000000d5d80000)
  object space 87552K, 11% used [0x0000000081800000,0x0000000082181380,0x0000000086d80000)
 Metaspace       used 12967K, capacity 13164K, committed 13440K, reserved 1060864K
  class space    used 1594K, capacity 1642K, committed 1664K, reserved 1048576K
Event: 20.530 GC heap after
Heap after GC invocations=6 (full 0):
 PSYoungGen      total 144384K, used 7656K [0x00000000d5d80000, 0x00000000df680000, 0x0000000100000000)
  eden space 133120K, 0% used [0x00000000d5d80000,0x00000000d5d80000,0x00000000ddf80000)
  from space 11264K, 67% used [0x00000000deb80000,0x00000000df2fa030,0x00000000df680000)
  to   space 11776K, 0% used [0x00000000ddf80000,0x00000000ddf80000,0x00000000deb00000)
 ParOldGen       total 87552K, used 9740K [0x0000000081800000, 0x0000000086d80000, 0x00000000d5d80000)
  object space 87552K, 11% used [0x0000000081800000,0x0000000082183380,0x0000000086d80000)
 Metaspace       used 12967K, capacity 13164K, committed 13440K, reserved 1060864K
  class space    used 1594K, capacity 1642K, committed 1664K, reserved 1048576K
}
Event: 21.473 GC heap before
{Heap before GC invocations=7 (full 0):
 PSYoungGen      total 144384K, used 139309K [0x00000000d5d80000, 0x00000000df680000, 0x0000000100000000)
  eden space 133120K, 98% used [0x00000000d5d80000,0x00000000dde116d0,0x00000000ddf80000)
  from space 11264K, 67% used [0x00000000deb80000,0x00000000df2fa030,0x00000000df680000)
  to   space 11776K, 0% used [0x00000000ddf80000,0x00000000ddf80000,0x00000000deb00000)
 ParOldGen       total 87552K, used 9740K [0x0000000081800000, 0x0000000086d80000, 0x00000000d5d80000)
  object space 87552K, 11% used [0x0000000081800000,0x0000000082183380,0x0000000086d80000)
 Metaspace       used 13045K, capacity 13228K, committed 13440K, reserved 1060864K
  class space    used 1594K, capacity 1642K, committed 1664K, reserved 1048576K
Event: 21.486 GC heap after
Heap after GC invocations=7 (full 0):
 PSYoungGen      total 144896K, used 8260K [0x00000000d5d80000, 0x00000000e7980000, 0x0000000100000000)
  eden space 133120K, 0% used [0x00000000d5d80000,0x00000000d5d80000,0x00000000ddf80000)
  from space 11776K, 70% used [0x00000000ddf80000,0x00000000de791030,0x00000000deb00000)
  to   space 12288K, 0% used [0x00000000e6d80000,0x00000000e6d80000,0x00000000e7980000)
 ParOldGen       total 87552K, used 11854K [0x0000000081800000, 0x0000000086d80000, 0x00000000d5d80000)
  object space 87552K, 13% used [0x0000000081800000,0x0000000082393930,0x0000000086d80000)
 Metaspace       used 13045K, capacity 13228K, committed 13440K, reserved 1060864K
  class space    used 1594K, capacity 1642K, committed 1664K, reserved 1048576K
}
Event: 22.246 GC heap before
{Heap before GC invocations=8 (full 0):
 PSYoungGen      total 144896K, used 138908K [0x00000000d5d80000, 0x00000000e7980000, 0x0000000100000000)
  eden space 133120K, 98% used [0x00000000d5d80000,0x00000000ddd16170,0x00000000ddf80000)
  from space 11776K, 70% used [0x00000000ddf80000,0x00000000de791030,0x00000000deb00000)
  to   space 12288K, 0% used [0x00000000e6d80000,0x00000000e6d80000,0x00000000e7980000)
 ParOldGen       total 87552K, used 11854K [0x0000000081800000, 0x0000000086d80000, 0x00000000d5d80000)
  object space 87552K, 13% used [0x0000000081800000,0x0000000082393930,0x0000000086d80000)
 Metaspace       used 13102K, capacity 13292K, committed 13440K, reserved 1060864K
  class space    used 1594K, capacity 1642K, committed 1664K, reserved 1048576K
Event: 22.252 GC heap after
Heap after GC invocations=8 (full 0):
 PSYoungGen      total 278528K, used 8228K [0x00000000d5d80000, 0x00000000e7980000, 0x0000000100000000)
  eden space 266240K, 0% used [0x00000000d5d80000,0x00000000d5d80000,0x00000000e6180000)
  from space 12288K, 66% used [0x00000000e6d80000,0x00000000e7589030,0x00000000e7980000)
  to   space 12288K, 0% used [0x00000000e6180000,0x00000000e6180000,0x00000000e6d80000)
 ParOldGen       total 87552K, used 11870K [0x0000000081800000, 0x0000000086d80000, 0x00000000d5d80000)
  object space 87552K, 13% used [0x0000000081800000,0x0000000082397930,0x0000000086d80000)
 Metaspace       used 13102K, capacity 13292K, committed 13440K, reserved 1060864K
  class space    used 1594K, capacity 1642K, committed 1664K, reserved 1048576K
}
Event: 26.727 GC heap before
{Heap before GC invocations=9 (full 0):
 PSYoungGen      total 278528K, used 273602K [0x00000000d5d80000, 0x00000000e7980000, 0x0000000100000000)
  eden space 266240K, 99% used [0x00000000d5d80000,0x00000000e60a7af8,0x00000000e6180000)
  from space 12288K, 66% used [0x00000000e6d80000,0x00000000e7589030,0x00000000e7980000)
  to   space 12288K, 0% used [0x00000000e6180000,0x00000000e6180000,0x00000000e6d80000)
 ParOldGen       total 87552K, used 11870K [0x0000000081800000, 0x0000000086d80000, 0x00000000d5d80000)
  object space 87552K, 13% used [0x0000000081800000,0x0000000082397930,0x0000000086d80000)
 Metaspace       used 13272K, capacity 13428K, committed 13696K, reserved 1060864K
  class space    used 1594K, capacity 1642K, committed 1664K, reserved 1048576K
Event: 26.734 GC heap after
Heap after GC invocations=9 (full 0):
 PSYoungGen      total 278528K, used 8228K [0x00000000d5d80000, 0x00000000f1580000, 0x0000000100000000)
  eden space 266240K, 0% used [0x00000000d5d80000,0x00000000d5d80000,0x00000000e6180000)
  from space 12288K, 66% used [0x00000000e6180000,0x00000000e6989030,0x00000000e6d80000)
  to   space 12288K, 0% used [0x00000000f0980000,0x00000000f0980000,0x00000000f1580000)
 ParOldGen       total 87552K, used 11886K [0x0000000081800000, 0x0000000086d80000, 0x00000000d5d80000)
  object space 87552K, 13% used [0x0000000081800000,0x000000008239b930,0x0000000086d80000)
 Metaspace       used 13272K, capacity 13428K, committed 13696K, reserved 1060864K
  class space    used 1594K, capacity 1642K, committed 1664K, reserved 1048576K
}
Event: 33.384 GC heap before
{Heap before GC invocations=10 (full 0):
 PSYoungGen      total 278528K, used 274386K [0x00000000d5d80000, 0x00000000f1580000, 0x0000000100000000)
  eden space 266240K, 99% used [0x00000000d5d80000,0x00000000e616b7e8,0x00000000e6180000)
  from space 12288K, 66% used [0x00000000e6180000,0x00000000e6989030,0x00000000e6d80000)
  to   space 12288K, 0% used [0x00000000f0980000,0x00000000f0980000,0x00000000f1580000)
 ParOldGen       total 87552K, used 11886K [0x0000000081800000, 0x0000000086d80000, 0x00000000d5d80000)
  object space 87552K, 13% used [0x0000000081800000,0x000000008239b930,0x0000000086d80000)
 Metaspace       used 13524K, capacity 13684K, committed 13952K, reserved 1060864K
  class space    used 1594K, capacity 1642K, committed 1664K, reserved 1048576K
Event: 33.389 GC heap after
Heap after GC invocations=10 (full 0):
 PSYoungGen      total 438272K, used 8324K [0x00000000d5d80000, 0x00000000f1580000, 0x0000000100000000)
  eden space 425984K, 0% used [0x00000000d5d80000,0x00000000d5d80000,0x00000000efd80000)
  from space 12288K, 67% used [0x00000000f0980000,0x00000000f11a1030,0x00000000f1580000)
  to   space 12288K, 0% used [0x00000000efd80000,0x00000000efd80000,0x00000000f0980000)
 ParOldGen       total 87552K, used 11910K [0x0000000081800000, 0x0000000086d80000, 0x00000000d5d80000)
  object space 87552K, 13% used [0x0000000081800000,0x00000000823a1930,0x0000000086d80000)
 Metaspace       used 13524K, capacity 13684K, committed 13952K, reserved 1060864K
  class space    used 1594K, capacity 1642K, committed 1664K, reserved 1048576K
}

