# JRE version: Java(TM) SE Runtime Environment (8.0_161-b12) (build 1.8.0_161-b12)
# Java VM: Java HotSpot(TM) 64-Bit Server VM (25.161-b12 mixed mode windows-amd64 compressed oops)
Heap:
 PSYoungGen      total 47104K, used 29222K [0x00000000d5d80000, 0x00000000d9c00000, 0x0000000100000000)
  eden space 32256K, 90% used [0x00000000d5d80000,0x00000000d7a099e8,0x00000000d7d00000)
  from space 14848K, 0% used [0x00000000d8d80000,0x00000000d8d80000,0x00000000d9c00000)
  to   space 15872K, 0% used [0x00000000d7d00000,0x00000000d7d00000,0x00000000d8c80000)
 ParOldGen       total 70656K, used 11171K [0x0000000081800000, 0x0000000085d00000, 0x00000000d5d80000)
  object space 70656K, 15% used [0x0000000081800000,0x00000000822e8df8,0x0000000085d00000)
 Metaspace       used 19373K, capacity 19622K, committed 19840K, reserved 1067008K
  class space    used 2241K, capacity 2318K, committed 2432K, reserved 1048576K
GC Heap History (10 events):
Event: 10.630 GC heap before
{Heap before GC invocations=3 (full 0):
 PSYoungGen      total 38400K, used 37952K [0x00000000d5d80000, 0x00000000d8800000, 0x0000000100000000)
  eden space 33280K, 98% used [0x00000000d5d80000,0x00000000d7d92628,0x00000000d7e00000)
  from space 5120K, 99% used [0x00000000d8300000,0x00000000d87fdd00,0x00000000d8800000)
  to   space 5120K, 0% used [0x00000000d7e00000,0x00000000d7e00000,0x00000000d8300000)
 ParOldGen       total 87552K, used 12750K [0x0000000081800000, 0x0000000086d80000, 0x00000000d5d80000)
  object space 87552K, 14% used [0x0000000081800000,0x00000000824739b8,0x0000000086d80000)
 Metaspace       used 18879K, capacity 19102K, committed 19328K, reserved 1067008K
  class space    used 2229K, capacity 2318K, committed 2432K, reserved 1048576K
Event: 10.636 GC heap after
Heap after GC invocations=3 (full 0):
 PSYoungGen      total 38400K, used 5095K [0x00000000d5d80000, 0x00000000d8800000, 0x0000000100000000)
  eden space 33280K, 0% used [0x00000000d5d80000,0x00000000d5d80000,0x00000000d7e00000)
  from space 5120K, 99% used [0x00000000d7e00000,0x00000000d82f9d10,0x00000000d8300000)
  to   space 5120K, 0% used [0x00000000d8300000,0x00000000d8300000,0x00000000d8800000)
 ParOldGen       total 87552K, used 13714K [0x0000000081800000, 0x0000000086d80000, 0x00000000d5d80000)
  object space 87552K, 15% used [0x0000000081800000,0x00000000825649c8,0x0000000086d80000)
 Metaspace       used 18879K, capacity 19102K, committed 19328K, reserved 1067008K
  class space    used 2229K, capacity 2318K, committed 2432K, reserved 1048576K
}
Event: 11.796 GC heap before
{Heap before GC invocations=4 (full 0):
 PSYoungGen      total 38400K, used 38089K [0x00000000d5d80000, 0x00000000d8800000, 0x0000000100000000)
  eden space 33280K, 99% used [0x00000000d5d80000,0x00000000d7db8a48,0x00000000d7e00000)
  from space 5120K, 99% used [0x00000000d7e00000,0x00000000d82f9d10,0x00000000d8300000)
  to   space 5120K, 0% used [0x00000000d8300000,0x00000000d8300000,0x00000000d8800000)
 ParOldGen       total 87552K, used 13714K [0x0000000081800000, 0x0000000086d80000, 0x00000000d5d80000)
  object space 87552K, 15% used [0x0000000081800000,0x00000000825649c8,0x0000000086d80000)
 Metaspace       used 18971K, capacity 19166K, committed 19328K, reserved 1067008K
  class space    used 2231K, capacity 2318K, committed 2432K, reserved 1048576K
Event: 11.813 GC heap after
Heap after GC invocations=4 (full 0):
 PSYoungGen      total 38400K, used 2164K [0x00000000d5d80000, 0x00000000d8800000, 0x0000000100000000)
  eden space 33280K, 0% used [0x00000000d5d80000,0x00000000d5d80000,0x00000000d7e00000)
  from space 5120K, 42% used [0x00000000d8300000,0x00000000d851d020,0x00000000d8800000)
  to   space 5120K, 0% used [0x00000000d7e00000,0x00000000d7e00000,0x00000000d8300000)
 ParOldGen       total 87552K, used 25408K [0x0000000081800000, 0x0000000086d80000, 0x00000000d5d80000)
  object space 87552K, 29% used [0x0000000081800000,0x00000000830d00c8,0x0000000086d80000)
 Metaspace       used 18971K, capacity 19166K, committed 19328K, reserved 1067008K
  class space    used 2231K, capacity 2318K, committed 2432K, reserved 1048576K
}
Event: 12.963 GC heap before
{Heap before GC invocations=5 (full 0):
 PSYoungGen      total 38400K, used 35093K [0x00000000d5d80000, 0x00000000d8800000, 0x0000000100000000)
  eden space 33280K, 98% used [0x00000000d5d80000,0x00000000d7da8748,0x00000000d7e00000)
  from space 5120K, 42% used [0x00000000d8300000,0x00000000d851d020,0x00000000d8800000)
  to   space 5120K, 0% used [0x00000000d7e00000,0x00000000d7e00000,0x00000000d8300000)
 ParOldGen       total 87552K, used 25408K [0x0000000081800000, 0x0000000086d80000, 0x00000000d5d80000)
  object space 87552K, 29% used [0x0000000081800000,0x00000000830d00c8,0x0000000086d80000)
 Metaspace       used 19076K, capacity 19294K, committed 19584K, reserved 1067008K
  class space    used 2231K, capacity 2318K, committed 2432K, reserved 1048576K
Event: 12.972 GC heap after
Heap after GC invocations=5 (full 0):
 PSYoungGen      total 37888K, used 3064K [0x00000000d5d80000, 0x00000000d9d80000, 0x0000000100000000)
  eden space 32768K, 0% used [0x00000000d5d80000,0x00000000d5d80000,0x00000000d7d80000)
  from space 5120K, 59% used [0x00000000d7e00000,0x00000000d80fe030,0x00000000d8300000)
  to   space 16384K, 0% used [0x00000000d8d80000,0x00000000d8d80000,0x00000000d9d80000)
 ParOldGen       total 87552K, used 25416K [0x0000000081800000, 0x0000000086d80000, 0x00000000d5d80000)
  object space 87552K, 29% used [0x0000000081800000,0x00000000830d20c8,0x0000000086d80000)
 Metaspace       used 19076K, capacity 19294K, committed 19584K, reserved 1067008K
  class space    used 2231K, capacity 2318K, committed 2432K, reserved 1048576K
}
Event: 14.256 GC heap before
{Heap before GC invocations=6 (full 0):
 PSYoungGen      total 37888K, used 35625K [0x00000000d5d80000, 0x00000000d9d80000, 0x0000000100000000)
  eden space 32768K, 99% used [0x00000000d5d80000,0x00000000d7d4c5d0,0x00000000d7d80000)
  from space 5120K, 59% used [0x00000000d7e00000,0x00000000d80fe030,0x00000000d8300000)
  to   space 16384K, 0% used [0x00000000d8d80000,0x00000000d8d80000,0x00000000d9d80000)
 ParOldGen       total 87552K, used 26316K [0x0000000081800000, 0x0000000086d80000, 0x00000000d5d80000)
  object space 87552K, 30% used [0x0000000081800000,0x00000000831b30d8,0x0000000086d80000)
 Metaspace       used 19150K, capacity 19366K, committed 19584K, reserved 1067008K
  class space    used 2231K, capacity 2318K, committed 2432K, reserved 1048576K
Event: 14.276 GC heap after
Heap after GC invocations=6 (full 0):
 PSYoungGen      total 47104K, used 2148K [0x00000000d5d80000, 0x00000000d9c00000, 0x0000000100000000)
  eden space 32256K, 0% used [0x00000000d5d80000,0x00000000d5d80000,0x00000000d7d00000)
  from space 14848K, 14% used [0x00000000d8d80000,0x00000000d8f99010,0x00000000d9c00000)
  to   space 15872K, 0% used [0x00000000d7d00000,0x00000000d7d00000,0x00000000d8c80000)
 ParOldGen       total 87552K, used 26324K [0x0000000081800000, 0x0000000086d80000, 0x00000000d5d80000)
  object space 87552K, 30% used [0x0000000081800000,0x00000000831b50d8,0x0000000086d80000)
 Metaspace       used 19150K, capacity 19366K, committed 19584K, reserved 1067008K
  class space    used 2231K, capacity 2318K, committed 2432K, reserved 1048576K
}
Event: 17.510 GC heap before
{Heap before GC invocations=7 (full 1):
 PSYoungGen      total 47104K, used 34404K [0x00000000d5d80000, 0x00000000d9c00000, 0x0000000100000000)
  eden space 32256K, 100% used [0x00000000d5d80000,0x00000000d7d00000,0x00000000d7d00000)
  from space 14848K, 14% used [0x00000000d8d80000,0x00000000d8f99010,0x00000000d9c00000)
  to   space 15872K, 0% used [0x00000000d7d00000,0x00000000d7d00000,0x00000000d8c80000)
 ParOldGen       total 87552K, used 78525K [0x0000000081800000, 0x0000000086d80000, 0x00000000d5d80000)
  object space 87552K, 89% used [0x0000000081800000,0x00000000864af508,0x0000000086d80000)
 Metaspace       used 19303K, capacity 19558K, committed 19840K, reserved 1067008K
  class space    used 2234K, capacity 2318K, committed 2432K, reserved 1048576K
Event: 17.599 GC heap after
Heap after GC invocations=7 (full 1):
 PSYoungGen      total 47104K, used 0K [0x00000000d5d80000, 0x00000000d9c00000, 0x0000000100000000)
  eden space 32256K, 0% used [0x00000000d5d80000,0x00000000d5d80000,0x00000000d7d00000)
  from space 14848K, 0% used [0x00000000d8d80000,0x00000000d8d80000,0x00000000d9c00000)
  to   space 15872K, 0% used [0x00000000d7d00000,0x00000000d7d00000,0x00000000d8c80000)
 ParOldGen       total 70656K, used 11171K [0x0000000081800000, 0x0000000085d00000, 0x00000000d5d80000)
  object space 70656K, 15% used [0x0000000081800000,0x00000000822e8df8,0x0000000085d00000)
 Metaspace       used 19303K, capacity 19558K, committed 19840K, reserved 1067008K
  class space    used 2234K, capacity 2318K, committed 2432K, reserved 1048576K
}

