# JRE version: Java(TM) SE Runtime Environment (8.0_161-b12) (build 1.8.0_161-b12)
# Java VM: Java HotSpot(TM) 64-Bit Server VM (25.161-b12 mixed mode windows-amd64 compressed oops)
Heap:
 PSYoungGen      total 117248K, used 50858K [0x00000000d5d80000, 0x00000000ddd00000, 0x0000000100000000)
  eden space 111104K, 45% used [0x00000000d5d80000,0x00000000d8efaaf0,0x00000000dca00000)
  from space 6144K, 3% used [0x00000000dd700000,0x00000000dd730000,0x00000000ddd00000)
  to   space 9728K, 0% used [0x00000000dca00000,0x00000000dca00000,0x00000000dd380000)
 ParOldGen       total 85504K, used 74386K [0x0000000081800000, 0x0000000086b80000, 0x00000000d5d80000)
  object space 85504K, 86% used [0x0000000081800000,0x00000000860a4998,0x0000000086b80000)
 Metaspace       used 19621K, capacity 19826K, committed 20096K, reserved 1067008K
  class space    used 2237K, capacity 2318K, committed 2432K, reserved 1048576K
GC Heap History (10 events):
Event: 76.238 GC heap before
{Heap before GC invocations=18 (full 2):
 PSYoungGen      total 131072K, used 129946K [0x00000000d5d80000, 0x00000000df400000, 0x0000000100000000)
  eden space 129536K, 99% used [0x00000000d5d80000,0x00000000ddb4dab8,0x00000000ddc00000)
  from space 1536K, 73% used [0x00000000de000000,0x00000000de119010,0x00000000de180000)
  to   space 12288K, 0% used [0x00000000de800000,0x00000000de800000,0x00000000df400000)
 ParOldGen       total 85504K, used 71684K [0x0000000081800000, 0x0000000086b80000, 0x00000000d5d80000)
  object space 85504K, 83% used [0x0000000081800000,0x0000000085e01140,0x0000000086b80000)
 Metaspace       used 19596K, capacity 19826K, committed 20096K, reserved 1067008K
  class space    used 2236K, capacity 2318K, committed 2432K, reserved 1048576K
Event: 76.246 GC heap after
Heap after GC invocations=18 (full 2):
 PSYoungGen      total 131584K, used 2924K [0x00000000d5d80000, 0x00000000dee00000, 0x0000000100000000)
  eden space 125440K, 0% used [0x00000000d5d80000,0x00000000d5d80000,0x00000000dd800000)
  from space 6144K, 47% used [0x00000000de800000,0x00000000deadb030,0x00000000dee00000)
  to   space 11264K, 0% used [0x00000000dd800000,0x00000000dd800000,0x00000000de300000)
 ParOldGen       total 85504K, used 71684K [0x0000000081800000, 0x0000000086b80000, 0x00000000d5d80000)
  object space 85504K, 83% used [0x0000000081800000,0x0000000085e01140,0x0000000086b80000)
 Metaspace       used 19596K, capacity 19826K, committed 20096K, reserved 1067008K
  class space    used 2236K, capacity 2318K, committed 2432K, reserved 1048576K
}
Event: 80.981 GC heap before
{Heap before GC invocations=19 (full 2):
 PSYoungGen      total 131584K, used 128113K [0x00000000d5d80000, 0x00000000dee00000, 0x0000000100000000)
  eden space 125440K, 99% used [0x00000000d5d80000,0x00000000dd7c1458,0x00000000dd800000)
  from space 6144K, 47% used [0x00000000de800000,0x00000000deadb030,0x00000000dee00000)
  to   space 11264K, 0% used [0x00000000dd800000,0x00000000dd800000,0x00000000de300000)
 ParOldGen       total 85504K, used 71684K [0x0000000081800000, 0x0000000086b80000, 0x00000000d5d80000)
  object space 85504K, 83% used [0x0000000081800000,0x0000000085e01140,0x0000000086b80000)
 Metaspace       used 19600K, capacity 19826K, committed 20096K, reserved 1067008K
  class space    used 2236K, capacity 2318K, committed 2432K, reserved 1048576K
Event: 80.989 GC heap after
Heap after GC invocations=19 (full 2):
 PSYoungGen      total 123392K, used 1092K [0x00000000d5d80000, 0x00000000dea80000, 0x0000000100000000)
  eden space 121856K, 0% used [0x00000000d5d80000,0x00000000d5d80000,0x00000000dd480000)
  from space 1536K, 71% used [0x00000000dd800000,0x00000000dd911010,0x00000000dd980000)
  to   space 11264K, 0% used [0x00000000ddf80000,0x00000000ddf80000,0x00000000dea80000)
 ParOldGen       total 85504K, used 71684K [0x0000000081800000, 0x0000000086b80000, 0x00000000d5d80000)
  object space 85504K, 83% used [0x0000000081800000,0x0000000085e01140,0x0000000086b80000)
 Metaspace       used 19600K, capacity 19826K, committed 20096K, reserved 1067008K
  class space    used 2236K, capacity 2318K, committed 2432K, reserved 1048576K
}
Event: 85.405 GC heap before
{Heap before GC invocations=20 (full 2):
 PSYoungGen      total 123392K, used 122649K [0x00000000d5d80000, 0x00000000dea80000, 0x0000000100000000)
  eden space 121856K, 99% used [0x00000000d5d80000,0x00000000dd435440,0x00000000dd480000)
  from space 1536K, 71% used [0x00000000dd800000,0x00000000dd911010,0x00000000dd980000)
  to   space 11264K, 0% used [0x00000000ddf80000,0x00000000ddf80000,0x00000000dea80000)
 ParOldGen       total 85504K, used 71684K [0x0000000081800000, 0x0000000086b80000, 0x00000000d5d80000)
  object space 85504K, 83% used [0x0000000081800000,0x0000000085e01140,0x0000000086b80000)
 Metaspace       used 19600K, capacity 19826K, committed 20096K, reserved 1067008K
  class space    used 2236K, capacity 2318K, committed 2432K, reserved 1048576K
Event: 85.413 GC heap after
Heap after GC invocations=20 (full 2):
 PSYoungGen      total 123904K, used 2056K [0x00000000d5d80000, 0x00000000de500000, 0x0000000100000000)
  eden space 118272K, 0% used [0x00000000d5d80000,0x00000000d5d80000,0x00000000dd100000)
  from space 5632K, 36% used [0x00000000ddf80000,0x00000000de182020,0x00000000de500000)
  to   space 10240K, 0% used [0x00000000dd100000,0x00000000dd100000,0x00000000ddb00000)
 ParOldGen       total 85504K, used 71684K [0x0000000081800000, 0x0000000086b80000, 0x00000000d5d80000)
  object space 85504K, 83% used [0x0000000081800000,0x0000000085e01140,0x0000000086b80000)
 Metaspace       used 19600K, capacity 19826K, committed 20096K, reserved 1067008K
  class space    used 2236K, capacity 2318K, committed 2432K, reserved 1048576K
}
Event: 89.732 GC heap before
{Heap before GC invocations=21 (full 2):
 PSYoungGen      total 123904K, used 119860K [0x00000000d5d80000, 0x00000000de500000, 0x0000000100000000)
  eden space 118272K, 99% used [0x00000000d5d80000,0x00000000dd08b080,0x00000000dd100000)
  from space 5632K, 36% used [0x00000000ddf80000,0x00000000de182020,0x00000000de500000)
  to   space 10240K, 0% used [0x00000000dd100000,0x00000000dd100000,0x00000000ddb00000)
 ParOldGen       total 85504K, used 72584K [0x0000000081800000, 0x0000000086b80000, 0x00000000d5d80000)
  object space 85504K, 84% used [0x0000000081800000,0x0000000085ee2150,0x0000000086b80000)
 Metaspace       used 19600K, capacity 19826K, committed 20096K, reserved 1067008K
  class space    used 2236K, capacity 2318K, committed 2432K, reserved 1048576K
Event: 89.746 GC heap after
Heap after GC invocations=21 (full 2):
 PSYoungGen      total 116736K, used 2024K [0x00000000d5d80000, 0x00000000de080000, 0x0000000100000000)
  eden space 114688K, 0% used [0x00000000d5d80000,0x00000000d5d80000,0x00000000dcd80000)
  from space 2048K, 98% used [0x00000000dd100000,0x00000000dd2fa020,0x00000000dd300000)
  to   space 9728K, 0% used [0x00000000dd700000,0x00000000dd700000,0x00000000de080000)
 ParOldGen       total 85504K, used 72584K [0x0000000081800000, 0x0000000086b80000, 0x00000000d5d80000)
  object space 85504K, 84% used [0x0000000081800000,0x0000000085ee2150,0x0000000086b80000)
 Metaspace       used 19600K, capacity 19826K, committed 20096K, reserved 1067008K
  class space    used 2236K, capacity 2318K, committed 2432K, reserved 1048576K
}
Event: 94.169 GC heap before
{Heap before GC invocations=22 (full 2):
 PSYoungGen      total 116736K, used 116712K [0x00000000d5d80000, 0x00000000de080000, 0x0000000100000000)
  eden space 114688K, 100% used [0x00000000d5d80000,0x00000000dcd80000,0x00000000dcd80000)
  from space 2048K, 98% used [0x00000000dd100000,0x00000000dd2fa020,0x00000000dd300000)
  to   space 9728K, 0% used [0x00000000dd700000,0x00000000dd700000,0x00000000de080000)
 ParOldGen       total 85504K, used 74386K [0x0000000081800000, 0x0000000086b80000, 0x00000000d5d80000)
  object space 85504K, 86% used [0x0000000081800000,0x00000000860a4998,0x0000000086b80000)
 Metaspace       used 19600K, capacity 19826K, committed 20096K, reserved 1067008K
  class space    used 2236K, capacity 2318K, committed 2432K, reserved 1048576K
Event: 94.199 GC heap after
Heap after GC invocations=22 (full 2):
 PSYoungGen      total 117248K, used 192K [0x00000000d5d80000, 0x00000000ddd00000, 0x0000000100000000)
  eden space 111104K, 0% used [0x00000000d5d80000,0x00000000d5d80000,0x00000000dca00000)
  from space 6144K, 3% used [0x00000000dd700000,0x00000000dd730000,0x00000000ddd00000)
  to   space 9728K, 0% used [0x00000000dca00000,0x00000000dca00000,0x00000000dd380000)
 ParOldGen       total 85504K, used 74386K [0x0000000081800000, 0x0000000086b80000, 0x00000000d5d80000)
  object space 85504K, 86% used [0x0000000081800000,0x00000000860a4998,0x0000000086b80000)
 Metaspace       used 19600K, capacity 19826K, committed 20096K, reserved 1067008K
  class space    used 2236K, capacity 2318K, committed 2432K, reserved 1048576K
}

