# JRE version: Java(TM) SE Runtime Environment (8.0_161-b12) (build 1.8.0_161-b12)
# Java VM: Java HotSpot(TM) 64-Bit Server VM (25.161-b12 mixed mode windows-amd64 compressed oops)
Heap:
 PSYoungGen      total 72192K, used 45814K [0x00000000d5d80000, 0x00000000db400000, 0x0000000100000000)
  eden space 56832K, 61% used [0x00000000d5d80000,0x00000000d7f91af8,0x00000000d9500000)
  from space 15360K, 71% used [0x00000000da500000,0x00000000dafac040,0x00000000db400000)
  to   space 15872K, 0% used [0x00000000d9500000,0x00000000d9500000,0x00000000da480000)
 ParOldGen       total 72704K, used 15511K [0x0000000081800000, 0x0000000085f00000, 0x00000000d5d80000)
  object space 72704K, 21% used [0x0000000081800000,0x0000000082725d38,0x0000000085f00000)
 Metaspace       used 19625K, capacity 19926K, committed 20096K, reserved 1067008K
  class space    used 2238K, capacity 2350K, committed 2432K, reserved 1048576K
GC Heap History (10 events):
Event: 47.027 GC heap before
{Heap before GC invocations=21 (full 3):
 PSYoungGen      total 75264K, used 74774K [0x00000000d5d80000, 0x00000000db800000, 0x0000000100000000)
  eden space 64000K, 99% used [0x00000000d5d80000,0x00000000d9bd9870,0x00000000d9c00000)
  from space 11264K, 97% used [0x00000000d9d80000,0x00000000da82c040,0x00000000da880000)
  to   space 14336K, 0% used [0x00000000daa00000,0x00000000daa00000,0x00000000db800000)
 ParOldGen       total 72704K, used 12795K [0x0000000081800000, 0x0000000085f00000, 0x00000000d5d80000)
  object space 72704K, 17% used [0x0000000081800000,0x000000008247ed28,0x0000000085f00000)
 Metaspace       used 19519K, capacity 19798K, committed 20096K, reserved 1067008K
  class space    used 2230K, capacity 2350K, committed 2432K, reserved 1048576K
Event: 47.032 GC heap after
Heap after GC invocations=21 (full 3):
 PSYoungGen      total 74240K, used 8196K [0x00000000d5d80000, 0x00000000db580000, 0x0000000100000000)
  eden space 62464K, 0% used [0x00000000d5d80000,0x00000000d5d80000,0x00000000d9a80000)
  from space 11776K, 69% used [0x00000000daa00000,0x00000000db201030,0x00000000db580000)
  to   space 13824K, 0% used [0x00000000d9a80000,0x00000000d9a80000,0x00000000da800000)
 ParOldGen       total 72704K, used 12795K [0x0000000081800000, 0x0000000085f00000, 0x00000000d5d80000)
  object space 72704K, 17% used [0x0000000081800000,0x000000008247ed28,0x0000000085f00000)
 Metaspace       used 19519K, capacity 19798K, committed 20096K, reserved 1067008K
  class space    used 2230K, capacity 2350K, committed 2432K, reserved 1048576K
}
Event: 48.529 GC heap before
{Heap before GC invocations=22 (full 3):
 PSYoungGen      total 74240K, used 69295K [0x00000000d5d80000, 0x00000000db580000, 0x0000000100000000)
  eden space 62464K, 97% used [0x00000000d5d80000,0x00000000d992ade0,0x00000000d9a80000)
  from space 11776K, 69% used [0x00000000daa00000,0x00000000db201030,0x00000000db580000)
  to   space 13824K, 0% used [0x00000000d9a80000,0x00000000d9a80000,0x00000000da800000)
 ParOldGen       total 72704K, used 12795K [0x0000000081800000, 0x0000000085f00000, 0x00000000d5d80000)
  object space 72704K, 17% used [0x0000000081800000,0x000000008247ed28,0x0000000085f00000)
 Metaspace       used 19519K, capacity 19798K, committed 20096K, reserved 1067008K
  class space    used 2230K, capacity 2350K, committed 2432K, reserved 1048576K
Event: 48.535 GC heap after
Heap after GC invocations=22 (full 3):
 PSYoungGen      total 72192K, used 10928K [0x00000000d5d80000, 0x00000000db600000, 0x0000000100000000)
  eden space 60928K, 0% used [0x00000000d5d80000,0x00000000d5d80000,0x00000000d9900000)
  from space 11264K, 97% used [0x00000000d9a80000,0x00000000da52c040,0x00000000da580000)
  to   space 14848K, 0% used [0x00000000da780000,0x00000000da780000,0x00000000db600000)
 ParOldGen       total 72704K, used 12795K [0x0000000081800000, 0x0000000085f00000, 0x00000000d5d80000)
  object space 72704K, 17% used [0x0000000081800000,0x000000008247ed28,0x0000000085f00000)
 Metaspace       used 19519K, capacity 19798K, committed 20096K, reserved 1067008K
  class space    used 2230K, capacity 2350K, committed 2432K, reserved 1048576K
}
Event: 49.910 GC heap before
{Heap before GC invocations=23 (full 3):
 PSYoungGen      total 72192K, used 69936K [0x00000000d5d80000, 0x00000000db600000, 0x0000000100000000)
  eden space 60928K, 96% used [0x00000000d5d80000,0x00000000d9720370,0x00000000d9900000)
  from space 11264K, 97% used [0x00000000d9a80000,0x00000000da52c040,0x00000000da580000)
  to   space 14848K, 0% used [0x00000000da780000,0x00000000da780000,0x00000000db600000)
 ParOldGen       total 72704K, used 12795K [0x0000000081800000, 0x0000000085f00000, 0x00000000d5d80000)
  object space 72704K, 17% used [0x0000000081800000,0x000000008247ed28,0x0000000085f00000)
 Metaspace       used 19533K, capacity 19798K, committed 20096K, reserved 1067008K
  class space    used 2231K, capacity 2350K, committed 2432K, reserved 1048576K
Event: 49.914 GC heap after
Heap after GC invocations=23 (full 3):
 PSYoungGen      total 73728K, used 10928K [0x00000000d5d80000, 0x00000000db580000, 0x0000000100000000)
  eden space 59392K, 0% used [0x00000000d5d80000,0x00000000d5d80000,0x00000000d9780000)
  from space 14336K, 76% used [0x00000000da780000,0x00000000db22c040,0x00000000db580000)
  to   space 15360K, 0% used [0x00000000d9780000,0x00000000d9780000,0x00000000da680000)
 ParOldGen       total 72704K, used 12795K [0x0000000081800000, 0x0000000085f00000, 0x00000000d5d80000)
  object space 72704K, 17% used [0x0000000081800000,0x000000008247ed28,0x0000000085f00000)
 Metaspace       used 19533K, capacity 19798K, committed 20096K, reserved 1067008K
  class space    used 2231K, capacity 2350K, committed 2432K, reserved 1048576K
}
Event: 51.334 GC heap before
{Heap before GC invocations=24 (full 3):
 PSYoungGen      total 73728K, used 69626K [0x00000000d5d80000, 0x00000000db580000, 0x0000000100000000)
  eden space 59392K, 98% used [0x00000000d5d80000,0x00000000d96d2b08,0x00000000d9780000)
  from space 14336K, 76% used [0x00000000da780000,0x00000000db22c040,0x00000000db580000)
  to   space 15360K, 0% used [0x00000000d9780000,0x00000000d9780000,0x00000000da680000)
 ParOldGen       total 72704K, used 12795K [0x0000000081800000, 0x0000000085f00000, 0x00000000d5d80000)
  object space 72704K, 17% used [0x0000000081800000,0x000000008247ed28,0x0000000085f00000)
 Metaspace       used 19537K, capacity 19798K, committed 20096K, reserved 1067008K
  class space    used 2231K, capacity 2350K, committed 2432K, reserved 1048576K
Event: 51.338 GC heap after
Heap after GC invocations=24 (full 3):
 PSYoungGen      total 69120K, used 10928K [0x00000000d5d80000, 0x00000000db400000, 0x0000000100000000)
  eden space 57856K, 0% used [0x00000000d5d80000,0x00000000d5d80000,0x00000000d9600000)
  from space 11264K, 97% used [0x00000000d9780000,0x00000000da22c040,0x00000000da280000)
  to   space 15360K, 0% used [0x00000000da500000,0x00000000da500000,0x00000000db400000)
 ParOldGen       total 72704K, used 12803K [0x0000000081800000, 0x0000000085f00000, 0x00000000d5d80000)
  object space 72704K, 17% used [0x0000000081800000,0x0000000082480d28,0x0000000085f00000)
 Metaspace       used 19537K, capacity 19798K, committed 20096K, reserved 1067008K
  class space    used 2231K, capacity 2350K, committed 2432K, reserved 1048576K
}
Event: 52.898 GC heap before
{Heap before GC invocations=25 (full 3):
 PSYoungGen      total 69120K, used 66892K [0x00000000d5d80000, 0x00000000db400000, 0x0000000100000000)
  eden space 57856K, 96% used [0x00000000d5d80000,0x00000000d94270a8,0x00000000d9600000)
  from space 11264K, 97% used [0x00000000d9780000,0x00000000da22c040,0x00000000da280000)
  to   space 15360K, 0% used [0x00000000da500000,0x00000000da500000,0x00000000db400000)
 ParOldGen       total 72704K, used 15503K [0x0000000081800000, 0x0000000085f00000, 0x00000000d5d80000)
  object space 72704K, 21% used [0x0000000081800000,0x0000000082723d38,0x0000000085f00000)
 Metaspace       used 19546K, capacity 19862K, committed 20096K, reserved 1067008K
  class space    used 2231K, capacity 2350K, committed 2432K, reserved 1048576K
Event: 52.901 GC heap after
Heap after GC invocations=25 (full 3):
 PSYoungGen      total 72192K, used 10928K [0x00000000d5d80000, 0x00000000db400000, 0x0000000100000000)
  eden space 56832K, 0% used [0x00000000d5d80000,0x00000000d5d80000,0x00000000d9500000)
  from space 15360K, 71% used [0x00000000da500000,0x00000000dafac040,0x00000000db400000)
  to   space 15872K, 0% used [0x00000000d9500000,0x00000000d9500000,0x00000000da480000)
 ParOldGen       total 72704K, used 15511K [0x0000000081800000, 0x0000000085f00000, 0x00000000d5d80000)
  object space 72704K, 21% used [0x0000000081800000,0x0000000082725d38,0x0000000085f00000)
 Metaspace       used 19546K, capacity 19862K, committed 20096K, reserved 1067008K
  class space    used 2231K, capacity 2350K, committed 2432K, reserved 1048576K
}

