# JRE version: Java(TM) SE Runtime Environment (8.0_161-b12) (build 1.8.0_161-b12)
# Java VM: Java HotSpot(TM) 64-Bit Server VM (25.161-b12 mixed mode windows-amd64 compressed oops)
Heap:
 PSYoungGen      total 435200K, used 235881K [0x00000000d5d80000, 0x00000000f1500000, 0x0000000100000000)
  eden space 421376K, 54% used [0x00000000d5d80000,0x00000000e3bc9738,0x00000000ef900000)
  from space 13824K, 59% used [0x00000000f0780000,0x00000000f0f91030,0x00000000f1500000)
  to   space 14336K, 0% used [0x00000000ef900000,0x00000000ef900000,0x00000000f0700000)
 ParOldGen       total 87552K, used 40908K [0x0000000081800000, 0x0000000086d80000, 0x00000000d5d80000)
  object space 87552K, 46% used [0x0000000081800000,0x0000000083ff32e8,0x0000000086d80000)
 Metaspace       used 19567K, capacity 19796K, committed 20096K, reserved 1067008K
  class space    used 2234K, capacity 2352K, committed 2432K, reserved 1048576K
GC Heap History (10 events):
Event: 10.177 GC heap before
{Heap before GC invocations=6 (full 0):
 PSYoungGen      total 71680K, used 71676K [0x00000000d5d80000, 0x00000000df680000, 0x0000000100000000)
  eden space 66560K, 100% used [0x00000000d5d80000,0x00000000d9e80000,0x00000000d9e80000)
  from space 5120K, 99% used [0x00000000d9e80000,0x00000000da37f020,0x00000000da380000)
  to   space 11776K, 0% used [0x00000000deb00000,0x00000000deb00000,0x00000000df680000)
 ParOldGen       total 87552K, used 19537K [0x0000000081800000, 0x0000000086d80000, 0x00000000d5d80000)
  object space 87552K, 22% used [0x0000000081800000,0x0000000082b147a8,0x0000000086d80000)
 Metaspace       used 18822K, capacity 19052K, committed 19328K, reserved 1067008K
  class space    used 2223K, capacity 2320K, committed 2432K, reserved 1048576K
Event: 10.188 GC heap after
Heap after GC invocations=6 (full 0):
 PSYoungGen      total 144384K, used 9069K [0x00000000d5d80000, 0x00000000df780000, 0x0000000100000000)
  eden space 132608K, 0% used [0x00000000d5d80000,0x00000000d5d80000,0x00000000ddf00000)
  from space 11776K, 77% used [0x00000000deb00000,0x00000000df3db788,0x00000000df680000)
  to   space 12288K, 0% used [0x00000000ddf00000,0x00000000ddf00000,0x00000000deb00000)
 ParOldGen       total 87552K, used 27069K [0x0000000081800000, 0x0000000086d80000, 0x00000000d5d80000)
  object space 87552K, 30% used [0x0000000081800000,0x000000008326f678,0x0000000086d80000)
 Metaspace       used 18822K, capacity 19052K, committed 19328K, reserved 1067008K
  class space    used 2223K, capacity 2320K, committed 2432K, reserved 1048576K
}
Event: 13.245 GC heap before
{Heap before GC invocations=7 (full 0):
 PSYoungGen      total 144384K, used 141427K [0x00000000d5d80000, 0x00000000df780000, 0x0000000100000000)
  eden space 132608K, 99% used [0x00000000d5d80000,0x00000000ddec17b0,0x00000000ddf00000)
  from space 11776K, 77% used [0x00000000deb00000,0x00000000df3db788,0x00000000df680000)
  to   space 12288K, 0% used [0x00000000ddf00000,0x00000000ddf00000,0x00000000deb00000)
 ParOldGen       total 87552K, used 27069K [0x0000000081800000, 0x0000000086d80000, 0x00000000d5d80000)
  object space 87552K, 30% used [0x0000000081800000,0x000000008326f678,0x0000000086d80000)
 Metaspace       used 18957K, capacity 19212K, committed 19328K, reserved 1067008K
  class space    used 2227K, capacity 2352K, committed 2432K, reserved 1048576K
Event: 13.262 GC heap after
Heap after GC invocations=7 (full 0):
 PSYoungGen      total 144896K, used 10415K [0x00000000d5d80000, 0x00000000e7a80000, 0x0000000100000000)
  eden space 132608K, 0% used [0x00000000d5d80000,0x00000000d5d80000,0x00000000ddf00000)
  from space 12288K, 84% used [0x00000000ddf00000,0x00000000de92bee0,0x00000000deb00000)
  to   space 13312K, 0% used [0x00000000e6d80000,0x00000000e6d80000,0x00000000e7a80000)
 ParOldGen       total 87552K, used 33235K [0x0000000081800000, 0x0000000086d80000, 0x00000000d5d80000)
  object space 87552K, 37% used [0x0000000081800000,0x0000000083874cf0,0x0000000086d80000)
 Metaspace       used 18957K, capacity 19212K, committed 19328K, reserved 1067008K
  class space    used 2227K, capacity 2352K, committed 2432K, reserved 1048576K
}
Event: 16.290 GC heap before
{Heap before GC invocations=8 (full 0):
 PSYoungGen      total 144896K, used 141853K [0x00000000d5d80000, 0x00000000e7a80000, 0x0000000100000000)
  eden space 132608K, 99% used [0x00000000d5d80000,0x00000000ddddb888,0x00000000ddf00000)
  from space 12288K, 84% used [0x00000000ddf00000,0x00000000de92bee0,0x00000000deb00000)
  to   space 13312K, 0% used [0x00000000e6d80000,0x00000000e6d80000,0x00000000e7a80000)
 ParOldGen       total 87552K, used 33235K [0x0000000081800000, 0x0000000086d80000, 0x00000000d5d80000)
  object space 87552K, 37% used [0x0000000081800000,0x0000000083874cf0,0x0000000086d80000)
 Metaspace       used 19254K, capacity 19532K, committed 19840K, reserved 1067008K
  class space    used 2229K, capacity 2352K, committed 2432K, reserved 1048576K
Event: 16.299 GC heap after
Heap after GC invocations=8 (full 0):
 PSYoungGen      total 276480K, used 13147K [0x00000000d5d80000, 0x00000000e7e80000, 0x0000000100000000)
  eden space 263168K, 0% used [0x00000000d5d80000,0x00000000d5d80000,0x00000000e5e80000)
  from space 13312K, 98% used [0x00000000e6d80000,0x00000000e7a56ef0,0x00000000e7a80000)
  to   space 15360K, 0% used [0x00000000e5e80000,0x00000000e5e80000,0x00000000e6d80000)
 ParOldGen       total 87552K, used 33243K [0x0000000081800000, 0x0000000086d80000, 0x00000000d5d80000)
  object space 87552K, 37% used [0x0000000081800000,0x0000000083876cf0,0x0000000086d80000)
 Metaspace       used 19254K, capacity 19532K, committed 19840K, reserved 1067008K
  class space    used 2229K, capacity 2352K, committed 2432K, reserved 1048576K
}
Event: 22.654 GC heap before
{Heap before GC invocations=9 (full 0):
 PSYoungGen      total 276480K, used 274284K [0x00000000d5d80000, 0x00000000e7e80000, 0x0000000100000000)
  eden space 263168K, 99% used [0x00000000d5d80000,0x00000000e5c842b8,0x00000000e5e80000)
  from space 13312K, 98% used [0x00000000e6d80000,0x00000000e7a56ef0,0x00000000e7a80000)
  to   space 15360K, 0% used [0x00000000e5e80000,0x00000000e5e80000,0x00000000e6d80000)
 ParOldGen       total 87552K, used 33243K [0x0000000081800000, 0x0000000086d80000, 0x00000000d5d80000)
  object space 87552K, 37% used [0x0000000081800000,0x0000000083876cf0,0x0000000086d80000)
 Metaspace       used 19404K, capacity 19668K, committed 19840K, reserved 1067008K
  class space    used 2229K, capacity 2352K, committed 2432K, reserved 1048576K
Event: 22.664 GC heap after
Heap after GC invocations=9 (full 0):
 PSYoungGen      total 278528K, used 5624K [0x00000000d5d80000, 0x00000000f1600000, 0x0000000100000000)
  eden space 263168K, 0% used [0x00000000d5d80000,0x00000000d5d80000,0x00000000e5e80000)
  from space 15360K, 36% used [0x00000000e5e80000,0x00000000e63fe020,0x00000000e6d80000)
  to   space 14848K, 0% used [0x00000000f0780000,0x00000000f0780000,0x00000000f1600000)
 ParOldGen       total 87552K, used 40812K [0x0000000081800000, 0x0000000086d80000, 0x00000000d5d80000)
  object space 87552K, 46% used [0x0000000081800000,0x0000000083fdb1d8,0x0000000086d80000)
 Metaspace       used 19404K, capacity 19668K, committed 19840K, reserved 1067008K
  class space    used 2229K, capacity 2352K, committed 2432K, reserved 1048576K
}
Event: 28.955 GC heap before
{Heap before GC invocations=10 (full 0):
 PSYoungGen      total 278528K, used 266388K [0x00000000d5d80000, 0x00000000f1600000, 0x0000000100000000)
  eden space 263168K, 99% used [0x00000000d5d80000,0x00000000e5c27110,0x00000000e5e80000)
  from space 15360K, 36% used [0x00000000e5e80000,0x00000000e63fe020,0x00000000e6d80000)
  to   space 14848K, 0% used [0x00000000f0780000,0x00000000f0780000,0x00000000f1600000)
 ParOldGen       total 87552K, used 40812K [0x0000000081800000, 0x0000000086d80000, 0x00000000d5d80000)
  object space 87552K, 46% used [0x0000000081800000,0x0000000083fdb1d8,0x0000000086d80000)
 Metaspace       used 19426K, capacity 19668K, committed 19840K, reserved 1067008K
  class space    used 2229K, capacity 2352K, committed 2432K, reserved 1048576K
Event: 28.961 GC heap after
Heap after GC invocations=10 (full 0):
 PSYoungGen      total 435200K, used 8260K [0x00000000d5d80000, 0x00000000f1500000, 0x0000000100000000)
  eden space 421376K, 0% used [0x00000000d5d80000,0x00000000d5d80000,0x00000000ef900000)
  from space 13824K, 59% used [0x00000000f0780000,0x00000000f0f91030,0x00000000f1500000)
  to   space 14336K, 0% used [0x00000000ef900000,0x00000000ef900000,0x00000000f0700000)
 ParOldGen       total 87552K, used 40908K [0x0000000081800000, 0x0000000086d80000, 0x00000000d5d80000)
  object space 87552K, 46% used [0x0000000081800000,0x0000000083ff32e8,0x0000000086d80000)
 Metaspace       used 19426K, capacity 19668K, committed 19840K, reserved 1067008K
  class space    used 2229K, capacity 2352K, committed 2432K, reserved 1048576K
}

