# JRE version: Java(TM) SE Runtime Environment (8.0_161-b12) (build 1.8.0_161-b12)
# Java VM: Java HotSpot(TM) 64-Bit Server VM (25.161-b12 mixed mode windows-amd64 compressed oops)
Heap:
 PSYoungGen      total 270848K, used 128619K [0x00000000d5d80000, 0x00000000f0a00000, 0x0000000100000000)
  eden space 262656K, 45% used [0x00000000d5d80000,0x00000000dd377c80,0x00000000e5e00000)
  from space 8192K, 95% used [0x00000000e5e00000,0x00000000e65a2f90,0x00000000e6600000)
  to   space 9216K, 0% used [0x00000000f0100000,0x00000000f0100000,0x00000000f0a00000)
 ParOldGen       total 87552K, used 24667K [0x0000000081800000, 0x0000000086d80000, 0x00000000d5d80000)
  object space 87552K, 28% used [0x0000000081800000,0x0000000083016c98,0x0000000086d80000)
 Metaspace       used 19661K, capacity 19958K, committed 20096K, reserved 1067008K
  class space    used 2252K, capacity 2385K, committed 2432K, reserved 1048576K
GC Heap History (10 events):
Event: 8.842 GC heap before
{Heap before GC invocations=5 (full 0):
 PSYoungGen      total 71680K, used 68867K [0x00000000d5d80000, 0x00000000da880000, 0x0000000100000000)
  eden space 66560K, 96% used [0x00000000d5d80000,0x00000000d9c24048,0x00000000d9e80000)
  from space 5120K, 92% used [0x00000000da380000,0x00000000da81cce8,0x00000000da880000)
  to   space 5120K, 0% used [0x00000000d9e80000,0x00000000d9e80000,0x00000000da380000)
 ParOldGen       total 87552K, used 11860K [0x0000000081800000, 0x0000000086d80000, 0x00000000d5d80000)
  object space 87552K, 13% used [0x0000000081800000,0x0000000082395190,0x0000000086d80000)
 Metaspace       used 18769K, capacity 19080K, committed 19328K, reserved 1067008K
  class space    used 2234K, capacity 2352K, committed 2432K, reserved 1048576K
Event: 8.851 GC heap after
Heap after GC invocations=5 (full 0):
 PSYoungGen      total 71680K, used 4771K [0x00000000d5d80000, 0x00000000deb80000, 0x0000000100000000)
  eden space 66560K, 0% used [0x00000000d5d80000,0x00000000d5d80000,0x00000000d9e80000)
  from space 5120K, 93% used [0x00000000d9e80000,0x00000000da328cf8,0x00000000da380000)
  to   space 6144K, 0% used [0x00000000de580000,0x00000000de580000,0x00000000deb80000)
 ParOldGen       total 87552K, used 14568K [0x0000000081800000, 0x0000000086d80000, 0x00000000d5d80000)
  object space 87552K, 16% used [0x0000000081800000,0x000000008263a1a0,0x0000000086d80000)
 Metaspace       used 18769K, capacity 19080K, committed 19328K, reserved 1067008K
  class space    used 2234K, capacity 2352K, committed 2432K, reserved 1048576K
}
Event: 10.412 GC heap before
{Heap before GC invocations=6 (full 0):
 PSYoungGen      total 71680K, used 68975K [0x00000000d5d80000, 0x00000000deb80000, 0x0000000100000000)
  eden space 66560K, 96% used [0x00000000d5d80000,0x00000000d9c33110,0x00000000d9e80000)
  from space 5120K, 93% used [0x00000000d9e80000,0x00000000da328cf8,0x00000000da380000)
  to   space 6144K, 0% used [0x00000000de580000,0x00000000de580000,0x00000000deb80000)
 ParOldGen       total 87552K, used 14568K [0x0000000081800000, 0x0000000086d80000, 0x00000000d5d80000)
  object space 87552K, 16% used [0x0000000081800000,0x000000008263a1a0,0x0000000086d80000)
 Metaspace       used 18851K, capacity 19144K, committed 19328K, reserved 1067008K
  class space    used 2234K, capacity 2352K, committed 2432K, reserved 1048576K
Event: 10.428 GC heap after
Heap after GC invocations=6 (full 0):
 PSYoungGen      total 137728K, used 6127K [0x00000000d5d80000, 0x00000000dee80000, 0x0000000100000000)
  eden space 131584K, 0% used [0x00000000d5d80000,0x00000000d5d80000,0x00000000dde00000)
  from space 6144K, 99% used [0x00000000de580000,0x00000000deb7bce8,0x00000000deb80000)
  to   space 7680K, 0% used [0x00000000dde00000,0x00000000dde00000,0x00000000de580000)
 ParOldGen       total 87552K, used 15780K [0x0000000081800000, 0x0000000086d80000, 0x00000000d5d80000)
  object space 87552K, 18% used [0x0000000081800000,0x00000000827690f0,0x0000000086d80000)
 Metaspace       used 18851K, capacity 19144K, committed 19328K, reserved 1067008K
  class space    used 2234K, capacity 2352K, committed 2432K, reserved 1048576K
}
Event: 13.391 GC heap before
{Heap before GC invocations=7 (full 0):
 PSYoungGen      total 137728K, used 135370K [0x00000000d5d80000, 0x00000000dee80000, 0x0000000100000000)
  eden space 131584K, 98% used [0x00000000d5d80000,0x00000000ddbb6e10,0x00000000dde00000)
  from space 6144K, 99% used [0x00000000de580000,0x00000000deb7bce8,0x00000000deb80000)
  to   space 7680K, 0% used [0x00000000dde00000,0x00000000dde00000,0x00000000de580000)
 ParOldGen       total 87552K, used 15780K [0x0000000081800000, 0x0000000086d80000, 0x00000000d5d80000)
  object space 87552K, 18% used [0x0000000081800000,0x00000000827690f0,0x0000000086d80000)
 Metaspace       used 19000K, capacity 19278K, committed 19584K, reserved 1067008K
  class space    used 2236K, capacity 2353K, committed 2432K, reserved 1048576K
Event: 13.401 GC heap after
Heap after GC invocations=7 (full 0):
 PSYoungGen      total 139264K, used 3116K [0x00000000d5d80000, 0x00000000e6d80000, 0x0000000100000000)
  eden space 131584K, 0% used [0x00000000d5d80000,0x00000000d5d80000,0x00000000dde00000)
  from space 7680K, 40% used [0x00000000dde00000,0x00000000de10b010,0x00000000de580000)
  to   space 7680K, 0% used [0x00000000e6600000,0x00000000e6600000,0x00000000e6d80000)
 ParOldGen       total 87552K, used 19227K [0x0000000081800000, 0x0000000086d80000, 0x00000000d5d80000)
  object space 87552K, 21% used [0x0000000081800000,0x0000000082ac6c78,0x0000000086d80000)
 Metaspace       used 19000K, capacity 19278K, committed 19584K, reserved 1067008K
  class space    used 2236K, capacity 2353K, committed 2432K, reserved 1048576K
}
Event: 16.388 GC heap before
{Heap before GC invocations=8 (full 0):
 PSYoungGen      total 139264K, used 134047K [0x00000000d5d80000, 0x00000000e6d80000, 0x0000000100000000)
  eden space 131584K, 99% used [0x00000000d5d80000,0x00000000ddd5cdc8,0x00000000dde00000)
  from space 7680K, 40% used [0x00000000dde00000,0x00000000de10b010,0x00000000de580000)
  to   space 7680K, 0% used [0x00000000e6600000,0x00000000e6600000,0x00000000e6d80000)
 ParOldGen       total 87552K, used 19227K [0x0000000081800000, 0x0000000086d80000, 0x00000000d5d80000)
  object space 87552K, 21% used [0x0000000081800000,0x0000000082ac6c78,0x0000000086d80000)
 Metaspace       used 19231K, capacity 19478K, committed 19840K, reserved 1067008K
  class space    used 2245K, capacity 2353K, committed 2432K, reserved 1048576K
Event: 16.406 GC heap after
Heap after GC invocations=8 (full 0):
 PSYoungGen      total 270336K, used 7211K [0x00000000d5d80000, 0x00000000e6e80000, 0x0000000100000000)
  eden space 262656K, 0% used [0x00000000d5d80000,0x00000000d5d80000,0x00000000e5e00000)
  from space 7680K, 93% used [0x00000000e6600000,0x00000000e6d0af90,0x00000000e6d80000)
  to   space 8192K, 0% used [0x00000000e5e00000,0x00000000e5e00000,0x00000000e6600000)
 ParOldGen       total 87552K, used 21951K [0x0000000081800000, 0x0000000086d80000, 0x00000000d5d80000)
  object space 87552K, 25% used [0x0000000081800000,0x0000000082d6fc88,0x0000000086d80000)
 Metaspace       used 19231K, capacity 19478K, committed 19840K, reserved 1067008K
  class space    used 2245K, capacity 2353K, committed 2432K, reserved 1048576K
}
Event: 22.484 GC heap before
{Heap before GC invocations=9 (full 0):
 PSYoungGen      total 270336K, used 269371K [0x00000000d5d80000, 0x00000000e6e80000, 0x0000000100000000)
  eden space 262656K, 99% used [0x00000000d5d80000,0x00000000e5d83c70,0x00000000e5e00000)
  from space 7680K, 93% used [0x00000000e6600000,0x00000000e6d0af90,0x00000000e6d80000)
  to   space 8192K, 0% used [0x00000000e5e00000,0x00000000e5e00000,0x00000000e6600000)
 ParOldGen       total 87552K, used 21951K [0x0000000081800000, 0x0000000086d80000, 0x00000000d5d80000)
  object space 87552K, 25% used [0x0000000081800000,0x0000000082d6fc88,0x0000000086d80000)
 Metaspace       used 19567K, capacity 19798K, committed 20096K, reserved 1067008K
  class space    used 2249K, capacity 2353K, committed 2432K, reserved 1048576K
Event: 22.494 GC heap after
Heap after GC invocations=9 (full 0):
 PSYoungGen      total 270848K, used 7819K [0x00000000d5d80000, 0x00000000f0a00000, 0x0000000100000000)
  eden space 262656K, 0% used [0x00000000d5d80000,0x00000000d5d80000,0x00000000e5e00000)
  from space 8192K, 95% used [0x00000000e5e00000,0x00000000e65a2f90,0x00000000e6600000)
  to   space 9216K, 0% used [0x00000000f0100000,0x00000000f0100000,0x00000000f0a00000)
 ParOldGen       total 87552K, used 24667K [0x0000000081800000, 0x0000000086d80000, 0x00000000d5d80000)
  object space 87552K, 28% used [0x0000000081800000,0x0000000083016c98,0x0000000086d80000)
 Metaspace       used 19567K, capacity 19798K, committed 20096K, reserved 1067008K
  class space    used 2249K, capacity 2353K, committed 2432K, reserved 1048576K
}

