# JRE version: Java(TM) SE Runtime Environment (8.0_161-b12) (build 1.8.0_161-b12)
# Java VM: Java HotSpot(TM) 64-Bit Server VM (25.161-b12 mixed mode windows-amd64 compressed oops)
Heap:
 PSYoungGen      total 23552K, used 9065K [0x00000000d5d80000, 0x00000000d7800000, 0x0000000100000000)
  eden space 19968K, 40% used [0x00000000d5d80000,0x00000000d6559630,0x00000000d7100000)
  from space 3584K, 28% used [0x00000000d7480000,0x00000000d7581010,0x00000000d7800000)
  to   space 3584K, 0% used [0x00000000d7100000,0x00000000d7100000,0x00000000d7480000)
 ParOldGen       total 87552K, used 21764K [0x0000000081800000, 0x0000000086d80000, 0x00000000d5d80000)
  object space 87552K, 24% used [0x0000000081800000,0x0000000082d41278,0x0000000086d80000)
 Metaspace       used 19863K, capacity 20102K, committed 20352K, reserved 1067008K
  class space    used 2251K, capacity 2350K, committed 2432K, reserved 1048576K
GC Heap History (10 events):
Event: 286.611 GC heap before
{Heap before GC invocations=172 (full 0):
 PSYoungGen      total 23552K, used 21569K [0x00000000d5d80000, 0x00000000d7800000, 0x0000000100000000)
  eden space 19968K, 98% used [0x00000000d5d80000,0x00000000d70a65a8,0x00000000d7100000)
  from space 3584K, 54% used [0x00000000d7100000,0x00000000d72ea020,0x00000000d7480000)
  to   space 3584K, 0% used [0x00000000d7480000,0x00000000d7480000,0x00000000d7800000)
 ParOldGen       total 87552K, used 21692K [0x0000000081800000, 0x0000000086d80000, 0x00000000d5d80000)
  object space 87552K, 24% used [0x0000000081800000,0x0000000082d2f278,0x0000000086d80000)
 Metaspace       used 19789K, capacity 20038K, committed 20352K, reserved 1067008K
  class space    used 2243K, capacity 2350K, committed 2432K, reserved 1048576K
Event: 286.613 GC heap after
Heap after GC invocations=172 (full 0):
 PSYoungGen      total 23552K, used 1928K [0x00000000d5d80000, 0x00000000d7800000, 0x0000000100000000)
  eden space 19968K, 0% used [0x00000000d5d80000,0x00000000d5d80000,0x00000000d7100000)
  from space 3584K, 53% used [0x00000000d7480000,0x00000000d7662020,0x00000000d7800000)
  to   space 3584K, 0% used [0x00000000d7100000,0x00000000d7100000,0x00000000d7480000)
 ParOldGen       total 87552K, used 21700K [0x0000000081800000, 0x0000000086d80000, 0x00000000d5d80000)
  object space 87552K, 24% used [0x0000000081800000,0x0000000082d31278,0x0000000086d80000)
 Metaspace       used 19789K, capacity 20038K, committed 20352K, reserved 1067008K
  class space    used 2243K, capacity 2350K, committed 2432K, reserved 1048576K
}
Event: 287.996 GC heap before
{Heap before GC invocations=173 (full 0):
 PSYoungGen      total 23552K, used 21553K [0x00000000d5d80000, 0x00000000d7800000, 0x0000000100000000)
  eden space 19968K, 98% used [0x00000000d5d80000,0x00000000d70aa5c8,0x00000000d7100000)
  from space 3584K, 53% used [0x00000000d7480000,0x00000000d7662020,0x00000000d7800000)
  to   space 3584K, 0% used [0x00000000d7100000,0x00000000d7100000,0x00000000d7480000)
 ParOldGen       total 87552K, used 21700K [0x0000000081800000, 0x0000000086d80000, 0x00000000d5d80000)
  object space 87552K, 24% used [0x0000000081800000,0x0000000082d31278,0x0000000086d80000)
 Metaspace       used 19792K, capacity 20038K, committed 20352K, reserved 1067008K
  class space    used 2243K, capacity 2350K, committed 2432K, reserved 1048576K
Event: 288.000 GC heap after
Heap after GC invocations=173 (full 0):
 PSYoungGen      total 23552K, used 2860K [0x00000000d5d80000, 0x00000000d7800000, 0x0000000100000000)
  eden space 19968K, 0% used [0x00000000d5d80000,0x00000000d5d80000,0x00000000d7100000)
  from space 3584K, 79% used [0x00000000d7100000,0x00000000d73cb030,0x00000000d7480000)
  to   space 3584K, 0% used [0x00000000d7480000,0x00000000d7480000,0x00000000d7800000)
 ParOldGen       total 87552K, used 21708K [0x0000000081800000, 0x0000000086d80000, 0x00000000d5d80000)
  object space 87552K, 24% used [0x0000000081800000,0x0000000082d33278,0x0000000086d80000)
 Metaspace       used 19792K, capacity 20038K, committed 20352K, reserved 1067008K
  class space    used 2243K, capacity 2350K, committed 2432K, reserved 1048576K
}
Event: 289.385 GC heap before
{Heap before GC invocations=174 (full 0):
 PSYoungGen      total 23552K, used 22545K [0x00000000d5d80000, 0x00000000d7800000, 0x0000000100000000)
  eden space 19968K, 98% used [0x00000000d5d80000,0x00000000d70b94f0,0x00000000d7100000)
  from space 3584K, 79% used [0x00000000d7100000,0x00000000d73cb030,0x00000000d7480000)
  to   space 3584K, 0% used [0x00000000d7480000,0x00000000d7480000,0x00000000d7800000)
 ParOldGen       total 87552K, used 21708K [0x0000000081800000, 0x0000000086d80000, 0x00000000d5d80000)
  object space 87552K, 24% used [0x0000000081800000,0x0000000082d33278,0x0000000086d80000)
 Metaspace       used 19792K, capacity 20038K, committed 20352K, reserved 1067008K
  class space    used 2243K, capacity 2350K, committed 2432K, reserved 1048576K
Event: 289.389 GC heap after
Heap after GC invocations=174 (full 0):
 PSYoungGen      total 23552K, used 2860K [0x00000000d5d80000, 0x00000000d7800000, 0x0000000100000000)
  eden space 19968K, 0% used [0x00000000d5d80000,0x00000000d5d80000,0x00000000d7100000)
  from space 3584K, 79% used [0x00000000d7480000,0x00000000d774b030,0x00000000d7800000)
  to   space 3584K, 0% used [0x00000000d7100000,0x00000000d7100000,0x00000000d7480000)
 ParOldGen       total 87552K, used 21732K [0x0000000081800000, 0x0000000086d80000, 0x00000000d5d80000)
  object space 87552K, 24% used [0x0000000081800000,0x0000000082d39278,0x0000000086d80000)
 Metaspace       used 19792K, capacity 20038K, committed 20352K, reserved 1067008K
  class space    used 2243K, capacity 2350K, committed 2432K, reserved 1048576K
}
Event: 290.787 GC heap before
{Heap before GC invocations=175 (full 0):
 PSYoungGen      total 23552K, used 22563K [0x00000000d5d80000, 0x00000000d7800000, 0x0000000100000000)
  eden space 19968K, 98% used [0x00000000d5d80000,0x00000000d70bdc40,0x00000000d7100000)
  from space 3584K, 79% used [0x00000000d7480000,0x00000000d774b030,0x00000000d7800000)
  to   space 3584K, 0% used [0x00000000d7100000,0x00000000d7100000,0x00000000d7480000)
 ParOldGen       total 87552K, used 21732K [0x0000000081800000, 0x0000000086d80000, 0x00000000d5d80000)
  object space 87552K, 24% used [0x0000000081800000,0x0000000082d39278,0x0000000086d80000)
 Metaspace       used 19808K, capacity 20038K, committed 20352K, reserved 1067008K
  class space    used 2247K, capacity 2350K, committed 2432K, reserved 1048576K
Event: 290.822 GC heap after
Heap after GC invocations=175 (full 0):
 PSYoungGen      total 23552K, used 1896K [0x00000000d5d80000, 0x00000000d7800000, 0x0000000100000000)
  eden space 19968K, 0% used [0x00000000d5d80000,0x00000000d5d80000,0x00000000d7100000)
  from space 3584K, 52% used [0x00000000d7100000,0x00000000d72da020,0x00000000d7480000)
  to   space 3584K, 0% used [0x00000000d7480000,0x00000000d7480000,0x00000000d7800000)
 ParOldGen       total 87552K, used 21740K [0x0000000081800000, 0x0000000086d80000, 0x00000000d5d80000)
  object space 87552K, 24% used [0x0000000081800000,0x0000000082d3b278,0x0000000086d80000)
 Metaspace       used 19808K, capacity 20038K, committed 20352K, reserved 1067008K
  class space    used 2247K, capacity 2350K, committed 2432K, reserved 1048576K
}
Event: 292.103 GC heap before
{Heap before GC invocations=176 (full 0):
 PSYoungGen      total 23552K, used 21180K [0x00000000d5d80000, 0x00000000d7800000, 0x0000000100000000)
  eden space 19968K, 96% used [0x00000000d5d80000,0x00000000d7055150,0x00000000d7100000)
  from space 3584K, 52% used [0x00000000d7100000,0x00000000d72da020,0x00000000d7480000)
  to   space 3584K, 0% used [0x00000000d7480000,0x00000000d7480000,0x00000000d7800000)
 ParOldGen       total 87552K, used 21740K [0x0000000081800000, 0x0000000086d80000, 0x00000000d5d80000)
  object space 87552K, 24% used [0x0000000081800000,0x0000000082d3b278,0x0000000086d80000)
 Metaspace       used 19816K, capacity 20038K, committed 20352K, reserved 1067008K
  class space    used 2247K, capacity 2350K, committed 2432K, reserved 1048576K
Event: 292.110 GC heap after
Heap after GC invocations=176 (full 0):
 PSYoungGen      total 23552K, used 1028K [0x00000000d5d80000, 0x00000000d7800000, 0x0000000100000000)
  eden space 19968K, 0% used [0x00000000d5d80000,0x00000000d5d80000,0x00000000d7100000)
  from space 3584K, 28% used [0x00000000d7480000,0x00000000d7581010,0x00000000d7800000)
  to   space 3584K, 0% used [0x00000000d7100000,0x00000000d7100000,0x00000000d7480000)
 ParOldGen       total 87552K, used 21764K [0x0000000081800000, 0x0000000086d80000, 0x00000000d5d80000)
  object space 87552K, 24% used [0x0000000081800000,0x0000000082d41278,0x0000000086d80000)
 Metaspace       used 19816K, capacity 20038K, committed 20352K, reserved 1067008K
  class space    used 2247K, capacity 2350K, committed 2432K, reserved 1048576K
}

