# JRE version: Java(TM) SE Runtime Environment (8.0_161-b12) (build 1.8.0_161-b12)
# Java VM: Java HotSpot(TM) 64-Bit Server VM (25.161-b12 mixed mode windows-amd64 compressed oops)
Heap:
 PSYoungGen      total 65536K, used 45735K [0x00000000d5d80000, 0x00000000db380000, 0x0000000100000000)
  eden space 54272K, 79% used [0x00000000d5d80000,0x00000000d8776fc0,0x00000000d9280000)
  from space 11264K, 24% used [0x00000000d9280000,0x00000000d9533010,0x00000000d9d80000)
  to   space 11264K, 0% used [0x00000000da880000,0x00000000da880000,0x00000000db380000)
 ParOldGen       total 201216K, used 199622K [0x0000000081800000, 0x000000008dc80000, 0x00000000d5d80000)
  object space 201216K, 99% used [0x0000000081800000,0x000000008daf1890,0x000000008dc80000)
 Metaspace       used 12993K, capacity 13124K, committed 13184K, reserved 1060864K
  class space    used 1569K, capacity 1640K, committed 1664K, reserved 1048576K
GC Heap History (10 events):
Event: 1414.213 GC heap before
{Heap before GC invocations=1669 (full 4):
 PSYoungGen      total 56832K, used 52328K [0x00000000d5d80000, 0x00000000da180000, 0x0000000100000000)
  eden space 45568K, 96% used [0x00000000d5d80000,0x00000000d8899240,0x00000000d8a00000)
  from space 11264K, 72% used [0x00000000d9580000,0x00000000d9d81030,0x00000000da080000)
  to   space 11776K, 0% used [0x00000000d8a00000,0x00000000d8a00000,0x00000000d9580000)
 ParOldGen       total 201216K, used 199582K [0x0000000081800000, 0x000000008dc80000, 0x00000000d5d80000)
  object space 201216K, 99% used [0x0000000081800000,0x000000008dae7890,0x000000008dc80000)
 Metaspace       used 12906K, capacity 13060K, committed 13184K, reserved 1060864K
  class space    used 1563K, capacity 1640K, committed 1664K, reserved 1048576K
Event: 1414.222 GC heap after
Heap after GC invocations=1669 (full 4):
 PSYoungGen      total 53248K, used 8196K [0x00000000d5d80000, 0x00000000da100000, 0x0000000100000000)
  eden space 44544K, 0% used [0x00000000d5d80000,0x00000000d5d80000,0x00000000d8900000)
  from space 8704K, 94% used [0x00000000d8a00000,0x00000000d9201030,0x00000000d9280000)
  to   space 12288K, 0% used [0x00000000d9500000,0x00000000d9500000,0x00000000da100000)
 ParOldGen       total 201216K, used 199590K [0x0000000081800000, 0x000000008dc80000, 0x00000000d5d80000)
  object space 201216K, 99% used [0x0000000081800000,0x000000008dae9890,0x000000008dc80000)
 Metaspace       used 12906K, capacity 13060K, committed 13184K, reserved 1060864K
  class space    used 1563K, capacity 1640K, committed 1664K, reserved 1048576K
}
Event: 1415.295 GC heap before
{Heap before GC invocations=1670 (full 4):
 PSYoungGen      total 53248K, used 52308K [0x00000000d5d80000, 0x00000000da100000, 0x0000000100000000)
  eden space 44544K, 99% used [0x00000000d5d80000,0x00000000d8894260,0x00000000d8900000)
  from space 8704K, 94% used [0x00000000d8a00000,0x00000000d9201030,0x00000000d9280000)
  to   space 12288K, 0% used [0x00000000d9500000,0x00000000d9500000,0x00000000da100000)
 ParOldGen       total 201216K, used 199590K [0x0000000081800000, 0x000000008dc80000, 0x00000000d5d80000)
  object space 201216K, 99% used [0x0000000081800000,0x000000008dae9890,0x000000008dc80000)
 Metaspace       used 12906K, capacity 13060K, committed 13184K, reserved 1060864K
  class space    used 1563K, capacity 1640K, committed 1664K, reserved 1048576K
Event: 1415.390 GC heap after
Heap after GC invocations=1670 (full 4):
 PSYoungGen      total 57344K, used 2764K [0x00000000d5d80000, 0x00000000da900000, 0x0000000100000000)
  eden space 45056K, 0% used [0x00000000d5d80000,0x00000000d5d80000,0x00000000d8980000)
  from space 12288K, 22% used [0x00000000d9500000,0x00000000d97b3010,0x00000000da100000)
  to   space 11776K, 0% used [0x00000000d8980000,0x00000000d8980000,0x00000000d9500000)
 ParOldGen       total 201216K, used 199598K [0x0000000081800000, 0x000000008dc80000, 0x00000000d5d80000)
  object space 201216K, 99% used [0x0000000081800000,0x000000008daeb890,0x000000008dc80000)
 Metaspace       used 12906K, capacity 13060K, committed 13184K, reserved 1060864K
  class space    used 1563K, capacity 1640K, committed 1664K, reserved 1048576K
}
Event: 1416.334 GC heap before
{Heap before GC invocations=1671 (full 4):
 PSYoungGen      total 57344K, used 46878K [0x00000000d5d80000, 0x00000000da900000, 0x0000000100000000)
  eden space 45056K, 97% used [0x00000000d5d80000,0x00000000d88949a0,0x00000000d8980000)
  from space 12288K, 22% used [0x00000000d9500000,0x00000000d97b3010,0x00000000da100000)
  to   space 11776K, 0% used [0x00000000d8980000,0x00000000d8980000,0x00000000d9500000)
 ParOldGen       total 201216K, used 199598K [0x0000000081800000, 0x000000008dc80000, 0x00000000d5d80000)
  object space 201216K, 99% used [0x0000000081800000,0x000000008daeb890,0x000000008dc80000)
 Metaspace       used 12906K, capacity 13060K, committed 13184K, reserved 1060864K
  class space    used 1563K, capacity 1640K, committed 1664K, reserved 1048576K
Event: 1416.378 GC heap after
Heap after GC invocations=1671 (full 4):
 PSYoungGen      total 56832K, used 2764K [0x00000000d5d80000, 0x00000000da980000, 0x0000000100000000)
  eden space 45056K, 0% used [0x00000000d5d80000,0x00000000d5d80000,0x00000000d8980000)
  from space 11776K, 23% used [0x00000000d8980000,0x00000000d8c33010,0x00000000d9500000)
  to   space 11776K, 0% used [0x00000000d9e00000,0x00000000d9e00000,0x00000000da980000)
 ParOldGen       total 201216K, used 199606K [0x0000000081800000, 0x000000008dc80000, 0x00000000d5d80000)
  object space 201216K, 99% used [0x0000000081800000,0x000000008daed890,0x000000008dc80000)
 Metaspace       used 12906K, capacity 13060K, committed 13184K, reserved 1060864K
  class space    used 1563K, capacity 1640K, committed 1664K, reserved 1048576K
}
Event: 1417.570 GC heap before
{Heap before GC invocations=1672 (full 4):
 PSYoungGen      total 56832K, used 46886K [0x00000000d5d80000, 0x00000000da980000, 0x0000000100000000)
  eden space 45056K, 97% used [0x00000000d5d80000,0x00000000d8896be0,0x00000000d8980000)
  from space 11776K, 23% used [0x00000000d8980000,0x00000000d8c33010,0x00000000d9500000)
  to   space 11776K, 0% used [0x00000000d9e00000,0x00000000d9e00000,0x00000000da980000)
 ParOldGen       total 201216K, used 199606K [0x0000000081800000, 0x000000008dc80000, 0x00000000d5d80000)
  object space 201216K, 99% used [0x0000000081800000,0x000000008daed890,0x000000008dc80000)
 Metaspace       used 12906K, capacity 13060K, committed 13184K, reserved 1060864K
  class space    used 1563K, capacity 1640K, committed 1664K, reserved 1048576K
Event: 1417.578 GC heap after
Heap after GC invocations=1672 (full 4):
 PSYoungGen      total 65024K, used 5496K [0x00000000d5d80000, 0x00000000da880000, 0x0000000100000000)
  eden space 54272K, 0% used [0x00000000d5d80000,0x00000000d5d80000,0x00000000d9280000)
  from space 10752K, 51% used [0x00000000d9e00000,0x00000000da35e020,0x00000000da880000)
  to   space 11264K, 0% used [0x00000000d9280000,0x00000000d9280000,0x00000000d9d80000)
 ParOldGen       total 201216K, used 199614K [0x0000000081800000, 0x000000008dc80000, 0x00000000d5d80000)
  object space 201216K, 99% used [0x0000000081800000,0x000000008daef890,0x000000008dc80000)
 Metaspace       used 12906K, capacity 13060K, committed 13184K, reserved 1060864K
  class space    used 1563K, capacity 1640K, committed 1664K, reserved 1048576K
}
Event: 1418.707 GC heap before
{Heap before GC invocations=1673 (full 4):
 PSYoungGen      total 65024K, used 57905K [0x00000000d5d80000, 0x00000000da880000, 0x0000000100000000)
  eden space 54272K, 96% used [0x00000000d5d80000,0x00000000d90ae6f0,0x00000000d9280000)
  from space 10752K, 51% used [0x00000000d9e00000,0x00000000da35e020,0x00000000da880000)
  to   space 11264K, 0% used [0x00000000d9280000,0x00000000d9280000,0x00000000d9d80000)
 ParOldGen       total 201216K, used 199614K [0x0000000081800000, 0x000000008dc80000, 0x00000000d5d80000)
  object space 201216K, 99% used [0x0000000081800000,0x000000008daef890,0x000000008dc80000)
 Metaspace       used 12906K, capacity 13060K, committed 13184K, reserved 1060864K
  class space    used 1563K, capacity 1640K, committed 1664K, reserved 1048576K
Event: 1418.717 GC heap after
Heap after GC invocations=1673 (full 4):
 PSYoungGen      total 65536K, used 2764K [0x00000000d5d80000, 0x00000000db380000, 0x0000000100000000)
  eden space 54272K, 0% used [0x00000000d5d80000,0x00000000d5d80000,0x00000000d9280000)
  from space 11264K, 24% used [0x00000000d9280000,0x00000000d9533010,0x00000000d9d80000)
  to   space 11264K, 0% used [0x00000000da880000,0x00000000da880000,0x00000000db380000)
 ParOldGen       total 201216K, used 199622K [0x0000000081800000, 0x000000008dc80000, 0x00000000d5d80000)
  object space 201216K, 99% used [0x0000000081800000,0x000000008daf1890,0x000000008dc80000)
 Metaspace       used 12906K, capacity 13060K, committed 13184K, reserved 1060864K
  class space    used 1563K, capacity 1640K, committed 1664K, reserved 1048576K
}

