# JRE version: Java(TM) SE Runtime Environment (8.0_161-b12) (build 1.8.0_161-b12)
# Java VM: Java HotSpot(TM) 64-Bit Server VM (25.161-b12 mixed mode windows-amd64 compressed oops)
Heap:
 PSYoungGen      total 35328K, used 34666K [0x00000000d5d80000, 0x00000000d8580000, 0x0000000100000000)
  eden space 29696K, 98% used [0x00000000d5d80000,0x00000000d79f4978,0x00000000d7a80000)
  from space 5632K, 98% used [0x00000000d7b00000,0x00000000d8066020,0x00000000d8080000)
  to   space 5120K, 0% used [0x00000000d8080000,0x00000000d8080000,0x00000000d8580000)
 ParOldGen       total 136704K, used 134640K [0x0000000081800000, 0x0000000089d80000, 0x00000000d5d80000)
  object space 136704K, 98% used [0x0000000081800000,0x0000000089b7c368,0x0000000089d80000)
 Metaspace       used 20037K, capacity 20310K, committed 20608K, reserved 1067008K
  class space    used 2242K, capacity 2350K, committed 2432K, reserved 1048576K
GC Heap History (10 events):
Event: 1410.047 GC heap before
{Heap before GC invocations=1300 (full 105):
 PSYoungGen      total 33792K, used 30529K [0x00000000d5d80000, 0x00000000d8500000, 0x0000000100000000)
  eden space 27648K, 90% used [0x00000000d5d80000,0x00000000d75ea420,0x00000000d7880000)
  from space 6144K, 89% used [0x00000000d7e80000,0x00000000d83e6020,0x00000000d8480000)
  to   space 6144K, 0% used [0x00000000d7880000,0x00000000d7880000,0x00000000d7e80000)
 ParOldGen       total 47616K, used 15784K [0x0000000081800000, 0x0000000084680000, 0x00000000d5d80000)
  object space 47616K, 33% used [0x0000000081800000,0x000000008276a0a8,0x0000000084680000)
 Metaspace       used 19902K, capacity 20182K, committed 20352K, reserved 1067008K
  class space    used 2235K, capacity 2350K, committed 2432K, reserved 1048576K
Event: 1410.050 GC heap after
Heap after GC invocations=1300 (full 105):
 PSYoungGen      total 33792K, used 5528K [0x00000000d5d80000, 0x00000000d8800000, 0x0000000100000000)
  eden space 27648K, 0% used [0x00000000d5d80000,0x00000000d5d80000,0x00000000d7880000)
  from space 6144K, 89% used [0x00000000d7880000,0x00000000d7de6020,0x00000000d7e80000)
  to   space 6144K, 0% used [0x00000000d8200000,0x00000000d8200000,0x00000000d8800000)
 ParOldGen       total 47616K, used 21200K [0x0000000081800000, 0x0000000084680000, 0x00000000d5d80000)
  object space 47616K, 44% used [0x0000000081800000,0x0000000082cb40c8,0x0000000084680000)
 Metaspace       used 19902K, capacity 20182K, committed 20352K, reserved 1067008K
  class space    used 2235K, capacity 2350K, committed 2432K, reserved 1048576K
}
Event: 1410.645 GC heap before
{Heap before GC invocations=1301 (full 105):
 PSYoungGen      total 33792K, used 30547K [0x00000000d5d80000, 0x00000000d8800000, 0x0000000100000000)
  eden space 27648K, 90% used [0x00000000d5d80000,0x00000000d75eee70,0x00000000d7880000)
  from space 6144K, 89% used [0x00000000d7880000,0x00000000d7de6020,0x00000000d7e80000)
  to   space 6144K, 0% used [0x00000000d8200000,0x00000000d8200000,0x00000000d8800000)
 ParOldGen       total 47616K, used 21200K [0x0000000081800000, 0x0000000084680000, 0x00000000d5d80000)
  object space 47616K, 44% used [0x0000000081800000,0x0000000082cb40c8,0x0000000084680000)
 Metaspace       used 19902K, capacity 20182K, committed 20352K, reserved 1067008K
  class space    used 2235K, capacity 2350K, committed 2432K, reserved 1048576K
Event: 1410.649 GC heap after
Heap after GC invocations=1301 (full 105):
 PSYoungGen      total 37376K, used 5560K [0x00000000d5d80000, 0x00000000d8800000, 0x0000000100000000)
  eden space 31232K, 0% used [0x00000000d5d80000,0x00000000d5d80000,0x00000000d7c00000)
  from space 6144K, 90% used [0x00000000d8200000,0x00000000d876e020,0x00000000d8800000)
  to   space 6144K, 0% used [0x00000000d7c00000,0x00000000d7c00000,0x00000000d8200000)
 ParOldGen       total 47616K, used 23908K [0x0000000081800000, 0x0000000084680000, 0x00000000d5d80000)
  object space 47616K, 50% used [0x0000000081800000,0x0000000082f590d8,0x0000000084680000)
 Metaspace       used 19902K, capacity 20182K, committed 20352K, reserved 1067008K
  class space    used 2235K, capacity 2350K, committed 2432K, reserved 1048576K
}
Event: 1411.403 GC heap before
{Heap before GC invocations=1302 (full 105):
 PSYoungGen      total 37376K, used 36092K [0x00000000d5d80000, 0x00000000d8800000, 0x0000000100000000)
  eden space 31232K, 97% used [0x00000000d5d80000,0x00000000d7b51130,0x00000000d7c00000)
  from space 6144K, 90% used [0x00000000d8200000,0x00000000d876e020,0x00000000d8800000)
  to   space 6144K, 0% used [0x00000000d7c00000,0x00000000d7c00000,0x00000000d8200000)
 ParOldGen       total 47616K, used 23908K [0x0000000081800000, 0x0000000084680000, 0x00000000d5d80000)
  object space 47616K, 50% used [0x0000000081800000,0x0000000082f590d8,0x0000000084680000)
 Metaspace       used 19902K, capacity 20182K, committed 20352K, reserved 1067008K
  class space    used 2235K, capacity 2350K, committed 2432K, reserved 1048576K
Event: 1411.406 GC heap after
Heap after GC invocations=1302 (full 105):
 PSYoungGen      total 36352K, used 5528K [0x00000000d5d80000, 0x00000000d8780000, 0x0000000100000000)
  eden space 30720K, 0% used [0x00000000d5d80000,0x00000000d5d80000,0x00000000d7b80000)
  from space 5632K, 98% used [0x00000000d7c00000,0x00000000d8166020,0x00000000d8180000)
  to   space 6144K, 0% used [0x00000000d8180000,0x00000000d8180000,0x00000000d8780000)
 ParOldGen       total 47616K, used 26616K [0x0000000081800000, 0x0000000084680000, 0x00000000d5d80000)
  object space 47616K, 55% used [0x0000000081800000,0x00000000831fe0e8,0x0000000084680000)
 Metaspace       used 19902K, capacity 20182K, committed 20352K, reserved 1067008K
  class space    used 2235K, capacity 2350K, committed 2432K, reserved 1048576K
}
Event: 1412.118 GC heap before
{Heap before GC invocations=1303 (full 105):
 PSYoungGen      total 36352K, used 36004K [0x00000000d5d80000, 0x00000000d8780000, 0x0000000100000000)
  eden space 30720K, 99% used [0x00000000d5d80000,0x00000000d7b43188,0x00000000d7b80000)
  from space 5632K, 98% used [0x00000000d7c00000,0x00000000d8166020,0x00000000d8180000)
  to   space 6144K, 0% used [0x00000000d8180000,0x00000000d8180000,0x00000000d8780000)
 ParOldGen       total 47616K, used 26616K [0x0000000081800000, 0x0000000084680000, 0x00000000d5d80000)
  object space 47616K, 55% used [0x0000000081800000,0x00000000831fe0e8,0x0000000084680000)
 Metaspace       used 19902K, capacity 20182K, committed 20352K, reserved 1067008K
  class space    used 2235K, capacity 2350K, committed 2432K, reserved 1048576K
Event: 1412.123 GC heap after
Heap after GC invocations=1303 (full 105):
 PSYoungGen      total 35840K, used 5528K [0x00000000d5d80000, 0x00000000d8700000, 0x0000000100000000)
  eden space 30208K, 0% used [0x00000000d5d80000,0x00000000d5d80000,0x00000000d7b00000)
  from space 5632K, 98% used [0x00000000d8180000,0x00000000d86e6020,0x00000000d8700000)
  to   space 6144K, 0% used [0x00000000d7b00000,0x00000000d7b00000,0x00000000d8100000)
 ParOldGen       total 47616K, used 29332K [0x0000000081800000, 0x0000000084680000, 0x00000000d5d80000)
  object space 47616K, 61% used [0x0000000081800000,0x00000000834a50f8,0x0000000084680000)
 Metaspace       used 19902K, capacity 20182K, committed 20352K, reserved 1067008K
  class space    used 2235K, capacity 2350K, committed 2432K, reserved 1048576K
}
Event: 1412.782 GC heap before
{Heap before GC invocations=1304 (full 105):
 PSYoungGen      total 35840K, used 33293K [0x00000000d5d80000, 0x00000000d8700000, 0x0000000100000000)
  eden space 30208K, 91% used [0x00000000d5d80000,0x00000000d789d4d0,0x00000000d7b00000)
  from space 5632K, 98% used [0x00000000d8180000,0x00000000d86e6020,0x00000000d8700000)
  to   space 6144K, 0% used [0x00000000d7b00000,0x00000000d7b00000,0x00000000d8100000)
 ParOldGen       total 47616K, used 32032K [0x0000000081800000, 0x0000000084680000, 0x00000000d5d80000)
  object space 47616K, 67% used [0x0000000081800000,0x0000000083748108,0x0000000084680000)
 Metaspace       used 19902K, capacity 20182K, committed 20352K, reserved 1067008K
  class space    used 2235K, capacity 2350K, committed 2432K, reserved 1048576K
Event: 1412.788 GC heap after
Heap after GC invocations=1304 (full 105):
 PSYoungGen      total 35328K, used 5528K [0x00000000d5d80000, 0x00000000d8580000, 0x0000000100000000)
  eden space 29696K, 0% used [0x00000000d5d80000,0x00000000d5d80000,0x00000000d7a80000)
  from space 5632K, 98% used [0x00000000d7b00000,0x00000000d8066020,0x00000000d8080000)
  to   space 5120K, 0% used [0x00000000d8080000,0x00000000d8080000,0x00000000d8580000)
 ParOldGen       total 47616K, used 34740K [0x0000000081800000, 0x0000000084680000, 0x00000000d5d80000)
  object space 47616K, 72% used [0x0000000081800000,0x00000000839ed118,0x0000000084680000)
 Metaspace       used 19902K, capacity 20182K, committed 20352K, reserved 1067008K
  class space    used 2235K, capacity 2350K, committed 2432K, reserved 1048576K
}

