# JRE version: Java(TM) SE Runtime Environment (8.0_161-b12) (build 1.8.0_161-b12)
# Java VM: Java HotSpot(TM) 64-Bit Server VM (25.161-b12 mixed mode windows-amd64 compressed oops)
Heap:
 PSYoungGen      total 200192K, used 133925K [0x00000000d5d80000, 0x00000000e3380000, 0x0000000100000000)
  eden space 191488K, 68% used [0x00000000d5d80000,0x00000000ddd7e668,0x00000000e1880000)
  from space 8704K, 32% used [0x00000000e2b00000,0x00000000e2dcb030,0x00000000e3380000)
  to   space 13824K, 0% used [0x00000000e1880000,0x00000000e1880000,0x00000000e2600000)
 ParOldGen       total 71168K, used 48238K [0x0000000081800000, 0x0000000085d80000, 0x00000000d5d80000)
  object space 71168K, 67% used [0x0000000081800000,0x000000008471ba68,0x0000000085d80000)
 Metaspace       used 19722K, capacity 19958K, committed 20352K, reserved 1067008K
  class space    used 2236K, capacity 2318K, committed 2432K, reserved 1048576K
GC Heap History (10 events):
Event: 46.392 GC heap before
{Heap before GC invocations=13 (full 1):
 PSYoungGen      total 129024K, used 113668K [0x00000000d5d80000, 0x00000000e0880000, 0x0000000100000000)
  eden space 112640K, 100% used [0x00000000d5d80000,0x00000000dcb80000,0x00000000dcb80000)
  from space 16384K, 6% used [0x00000000dcb80000,0x00000000dcc81010,0x00000000ddb80000)
  to   space 16384K, 0% used [0x00000000df880000,0x00000000df880000,0x00000000e0880000)
 ParOldGen       total 71168K, used 48222K [0x0000000081800000, 0x0000000085d80000, 0x00000000d5d80000)
  object space 71168K, 67% used [0x0000000081800000,0x0000000084717a68,0x0000000085d80000)
 Metaspace       used 19562K, capacity 19830K, committed 20096K, reserved 1067008K
  class space    used 2226K, capacity 2318K, committed 2432K, reserved 1048576K
Event: 46.398 GC heap after
Heap after GC invocations=13 (full 1):
 PSYoungGen      total 150528K, used 64K [0x00000000d5d80000, 0x00000000e0480000, 0x0000000100000000)
  eden space 138240K, 0% used [0x00000000d5d80000,0x00000000d5d80000,0x00000000de480000)
  from space 12288K, 0% used [0x00000000df880000,0x00000000df890000,0x00000000e0480000)
  to   space 16384K, 0% used [0x00000000de480000,0x00000000de480000,0x00000000df480000)
 ParOldGen       total 71168K, used 48230K [0x0000000081800000, 0x0000000085d80000, 0x00000000d5d80000)
  object space 71168K, 67% used [0x0000000081800000,0x0000000084719a68,0x0000000085d80000)
 Metaspace       used 19562K, capacity 19830K, committed 20096K, reserved 1067008K
  class space    used 2226K, capacity 2318K, committed 2432K, reserved 1048576K
}
Event: 51.451 GC heap before
{Heap before GC invocations=14 (full 1):
 PSYoungGen      total 150528K, used 138169K [0x00000000d5d80000, 0x00000000e0480000, 0x0000000100000000)
  eden space 138240K, 99% used [0x00000000d5d80000,0x00000000de45e508,0x00000000de480000)
  from space 12288K, 0% used [0x00000000df880000,0x00000000df890000,0x00000000e0480000)
  to   space 16384K, 0% used [0x00000000de480000,0x00000000de480000,0x00000000df480000)
 ParOldGen       total 71168K, used 48230K [0x0000000081800000, 0x0000000085d80000, 0x00000000d5d80000)
  object space 71168K, 67% used [0x0000000081800000,0x0000000084719a68,0x0000000085d80000)
 Metaspace       used 19566K, capacity 19830K, committed 20096K, reserved 1067008K
  class space    used 2226K, capacity 2318K, committed 2432K, reserved 1048576K
Event: 51.457 GC heap after
Heap after GC invocations=14 (full 1):
 PSYoungGen      total 154624K, used 2828K [0x00000000d5d80000, 0x00000000e1e00000, 0x0000000100000000)
  eden space 138240K, 0% used [0x00000000d5d80000,0x00000000d5d80000,0x00000000de480000)
  from space 16384K, 17% used [0x00000000de480000,0x00000000de743030,0x00000000df480000)
  to   space 15872K, 0% used [0x00000000e0e80000,0x00000000e0e80000,0x00000000e1e00000)
 ParOldGen       total 71168K, used 48230K [0x0000000081800000, 0x0000000085d80000, 0x00000000d5d80000)
  object space 71168K, 67% used [0x0000000081800000,0x0000000084719a68,0x0000000085d80000)
 Metaspace       used 19566K, capacity 19830K, committed 20096K, reserved 1067008K
  class space    used 2226K, capacity 2318K, committed 2432K, reserved 1048576K
}
Event: 56.429 GC heap before
{Heap before GC invocations=15 (full 1):
 PSYoungGen      total 154624K, used 141068K [0x00000000d5d80000, 0x00000000e1e00000, 0x0000000100000000)
  eden space 138240K, 100% used [0x00000000d5d80000,0x00000000de480000,0x00000000de480000)
  from space 16384K, 17% used [0x00000000de480000,0x00000000de743030,0x00000000df480000)
  to   space 15872K, 0% used [0x00000000e0e80000,0x00000000e0e80000,0x00000000e1e00000)
 ParOldGen       total 71168K, used 48230K [0x0000000081800000, 0x0000000085d80000, 0x00000000d5d80000)
  object space 71168K, 67% used [0x0000000081800000,0x0000000084719a68,0x0000000085d80000)
 Metaspace       used 19611K, capacity 19830K, committed 20096K, reserved 1067008K
  class space    used 2226K, capacity 2318K, committed 2432K, reserved 1048576K
Event: 56.470 GC heap after
Heap after GC invocations=15 (full 1):
 PSYoungGen      total 181760K, used 2828K [0x00000000d5d80000, 0x00000000e1d80000, 0x0000000100000000)
  eden space 166400K, 0% used [0x00000000d5d80000,0x00000000d5d80000,0x00000000e0000000)
  from space 15360K, 18% used [0x00000000e0e80000,0x00000000e1143030,0x00000000e1d80000)
  to   space 14848K, 0% used [0x00000000e0000000,0x00000000e0000000,0x00000000e0e80000)
 ParOldGen       total 71168K, used 48238K [0x0000000081800000, 0x0000000085d80000, 0x00000000d5d80000)
  object space 71168K, 67% used [0x0000000081800000,0x000000008471ba68,0x0000000085d80000)
 Metaspace       used 19611K, capacity 19830K, committed 20096K, reserved 1067008K
  class space    used 2226K, capacity 2318K, committed 2432K, reserved 1048576K
}
Event: 62.477 GC heap before
{Heap before GC invocations=16 (full 1):
 PSYoungGen      total 181760K, used 169015K [0x00000000d5d80000, 0x00000000e1d80000, 0x0000000100000000)
  eden space 166400K, 99% used [0x00000000d5d80000,0x00000000dffcacf8,0x00000000e0000000)
  from space 15360K, 18% used [0x00000000e0e80000,0x00000000e1143030,0x00000000e1d80000)
  to   space 14848K, 0% used [0x00000000e0000000,0x00000000e0000000,0x00000000e0e80000)
 ParOldGen       total 71168K, used 48238K [0x0000000081800000, 0x0000000085d80000, 0x00000000d5d80000)
  object space 71168K, 67% used [0x0000000081800000,0x000000008471ba68,0x0000000085d80000)
 Metaspace       used 19618K, capacity 19894K, committed 20096K, reserved 1067008K
  class space    used 2226K, capacity 2318K, committed 2432K, reserved 1048576K
Event: 62.486 GC heap after
Heap after GC invocations=16 (full 1):
 PSYoungGen      total 181248K, used 2860K [0x00000000d5d80000, 0x00000000e3900000, 0x0000000100000000)
  eden space 166400K, 0% used [0x00000000d5d80000,0x00000000d5d80000,0x00000000e0000000)
  from space 14848K, 19% used [0x00000000e0000000,0x00000000e02cb030,0x00000000e0e80000)
  to   space 14336K, 0% used [0x00000000e2b00000,0x00000000e2b00000,0x00000000e3900000)
 ParOldGen       total 71168K, used 48238K [0x0000000081800000, 0x0000000085d80000, 0x00000000d5d80000)
  object space 71168K, 67% used [0x0000000081800000,0x000000008471ba68,0x0000000085d80000)
 Metaspace       used 19618K, capacity 19894K, committed 20096K, reserved 1067008K
  class space    used 2226K, capacity 2318K, committed 2432K, reserved 1048576K
}
Event: 68.632 GC heap before
{Heap before GC invocations=17 (full 1):
 PSYoungGen      total 181248K, used 168976K [0x00000000d5d80000, 0x00000000e3900000, 0x0000000100000000)
  eden space 166400K, 99% used [0x00000000d5d80000,0x00000000dffb9020,0x00000000e0000000)
  from space 14848K, 19% used [0x00000000e0000000,0x00000000e02cb030,0x00000000e0e80000)
  to   space 14336K, 0% used [0x00000000e2b00000,0x00000000e2b00000,0x00000000e3900000)
 ParOldGen       total 71168K, used 48238K [0x0000000081800000, 0x0000000085d80000, 0x00000000d5d80000)
  object space 71168K, 67% used [0x0000000081800000,0x000000008471ba68,0x0000000085d80000)
 Metaspace       used 19647K, capacity 19894K, committed 20096K, reserved 1067008K
  class space    used 2227K, capacity 2318K, committed 2432K, reserved 1048576K
Event: 68.637 GC heap after
Heap after GC invocations=17 (full 1):
 PSYoungGen      total 200192K, used 2860K [0x00000000d5d80000, 0x00000000e3380000, 0x0000000100000000)
  eden space 191488K, 0% used [0x00000000d5d80000,0x00000000d5d80000,0x00000000e1880000)
  from space 8704K, 32% used [0x00000000e2b00000,0x00000000e2dcb030,0x00000000e3380000)
  to   space 13824K, 0% used [0x00000000e1880000,0x00000000e1880000,0x00000000e2600000)
 ParOldGen       total 71168K, used 48238K [0x0000000081800000, 0x0000000085d80000, 0x00000000d5d80000)
  object space 71168K, 67% used [0x0000000081800000,0x000000008471ba68,0x0000000085d80000)
 Metaspace       used 19647K, capacity 19894K, committed 20096K, reserved 1067008K
  class space    used 2227K, capacity 2318K, committed 2432K, reserved 1048576K
}

