# JRE version: Java(TM) SE Runtime Environment (8.0_161-b12) (build 1.8.0_161-b12)
# Java VM: Java HotSpot(TM) 64-Bit Server VM (25.161-b12 mixed mode windows-amd64 compressed oops)
Heap:
 PSYoungGen      total 36352K, used 26089K [0x00000000d5d80000, 0x00000000d8f80000, 0x0000000100000000)
  eden space 27648K, 64% used [0x00000000d5d80000,0x00000000d6ef15f0,0x00000000d7880000)
  from space 8704K, 94% used [0x00000000d7900000,0x00000000d8109030,0x00000000d8180000)
  to   space 11776K, 0% used [0x00000000d8400000,0x00000000d8400000,0x00000000d8f80000)
 ParOldGen       total 41984K, used 18602K [0x0000000081800000, 0x0000000084100000, 0x00000000d5d80000)
  object space 41984K, 44% used [0x0000000081800000,0x0000000082a2a810,0x0000000084100000)
 Metaspace       used 19962K, capacity 20174K, committed 20352K, reserved 1067008K
  class space    used 2241K, capacity 2350K, committed 2432K, reserved 1048576K
GC Heap History (10 events):
Event: 245.890 GC heap before
{Heap before GC invocations=201 (full 14):
 PSYoungGen      total 40960K, used 27784K [0x00000000d5d80000, 0x00000000d9100000, 0x0000000100000000)
  eden space 30208K, 91% used [0x00000000d5d80000,0x00000000d78a21f8,0x00000000d7b00000)
  from space 10752K, 0% used [0x00000000d8680000,0x00000000d8680000,0x00000000d9100000)
  to   space 11264K, 0% used [0x00000000d7b00000,0x00000000d7b00000,0x00000000d8600000)
 ParOldGen       total 41984K, used 10461K [0x0000000081800000, 0x0000000084100000, 0x00000000d5d80000)
  object space 41984K, 24% used [0x0000000081800000,0x00000000822377e0,0x0000000084100000)
 Metaspace       used 19794K, capacity 20046K, committed 20352K, reserved 1067008K
  class space    used 2234K, capacity 2350K, committed 2432K, reserved 1048576K
Event: 245.894 GC heap after
Heap after GC invocations=201 (full 14):
 PSYoungGen      total 40960K, used 10928K [0x00000000d5d80000, 0x00000000d9280000, 0x0000000100000000)
  eden space 29696K, 0% used [0x00000000d5d80000,0x00000000d5d80000,0x00000000d7a80000)
  from space 11264K, 97% used [0x00000000d7b00000,0x00000000d85ac040,0x00000000d8600000)
  to   space 12288K, 0% used [0x00000000d8680000,0x00000000d8680000,0x00000000d9280000)
 ParOldGen       total 41984K, used 10461K [0x0000000081800000, 0x0000000084100000, 0x00000000d5d80000)
  object space 41984K, 24% used [0x0000000081800000,0x00000000822377e0,0x0000000084100000)
 Metaspace       used 19794K, capacity 20046K, committed 20352K, reserved 1067008K
  class space    used 2234K, capacity 2350K, committed 2432K, reserved 1048576K
}
Event: 246.580 GC heap before
{Heap before GC invocations=202 (full 14):
 PSYoungGen      total 40960K, used 38748K [0x00000000d5d80000, 0x00000000d9280000, 0x0000000100000000)
  eden space 29696K, 93% used [0x00000000d5d80000,0x00000000d78ab080,0x00000000d7a80000)
  from space 11264K, 97% used [0x00000000d7b00000,0x00000000d85ac040,0x00000000d8600000)
  to   space 12288K, 0% used [0x00000000d8680000,0x00000000d8680000,0x00000000d9280000)
 ParOldGen       total 41984K, used 10461K [0x0000000081800000, 0x0000000084100000, 0x00000000d5d80000)
  object space 41984K, 24% used [0x0000000081800000,0x00000000822377e0,0x0000000084100000)
 Metaspace       used 19794K, capacity 20046K, committed 20352K, reserved 1067008K
  class space    used 2234K, capacity 2350K, committed 2432K, reserved 1048576K
Event: 246.583 GC heap after
Heap after GC invocations=202 (full 14):
 PSYoungGen      total 40960K, used 2828K [0x00000000d5d80000, 0x00000000d9200000, 0x0000000100000000)
  eden space 29184K, 0% used [0x00000000d5d80000,0x00000000d5d80000,0x00000000d7a00000)
  from space 11776K, 24% used [0x00000000d8680000,0x00000000d8943010,0x00000000d9200000)
  to   space 12288K, 0% used [0x00000000d7a00000,0x00000000d7a00000,0x00000000d8600000)
 ParOldGen       total 41984K, used 18578K [0x0000000081800000, 0x0000000084100000, 0x00000000d5d80000)
  object space 41984K, 44% used [0x0000000081800000,0x0000000082a24810,0x0000000084100000)
 Metaspace       used 19794K, capacity 20046K, committed 20352K, reserved 1067008K
  class space    used 2234K, capacity 2350K, committed 2432K, reserved 1048576K
}
Event: 247.260 GC heap before
{Heap before GC invocations=203 (full 14):
 PSYoungGen      total 40960K, used 30613K [0x00000000d5d80000, 0x00000000d9200000, 0x0000000100000000)
  eden space 29184K, 95% used [0x00000000d5d80000,0x00000000d78a2688,0x00000000d7a00000)
  from space 11776K, 24% used [0x00000000d8680000,0x00000000d8943010,0x00000000d9200000)
  to   space 12288K, 0% used [0x00000000d7a00000,0x00000000d7a00000,0x00000000d8600000)
 ParOldGen       total 41984K, used 18578K [0x0000000081800000, 0x0000000084100000, 0x00000000d5d80000)
  object space 41984K, 44% used [0x0000000081800000,0x0000000082a24810,0x0000000084100000)
 Metaspace       used 19794K, capacity 20046K, committed 20352K, reserved 1067008K
  class space    used 2234K, capacity 2350K, committed 2432K, reserved 1048576K
Event: 247.263 GC heap after
Heap after GC invocations=203 (full 14):
 PSYoungGen      total 37376K, used 8228K [0x00000000d5d80000, 0x00000000d9180000, 0x0000000100000000)
  eden space 28672K, 0% used [0x00000000d5d80000,0x00000000d5d80000,0x00000000d7980000)
  from space 8704K, 94% used [0x00000000d7a00000,0x00000000d8209030,0x00000000d8280000)
  to   space 12288K, 0% used [0x00000000d8580000,0x00000000d8580000,0x00000000d9180000)
 ParOldGen       total 41984K, used 18586K [0x0000000081800000, 0x0000000084100000, 0x00000000d5d80000)
  object space 41984K, 44% used [0x0000000081800000,0x0000000082a26810,0x0000000084100000)
 Metaspace       used 19794K, capacity 20046K, committed 20352K, reserved 1067008K
  class space    used 2234K, capacity 2350K, committed 2432K, reserved 1048576K
}
Event: 247.913 GC heap before
{Heap before GC invocations=204 (full 14):
 PSYoungGen      total 37376K, used 36184K [0x00000000d5d80000, 0x00000000d9180000, 0x0000000100000000)
  eden space 28672K, 97% used [0x00000000d5d80000,0x00000000d78cd0f0,0x00000000d7980000)
  from space 8704K, 94% used [0x00000000d7a00000,0x00000000d8209030,0x00000000d8280000)
  to   space 12288K, 0% used [0x00000000d8580000,0x00000000d8580000,0x00000000d9180000)
 ParOldGen       total 41984K, used 18586K [0x0000000081800000, 0x0000000084100000, 0x00000000d5d80000)
  object space 41984K, 44% used [0x0000000081800000,0x0000000082a26810,0x0000000084100000)
 Metaspace       used 19794K, capacity 20046K, committed 20352K, reserved 1067008K
  class space    used 2234K, capacity 2350K, committed 2432K, reserved 1048576K
Event: 247.915 GC heap after
Heap after GC invocations=204 (full 14):
 PSYoungGen      total 39936K, used 8228K [0x00000000d5d80000, 0x00000000d9100000, 0x0000000100000000)
  eden space 28160K, 0% used [0x00000000d5d80000,0x00000000d5d80000,0x00000000d7900000)
  from space 11776K, 69% used [0x00000000d8580000,0x00000000d8d89030,0x00000000d9100000)
  to   space 12288K, 0% used [0x00000000d7900000,0x00000000d7900000,0x00000000d8500000)
 ParOldGen       total 41984K, used 18594K [0x0000000081800000, 0x0000000084100000, 0x00000000d5d80000)
  object space 41984K, 44% used [0x0000000081800000,0x0000000082a28810,0x0000000084100000)
 Metaspace       used 19794K, capacity 20046K, committed 20352K, reserved 1067008K
  class space    used 2234K, capacity 2350K, committed 2432K, reserved 1048576K
}
Event: 248.587 GC heap before
{Heap before GC invocations=205 (full 14):
 PSYoungGen      total 39936K, used 36219K [0x00000000d5d80000, 0x00000000d9100000, 0x0000000100000000)
  eden space 28160K, 99% used [0x00000000d5d80000,0x00000000d78d5d00,0x00000000d7900000)
  from space 11776K, 69% used [0x00000000d8580000,0x00000000d8d89030,0x00000000d9100000)
  to   space 12288K, 0% used [0x00000000d7900000,0x00000000d7900000,0x00000000d8500000)
 ParOldGen       total 41984K, used 18594K [0x0000000081800000, 0x0000000084100000, 0x00000000d5d80000)
  object space 41984K, 44% used [0x0000000081800000,0x0000000082a28810,0x0000000084100000)
 Metaspace       used 19867K, capacity 20110K, committed 20352K, reserved 1067008K
  class space    used 2234K, capacity 2350K, committed 2432K, reserved 1048576K
Event: 248.590 GC heap after
Heap after GC invocations=205 (full 14):
 PSYoungGen      total 36352K, used 8228K [0x00000000d5d80000, 0x00000000d8f80000, 0x0000000100000000)
  eden space 27648K, 0% used [0x00000000d5d80000,0x00000000d5d80000,0x00000000d7880000)
  from space 8704K, 94% used [0x00000000d7900000,0x00000000d8109030,0x00000000d8180000)
  to   space 11776K, 0% used [0x00000000d8400000,0x00000000d8400000,0x00000000d8f80000)
 ParOldGen       total 41984K, used 18602K [0x0000000081800000, 0x0000000084100000, 0x00000000d5d80000)
  object space 41984K, 44% used [0x0000000081800000,0x0000000082a2a810,0x0000000084100000)
 Metaspace       used 19867K, capacity 20110K, committed 20352K, reserved 1067008K
  class space    used 2234K, capacity 2350K, committed 2432K, reserved 1048576K
}

