# JRE version: Java(TM) SE Runtime Environment (8.0_161-b12) (build 1.8.0_161-b12)
# Java VM: Java HotSpot(TM) 64-Bit Server VM (25.161-b12 mixed mode windows-amd64 compressed oops)
Heap:
 PSYoungGen      total 150528K, used 61653K [0x00000000d5d80000, 0x00000000e8380000, 0x0000000100000000)
  eden space 132608K, 42% used [0x00000000d5d80000,0x00000000d942f5a8,0x00000000ddf00000)
  from space 17920K, 31% used [0x00000000ddf00000,0x00000000de486020,0x00000000df080000)
  to   space 17920K, 0% used [0x00000000e7200000,0x00000000e7200000,0x00000000e8380000)
 ParOldGen       total 87552K, used 56381K [0x0000000081800000, 0x0000000086d80000, 0x00000000d5d80000)
  object space 87552K, 64% used [0x0000000081800000,0x0000000084f0f748,0x0000000086d80000)
 Metaspace       used 19295K, capacity 19518K, committed 19840K, reserved 1067008K
  class space    used 2251K, capacity 2350K, committed 2432K, reserved 1048576K
GC Heap History (10 events):
Event: 8.198 GC heap before
{Heap before GC invocations=3 (full 0):
 PSYoungGen      total 38400K, used 36403K [0x00000000d5d80000, 0x00000000da880000, 0x0000000100000000)
  eden space 33280K, 94% used [0x00000000d5d80000,0x00000000d7c112b0,0x00000000d7e00000)
  from space 5120K, 99% used [0x00000000d8300000,0x00000000d87fbce8,0x00000000d8800000)
  to   space 5120K, 0% used [0x00000000d7e00000,0x00000000d7e00000,0x00000000d8300000)
 ParOldGen       total 87552K, used 9267K [0x0000000081800000, 0x0000000086d80000, 0x00000000d5d80000)
  object space 87552K, 10% used [0x0000000081800000,0x000000008210cc80,0x0000000086d80000)
 Metaspace       used 18463K, capacity 18714K, committed 19072K, reserved 1067008K
  class space    used 2216K, capacity 2318K, committed 2432K, reserved 1048576K
Event: 8.222 GC heap after
Heap after GC invocations=3 (full 0):
 PSYoungGen      total 38400K, used 5103K [0x00000000d5d80000, 0x00000000da880000, 0x0000000100000000)
  eden space 33280K, 0% used [0x00000000d5d80000,0x00000000d5d80000,0x00000000d7e00000)
  from space 5120K, 99% used [0x00000000d7e00000,0x00000000d82fbce8,0x00000000d8300000)
  to   space 5120K, 0% used [0x00000000da380000,0x00000000da380000,0x00000000da880000)
 ParOldGen       total 87552K, used 20091K [0x0000000081800000, 0x0000000086d80000, 0x00000000d5d80000)
  object space 87552K, 22% used [0x0000000081800000,0x0000000082b9ecc0,0x0000000086d80000)
 Metaspace       used 18463K, capacity 18714K, committed 19072K, reserved 1067008K
  class space    used 2216K, capacity 2318K, committed 2432K, reserved 1048576K
}
Event: 8.398 GC heap before
{Heap before GC invocations=4 (full 0):
 PSYoungGen      total 38400K, used 36590K [0x00000000d5d80000, 0x00000000da880000, 0x0000000100000000)
  eden space 33280K, 94% used [0x00000000d5d80000,0x00000000d7c3fe80,0x00000000d7e00000)
  from space 5120K, 99% used [0x00000000d7e00000,0x00000000d82fbce8,0x00000000d8300000)
  to   space 5120K, 0% used [0x00000000da380000,0x00000000da380000,0x00000000da880000)
 ParOldGen       total 87552K, used 20091K [0x0000000081800000, 0x0000000086d80000, 0x00000000d5d80000)
  object space 87552K, 22% used [0x0000000081800000,0x0000000082b9ecc0,0x0000000086d80000)
 Metaspace       used 18496K, capacity 18714K, committed 19072K, reserved 1067008K
  class space    used 2217K, capacity 2318K, committed 2432K, reserved 1048576K
Event: 8.413 GC heap after
Heap after GC invocations=4 (full 0):
 PSYoungGen      total 71680K, used 5103K [0x00000000d5d80000, 0x00000000da880000, 0x0000000100000000)
  eden space 66560K, 0% used [0x00000000d5d80000,0x00000000d5d80000,0x00000000d9e80000)
  from space 5120K, 99% used [0x00000000da380000,0x00000000da87bce8,0x00000000da880000)
  to   space 5120K, 0% used [0x00000000d9e80000,0x00000000d9e80000,0x00000000da380000)
 ParOldGen       total 87552K, used 22812K [0x0000000081800000, 0x0000000086d80000, 0x00000000d5d80000)
  object space 87552K, 26% used [0x0000000081800000,0x0000000082e47280,0x0000000086d80000)
 Metaspace       used 18496K, capacity 18714K, committed 19072K, reserved 1067008K
  class space    used 2217K, capacity 2318K, committed 2432K, reserved 1048576K
}
Event: 8.807 GC heap before
{Heap before GC invocations=5 (full 0):
 PSYoungGen      total 71680K, used 71663K [0x00000000d5d80000, 0x00000000da880000, 0x0000000100000000)
  eden space 66560K, 100% used [0x00000000d5d80000,0x00000000d9e80000,0x00000000d9e80000)
  from space 5120K, 99% used [0x00000000da380000,0x00000000da87bce8,0x00000000da880000)
  to   space 5120K, 0% used [0x00000000d9e80000,0x00000000d9e80000,0x00000000da380000)
 ParOldGen       total 87552K, used 22812K [0x0000000081800000, 0x0000000086d80000, 0x00000000d5d80000)
  object space 87552K, 26% used [0x0000000081800000,0x0000000082e47280,0x0000000086d80000)
 Metaspace       used 18761K, capacity 19006K, committed 19328K, reserved 1067008K
  class space    used 2238K, capacity 2350K, committed 2432K, reserved 1048576K
Event: 8.836 GC heap after
Heap after GC invocations=5 (full 0):
 PSYoungGen      total 71680K, used 4268K [0x00000000d5d80000, 0x00000000e0180000, 0x0000000100000000)
  eden space 66560K, 0% used [0x00000000d5d80000,0x00000000d5d80000,0x00000000d9e80000)
  from space 5120K, 83% used [0x00000000d9e80000,0x00000000da2ab010,0x00000000da380000)
  to   space 17408K, 0% used [0x00000000df080000,0x00000000df080000,0x00000000e0180000)
 ParOldGen       total 87552K, used 49596K [0x0000000081800000, 0x0000000086d80000, 0x00000000d5d80000)
  object space 87552K, 56% used [0x0000000081800000,0x000000008486f2b8,0x0000000086d80000)
 Metaspace       used 18761K, capacity 19006K, committed 19328K, reserved 1067008K
  class space    used 2238K, capacity 2350K, committed 2432K, reserved 1048576K
}
Event: 10.348 GC heap before
{Heap before GC invocations=6 (full 0):
 PSYoungGen      total 71680K, used 70172K [0x00000000d5d80000, 0x00000000e0180000, 0x0000000100000000)
  eden space 66560K, 99% used [0x00000000d5d80000,0x00000000d9ddc318,0x00000000d9e80000)
  from space 5120K, 83% used [0x00000000d9e80000,0x00000000da2ab010,0x00000000da380000)
  to   space 17408K, 0% used [0x00000000df080000,0x00000000df080000,0x00000000e0180000)
 ParOldGen       total 87552K, used 49596K [0x0000000081800000, 0x0000000086d80000, 0x00000000d5d80000)
  object space 87552K, 56% used [0x0000000081800000,0x000000008486f2b8,0x0000000086d80000)
 Metaspace       used 18953K, capacity 19198K, committed 19328K, reserved 1067008K
  class space    used 2245K, capacity 2350K, committed 2432K, reserved 1048576K
Event: 10.358 GC heap after
Heap after GC invocations=6 (full 0):
 PSYoungGen      total 150016K, used 12400K [0x00000000d5d80000, 0x00000000e0280000, 0x0000000100000000)
  eden space 132608K, 0% used [0x00000000d5d80000,0x00000000d5d80000,0x00000000ddf00000)
  from space 17408K, 71% used [0x00000000df080000,0x00000000dfc9c040,0x00000000e0180000)
  to   space 17920K, 0% used [0x00000000ddf00000,0x00000000ddf00000,0x00000000df080000)
 ParOldGen       total 87552K, used 49604K [0x0000000081800000, 0x0000000086d80000, 0x00000000d5d80000)
  object space 87552K, 56% used [0x0000000081800000,0x00000000848712b8,0x0000000086d80000)
 Metaspace       used 18953K, capacity 19198K, committed 19328K, reserved 1067008K
  class space    used 2245K, capacity 2350K, committed 2432K, reserved 1048576K
}
Event: 13.613 GC heap before
{Heap before GC invocations=7 (full 0):
 PSYoungGen      total 150016K, used 144302K [0x00000000d5d80000, 0x00000000e0280000, 0x0000000100000000)
  eden space 132608K, 99% used [0x00000000d5d80000,0x00000000dde4f908,0x00000000ddf00000)
  from space 17408K, 71% used [0x00000000df080000,0x00000000dfc9c040,0x00000000e0180000)
  to   space 17920K, 0% used [0x00000000ddf00000,0x00000000ddf00000,0x00000000df080000)
 ParOldGen       total 87552K, used 52304K [0x0000000081800000, 0x0000000086d80000, 0x00000000d5d80000)
  object space 87552K, 59% used [0x0000000081800000,0x0000000084b142c8,0x0000000086d80000)
 Metaspace       used 19191K, capacity 19454K, committed 19584K, reserved 1067008K
  class space    used 2245K, capacity 2350K, committed 2432K, reserved 1048576K
Event: 13.623 GC heap after
Heap after GC invocations=7 (full 0):
 PSYoungGen      total 150528K, used 5656K [0x00000000d5d80000, 0x00000000e8380000, 0x0000000100000000)
  eden space 132608K, 0% used [0x00000000d5d80000,0x00000000d5d80000,0x00000000ddf00000)
  from space 17920K, 31% used [0x00000000ddf00000,0x00000000de486020,0x00000000df080000)
  to   space 17920K, 0% used [0x00000000e7200000,0x00000000e7200000,0x00000000e8380000)
 ParOldGen       total 87552K, used 56381K [0x0000000081800000, 0x0000000086d80000, 0x00000000d5d80000)
  object space 87552K, 64% used [0x0000000081800000,0x0000000084f0f748,0x0000000086d80000)
 Metaspace       used 19191K, capacity 19454K, committed 19584K, reserved 1067008K
  class space    used 2245K, capacity 2350K, committed 2432K, reserved 1048576K
}

