# JRE version: Java(TM) SE Runtime Environment (8.0_161-b12) (build 1.8.0_161-b12)
# Java VM: Java HotSpot(TM) 64-Bit Server VM (25.161-b12 mixed mode windows-amd64 compressed oops)
Heap:
 PSYoungGen      total 437760K, used 254636K [0x00000000d5d80000, 0x00000000f1b80000, 0x0000000100000000)
  eden space 419840K, 58% used [0x00000000d5d80000,0x00000000e4e22170,0x00000000ef780000)
  from space 17920K, 45% used [0x00000000f0a00000,0x00000000f1209030,0x00000000f1b80000)
  to   space 18432K, 0% used [0x00000000ef780000,0x00000000ef780000,0x00000000f0980000)
 ParOldGen       total 87552K, used 40318K [0x0000000081800000, 0x0000000086d80000, 0x00000000d5d80000)
  object space 87552K, 46% used [0x0000000081800000,0x0000000083f5f888,0x0000000086d80000)
 Metaspace       used 15880K, capacity 16150K, committed 16384K, reserved 1062912K
  class space    used 1860K, capacity 1967K, committed 2048K, reserved 1048576K
GC Heap History (10 events):
Event: 8.339 GC heap before
{Heap before GC invocations=6 (full 0):
 PSYoungGen      total 71680K, used 69373K [0x00000000d5d80000, 0x00000000dfd80000, 0x0000000100000000)
  eden space 66560K, 96% used [0x00000000d5d80000,0x00000000d9c42788,0x00000000d9e80000)
  from space 5120K, 99% used [0x00000000d9e80000,0x00000000da37cf58,0x00000000da380000)
  to   space 15360K, 0% used [0x00000000dee80000,0x00000000dee80000,0x00000000dfd80000)
 ParOldGen       total 87552K, used 24363K [0x0000000081800000, 0x0000000086d80000, 0x00000000d5d80000)
  object space 87552K, 27% used [0x0000000081800000,0x0000000082fcaec0,0x0000000086d80000)
 Metaspace       used 15248K, capacity 15502K, committed 15744K, reserved 1062912K
  class space    used 1853K, capacity 1903K, committed 1920K, reserved 1048576K
Event: 8.371 GC heap after
Heap after GC invocations=6 (full 0):
 PSYoungGen      total 146432K, used 13255K [0x00000000d5d80000, 0x00000000e0180000, 0x0000000100000000)
  eden space 131072K, 0% used [0x00000000d5d80000,0x00000000d5d80000,0x00000000ddd80000)
  from space 15360K, 86% used [0x00000000dee80000,0x00000000dfb71f78,0x00000000dfd80000)
  to   space 17408K, 0% used [0x00000000ddd80000,0x00000000ddd80000,0x00000000dee80000)
 ParOldGen       total 87552K, used 29771K [0x0000000081800000, 0x0000000086d80000, 0x00000000d5d80000)
  object space 87552K, 34% used [0x0000000081800000,0x0000000083512ee0,0x0000000086d80000)
 Metaspace       used 15248K, capacity 15502K, committed 15744K, reserved 1062912K
  class space    used 1853K, capacity 1903K, committed 1920K, reserved 1048576K
}
Event: 11.453 GC heap before
{Heap before GC invocations=7 (full 0):
 PSYoungGen      total 146432K, used 142414K [0x00000000d5d80000, 0x00000000e0180000, 0x0000000100000000)
  eden space 131072K, 98% used [0x00000000d5d80000,0x00000000ddba1b30,0x00000000ddd80000)
  from space 15360K, 86% used [0x00000000dee80000,0x00000000dfb71f78,0x00000000dfd80000)
  to   space 17408K, 0% used [0x00000000ddd80000,0x00000000ddd80000,0x00000000dee80000)
 ParOldGen       total 87552K, used 29771K [0x0000000081800000, 0x0000000086d80000, 0x00000000d5d80000)
  object space 87552K, 34% used [0x0000000081800000,0x0000000083512ee0,0x0000000086d80000)
 Metaspace       used 15387K, capacity 15662K, committed 15872K, reserved 1062912K
  class space    used 1855K, capacity 1935K, committed 2048K, reserved 1048576K
Event: 11.468 GC heap after
Heap after GC invocations=7 (full 0):
 PSYoungGen      total 148480K, used 16424K [0x00000000d5d80000, 0x00000000e8480000, 0x0000000100000000)
  eden space 131072K, 0% used [0x00000000d5d80000,0x00000000d5d80000,0x00000000ddd80000)
  from space 17408K, 94% used [0x00000000ddd80000,0x00000000ded8a060,0x00000000dee80000)
  to   space 19968K, 0% used [0x00000000e7100000,0x00000000e7100000,0x00000000e8480000)
 ParOldGen       total 87552K, used 32091K [0x0000000081800000, 0x0000000086d80000, 0x00000000d5d80000)
  object space 87552K, 36% used [0x0000000081800000,0x0000000083756ce8,0x0000000086d80000)
 Metaspace       used 15387K, capacity 15662K, committed 15872K, reserved 1062912K
  class space    used 1855K, capacity 1935K, committed 2048K, reserved 1048576K
}
Event: 14.458 GC heap before
{Heap before GC invocations=8 (full 0):
 PSYoungGen      total 148480K, used 144818K [0x00000000d5d80000, 0x00000000e8480000, 0x0000000100000000)
  eden space 131072K, 97% used [0x00000000d5d80000,0x00000000ddae2a30,0x00000000ddd80000)
  from space 17408K, 94% used [0x00000000ddd80000,0x00000000ded8a060,0x00000000dee80000)
  to   space 19968K, 0% used [0x00000000e7100000,0x00000000e7100000,0x00000000e8480000)
 ParOldGen       total 87552K, used 32091K [0x0000000081800000, 0x0000000086d80000, 0x00000000d5d80000)
  object space 87552K, 36% used [0x0000000081800000,0x0000000083756ce8,0x0000000086d80000)
 Metaspace       used 15486K, capacity 15734K, committed 15872K, reserved 1062912K
  class space    used 1855K, capacity 1935K, committed 2048K, reserved 1048576K
Event: 14.470 GC heap after
Heap after GC invocations=8 (full 0):
 PSYoungGen      total 281088K, used 10960K [0x00000000d5d80000, 0x00000000e8380000, 0x0000000100000000)
  eden space 262144K, 0% used [0x00000000d5d80000,0x00000000d5d80000,0x00000000e5d80000)
  from space 18944K, 57% used [0x00000000e7100000,0x00000000e7bb4040,0x00000000e8380000)
  to   space 19456K, 0% used [0x00000000e5d80000,0x00000000e5d80000,0x00000000e7080000)
 ParOldGen       total 87552K, used 32136K [0x0000000081800000, 0x0000000086d80000, 0x00000000d5d80000)
  object space 87552K, 36% used [0x0000000081800000,0x0000000083762298,0x0000000086d80000)
 Metaspace       used 15486K, capacity 15734K, committed 15872K, reserved 1062912K
  class space    used 1855K, capacity 1935K, committed 2048K, reserved 1048576K
}
Event: 20.760 GC heap before
{Heap before GC invocations=9 (full 0):
 PSYoungGen      total 281088K, used 271481K [0x00000000d5d80000, 0x00000000e8380000, 0x0000000100000000)
  eden space 262144K, 99% used [0x00000000d5d80000,0x00000000e5bea638,0x00000000e5d80000)
  from space 18944K, 57% used [0x00000000e7100000,0x00000000e7bb4040,0x00000000e8380000)
  to   space 19456K, 0% used [0x00000000e5d80000,0x00000000e5d80000,0x00000000e7080000)
 ParOldGen       total 87552K, used 32136K [0x0000000081800000, 0x0000000086d80000, 0x00000000d5d80000)
  object space 87552K, 36% used [0x0000000081800000,0x0000000083762298,0x0000000086d80000)
 Metaspace       used 15643K, capacity 15926K, committed 16128K, reserved 1062912K
  class space    used 1855K, capacity 1935K, committed 2048K, reserved 1048576K
Event: 20.771 GC heap after
Heap after GC invocations=9 (full 0):
 PSYoungGen      total 281600K, used 5528K [0x00000000d5d80000, 0x00000000f1c80000, 0x0000000100000000)
  eden space 262144K, 0% used [0x00000000d5d80000,0x00000000d5d80000,0x00000000e5d80000)
  from space 19456K, 28% used [0x00000000e5d80000,0x00000000e62e6020,0x00000000e7080000)
  to   space 18944K, 0% used [0x00000000f0a00000,0x00000000f0a00000,0x00000000f1c80000)
 ParOldGen       total 87552K, used 40294K [0x0000000081800000, 0x0000000086d80000, 0x00000000d5d80000)
  object space 87552K, 46% used [0x0000000081800000,0x0000000083f59888,0x0000000086d80000)
 Metaspace       used 15643K, capacity 15926K, committed 16128K, reserved 1062912K
  class space    used 1855K, capacity 1935K, committed 2048K, reserved 1048576K
}
Event: 27.752 GC heap before
{Heap before GC invocations=10 (full 0):
 PSYoungGen      total 281600K, used 265741K [0x00000000d5d80000, 0x00000000f1c80000, 0x0000000100000000)
  eden space 262144K, 99% used [0x00000000d5d80000,0x00000000e5b9d510,0x00000000e5d80000)
  from space 19456K, 28% used [0x00000000e5d80000,0x00000000e62e6020,0x00000000e7080000)
  to   space 18944K, 0% used [0x00000000f0a00000,0x00000000f0a00000,0x00000000f1c80000)
 ParOldGen       total 87552K, used 40294K [0x0000000081800000, 0x0000000086d80000, 0x00000000d5d80000)
  object space 87552K, 46% used [0x0000000081800000,0x0000000083f59888,0x0000000086d80000)
 Metaspace       used 15778K, capacity 16054K, committed 16384K, reserved 1062912K
  class space    used 1855K, capacity 1935K, committed 2048K, reserved 1048576K
Event: 27.757 GC heap after
Heap after GC invocations=10 (full 0):
 PSYoungGen      total 437760K, used 8228K [0x00000000d5d80000, 0x00000000f1b80000, 0x0000000100000000)
  eden space 419840K, 0% used [0x00000000d5d80000,0x00000000d5d80000,0x00000000ef780000)
  from space 17920K, 45% used [0x00000000f0a00000,0x00000000f1209030,0x00000000f1b80000)
  to   space 18432K, 0% used [0x00000000ef780000,0x00000000ef780000,0x00000000f0980000)
 ParOldGen       total 87552K, used 40318K [0x0000000081800000, 0x0000000086d80000, 0x00000000d5d80000)
  object space 87552K, 46% used [0x0000000081800000,0x0000000083f5f888,0x0000000086d80000)
 Metaspace       used 15778K, capacity 16054K, committed 16384K, reserved 1062912K
  class space    used 1855K, capacity 1935K, committed 2048K, reserved 1048576K
}

