# JRE version: Java(TM) SE Runtime Environment (8.0_161-b12) (build 1.8.0_161-b12)
# Java VM: Java HotSpot(TM) 64-Bit Server VM (25.161-b12 mixed mode windows-amd64 compressed oops)
Heap:
 PSYoungGen      total 67072K, used 45774K [0x00000000d5d80000, 0x00000000dcc00000, 0x0000000100000000)
  eden space 58368K, 78% used [0x00000000d5d80000,0x00000000d8a33b10,0x00000000d9680000)
  from space 8704K, 0% used [0x00000000dbf00000,0x00000000dbf00000,0x00000000dc780000)
  to   space 4608K, 0% used [0x00000000dc780000,0x00000000dc780000,0x00000000dcc00000)
 ParOldGen       total 84480K, used 10467K [0x0000000081800000, 0x0000000086a80000, 0x00000000d5d80000)
  object space 84480K, 12% used [0x0000000081800000,0x0000000082238ec0,0x0000000086a80000)
 Metaspace       used 19560K, capacity 19782K, committed 20096K, reserved 1067008K
  class space    used 2249K, capacity 2350K, committed 2432K, reserved 1048576K
GC Heap History (10 events):
Event: 27.666 GC heap before
{Heap before GC invocations=7 (full 2):
 PSYoungGen      total 65536K, used 60435K [0x00000000d5d80000, 0x00000000da300000, 0x0000000100000000)
  eden space 60928K, 99% used [0x00000000d5d80000,0x00000000d9884e90,0x00000000d9900000)
  from space 4608K, 0% used [0x00000000d9e80000,0x00000000d9e80000,0x00000000da300000)
  to   space 5120K, 0% used [0x00000000d9900000,0x00000000d9900000,0x00000000d9e00000)
 ParOldGen       total 76800K, used 14456K [0x0000000081800000, 0x0000000086300000, 0x00000000d5d80000)
  object space 76800K, 18% used [0x0000000081800000,0x000000008261e130,0x0000000086300000)
 Metaspace       used 19240K, capacity 19526K, committed 19840K, reserved 1067008K
  class space    used 2242K, capacity 2350K, committed 2432K, reserved 1048576K
Event: 27.674 GC heap after
Heap after GC invocations=7 (full 2):
 PSYoungGen      total 66048K, used 2828K [0x00000000d5d80000, 0x00000000dd500000, 0x0000000100000000)
  eden space 60928K, 0% used [0x00000000d5d80000,0x00000000d5d80000,0x00000000d9900000)
  from space 5120K, 55% used [0x00000000d9900000,0x00000000d9bc3010,0x00000000d9e00000)
  to   space 9728K, 0% used [0x00000000dcb80000,0x00000000dcb80000,0x00000000dd500000)
 ParOldGen       total 76800K, used 22564K [0x0000000081800000, 0x0000000086300000, 0x00000000d5d80000)
  object space 76800K, 29% used [0x0000000081800000,0x0000000082e09160,0x0000000086300000)
 Metaspace       used 19240K, capacity 19526K, committed 19840K, reserved 1067008K
  class space    used 2242K, capacity 2350K, committed 2432K, reserved 1048576K
}
Event: 29.601 GC heap before
{Heap before GC invocations=8 (full 2):
 PSYoungGen      total 66048K, used 61777K [0x00000000d5d80000, 0x00000000dd500000, 0x0000000100000000)
  eden space 60928K, 96% used [0x00000000d5d80000,0x00000000d9711760,0x00000000d9900000)
  from space 5120K, 55% used [0x00000000d9900000,0x00000000d9bc3010,0x00000000d9e00000)
  to   space 9728K, 0% used [0x00000000dcb80000,0x00000000dcb80000,0x00000000dd500000)
 ParOldGen       total 76800K, used 25264K [0x0000000081800000, 0x0000000086300000, 0x00000000d5d80000)
  object space 76800K, 32% used [0x0000000081800000,0x00000000830ac170,0x0000000086300000)
 Metaspace       used 19291K, capacity 19590K, committed 19840K, reserved 1067008K
  class space    used 2242K, capacity 2350K, committed 2432K, reserved 1048576K
Event: 29.607 GC heap after
Heap after GC invocations=8 (full 2):
 PSYoungGen      total 68096K, used 8228K [0x00000000d5d80000, 0x00000000dd400000, 0x0000000100000000)
  eden space 59392K, 0% used [0x00000000d5d80000,0x00000000d5d80000,0x00000000d9780000)
  from space 8704K, 94% used [0x00000000dcb80000,0x00000000dd389030,0x00000000dd400000)
  to   space 10752K, 0% used [0x00000000dbf00000,0x00000000dbf00000,0x00000000dc980000)
 ParOldGen       total 76800K, used 25272K [0x0000000081800000, 0x0000000086300000, 0x00000000d5d80000)
  object space 76800K, 32% used [0x0000000081800000,0x00000000830ae170,0x0000000086300000)
 Metaspace       used 19291K, capacity 19590K, committed 19840K, reserved 1067008K
  class space    used 2242K, capacity 2350K, committed 2432K, reserved 1048576K
}
Event: 32.518 GC heap before
{Heap before GC invocations=9 (full 3):
 PSYoungGen      total 68096K, used 67620K [0x00000000d5d80000, 0x00000000dd400000, 0x0000000100000000)
  eden space 59392K, 100% used [0x00000000d5d80000,0x00000000d9780000,0x00000000d9780000)
  from space 8704K, 94% used [0x00000000dcb80000,0x00000000dd389030,0x00000000dd400000)
  to   space 10752K, 0% used [0x00000000dbf00000,0x00000000dbf00000,0x00000000dc980000)
 ParOldGen       total 107520K, used 106273K [0x0000000081800000, 0x0000000088100000, 0x00000000d5d80000)
  object space 107520K, 98% used [0x0000000081800000,0x0000000087fc8708,0x0000000088100000)
 Metaspace       used 19369K, capacity 19654K, committed 19840K, reserved 1067008K
  class space    used 2242K, capacity 2350K, committed 2432K, reserved 1048576K
Event: 32.567 GC heap after
Heap after GC invocations=9 (full 3):
 PSYoungGen      total 68096K, used 0K [0x00000000d5d80000, 0x00000000dd400000, 0x0000000100000000)
  eden space 59392K, 0% used [0x00000000d5d80000,0x00000000d5d80000,0x00000000d9780000)
  from space 8704K, 0% used [0x00000000dcb80000,0x00000000dcb80000,0x00000000dd400000)
  to   space 10752K, 0% used [0x00000000dbf00000,0x00000000dbf00000,0x00000000dc980000)
 ParOldGen       total 87552K, used 12787K [0x0000000081800000, 0x0000000086d80000, 0x00000000d5d80000)
  object space 87552K, 14% used [0x0000000081800000,0x000000008247ccd8,0x0000000086d80000)
 Metaspace       used 19369K, capacity 19654K, committed 19840K, reserved 1067008K
  class space    used 2242K, capacity 2350K, committed 2432K, reserved 1048576K
}
Event: 34.009 GC heap before
{Heap before GC invocations=10 (full 3):
 PSYoungGen      total 68096K, used 58977K [0x00000000d5d80000, 0x00000000dd400000, 0x0000000100000000)
  eden space 59392K, 99% used [0x00000000d5d80000,0x00000000d97186f8,0x00000000d9780000)
  from space 8704K, 0% used [0x00000000dcb80000,0x00000000dcb80000,0x00000000dd400000)
  to   space 10752K, 0% used [0x00000000dbf00000,0x00000000dbf00000,0x00000000dc980000)
 ParOldGen       total 87552K, used 15487K [0x0000000081800000, 0x0000000086d80000, 0x00000000d5d80000)
  object space 87552K, 17% used [0x0000000081800000,0x000000008271fce8,0x0000000086d80000)
 Metaspace       used 19440K, capacity 19718K, committed 20096K, reserved 1067008K
  class space    used 2246K, capacity 2350K, committed 2432K, reserved 1048576K
Event: 34.014 GC heap after
Heap after GC invocations=10 (full 3):
 PSYoungGen      total 67072K, used 8292K [0x00000000d5d80000, 0x00000000dcc00000, 0x0000000100000000)
  eden space 58368K, 0% used [0x00000000d5d80000,0x00000000d5d80000,0x00000000d9680000)
  from space 8704K, 95% used [0x00000000dbf00000,0x00000000dc719030,0x00000000dc780000)
  to   space 4608K, 0% used [0x00000000dc780000,0x00000000dc780000,0x00000000dcc00000)
 ParOldGen       total 87552K, used 15495K [0x0000000081800000, 0x0000000086d80000, 0x00000000d5d80000)
  object space 87552K, 17% used [0x0000000081800000,0x0000000082721ce8,0x0000000086d80000)
 Metaspace       used 19440K, capacity 19718K, committed 20096K, reserved 1067008K
  class space    used 2246K, capacity 2350K, committed 2432K, reserved 1048576K
}
Event: 39.453 GC heap before
{Heap before GC invocations=11 (full 4):
 PSYoungGen      total 67072K, used 66660K [0x00000000d5d80000, 0x00000000dcc00000, 0x0000000100000000)
  eden space 58368K, 100% used [0x00000000d5d80000,0x00000000d9680000,0x00000000d9680000)
  from space 8704K, 95% used [0x00000000dbf00000,0x00000000dc719030,0x00000000dc780000)
  to   space 4608K, 0% used [0x00000000dc780000,0x00000000dc780000,0x00000000dcc00000)
 ParOldGen       total 182784K, used 180196K [0x0000000081800000, 0x000000008ca80000, 0x00000000d5d80000)
  object space 182784K, 98% used [0x0000000081800000,0x000000008c7f90f8,0x000000008ca80000)
 Metaspace       used 19484K, capacity 19718K, committed 20096K, reserved 1067008K
  class space    used 2246K, capacity 2350K, committed 2432K, reserved 1048576K
Event: 39.494 GC heap after
Heap after GC invocations=11 (full 4):
 PSYoungGen      total 67072K, used 0K [0x00000000d5d80000, 0x00000000dcc00000, 0x0000000100000000)
  eden space 58368K, 0% used [0x00000000d5d80000,0x00000000d5d80000,0x00000000d9680000)
  from space 8704K, 0% used [0x00000000dbf00000,0x00000000dbf00000,0x00000000dc780000)
  to   space 4608K, 0% used [0x00000000dc780000,0x00000000dc780000,0x00000000dcc00000)
 ParOldGen       total 84480K, used 10467K [0x0000000081800000, 0x0000000086a80000, 0x00000000d5d80000)
  object space 84480K, 12% used [0x0000000081800000,0x0000000082238ec0,0x0000000086a80000)
 Metaspace       used 19484K, capacity 19718K, committed 20096K, reserved 1067008K
  class space    used 2246K, capacity 2350K, committed 2432K, reserved 1048576K
}

