# JRE version: Java(TM) SE Runtime Environment (8.0_161-b12) (build 1.8.0_161-b12)
# Java VM: Java HotSpot(TM) 64-Bit Server VM (25.161-b12 mixed mode windows-amd64 compressed oops)
Heap:
 PSYoungGen      total 273920K, used 194328K [0x00000000d5d80000, 0x00000000e7280000, 0x0000000100000000)
  eden space 265728K, 70% used [0x00000000d5d80000,0x00000000e14692c0,0x00000000e6100000)
  from space 8192K, 85% used [0x00000000e6980000,0x00000000e705cd50,0x00000000e7180000)
  to   space 8704K, 0% used [0x00000000e6100000,0x00000000e6100000,0x00000000e6980000)
 ParOldGen       total 87552K, used 11240K [0x0000000081800000, 0x0000000086d80000, 0x00000000d5d80000)
  object space 87552K, 12% used [0x0000000081800000,0x00000000822fa050,0x0000000086d80000)
 Metaspace       used 19521K, capacity 19818K, committed 20096K, reserved 1067008K
  class space    used 2252K, capacity 2382K, committed 2432K, reserved 1048576K
GC Heap History (10 events):
Event: 9.151 GC heap before
{Heap before GC invocations=4 (full 0):
 PSYoungGen      total 38400K, used 36043K [0x00000000d5d80000, 0x00000000da880000, 0x0000000100000000)
  eden space 33280K, 92% used [0x00000000d5d80000,0x00000000d7bb7cf0,0x00000000d7e00000)
  from space 5120K, 99% used [0x00000000d7e00000,0x00000000d82fb010,0x00000000d8300000)
  to   space 5120K, 0% used [0x00000000da380000,0x00000000da380000,0x00000000da880000)
 ParOldGen       total 87552K, used 3384K [0x0000000081800000, 0x0000000086d80000, 0x00000000d5d80000)
  object space 87552K, 3% used [0x0000000081800000,0x0000000081b4e100,0x0000000086d80000)
 Metaspace       used 18685K, capacity 19006K, committed 19328K, reserved 1067008K
  class space    used 2241K, capacity 2350K, committed 2432K, reserved 1048576K
Event: 9.159 GC heap after
Heap after GC invocations=4 (full 0):
 PSYoungGen      total 71680K, used 5100K [0x00000000d5d80000, 0x00000000da880000, 0x0000000100000000)
  eden space 66560K, 0% used [0x00000000d5d80000,0x00000000d5d80000,0x00000000d9e80000)
  from space 5120K, 99% used [0x00000000da380000,0x00000000da87b010,0x00000000da880000)
  to   space 5120K, 0% used [0x00000000d9e80000,0x00000000d9e80000,0x00000000da380000)
 ParOldGen       total 87552K, used 3424K [0x0000000081800000, 0x0000000086d80000, 0x00000000d5d80000)
  object space 87552K, 3% used [0x0000000081800000,0x0000000081b58100,0x0000000086d80000)
 Metaspace       used 18685K, capacity 19006K, committed 19328K, reserved 1067008K
  class space    used 2241K, capacity 2350K, committed 2432K, reserved 1048576K
}
Event: 9.526 GC heap before
{Heap before GC invocations=5 (full 0):
 PSYoungGen      total 71680K, used 69515K [0x00000000d5d80000, 0x00000000da880000, 0x0000000100000000)
  eden space 66560K, 96% used [0x00000000d5d80000,0x00000000d9c67f98,0x00000000d9e80000)
  from space 5120K, 99% used [0x00000000da380000,0x00000000da87b010,0x00000000da880000)
  to   space 5120K, 0% used [0x00000000d9e80000,0x00000000d9e80000,0x00000000da380000)
 ParOldGen       total 87552K, used 3424K [0x0000000081800000, 0x0000000086d80000, 0x00000000d5d80000)
  object space 87552K, 3% used [0x0000000081800000,0x0000000081b58100,0x0000000086d80000)
 Metaspace       used 18772K, capacity 19074K, committed 19328K, reserved 1067008K
  class space    used 2241K, capacity 2350K, committed 2432K, reserved 1048576K
Event: 9.534 GC heap after
Heap after GC invocations=5 (full 0):
 PSYoungGen      total 71680K, used 5100K [0x00000000d5d80000, 0x00000000def80000, 0x0000000100000000)
  eden space 66560K, 0% used [0x00000000d5d80000,0x00000000d5d80000,0x00000000d9e80000)
  from space 5120K, 99% used [0x00000000d9e80000,0x00000000da37b010,0x00000000da380000)
  to   space 8192K, 0% used [0x00000000de780000,0x00000000de780000,0x00000000def80000)
 ParOldGen       total 87552K, used 3464K [0x0000000081800000, 0x0000000086d80000, 0x00000000d5d80000)
  object space 87552K, 3% used [0x0000000081800000,0x0000000081b62100,0x0000000086d80000)
 Metaspace       used 18772K, capacity 19074K, committed 19328K, reserved 1067008K
  class space    used 2241K, capacity 2350K, committed 2432K, reserved 1048576K
}
Event: 10.545 GC heap before
{Heap before GC invocations=6 (full 0):
 PSYoungGen      total 71680K, used 69340K [0x00000000d5d80000, 0x00000000def80000, 0x0000000100000000)
  eden space 66560K, 96% used [0x00000000d5d80000,0x00000000d9c3c1d0,0x00000000d9e80000)
  from space 5120K, 99% used [0x00000000d9e80000,0x00000000da37b010,0x00000000da380000)
  to   space 8192K, 0% used [0x00000000de780000,0x00000000de780000,0x00000000def80000)
 ParOldGen       total 87552K, used 3464K [0x0000000081800000, 0x0000000086d80000, 0x00000000d5d80000)
  object space 87552K, 3% used [0x0000000081800000,0x0000000081b62100,0x0000000086d80000)
 Metaspace       used 18878K, capacity 19202K, committed 19328K, reserved 1067008K
  class space    used 2241K, capacity 2350K, committed 2432K, reserved 1048576K
Event: 10.553 GC heap after
Heap after GC invocations=6 (full 0):
 PSYoungGen      total 140288K, used 5260K [0x00000000d5d80000, 0x00000000dee80000, 0x0000000100000000)
  eden space 133120K, 0% used [0x00000000d5d80000,0x00000000d5d80000,0x00000000ddf80000)
  from space 7168K, 73% used [0x00000000de780000,0x00000000deca3010,0x00000000dee80000)
  to   space 7680K, 0% used [0x00000000ddf80000,0x00000000ddf80000,0x00000000de700000)
 ParOldGen       total 87552K, used 3472K [0x0000000081800000, 0x0000000086d80000, 0x00000000d5d80000)
  object space 87552K, 3% used [0x0000000081800000,0x0000000081b64100,0x0000000086d80000)
 Metaspace       used 18878K, capacity 19202K, committed 19328K, reserved 1067008K
  class space    used 2241K, capacity 2350K, committed 2432K, reserved 1048576K
}
Event: 13.645 GC heap before
{Heap before GC invocations=7 (full 0):
 PSYoungGen      total 140288K, used 137972K [0x00000000d5d80000, 0x00000000dee80000, 0x0000000100000000)
  eden space 133120K, 99% used [0x00000000d5d80000,0x00000000ddf1a308,0x00000000ddf80000)
  from space 7168K, 73% used [0x00000000de780000,0x00000000deca3010,0x00000000dee80000)
  to   space 7680K, 0% used [0x00000000ddf80000,0x00000000ddf80000,0x00000000de700000)
 ParOldGen       total 87552K, used 3472K [0x0000000081800000, 0x0000000086d80000, 0x00000000d5d80000)
  object space 87552K, 3% used [0x0000000081800000,0x0000000081b64100,0x0000000086d80000)
 Metaspace       used 19212K, capacity 19522K, committed 19840K, reserved 1067008K
  class space    used 2248K, capacity 2350K, committed 2432K, reserved 1048576K
Event: 13.658 GC heap after
Heap after GC invocations=7 (full 0):
 PSYoungGen      total 140800K, used 7059K [0x00000000d5d80000, 0x00000000e7180000, 0x0000000100000000)
  eden space 133120K, 0% used [0x00000000d5d80000,0x00000000d5d80000,0x00000000ddf80000)
  from space 7680K, 91% used [0x00000000ddf80000,0x00000000de664d50,0x00000000de700000)
  to   space 8192K, 0% used [0x00000000e6980000,0x00000000e6980000,0x00000000e7180000)
 ParOldGen       total 87552K, used 8508K [0x0000000081800000, 0x0000000086d80000, 0x00000000d5d80000)
  object space 87552K, 9% used [0x0000000081800000,0x000000008204f040,0x0000000086d80000)
 Metaspace       used 19212K, capacity 19522K, committed 19840K, reserved 1067008K
  class space    used 2248K, capacity 2350K, committed 2432K, reserved 1048576K
}
Event: 16.740 GC heap before
{Heap before GC invocations=8 (full 0):
 PSYoungGen      total 140800K, used 138652K [0x00000000d5d80000, 0x00000000e7180000, 0x0000000100000000)
  eden space 133120K, 98% used [0x00000000d5d80000,0x00000000dde02668,0x00000000ddf80000)
  from space 7680K, 91% used [0x00000000ddf80000,0x00000000de664d50,0x00000000de700000)
  to   space 8192K, 0% used [0x00000000e6980000,0x00000000e6980000,0x00000000e7180000)
 ParOldGen       total 87552K, used 8508K [0x0000000081800000, 0x0000000086d80000, 0x00000000d5d80000)
  object space 87552K, 9% used [0x0000000081800000,0x000000008204f040,0x0000000086d80000)
 Metaspace       used 19320K, capacity 19594K, committed 19840K, reserved 1067008K
  class space    used 2248K, capacity 2350K, committed 2432K, reserved 1048576K
Event: 16.746 GC heap after
Heap after GC invocations=8 (full 0):
 PSYoungGen      total 273920K, used 7027K [0x00000000d5d80000, 0x00000000e7280000, 0x0000000100000000)
  eden space 265728K, 0% used [0x00000000d5d80000,0x00000000d5d80000,0x00000000e6100000)
  from space 8192K, 85% used [0x00000000e6980000,0x00000000e705cd50,0x00000000e7180000)
  to   space 8704K, 0% used [0x00000000e6100000,0x00000000e6100000,0x00000000e6980000)
 ParOldGen       total 87552K, used 11240K [0x0000000081800000, 0x0000000086d80000, 0x00000000d5d80000)
  object space 87552K, 12% used [0x0000000081800000,0x00000000822fa050,0x0000000086d80000)
 Metaspace       used 19320K, capacity 19594K, committed 19840K, reserved 1067008K
  class space    used 2248K, capacity 2350K, committed 2432K, reserved 1048576K
}

