# JRE version: Java(TM) SE Runtime Environment (8.0_161-b12) (build 1.8.0_161-b12)
# Java VM: Java HotSpot(TM) 64-Bit Server VM (25.161-b12 mixed mode windows-amd64 compressed oops)
Heap:
 PSYoungGen      total 127488K, used 31706K [0x00000000d5d80000, 0x00000000df380000, 0x0000000100000000)
  eden space 118784K, 19% used [0x00000000d5d80000,0x00000000d745dba8,0x00000000dd180000)
  from space 8704K, 95% used [0x00000000deb00000,0x00000000df319030,0x00000000df380000)
  to   space 12800K, 0% used [0x00000000dda80000,0x00000000dda80000,0x00000000de700000)
 ParOldGen       total 70656K, used 18443K [0x0000000081800000, 0x0000000085d00000, 0x00000000d5d80000)
  object space 70656K, 26% used [0x0000000081800000,0x0000000082a02e38,0x0000000085d00000)
 Metaspace       used 19644K, capacity 19910K, committed 20096K, reserved 1067008K
  class space    used 2239K, capacity 2350K, committed 2432K, reserved 1048576K
GC Heap History (10 events):
Event: 61.180 GC heap before
{Heap before GC invocations=18 (full 2):
 PSYoungGen      total 150016K, used 149233K [0x00000000d5d80000, 0x00000000e0880000, 0x0000000100000000)
  eden space 141312K, 99% used [0x00000000d5d80000,0x00000000de73b658,0x00000000de780000)
  from space 8704K, 94% used [0x00000000df680000,0x00000000dfe81030,0x00000000dff00000)
  to   space 9728K, 0% used [0x00000000dff00000,0x00000000dff00000,0x00000000e0880000)
 ParOldGen       total 70656K, used 18443K [0x0000000081800000, 0x0000000085d00000, 0x00000000d5d80000)
  object space 70656K, 26% used [0x0000000081800000,0x0000000082a02e38,0x0000000085d00000)
 Metaspace       used 19554K, capacity 19846K, committed 20096K, reserved 1067008K
  class space    used 2232K, capacity 2350K, committed 2432K, reserved 1048576K
Event: 61.184 GC heap after
Heap after GC invocations=18 (full 2):
 PSYoungGen      total 144896K, used 8196K [0x00000000d5d80000, 0x00000000e0780000, 0x0000000100000000)
  eden space 136192K, 0% used [0x00000000d5d80000,0x00000000d5d80000,0x00000000de280000)
  from space 8704K, 94% used [0x00000000dff00000,0x00000000e0701030,0x00000000e0780000)
  to   space 12800K, 0% used [0x00000000dee80000,0x00000000dee80000,0x00000000dfb00000)
 ParOldGen       total 70656K, used 18443K [0x0000000081800000, 0x0000000085d00000, 0x00000000d5d80000)
  object space 70656K, 26% used [0x0000000081800000,0x0000000082a02e38,0x0000000085d00000)
 Metaspace       used 19554K, capacity 19846K, committed 20096K, reserved 1067008K
  class space    used 2232K, capacity 2350K, committed 2432K, reserved 1048576K
}
Event: 64.549 GC heap before
{Heap before GC invocations=19 (full 2):
 PSYoungGen      total 144896K, used 144049K [0x00000000d5d80000, 0x00000000e0780000, 0x0000000100000000)
  eden space 136192K, 99% used [0x00000000d5d80000,0x00000000de22b458,0x00000000de280000)
  from space 8704K, 94% used [0x00000000dff00000,0x00000000e0701030,0x00000000e0780000)
  to   space 12800K, 0% used [0x00000000dee80000,0x00000000dee80000,0x00000000dfb00000)
 ParOldGen       total 70656K, used 18443K [0x0000000081800000, 0x0000000085d00000, 0x00000000d5d80000)
  object space 70656K, 26% used [0x0000000081800000,0x0000000082a02e38,0x0000000085d00000)
 Metaspace       used 19554K, capacity 19846K, committed 20096K, reserved 1067008K
  class space    used 2232K, capacity 2350K, committed 2432K, reserved 1048576K
Event: 64.554 GC heap after
Heap after GC invocations=19 (full 2):
 PSYoungGen      total 140288K, used 8196K [0x00000000d5d80000, 0x00000000dff80000, 0x0000000100000000)
  eden space 131584K, 0% used [0x00000000d5d80000,0x00000000d5d80000,0x00000000dde00000)
  from space 8704K, 94% used [0x00000000dee80000,0x00000000df681030,0x00000000df700000)
  to   space 8704K, 0% used [0x00000000df700000,0x00000000df700000,0x00000000dff80000)
 ParOldGen       total 70656K, used 18443K [0x0000000081800000, 0x0000000085d00000, 0x00000000d5d80000)
  object space 70656K, 26% used [0x0000000081800000,0x0000000082a02e38,0x0000000085d00000)
 Metaspace       used 19554K, capacity 19846K, committed 20096K, reserved 1067008K
  class space    used 2232K, capacity 2350K, committed 2432K, reserved 1048576K
}
Event: 67.676 GC heap before
{Heap before GC invocations=20 (full 2):
 PSYoungGen      total 140288K, used 138190K [0x00000000d5d80000, 0x00000000dff80000, 0x0000000100000000)
  eden space 131584K, 98% used [0x00000000d5d80000,0x00000000ddc72908,0x00000000dde00000)
  from space 8704K, 94% used [0x00000000dee80000,0x00000000df681030,0x00000000df700000)
  to   space 8704K, 0% used [0x00000000df700000,0x00000000df700000,0x00000000dff80000)
 ParOldGen       total 70656K, used 18443K [0x0000000081800000, 0x0000000085d00000, 0x00000000d5d80000)
  object space 70656K, 26% used [0x0000000081800000,0x0000000082a02e38,0x0000000085d00000)
 Metaspace       used 19554K, capacity 19846K, committed 20096K, reserved 1067008K
  class space    used 2232K, capacity 2350K, committed 2432K, reserved 1048576K
Event: 67.679 GC heap after
Heap after GC invocations=20 (full 2):
 PSYoungGen      total 132608K, used 5464K [0x00000000d5d80000, 0x00000000dfc80000, 0x0000000100000000)
  eden space 126976K, 0% used [0x00000000d5d80000,0x00000000d5d80000,0x00000000dd980000)
  from space 5632K, 97% used [0x00000000df700000,0x00000000dfc56020,0x00000000dfc80000)
  to   space 12288K, 0% used [0x00000000de480000,0x00000000de480000,0x00000000df080000)
 ParOldGen       total 70656K, used 18443K [0x0000000081800000, 0x0000000085d00000, 0x00000000d5d80000)
  object space 70656K, 26% used [0x0000000081800000,0x0000000082a02e38,0x0000000085d00000)
 Metaspace       used 19554K, capacity 19846K, committed 20096K, reserved 1067008K
  class space    used 2232K, capacity 2350K, committed 2432K, reserved 1048576K
}
Event: 70.717 GC heap before
{Heap before GC invocations=21 (full 2):
 PSYoungGen      total 132608K, used 129906K [0x00000000d5d80000, 0x00000000dfc80000, 0x0000000100000000)
  eden space 126976K, 98% used [0x00000000d5d80000,0x00000000dd7068d0,0x00000000dd980000)
  from space 5632K, 97% used [0x00000000df700000,0x00000000dfc56020,0x00000000dfc80000)
  to   space 12288K, 0% used [0x00000000de480000,0x00000000de480000,0x00000000df080000)
 ParOldGen       total 70656K, used 18443K [0x0000000081800000, 0x0000000085d00000, 0x00000000d5d80000)
  object space 70656K, 26% used [0x0000000081800000,0x0000000082a02e38,0x0000000085d00000)
 Metaspace       used 19554K, capacity 19846K, committed 20096K, reserved 1067008K
  class space    used 2232K, capacity 2350K, committed 2432K, reserved 1048576K
Event: 70.737 GC heap after
Heap after GC invocations=21 (full 2):
 PSYoungGen      total 125952K, used 2732K [0x00000000d5d80000, 0x00000000df780000, 0x0000000100000000)
  eden space 122880K, 0% used [0x00000000d5d80000,0x00000000d5d80000,0x00000000dd580000)
  from space 3072K, 88% used [0x00000000de480000,0x00000000de72b010,0x00000000de780000)
  to   space 12800K, 0% used [0x00000000deb00000,0x00000000deb00000,0x00000000df780000)
 ParOldGen       total 70656K, used 18443K [0x0000000081800000, 0x0000000085d00000, 0x00000000d5d80000)
  object space 70656K, 26% used [0x0000000081800000,0x0000000082a02e38,0x0000000085d00000)
 Metaspace       used 19554K, capacity 19846K, committed 20096K, reserved 1067008K
  class space    used 2232K, capacity 2350K, committed 2432K, reserved 1048576K
}
Event: 73.703 GC heap before
{Heap before GC invocations=22 (full 2):
 PSYoungGen      total 125952K, used 123192K [0x00000000d5d80000, 0x00000000df780000, 0x0000000100000000)
  eden space 122880K, 98% used [0x00000000d5d80000,0x00000000dd323298,0x00000000dd580000)
  from space 3072K, 88% used [0x00000000de480000,0x00000000de72b010,0x00000000de780000)
  to   space 12800K, 0% used [0x00000000deb00000,0x00000000deb00000,0x00000000df780000)
 ParOldGen       total 70656K, used 18443K [0x0000000081800000, 0x0000000085d00000, 0x00000000d5d80000)
  object space 70656K, 26% used [0x0000000081800000,0x0000000082a02e38,0x0000000085d00000)
 Metaspace       used 19559K, capacity 19846K, committed 20096K, reserved 1067008K
  class space    used 2232K, capacity 2350K, committed 2432K, reserved 1048576K
Event: 73.707 GC heap after
Heap after GC invocations=22 (full 2):
 PSYoungGen      total 127488K, used 8292K [0x00000000d5d80000, 0x00000000df380000, 0x0000000100000000)
  eden space 118784K, 0% used [0x00000000d5d80000,0x00000000d5d80000,0x00000000dd180000)
  from space 8704K, 95% used [0x00000000deb00000,0x00000000df319030,0x00000000df380000)
  to   space 12800K, 0% used [0x00000000dda80000,0x00000000dda80000,0x00000000de700000)
 ParOldGen       total 70656K, used 18443K [0x0000000081800000, 0x0000000085d00000, 0x00000000d5d80000)
  object space 70656K, 26% used [0x0000000081800000,0x0000000082a02e38,0x0000000085d00000)
 Metaspace       used 19559K, capacity 19846K, committed 20096K, reserved 1067008K
  class space    used 2232K, capacity 2350K, committed 2432K, reserved 1048576K
}

