# JRE version: Java(TM) SE Runtime Environment (8.0_161-b12) (build 1.8.0_161-b12)
# Java VM: Java HotSpot(TM) 64-Bit Server VM (25.161-b12 mixed mode windows-amd64 compressed oops)
Heap:
 PSYoungGen      total 43520K, used 34128K [0x00000000d5d80000, 0x00000000dcd80000, 0x0000000100000000)
  eden space 37888K, 75% used [0x00000000d5d80000,0x00000000d796e018,0x00000000d8280000)
  from space 5632K, 98% used [0x00000000dc800000,0x00000000dcd66020,0x00000000dcd80000)
  to   space 10752K, 0% used [0x00000000db880000,0x00000000db880000,0x00000000dc300000)
 ParOldGen       total 47104K, used 31149K [0x0000000081800000, 0x0000000084600000, 0x00000000d5d80000)
  object space 47104K, 66% used [0x0000000081800000,0x000000008366b590,0x0000000084600000)
 Metaspace       used 16016K, capacity 16278K, committed 16640K, reserved 1064960K
  class space    used 1861K, capacity 1967K, committed 2048K, reserved 1048576K
GC Heap History (10 events):
Event: 250.970 GC heap before
{Heap before GC invocations=101 (full 3):
 PSYoungGen      total 37376K, used 35971K [0x00000000d5d80000, 0x00000000ddd80000, 0x0000000100000000)
  eden space 28672K, 96% used [0x00000000d5d80000,0x00000000d7897cf0,0x00000000d7980000)
  from space 8704K, 94% used [0x00000000dcd80000,0x00000000dd589030,0x00000000dd600000)
  to   space 7680K, 0% used [0x00000000dd600000,0x00000000dd600000,0x00000000ddd80000)
 ParOldGen       total 47104K, used 22985K [0x0000000081800000, 0x0000000084600000, 0x00000000d5d80000)
  object space 47104K, 48% used [0x0000000081800000,0x0000000082e72560,0x0000000084600000)
 Metaspace       used 15972K, capacity 16182K, committed 16384K, reserved 1062912K
  class space    used 1856K, capacity 1935K, committed 2048K, reserved 1048576K
Event: 250.973 GC heap after
Heap after GC invocations=101 (full 3):
 PSYoungGen      total 39936K, used 5528K [0x00000000d5d80000, 0x00000000ddb80000, 0x0000000100000000)
  eden space 34304K, 0% used [0x00000000d5d80000,0x00000000d5d80000,0x00000000d7f00000)
  from space 5632K, 98% used [0x00000000dd600000,0x00000000ddb66020,0x00000000ddb80000)
  to   space 10752K, 0% used [0x00000000dc680000,0x00000000dc680000,0x00000000dd100000)
 ParOldGen       total 47104K, used 25693K [0x0000000081800000, 0x0000000084600000, 0x00000000d5d80000)
  object space 47104K, 54% used [0x0000000081800000,0x0000000083117570,0x0000000084600000)
 Metaspace       used 15972K, capacity 16182K, committed 16384K, reserved 1062912K
  class space    used 1856K, capacity 1935K, committed 2048K, reserved 1048576K
}
Event: 251.794 GC heap before
{Heap before GC invocations=102 (full 3):
 PSYoungGen      total 39936K, used 38809K [0x00000000d5d80000, 0x00000000ddb80000, 0x0000000100000000)
  eden space 34304K, 97% used [0x00000000d5d80000,0x00000000d7e00568,0x00000000d7f00000)
  from space 5632K, 98% used [0x00000000dd600000,0x00000000ddb66020,0x00000000ddb80000)
  to   space 10752K, 0% used [0x00000000dc680000,0x00000000dc680000,0x00000000dd100000)
 ParOldGen       total 47104K, used 25693K [0x0000000081800000, 0x0000000084600000, 0x00000000d5d80000)
  object space 47104K, 54% used [0x0000000081800000,0x0000000083117570,0x0000000084600000)
 Metaspace       used 15972K, capacity 16182K, committed 16384K, reserved 1062912K
  class space    used 1856K, capacity 1935K, committed 2048K, reserved 1048576K
Event: 251.805 GC heap after
Heap after GC invocations=102 (full 3):
 PSYoungGen      total 49664K, used 8228K [0x00000000d5d80000, 0x00000000dd680000, 0x0000000100000000)
  eden space 40960K, 0% used [0x00000000d5d80000,0x00000000d5d80000,0x00000000d8580000)
  from space 8704K, 94% used [0x00000000dc680000,0x00000000dce89030,0x00000000dcf00000)
  to   space 7680K, 0% used [0x00000000dcf00000,0x00000000dcf00000,0x00000000dd680000)
 ParOldGen       total 47104K, used 25701K [0x0000000081800000, 0x0000000084600000, 0x00000000d5d80000)
  object space 47104K, 54% used [0x0000000081800000,0x0000000083119570,0x0000000084600000)
 Metaspace       used 15972K, capacity 16182K, committed 16384K, reserved 1062912K
  class space    used 1856K, capacity 1935K, committed 2048K, reserved 1048576K
}
Event: 252.732 GC heap before
{Heap before GC invocations=103 (full 3):
 PSYoungGen      total 49664K, used 47634K [0x00000000d5d80000, 0x00000000dd680000, 0x0000000100000000)
  eden space 40960K, 96% used [0x00000000d5d80000,0x00000000d83fb850,0x00000000d8580000)
  from space 8704K, 94% used [0x00000000dc680000,0x00000000dce89030,0x00000000dcf00000)
  to   space 7680K, 0% used [0x00000000dcf00000,0x00000000dcf00000,0x00000000dd680000)
 ParOldGen       total 47104K, used 25701K [0x0000000081800000, 0x0000000084600000, 0x00000000d5d80000)
  object space 47104K, 54% used [0x0000000081800000,0x0000000083119570,0x0000000084600000)
 Metaspace       used 15972K, capacity 16182K, committed 16384K, reserved 1062912K
  class space    used 1856K, capacity 1935K, committed 2048K, reserved 1048576K
Event: 252.738 GC heap after
Heap after GC invocations=103 (full 3):
 PSYoungGen      total 45568K, used 5528K [0x00000000d5d80000, 0x00000000dd480000, 0x0000000100000000)
  eden space 39936K, 0% used [0x00000000d5d80000,0x00000000d5d80000,0x00000000d8480000)
  from space 5632K, 98% used [0x00000000dcf00000,0x00000000dd466020,0x00000000dd480000)
  to   space 10752K, 0% used [0x00000000dbf80000,0x00000000dbf80000,0x00000000dca00000)
 ParOldGen       total 47104K, used 28409K [0x0000000081800000, 0x0000000084600000, 0x00000000d5d80000)
  object space 47104K, 60% used [0x0000000081800000,0x00000000833be580,0x0000000084600000)
 Metaspace       used 15972K, capacity 16182K, committed 16384K, reserved 1062912K
  class space    used 1856K, capacity 1935K, committed 2048K, reserved 1048576K
}
Event: 253.653 GC heap before
{Heap before GC invocations=104 (full 3):
 PSYoungGen      total 45568K, used 44347K [0x00000000d5d80000, 0x00000000dd480000, 0x0000000100000000)
  eden space 39936K, 97% used [0x00000000d5d80000,0x00000000d8368e98,0x00000000d8480000)
  from space 5632K, 98% used [0x00000000dcf00000,0x00000000dd466020,0x00000000dd480000)
  to   space 10752K, 0% used [0x00000000dbf80000,0x00000000dbf80000,0x00000000dca00000)
 ParOldGen       total 47104K, used 28409K [0x0000000081800000, 0x0000000084600000, 0x00000000d5d80000)
  object space 47104K, 60% used [0x0000000081800000,0x00000000833be580,0x0000000084600000)
 Metaspace       used 15972K, capacity 16182K, committed 16384K, reserved 1062912K
  class space    used 1856K, capacity 1935K, committed 2048K, reserved 1048576K
Event: 253.661 GC heap after
Heap after GC invocations=104 (full 3):
 PSYoungGen      total 47616K, used 8228K [0x00000000d5d80000, 0x00000000dcf80000, 0x0000000100000000)
  eden space 38912K, 0% used [0x00000000d5d80000,0x00000000d5d80000,0x00000000d8380000)
  from space 8704K, 94% used [0x00000000dbf80000,0x00000000dc789030,0x00000000dc800000)
  to   space 7680K, 0% used [0x00000000dc800000,0x00000000dc800000,0x00000000dcf80000)
 ParOldGen       total 47104K, used 28441K [0x0000000081800000, 0x0000000084600000, 0x00000000d5d80000)
  object space 47104K, 60% used [0x0000000081800000,0x00000000833c6580,0x0000000084600000)
 Metaspace       used 15972K, capacity 16182K, committed 16384K, reserved 1062912K
  class space    used 1856K, capacity 1935K, committed 2048K, reserved 1048576K
}
Event: 254.547 GC heap before
{Heap before GC invocations=105 (full 3):
 PSYoungGen      total 47616K, used 44540K [0x00000000d5d80000, 0x00000000dcf80000, 0x0000000100000000)
  eden space 38912K, 93% used [0x00000000d5d80000,0x00000000d80f5fd8,0x00000000d8380000)
  from space 8704K, 94% used [0x00000000dbf80000,0x00000000dc789030,0x00000000dc800000)
  to   space 7680K, 0% used [0x00000000dc800000,0x00000000dc800000,0x00000000dcf80000)
 ParOldGen       total 47104K, used 28441K [0x0000000081800000, 0x0000000084600000, 0x00000000d5d80000)
  object space 47104K, 60% used [0x0000000081800000,0x00000000833c6580,0x0000000084600000)
 Metaspace       used 15974K, capacity 16182K, committed 16384K, reserved 1062912K
  class space    used 1856K, capacity 1935K, committed 2048K, reserved 1048576K
Event: 254.550 GC heap after
Heap after GC invocations=105 (full 3):
 PSYoungGen      total 43520K, used 5528K [0x00000000d5d80000, 0x00000000dcd80000, 0x0000000100000000)
  eden space 37888K, 0% used [0x00000000d5d80000,0x00000000d5d80000,0x00000000d8280000)
  from space 5632K, 98% used [0x00000000dc800000,0x00000000dcd66020,0x00000000dcd80000)
  to   space 10752K, 0% used [0x00000000db880000,0x00000000db880000,0x00000000dc300000)
 ParOldGen       total 47104K, used 31149K [0x0000000081800000, 0x0000000084600000, 0x00000000d5d80000)
  object space 47104K, 66% used [0x0000000081800000,0x000000008366b590,0x0000000084600000)
 Metaspace       used 15974K, capacity 16182K, committed 16384K, reserved 1062912K
  class space    used 1856K, capacity 1935K, committed 2048K, reserved 1048576K
}

