# JRE version: Java(TM) SE Runtime Environment (8.0_161-b12) (build 1.8.0_161-b12)
# Java VM: Java HotSpot(TM) 64-Bit Server VM (25.161-b12 mixed mode windows-amd64 compressed oops)
Heap:
 PSYoungGen      total 422400K, used 60114K [0x00000000d5d80000, 0x00000000f0780000, 0x0000000100000000)
  eden space 409600K, 12% used [0x00000000d5d80000,0x00000000d8f93898,0x00000000eed80000)
  from space 12800K, 69% used [0x00000000efb00000,0x00000000f03a1030,0x00000000f0780000)
  to   space 13312K, 0% used [0x00000000eed80000,0x00000000eed80000,0x00000000efa80000)
 ParOldGen       total 87552K, used 53707K [0x0000000081800000, 0x0000000086d80000, 0x00000000d5d80000)
  object space 87552K, 61% used [0x0000000081800000,0x0000000084c72e58,0x0000000086d80000)
 Metaspace       used 19765K, capacity 19996K, committed 20352K, reserved 1067008K
  class space    used 2249K, capacity 2352K, committed 2432K, reserved 1048576K
GC Heap History (10 events):
Event: 11.799 GC heap before
{Heap before GC invocations=6 (full 0):
 PSYoungGen      total 71680K, used 69056K [0x00000000d5d80000, 0x00000000deb80000, 0x0000000100000000)
  eden space 66560K, 96% used [0x00000000d5d80000,0x00000000d9c4f708,0x00000000d9e80000)
  from space 5120K, 92% used [0x00000000d9e80000,0x00000000da320cd8,0x00000000da380000)
  to   space 6144K, 0% used [0x00000000de580000,0x00000000de580000,0x00000000deb80000)
 ParOldGen       total 87552K, used 33480K [0x0000000081800000, 0x0000000086d80000, 0x00000000d5d80000)
  object space 87552K, 38% used [0x0000000081800000,0x00000000838b2368,0x0000000086d80000)
 Metaspace       used 18872K, capacity 19156K, committed 19328K, reserved 1067008K
  class space    used 2238K, capacity 2352K, committed 2432K, reserved 1048576K
Event: 11.810 GC heap after
Heap after GC invocations=6 (full 0):
 PSYoungGen      total 134656K, used 6127K [0x00000000d5d80000, 0x00000000df480000, 0x0000000100000000)
  eden space 128512K, 0% used [0x00000000d5d80000,0x00000000d5d80000,0x00000000ddb00000)
  from space 6144K, 99% used [0x00000000de580000,0x00000000deb7bce8,0x00000000deb80000)
  to   space 10752K, 0% used [0x00000000ddb00000,0x00000000ddb00000,0x00000000de580000)
 ParOldGen       total 87552K, used 40159K [0x0000000081800000, 0x0000000086d80000, 0x00000000d5d80000)
  object space 87552K, 45% used [0x0000000081800000,0x0000000083f37dc8,0x0000000086d80000)
 Metaspace       used 18872K, capacity 19156K, committed 19328K, reserved 1067008K
  class space    used 2238K, capacity 2352K, committed 2432K, reserved 1048576K
}
Event: 14.772 GC heap before
{Heap before GC invocations=7 (full 0):
 PSYoungGen      total 134656K, used 134142K [0x00000000d5d80000, 0x00000000df480000, 0x0000000100000000)
  eden space 128512K, 99% used [0x00000000d5d80000,0x00000000dda83c98,0x00000000ddb00000)
  from space 6144K, 99% used [0x00000000de580000,0x00000000deb7bce8,0x00000000deb80000)
  to   space 10752K, 0% used [0x00000000ddb00000,0x00000000ddb00000,0x00000000de580000)
 ParOldGen       total 87552K, used 40159K [0x0000000081800000, 0x0000000086d80000, 0x00000000d5d80000)
  object space 87552K, 45% used [0x0000000081800000,0x0000000083f37dc8,0x0000000086d80000)
 Metaspace       used 19195K, capacity 19476K, committed 19840K, reserved 1067008K
  class space    used 2242K, capacity 2352K, committed 2432K, reserved 1048576K
Event: 14.792 GC heap after
Heap after GC invocations=7 (full 0):
 PSYoungGen      total 139264K, used 9909K [0x00000000d5d80000, 0x00000000e6f80000, 0x0000000100000000)
  eden space 128512K, 0% used [0x00000000d5d80000,0x00000000d5d80000,0x00000000ddb00000)
  from space 10752K, 92% used [0x00000000ddb00000,0x00000000de4ad620,0x00000000de580000)
  to   space 11776K, 0% used [0x00000000e6400000,0x00000000e6400000,0x00000000e6f80000)
 ParOldGen       total 87552K, used 46266K [0x0000000081800000, 0x0000000086d80000, 0x00000000d5d80000)
  object space 87552K, 52% used [0x0000000081800000,0x000000008452e9d0,0x0000000086d80000)
 Metaspace       used 19195K, capacity 19476K, committed 19840K, reserved 1067008K
  class space    used 2242K, capacity 2352K, committed 2432K, reserved 1048576K
}
Event: 17.727 GC heap before
{Heap before GC invocations=8 (full 0):
 PSYoungGen      total 139264K, used 138162K [0x00000000d5d80000, 0x00000000e6f80000, 0x0000000100000000)
  eden space 128512K, 99% used [0x00000000d5d80000,0x00000000ddabf588,0x00000000ddb00000)
  from space 10752K, 92% used [0x00000000ddb00000,0x00000000de4ad620,0x00000000de580000)
  to   space 11776K, 0% used [0x00000000e6400000,0x00000000e6400000,0x00000000e6f80000)
 ParOldGen       total 87552K, used 46266K [0x0000000081800000, 0x0000000086d80000, 0x00000000d5d80000)
  object space 87552K, 52% used [0x0000000081800000,0x000000008452e9d0,0x0000000086d80000)
 Metaspace       used 19307K, capacity 19604K, committed 19840K, reserved 1067008K
  class space    used 2242K, capacity 2352K, committed 2432K, reserved 1048576K
Event: 17.734 GC heap after
Heap after GC invocations=8 (full 0):
 PSYoungGen      total 267776K, used 10269K [0x00000000d5d80000, 0x00000000e7180000, 0x0000000100000000)
  eden space 256000K, 0% used [0x00000000d5d80000,0x00000000d5d80000,0x00000000e5780000)
  from space 11776K, 87% used [0x00000000e6400000,0x00000000e6e07498,0x00000000e6f80000)
  to   space 12800K, 0% used [0x00000000e5780000,0x00000000e5780000,0x00000000e6400000)
 ParOldGen       total 87552K, used 49006K [0x0000000081800000, 0x0000000086d80000, 0x00000000d5d80000)
  object space 87552K, 55% used [0x0000000081800000,0x00000000847db9e0,0x0000000086d80000)
 Metaspace       used 19307K, capacity 19604K, committed 19840K, reserved 1067008K
  class space    used 2242K, capacity 2352K, committed 2432K, reserved 1048576K
}
Event: 23.341 GC heap before
{Heap before GC invocations=9 (full 0):
 PSYoungGen      total 267776K, used 264240K [0x00000000d5d80000, 0x00000000e7180000, 0x0000000100000000)
  eden space 256000K, 99% used [0x00000000d5d80000,0x00000000e5584cd8,0x00000000e5780000)
  from space 11776K, 87% used [0x00000000e6400000,0x00000000e6e07498,0x00000000e6f80000)
  to   space 12800K, 0% used [0x00000000e5780000,0x00000000e5780000,0x00000000e6400000)
 ParOldGen       total 87552K, used 49006K [0x0000000081800000, 0x0000000086d80000, 0x00000000d5d80000)
  object space 87552K, 55% used [0x0000000081800000,0x00000000847db9e0,0x0000000086d80000)
 Metaspace       used 19645K, capacity 19932K, committed 20096K, reserved 1067008K
  class space    used 2246K, capacity 2352K, committed 2432K, reserved 1048576K
Event: 23.352 GC heap after
Heap after GC invocations=9 (full 0):
 PSYoungGen      total 268800K, used 10621K [0x00000000d5d80000, 0x00000000f0880000, 0x0000000100000000)
  eden space 256000K, 0% used [0x00000000d5d80000,0x00000000d5d80000,0x00000000e5780000)
  from space 12800K, 82% used [0x00000000e5780000,0x00000000e61df498,0x00000000e6400000)
  to   space 13824K, 0% used [0x00000000efb00000,0x00000000efb00000,0x00000000f0880000)
 ParOldGen       total 87552K, used 51722K [0x0000000081800000, 0x0000000086d80000, 0x00000000d5d80000)
  object space 87552K, 59% used [0x0000000081800000,0x0000000084a829f0,0x0000000086d80000)
 Metaspace       used 19645K, capacity 19932K, committed 20096K, reserved 1067008K
  class space    used 2246K, capacity 2352K, committed 2432K, reserved 1048576K
}
Event: 29.331 GC heap before
{Heap before GC invocations=10 (full 0):
 PSYoungGen      total 268800K, used 264705K [0x00000000d5d80000, 0x00000000f0880000, 0x0000000100000000)
  eden space 256000K, 99% used [0x00000000d5d80000,0x00000000e55a1080,0x00000000e5780000)
  from space 12800K, 82% used [0x00000000e5780000,0x00000000e61df498,0x00000000e6400000)
  to   space 13824K, 0% used [0x00000000efb00000,0x00000000efb00000,0x00000000f0880000)
 ParOldGen       total 87552K, used 51722K [0x0000000081800000, 0x0000000086d80000, 0x00000000d5d80000)
  object space 87552K, 59% used [0x0000000081800000,0x0000000084a829f0,0x0000000086d80000)
 Metaspace       used 19724K, capacity 19932K, committed 20096K, reserved 1067008K
  class space    used 2247K, capacity 2352K, committed 2432K, reserved 1048576K
Event: 29.339 GC heap after
Heap after GC invocations=10 (full 0):
 PSYoungGen      total 422400K, used 8836K [0x00000000d5d80000, 0x00000000f0780000, 0x0000000100000000)
  eden space 409600K, 0% used [0x00000000d5d80000,0x00000000d5d80000,0x00000000eed80000)
  from space 12800K, 69% used [0x00000000efb00000,0x00000000f03a1030,0x00000000f0780000)
  to   space 13312K, 0% used [0x00000000eed80000,0x00000000eed80000,0x00000000efa80000)
 ParOldGen       total 87552K, used 53707K [0x0000000081800000, 0x0000000086d80000, 0x00000000d5d80000)
  object space 87552K, 61% used [0x0000000081800000,0x0000000084c72e58,0x0000000086d80000)
 Metaspace       used 19724K, capacity 19932K, committed 20096K, reserved 1067008K
  class space    used 2247K, capacity 2352K, committed 2432K, reserved 1048576K
}

