# JRE version: Java(TM) SE Runtime Environment (8.0_161-b12) (build 1.8.0_161-b12)
# Java VM: Java HotSpot(TM) 64-Bit Server VM (25.161-b12 mixed mode windows-amd64 compressed oops)
Heap:
 PSYoungGen      total 104448K, used 28823K [0x00000000d5d80000, 0x00000000dd200000, 0x0000000100000000)
  eden space 95744K, 21% used [0x00000000d5d80000,0x00000000d719cf68,0x00000000dbb00000)
  from space 8704K, 94% used [0x00000000dc080000,0x00000000dc889030,0x00000000dc900000)
  to   space 9216K, 0% used [0x00000000dc900000,0x00000000dc900000,0x00000000dd200000)
 ParOldGen       total 57856K, used 36248K [0x0000000081800000, 0x0000000085080000, 0x00000000d5d80000)
  object space 57856K, 62% used [0x0000000081800000,0x0000000083b66198,0x0000000085080000)
 Metaspace       used 19483K, capacity 19730K, committed 20096K, reserved 1067008K
  class space    used 2235K, capacity 2350K, committed 2432K, reserved 1048576K
GC Heap History (10 events):
Event: 26.534 GC heap before
{Heap before GC invocations=8 (full 1):
 PSYoungGen      total 122880K, used 119342K [0x00000000d5d80000, 0x00000000ddf80000, 0x0000000100000000)
  eden space 114688K, 99% used [0x00000000d5d80000,0x00000000dcca5b68,0x00000000dcd80000)
  from space 8192K, 67% used [0x00000000dd780000,0x00000000ddce6020,0x00000000ddf80000)
  to   space 9216K, 0% used [0x00000000dcd80000,0x00000000dcd80000,0x00000000dd680000)
 ParOldGen       total 57856K, used 33412K [0x0000000081800000, 0x0000000085080000, 0x00000000d5d80000)
  object space 57856K, 57% used [0x0000000081800000,0x00000000838a1078,0x0000000085080000)
 Metaspace       used 19200K, capacity 19474K, committed 19840K, reserved 1067008K
  class space    used 2228K, capacity 2350K, committed 2432K, reserved 1048576K
Event: 26.538 GC heap after
Heap after GC invocations=8 (full 1):
 PSYoungGen      total 119296K, used 8260K [0x00000000d5d80000, 0x00000000dde80000, 0x0000000100000000)
  eden space 110592K, 0% used [0x00000000d5d80000,0x00000000d5d80000,0x00000000dc980000)
  from space 8704K, 94% used [0x00000000dcd80000,0x00000000dd591030,0x00000000dd600000)
  to   space 8704K, 0% used [0x00000000dd600000,0x00000000dd600000,0x00000000dde80000)
 ParOldGen       total 57856K, used 33420K [0x0000000081800000, 0x0000000085080000, 0x00000000d5d80000)
  object space 57856K, 57% used [0x0000000081800000,0x00000000838a3078,0x0000000085080000)
 Metaspace       used 19200K, capacity 19474K, committed 19840K, reserved 1067008K
  class space    used 2228K, capacity 2350K, committed 2432K, reserved 1048576K
}
Event: 29.156 GC heap before
{Heap before GC invocations=9 (full 1):
 PSYoungGen      total 119296K, used 117802K [0x00000000d5d80000, 0x00000000dde80000, 0x0000000100000000)
  eden space 110592K, 99% used [0x00000000d5d80000,0x00000000dc879b80,0x00000000dc980000)
  from space 8704K, 94% used [0x00000000dcd80000,0x00000000dd591030,0x00000000dd600000)
  to   space 8704K, 0% used [0x00000000dd600000,0x00000000dd600000,0x00000000dde80000)
 ParOldGen       total 57856K, used 33420K [0x0000000081800000, 0x0000000085080000, 0x00000000d5d80000)
  object space 57856K, 57% used [0x0000000081800000,0x00000000838a3078,0x0000000085080000)
 Metaspace       used 19266K, capacity 19538K, committed 19840K, reserved 1067008K
  class space    used 2228K, capacity 2350K, committed 2432K, reserved 1048576K
Event: 29.159 GC heap after
Heap after GC invocations=9 (full 1):
 PSYoungGen      total 115200K, used 8228K [0x00000000d5d80000, 0x00000000dde80000, 0x0000000100000000)
  eden space 106496K, 0% used [0x00000000d5d80000,0x00000000d5d80000,0x00000000dc580000)
  from space 8704K, 94% used [0x00000000dd600000,0x00000000dde09030,0x00000000dde80000)
  to   space 11264K, 0% used [0x00000000dc880000,0x00000000dc880000,0x00000000dd380000)
 ParOldGen       total 57856K, used 33484K [0x0000000081800000, 0x0000000085080000, 0x00000000d5d80000)
  object space 57856K, 57% used [0x0000000081800000,0x00000000838b3188,0x0000000085080000)
 Metaspace       used 19266K, capacity 19538K, committed 19840K, reserved 1067008K
  class space    used 2228K, capacity 2350K, committed 2432K, reserved 1048576K
}
Event: 31.693 GC heap before
{Heap before GC invocations=10 (full 1):
 PSYoungGen      total 115200K, used 113853K [0x00000000d5d80000, 0x00000000dde80000, 0x0000000100000000)
  eden space 106496K, 99% used [0x00000000d5d80000,0x00000000dc4a6658,0x00000000dc580000)
  from space 8704K, 94% used [0x00000000dd600000,0x00000000dde09030,0x00000000dde80000)
  to   space 11264K, 0% used [0x00000000dc880000,0x00000000dc880000,0x00000000dd380000)
 ParOldGen       total 57856K, used 33484K [0x0000000081800000, 0x0000000085080000, 0x00000000d5d80000)
  object space 57856K, 57% used [0x0000000081800000,0x00000000838b3188,0x0000000085080000)
 Metaspace       used 19318K, capacity 19538K, committed 19840K, reserved 1067008K
  class space    used 2228K, capacity 2350K, committed 2432K, reserved 1048576K
Event: 31.698 GC heap after
Heap after GC invocations=10 (full 1):
 PSYoungGen      total 111616K, used 8228K [0x00000000d5d80000, 0x00000000dd900000, 0x0000000100000000)
  eden space 102912K, 0% used [0x00000000d5d80000,0x00000000d5d80000,0x00000000dc200000)
  from space 8704K, 94% used [0x00000000dc880000,0x00000000dd089030,0x00000000dd100000)
  to   space 8192K, 0% used [0x00000000dd100000,0x00000000dd100000,0x00000000dd900000)
 ParOldGen       total 57856K, used 33500K [0x0000000081800000, 0x0000000085080000, 0x00000000d5d80000)
  object space 57856K, 57% used [0x0000000081800000,0x00000000838b7188,0x0000000085080000)
 Metaspace       used 19318K, capacity 19538K, committed 19840K, reserved 1067008K
  class space    used 2228K, capacity 2350K, committed 2432K, reserved 1048576K
}
Event: 34.207 GC heap before
{Heap before GC invocations=11 (full 1):
 PSYoungGen      total 111616K, used 111050K [0x00000000d5d80000, 0x00000000dd900000, 0x0000000100000000)
  eden space 102912K, 99% used [0x00000000d5d80000,0x00000000dc1e9aa0,0x00000000dc200000)
  from space 8704K, 94% used [0x00000000dc880000,0x00000000dd089030,0x00000000dd100000)
  to   space 8192K, 0% used [0x00000000dd100000,0x00000000dd100000,0x00000000dd900000)
 ParOldGen       total 57856K, used 33500K [0x0000000081800000, 0x0000000085080000, 0x00000000d5d80000)
  object space 57856K, 57% used [0x0000000081800000,0x00000000838b7188,0x0000000085080000)
 Metaspace       used 19363K, capacity 19602K, committed 19840K, reserved 1067008K
  class space    used 2228K, capacity 2350K, committed 2432K, reserved 1048576K
Event: 34.210 GC heap after
Heap after GC invocations=11 (full 1):
 PSYoungGen      total 104960K, used 5528K [0x00000000d5d80000, 0x00000000dd680000, 0x0000000100000000)
  eden space 99328K, 0% used [0x00000000d5d80000,0x00000000d5d80000,0x00000000dbe80000)
  from space 5632K, 98% used [0x00000000dd100000,0x00000000dd666020,0x00000000dd680000)
  to   space 11264K, 0% used [0x00000000dc080000,0x00000000dc080000,0x00000000dcb80000)
 ParOldGen       total 57856K, used 36224K [0x0000000081800000, 0x0000000085080000, 0x00000000d5d80000)
  object space 57856K, 62% used [0x0000000081800000,0x0000000083b60198,0x0000000085080000)
 Metaspace       used 19363K, capacity 19602K, committed 19840K, reserved 1067008K
  class space    used 2228K, capacity 2350K, committed 2432K, reserved 1048576K
}
Event: 36.517 GC heap before
{Heap before GC invocations=12 (full 1):
 PSYoungGen      total 104960K, used 103868K [0x00000000d5d80000, 0x00000000dd680000, 0x0000000100000000)
  eden space 99328K, 99% used [0x00000000d5d80000,0x00000000dbd892a0,0x00000000dbe80000)
  from space 5632K, 98% used [0x00000000dd100000,0x00000000dd666020,0x00000000dd680000)
  to   space 11264K, 0% used [0x00000000dc080000,0x00000000dc080000,0x00000000dcb80000)
 ParOldGen       total 57856K, used 36224K [0x0000000081800000, 0x0000000085080000, 0x00000000d5d80000)
  object space 57856K, 62% used [0x0000000081800000,0x0000000083b60198,0x0000000085080000)
 Metaspace       used 19398K, capacity 19602K, committed 19840K, reserved 1067008K
  class space    used 2228K, capacity 2350K, committed 2432K, reserved 1048576K
Event: 36.521 GC heap after
Heap after GC invocations=12 (full 1):
 PSYoungGen      total 104448K, used 8228K [0x00000000d5d80000, 0x00000000dd200000, 0x0000000100000000)
  eden space 95744K, 0% used [0x00000000d5d80000,0x00000000d5d80000,0x00000000dbb00000)
  from space 8704K, 94% used [0x00000000dc080000,0x00000000dc889030,0x00000000dc900000)
  to   space 9216K, 0% used [0x00000000dc900000,0x00000000dc900000,0x00000000dd200000)
 ParOldGen       total 57856K, used 36248K [0x0000000081800000, 0x0000000085080000, 0x00000000d5d80000)
  object space 57856K, 62% used [0x0000000081800000,0x0000000083b66198,0x0000000085080000)
 Metaspace       used 19398K, capacity 19602K, committed 19840K, reserved 1067008K
  class space    used 2228K, capacity 2350K, committed 2432K, reserved 1048576K
}

